[2025-11-17T19:38:17.558-0300] {processor.py:161} INFO - Started process (PID=48279) to work on /Library/Frameworks/Python.framework/Versions/3.11/lib/python3.11/site-packages/airflow/example_dags/example_branch_day_of_week_operator.py
[2025-11-17T19:38:17.559-0300] {processor.py:830} INFO - Processing file /Library/Frameworks/Python.framework/Versions/3.11/lib/python3.11/site-packages/airflow/example_dags/example_branch_day_of_week_operator.py for tasks to queue
[2025-11-17T19:38:17.559-0300] {logging_mixin.py:188} INFO - [2025-11-17T19:38:17.559-0300] {dagbag.py:545} INFO - Filling up the DagBag from /Library/Frameworks/Python.framework/Versions/3.11/lib/python3.11/site-packages/airflow/example_dags/example_branch_day_of_week_operator.py
[2025-11-17T19:38:17.564-0300] {processor.py:840} INFO - DAG(s) 'example_weekday_branch_operator' retrieved from /Library/Frameworks/Python.framework/Versions/3.11/lib/python3.11/site-packages/airflow/example_dags/example_branch_day_of_week_operator.py
[2025-11-17T19:38:17.669-0300] {logging_mixin.py:188} INFO - [2025-11-17T19:38:17.669-0300] {override.py:1930} INFO - Created Permission View: can delete on DAG:example_weekday_branch_operator
[2025-11-17T19:38:17.673-0300] {logging_mixin.py:188} INFO - [2025-11-17T19:38:17.673-0300] {override.py:1930} INFO - Created Permission View: can read on DAG:example_weekday_branch_operator
[2025-11-17T19:38:17.675-0300] {logging_mixin.py:188} INFO - [2025-11-17T19:38:17.675-0300] {override.py:1930} INFO - Created Permission View: can edit on DAG:example_weekday_branch_operator
[2025-11-17T19:38:17.675-0300] {logging_mixin.py:188} INFO - [2025-11-17T19:38:17.675-0300] {dag.py:3089} INFO - Sync 1 DAGs
[2025-11-17T19:38:17.678-0300] {logging_mixin.py:188} INFO - [2025-11-17T19:38:17.678-0300] {dag.py:3111} INFO - Creating ORM DAG for example_weekday_branch_operator
[2025-11-17T19:38:17.682-0300] {logging_mixin.py:188} INFO - [2025-11-17T19:38:17.682-0300] {dag.py:3947} INFO - Setting next_dagrun for example_weekday_branch_operator to 2025-11-16 00:00:00+00:00, run_after=2025-11-17 00:00:00+00:00
[2025-11-17T19:38:17.688-0300] {processor.py:183} INFO - Processing /Library/Frameworks/Python.framework/Versions/3.11/lib/python3.11/site-packages/airflow/example_dags/example_branch_day_of_week_operator.py took 0.131 seconds
[2025-11-17T19:40:46.114-0300] {processor.py:161} INFO - Started process (PID=48580) to work on /Library/Frameworks/Python.framework/Versions/3.11/lib/python3.11/site-packages/airflow/example_dags/example_branch_day_of_week_operator.py
[2025-11-17T19:40:46.115-0300] {processor.py:830} INFO - Processing file /Library/Frameworks/Python.framework/Versions/3.11/lib/python3.11/site-packages/airflow/example_dags/example_branch_day_of_week_operator.py for tasks to queue
[2025-11-17T19:40:46.115-0300] {logging_mixin.py:188} INFO - [2025-11-17T19:40:46.115-0300] {dagbag.py:545} INFO - Filling up the DagBag from /Library/Frameworks/Python.framework/Versions/3.11/lib/python3.11/site-packages/airflow/example_dags/example_branch_day_of_week_operator.py
[2025-11-17T19:40:46.120-0300] {processor.py:840} INFO - DAG(s) 'example_weekday_branch_operator' retrieved from /Library/Frameworks/Python.framework/Versions/3.11/lib/python3.11/site-packages/airflow/example_dags/example_branch_day_of_week_operator.py
[2025-11-17T19:40:46.192-0300] {logging_mixin.py:188} INFO - [2025-11-17T19:40:46.191-0300] {dag.py:3089} INFO - Sync 1 DAGs
[2025-11-17T19:40:46.198-0300] {logging_mixin.py:188} INFO - [2025-11-17T19:40:46.198-0300] {dag.py:3947} INFO - Setting next_dagrun for example_weekday_branch_operator to 2025-11-16 00:00:00+00:00, run_after=2025-11-17 00:00:00+00:00
[2025-11-17T19:40:46.206-0300] {processor.py:183} INFO - Processing /Library/Frameworks/Python.framework/Versions/3.11/lib/python3.11/site-packages/airflow/example_dags/example_branch_day_of_week_operator.py took 0.094 seconds
[2025-11-17T19:43:22.232-0300] {processor.py:161} INFO - Started process (PID=49788) to work on /Library/Frameworks/Python.framework/Versions/3.11/lib/python3.11/site-packages/airflow/example_dags/example_branch_day_of_week_operator.py
[2025-11-17T19:43:22.233-0300] {processor.py:830} INFO - Processing file /Library/Frameworks/Python.framework/Versions/3.11/lib/python3.11/site-packages/airflow/example_dags/example_branch_day_of_week_operator.py for tasks to queue
[2025-11-17T19:43:22.233-0300] {logging_mixin.py:188} INFO - [2025-11-17T19:43:22.233-0300] {dagbag.py:545} INFO - Filling up the DagBag from /Library/Frameworks/Python.framework/Versions/3.11/lib/python3.11/site-packages/airflow/example_dags/example_branch_day_of_week_operator.py
[2025-11-17T19:43:22.239-0300] {processor.py:840} INFO - DAG(s) 'example_weekday_branch_operator' retrieved from /Library/Frameworks/Python.framework/Versions/3.11/lib/python3.11/site-packages/airflow/example_dags/example_branch_day_of_week_operator.py
[2025-11-17T19:43:22.342-0300] {logging_mixin.py:188} INFO - [2025-11-17T19:43:22.341-0300] {dag.py:3089} INFO - Sync 1 DAGs
[2025-11-17T19:43:22.349-0300] {logging_mixin.py:188} INFO - [2025-11-17T19:43:22.349-0300] {dag.py:3947} INFO - Setting next_dagrun for example_weekday_branch_operator to 2025-11-16 00:00:00+00:00, run_after=2025-11-17 00:00:00+00:00
[2025-11-17T19:43:22.359-0300] {processor.py:183} INFO - Processing /Library/Frameworks/Python.framework/Versions/3.11/lib/python3.11/site-packages/airflow/example_dags/example_branch_day_of_week_operator.py took 0.129 seconds
