[2025-11-17T19:37:27.633-0300] {processor.py:161} INFO - Started process (PID=48171) to work on /Library/Frameworks/Python.framework/Versions/3.11/lib/python3.11/site-packages/airflow/example_dags/example_skip_dag.py
[2025-11-17T19:37:27.634-0300] {processor.py:830} INFO - Processing file /Library/Frameworks/Python.framework/Versions/3.11/lib/python3.11/site-packages/airflow/example_dags/example_skip_dag.py for tasks to queue
[2025-11-17T19:37:27.634-0300] {logging_mixin.py:188} INFO - [2025-11-17T19:37:27.634-0300] {dagbag.py:545} INFO - Filling up the DagBag from /Library/Frameworks/Python.framework/Versions/3.11/lib/python3.11/site-packages/airflow/example_dags/example_skip_dag.py
[2025-11-17T19:37:27.637-0300] {processor.py:840} INFO - DAG(s) 'example_skip_dag' retrieved from /Library/Frameworks/Python.framework/Versions/3.11/lib/python3.11/site-packages/airflow/example_dags/example_skip_dag.py
[2025-11-17T19:37:27.737-0300] {logging_mixin.py:188} INFO - [2025-11-17T19:37:27.737-0300] {override.py:1930} INFO - Created Permission View: can edit on DAG:example_skip_dag
[2025-11-17T19:37:27.741-0300] {logging_mixin.py:188} INFO - [2025-11-17T19:37:27.741-0300] {override.py:1930} INFO - Created Permission View: can read on DAG:example_skip_dag
[2025-11-17T19:37:27.743-0300] {logging_mixin.py:188} INFO - [2025-11-17T19:37:27.743-0300] {override.py:1930} INFO - Created Permission View: can delete on DAG:example_skip_dag
[2025-11-17T19:37:27.743-0300] {logging_mixin.py:188} INFO - [2025-11-17T19:37:27.743-0300] {dag.py:3089} INFO - Sync 1 DAGs
[2025-11-17T19:37:27.746-0300] {logging_mixin.py:188} INFO - [2025-11-17T19:37:27.746-0300] {dag.py:3111} INFO - Creating ORM DAG for example_skip_dag
[2025-11-17T19:37:27.749-0300] {logging_mixin.py:188} INFO - [2025-11-17T19:37:27.749-0300] {dag.py:3947} INFO - Setting next_dagrun for example_skip_dag to 2025-11-16 00:00:00+00:00, run_after=2025-11-17 00:00:00+00:00
[2025-11-17T19:37:27.755-0300] {processor.py:183} INFO - Processing /Library/Frameworks/Python.framework/Versions/3.11/lib/python3.11/site-packages/airflow/example_dags/example_skip_dag.py took 0.123 seconds
[2025-11-17T19:39:12.307-0300] {processor.py:161} INFO - Started process (PID=48393) to work on /Library/Frameworks/Python.framework/Versions/3.11/lib/python3.11/site-packages/airflow/example_dags/example_skip_dag.py
[2025-11-17T19:39:12.308-0300] {processor.py:830} INFO - Processing file /Library/Frameworks/Python.framework/Versions/3.11/lib/python3.11/site-packages/airflow/example_dags/example_skip_dag.py for tasks to queue
[2025-11-17T19:39:12.308-0300] {logging_mixin.py:188} INFO - [2025-11-17T19:39:12.308-0300] {dagbag.py:545} INFO - Filling up the DagBag from /Library/Frameworks/Python.framework/Versions/3.11/lib/python3.11/site-packages/airflow/example_dags/example_skip_dag.py
[2025-11-17T19:39:12.311-0300] {processor.py:840} INFO - DAG(s) 'example_skip_dag' retrieved from /Library/Frameworks/Python.framework/Versions/3.11/lib/python3.11/site-packages/airflow/example_dags/example_skip_dag.py
[2025-11-17T19:39:12.379-0300] {logging_mixin.py:188} INFO - [2025-11-17T19:39:12.379-0300] {dag.py:3089} INFO - Sync 1 DAGs
[2025-11-17T19:39:12.385-0300] {logging_mixin.py:188} INFO - [2025-11-17T19:39:12.385-0300] {dag.py:3947} INFO - Setting next_dagrun for example_skip_dag to 2025-11-16 00:00:00+00:00, run_after=2025-11-17 00:00:00+00:00
[2025-11-17T19:39:12.392-0300] {processor.py:183} INFO - Processing /Library/Frameworks/Python.framework/Versions/3.11/lib/python3.11/site-packages/airflow/example_dags/example_skip_dag.py took 0.086 seconds
[2025-11-17T19:40:28.514-0300] {processor.py:161} INFO - Started process (PID=48544) to work on /Library/Frameworks/Python.framework/Versions/3.11/lib/python3.11/site-packages/airflow/example_dags/example_skip_dag.py
[2025-11-17T19:40:28.515-0300] {processor.py:830} INFO - Processing file /Library/Frameworks/Python.framework/Versions/3.11/lib/python3.11/site-packages/airflow/example_dags/example_skip_dag.py for tasks to queue
[2025-11-17T19:40:28.515-0300] {logging_mixin.py:188} INFO - [2025-11-17T19:40:28.515-0300] {dagbag.py:545} INFO - Filling up the DagBag from /Library/Frameworks/Python.framework/Versions/3.11/lib/python3.11/site-packages/airflow/example_dags/example_skip_dag.py
[2025-11-17T19:40:28.518-0300] {processor.py:840} INFO - DAG(s) 'example_skip_dag' retrieved from /Library/Frameworks/Python.framework/Versions/3.11/lib/python3.11/site-packages/airflow/example_dags/example_skip_dag.py
[2025-11-17T19:40:28.589-0300] {logging_mixin.py:188} INFO - [2025-11-17T19:40:28.588-0300] {dag.py:3089} INFO - Sync 1 DAGs
[2025-11-17T19:40:28.594-0300] {logging_mixin.py:188} INFO - [2025-11-17T19:40:28.594-0300] {dag.py:3947} INFO - Setting next_dagrun for example_skip_dag to 2025-11-16 00:00:00+00:00, run_after=2025-11-17 00:00:00+00:00
[2025-11-17T19:40:28.602-0300] {processor.py:183} INFO - Processing /Library/Frameworks/Python.framework/Versions/3.11/lib/python3.11/site-packages/airflow/example_dags/example_skip_dag.py took 0.089 seconds
[2025-11-17T19:41:42.909-0300] {processor.py:161} INFO - Started process (PID=48738) to work on /Library/Frameworks/Python.framework/Versions/3.11/lib/python3.11/site-packages/airflow/example_dags/example_skip_dag.py
[2025-11-17T19:41:42.909-0300] {processor.py:830} INFO - Processing file /Library/Frameworks/Python.framework/Versions/3.11/lib/python3.11/site-packages/airflow/example_dags/example_skip_dag.py for tasks to queue
[2025-11-17T19:41:42.910-0300] {logging_mixin.py:188} INFO - [2025-11-17T19:41:42.909-0300] {dagbag.py:545} INFO - Filling up the DagBag from /Library/Frameworks/Python.framework/Versions/3.11/lib/python3.11/site-packages/airflow/example_dags/example_skip_dag.py
[2025-11-17T19:41:42.913-0300] {processor.py:840} INFO - DAG(s) 'example_skip_dag' retrieved from /Library/Frameworks/Python.framework/Versions/3.11/lib/python3.11/site-packages/airflow/example_dags/example_skip_dag.py
[2025-11-17T19:41:42.986-0300] {logging_mixin.py:188} INFO - [2025-11-17T19:41:42.986-0300] {dag.py:3089} INFO - Sync 1 DAGs
[2025-11-17T19:41:42.992-0300] {logging_mixin.py:188} INFO - [2025-11-17T19:41:42.992-0300] {dag.py:3947} INFO - Setting next_dagrun for example_skip_dag to 2025-11-16 00:00:00+00:00, run_after=2025-11-17 00:00:00+00:00
[2025-11-17T19:41:43.000-0300] {processor.py:183} INFO - Processing /Library/Frameworks/Python.framework/Versions/3.11/lib/python3.11/site-packages/airflow/example_dags/example_skip_dag.py took 0.093 seconds
[2025-11-17T19:43:01.245-0300] {processor.py:161} INFO - Started process (PID=49525) to work on /Library/Frameworks/Python.framework/Versions/3.11/lib/python3.11/site-packages/airflow/example_dags/example_skip_dag.py
[2025-11-17T19:43:01.246-0300] {processor.py:830} INFO - Processing file /Library/Frameworks/Python.framework/Versions/3.11/lib/python3.11/site-packages/airflow/example_dags/example_skip_dag.py for tasks to queue
[2025-11-17T19:43:01.247-0300] {logging_mixin.py:188} INFO - [2025-11-17T19:43:01.247-0300] {dagbag.py:545} INFO - Filling up the DagBag from /Library/Frameworks/Python.framework/Versions/3.11/lib/python3.11/site-packages/airflow/example_dags/example_skip_dag.py
[2025-11-17T19:43:01.250-0300] {processor.py:840} INFO - DAG(s) 'example_skip_dag' retrieved from /Library/Frameworks/Python.framework/Versions/3.11/lib/python3.11/site-packages/airflow/example_dags/example_skip_dag.py
[2025-11-17T19:43:01.319-0300] {logging_mixin.py:188} INFO - [2025-11-17T19:43:01.319-0300] {dag.py:3089} INFO - Sync 1 DAGs
[2025-11-17T19:43:01.325-0300] {logging_mixin.py:188} INFO - [2025-11-17T19:43:01.325-0300] {dag.py:3947} INFO - Setting next_dagrun for example_skip_dag to 2025-11-16 00:00:00+00:00, run_after=2025-11-17 00:00:00+00:00
[2025-11-17T19:43:01.332-0300] {processor.py:183} INFO - Processing /Library/Frameworks/Python.framework/Versions/3.11/lib/python3.11/site-packages/airflow/example_dags/example_skip_dag.py took 0.088 seconds
