[2025-11-17T19:37:16.627-0300] {processor.py:161} INFO - Started process (PID=48154) to work on /Library/Frameworks/Python.framework/Versions/3.11/lib/python3.11/site-packages/airflow/example_dags/example_trigger_controller_dag.py
[2025-11-17T19:37:16.627-0300] {processor.py:830} INFO - Processing file /Library/Frameworks/Python.framework/Versions/3.11/lib/python3.11/site-packages/airflow/example_dags/example_trigger_controller_dag.py for tasks to queue
[2025-11-17T19:37:16.628-0300] {logging_mixin.py:188} INFO - [2025-11-17T19:37:16.627-0300] {dagbag.py:545} INFO - Filling up the DagBag from /Library/Frameworks/Python.framework/Versions/3.11/lib/python3.11/site-packages/airflow/example_dags/example_trigger_controller_dag.py
[2025-11-17T19:37:16.632-0300] {processor.py:840} INFO - DAG(s) 'example_trigger_controller_dag' retrieved from /Library/Frameworks/Python.framework/Versions/3.11/lib/python3.11/site-packages/airflow/example_dags/example_trigger_controller_dag.py
[2025-11-17T19:37:16.731-0300] {logging_mixin.py:188} INFO - [2025-11-17T19:37:16.730-0300] {override.py:1930} INFO - Created Permission View: can delete on DAG:example_trigger_controller_dag
[2025-11-17T19:37:16.734-0300] {logging_mixin.py:188} INFO - [2025-11-17T19:37:16.734-0300] {override.py:1930} INFO - Created Permission View: can read on DAG:example_trigger_controller_dag
[2025-11-17T19:37:16.736-0300] {logging_mixin.py:188} INFO - [2025-11-17T19:37:16.736-0300] {override.py:1930} INFO - Created Permission View: can edit on DAG:example_trigger_controller_dag
[2025-11-17T19:37:16.736-0300] {logging_mixin.py:188} INFO - [2025-11-17T19:37:16.736-0300] {dag.py:3089} INFO - Sync 1 DAGs
[2025-11-17T19:37:16.740-0300] {logging_mixin.py:188} INFO - [2025-11-17T19:37:16.740-0300] {dag.py:3111} INFO - Creating ORM DAG for example_trigger_controller_dag
[2025-11-17T19:37:16.743-0300] {logging_mixin.py:188} INFO - [2025-11-17T19:37:16.742-0300] {dag.py:3947} INFO - Setting next_dagrun for example_trigger_controller_dag to 2021-01-01 00:00:00+00:00, run_after=2021-01-01 00:00:00+00:00
[2025-11-17T19:37:16.749-0300] {processor.py:183} INFO - Processing /Library/Frameworks/Python.framework/Versions/3.11/lib/python3.11/site-packages/airflow/example_dags/example_trigger_controller_dag.py took 0.123 seconds
[2025-11-17T19:39:01.133-0300] {processor.py:161} INFO - Started process (PID=48372) to work on /Library/Frameworks/Python.framework/Versions/3.11/lib/python3.11/site-packages/airflow/example_dags/example_trigger_controller_dag.py
[2025-11-17T19:39:01.134-0300] {processor.py:830} INFO - Processing file /Library/Frameworks/Python.framework/Versions/3.11/lib/python3.11/site-packages/airflow/example_dags/example_trigger_controller_dag.py for tasks to queue
[2025-11-17T19:39:01.134-0300] {logging_mixin.py:188} INFO - [2025-11-17T19:39:01.134-0300] {dagbag.py:545} INFO - Filling up the DagBag from /Library/Frameworks/Python.framework/Versions/3.11/lib/python3.11/site-packages/airflow/example_dags/example_trigger_controller_dag.py
[2025-11-17T19:39:01.138-0300] {processor.py:840} INFO - DAG(s) 'example_trigger_controller_dag' retrieved from /Library/Frameworks/Python.framework/Versions/3.11/lib/python3.11/site-packages/airflow/example_dags/example_trigger_controller_dag.py
[2025-11-17T19:39:01.205-0300] {logging_mixin.py:188} INFO - [2025-11-17T19:39:01.205-0300] {dag.py:3089} INFO - Sync 1 DAGs
[2025-11-17T19:39:01.210-0300] {logging_mixin.py:188} INFO - [2025-11-17T19:39:01.210-0300] {dag.py:3947} INFO - Setting next_dagrun for example_trigger_controller_dag to 2021-01-01 00:00:00+00:00, run_after=2021-01-01 00:00:00+00:00
[2025-11-17T19:39:01.218-0300] {processor.py:183} INFO - Processing /Library/Frameworks/Python.framework/Versions/3.11/lib/python3.11/site-packages/airflow/example_dags/example_trigger_controller_dag.py took 0.086 seconds
[2025-11-17T19:40:17.779-0300] {processor.py:161} INFO - Started process (PID=48524) to work on /Library/Frameworks/Python.framework/Versions/3.11/lib/python3.11/site-packages/airflow/example_dags/example_trigger_controller_dag.py
[2025-11-17T19:40:17.781-0300] {processor.py:830} INFO - Processing file /Library/Frameworks/Python.framework/Versions/3.11/lib/python3.11/site-packages/airflow/example_dags/example_trigger_controller_dag.py for tasks to queue
[2025-11-17T19:40:17.781-0300] {logging_mixin.py:188} INFO - [2025-11-17T19:40:17.781-0300] {dagbag.py:545} INFO - Filling up the DagBag from /Library/Frameworks/Python.framework/Versions/3.11/lib/python3.11/site-packages/airflow/example_dags/example_trigger_controller_dag.py
[2025-11-17T19:40:17.786-0300] {processor.py:840} INFO - DAG(s) 'example_trigger_controller_dag' retrieved from /Library/Frameworks/Python.framework/Versions/3.11/lib/python3.11/site-packages/airflow/example_dags/example_trigger_controller_dag.py
[2025-11-17T19:40:17.850-0300] {logging_mixin.py:188} INFO - [2025-11-17T19:40:17.850-0300] {dag.py:3089} INFO - Sync 1 DAGs
[2025-11-17T19:40:17.857-0300] {logging_mixin.py:188} INFO - [2025-11-17T19:40:17.857-0300] {dag.py:3947} INFO - Setting next_dagrun for example_trigger_controller_dag to 2021-01-01 00:00:00+00:00, run_after=2021-01-01 00:00:00+00:00
[2025-11-17T19:40:17.865-0300] {processor.py:183} INFO - Processing /Library/Frameworks/Python.framework/Versions/3.11/lib/python3.11/site-packages/airflow/example_dags/example_trigger_controller_dag.py took 0.087 seconds
[2025-11-17T19:41:31.717-0300] {processor.py:161} INFO - Started process (PID=48687) to work on /Library/Frameworks/Python.framework/Versions/3.11/lib/python3.11/site-packages/airflow/example_dags/example_trigger_controller_dag.py
[2025-11-17T19:41:31.718-0300] {processor.py:830} INFO - Processing file /Library/Frameworks/Python.framework/Versions/3.11/lib/python3.11/site-packages/airflow/example_dags/example_trigger_controller_dag.py for tasks to queue
[2025-11-17T19:41:31.718-0300] {logging_mixin.py:188} INFO - [2025-11-17T19:41:31.718-0300] {dagbag.py:545} INFO - Filling up the DagBag from /Library/Frameworks/Python.framework/Versions/3.11/lib/python3.11/site-packages/airflow/example_dags/example_trigger_controller_dag.py
[2025-11-17T19:41:31.723-0300] {processor.py:840} INFO - DAG(s) 'example_trigger_controller_dag' retrieved from /Library/Frameworks/Python.framework/Versions/3.11/lib/python3.11/site-packages/airflow/example_dags/example_trigger_controller_dag.py
[2025-11-17T19:41:31.788-0300] {logging_mixin.py:188} INFO - [2025-11-17T19:41:31.788-0300] {dag.py:3089} INFO - Sync 1 DAGs
[2025-11-17T19:41:31.793-0300] {logging_mixin.py:188} INFO - [2025-11-17T19:41:31.793-0300] {dag.py:3947} INFO - Setting next_dagrun for example_trigger_controller_dag to 2021-01-01 00:00:00+00:00, run_after=2021-01-01 00:00:00+00:00
[2025-11-17T19:41:31.801-0300] {processor.py:183} INFO - Processing /Library/Frameworks/Python.framework/Versions/3.11/lib/python3.11/site-packages/airflow/example_dags/example_trigger_controller_dag.py took 0.085 seconds
[2025-11-17T19:42:50.397-0300] {processor.py:161} INFO - Started process (PID=49329) to work on /Library/Frameworks/Python.framework/Versions/3.11/lib/python3.11/site-packages/airflow/example_dags/example_trigger_controller_dag.py
[2025-11-17T19:42:50.398-0300] {processor.py:830} INFO - Processing file /Library/Frameworks/Python.framework/Versions/3.11/lib/python3.11/site-packages/airflow/example_dags/example_trigger_controller_dag.py for tasks to queue
[2025-11-17T19:42:50.398-0300] {logging_mixin.py:188} INFO - [2025-11-17T19:42:50.398-0300] {dagbag.py:545} INFO - Filling up the DagBag from /Library/Frameworks/Python.framework/Versions/3.11/lib/python3.11/site-packages/airflow/example_dags/example_trigger_controller_dag.py
[2025-11-17T19:42:50.403-0300] {processor.py:840} INFO - DAG(s) 'example_trigger_controller_dag' retrieved from /Library/Frameworks/Python.framework/Versions/3.11/lib/python3.11/site-packages/airflow/example_dags/example_trigger_controller_dag.py
[2025-11-17T19:42:50.470-0300] {logging_mixin.py:188} INFO - [2025-11-17T19:42:50.470-0300] {dag.py:3089} INFO - Sync 1 DAGs
[2025-11-17T19:42:50.476-0300] {logging_mixin.py:188} INFO - [2025-11-17T19:42:50.476-0300] {dag.py:3947} INFO - Setting next_dagrun for example_trigger_controller_dag to 2021-01-01 00:00:00+00:00, run_after=2021-01-01 00:00:00+00:00
[2025-11-17T19:42:50.484-0300] {processor.py:183} INFO - Processing /Library/Frameworks/Python.framework/Versions/3.11/lib/python3.11/site-packages/airflow/example_dags/example_trigger_controller_dag.py took 0.088 seconds
[2025-11-17T19:44:09.707-0300] {processor.py:161} INFO - Started process (PID=50319) to work on /Library/Frameworks/Python.framework/Versions/3.11/lib/python3.11/site-packages/airflow/example_dags/example_trigger_controller_dag.py
[2025-11-17T19:44:09.708-0300] {processor.py:830} INFO - Processing file /Library/Frameworks/Python.framework/Versions/3.11/lib/python3.11/site-packages/airflow/example_dags/example_trigger_controller_dag.py for tasks to queue
[2025-11-17T19:44:09.708-0300] {logging_mixin.py:188} INFO - [2025-11-17T19:44:09.708-0300] {dagbag.py:545} INFO - Filling up the DagBag from /Library/Frameworks/Python.framework/Versions/3.11/lib/python3.11/site-packages/airflow/example_dags/example_trigger_controller_dag.py
[2025-11-17T19:44:09.713-0300] {processor.py:840} INFO - DAG(s) 'example_trigger_controller_dag' retrieved from /Library/Frameworks/Python.framework/Versions/3.11/lib/python3.11/site-packages/airflow/example_dags/example_trigger_controller_dag.py
[2025-11-17T19:44:09.780-0300] {logging_mixin.py:188} INFO - [2025-11-17T19:44:09.780-0300] {dag.py:3089} INFO - Sync 1 DAGs
[2025-11-17T19:44:09.786-0300] {logging_mixin.py:188} INFO - [2025-11-17T19:44:09.786-0300] {dag.py:3947} INFO - Setting next_dagrun for example_trigger_controller_dag to 2021-01-01 00:00:00+00:00, run_after=2021-01-01 00:00:00+00:00
[2025-11-17T19:44:09.794-0300] {processor.py:183} INFO - Processing /Library/Frameworks/Python.framework/Versions/3.11/lib/python3.11/site-packages/airflow/example_dags/example_trigger_controller_dag.py took 0.088 seconds
[2025-11-17T19:50:08.656-0300] {processor.py:161} INFO - Started process (PID=52071) to work on /Library/Frameworks/Python.framework/Versions/3.11/lib/python3.11/site-packages/airflow/example_dags/example_trigger_controller_dag.py
[2025-11-17T19:50:08.656-0300] {processor.py:830} INFO - Processing file /Library/Frameworks/Python.framework/Versions/3.11/lib/python3.11/site-packages/airflow/example_dags/example_trigger_controller_dag.py for tasks to queue
[2025-11-17T19:50:08.657-0300] {logging_mixin.py:188} INFO - [2025-11-17T19:50:08.657-0300] {dagbag.py:545} INFO - Filling up the DagBag from /Library/Frameworks/Python.framework/Versions/3.11/lib/python3.11/site-packages/airflow/example_dags/example_trigger_controller_dag.py
[2025-11-17T19:50:08.661-0300] {processor.py:840} INFO - DAG(s) 'example_trigger_controller_dag' retrieved from /Library/Frameworks/Python.framework/Versions/3.11/lib/python3.11/site-packages/airflow/example_dags/example_trigger_controller_dag.py
[2025-11-17T19:50:08.769-0300] {logging_mixin.py:188} INFO - [2025-11-17T19:50:08.768-0300] {dag.py:3089} INFO - Sync 1 DAGs
[2025-11-17T19:50:08.778-0300] {logging_mixin.py:188} INFO - [2025-11-17T19:50:08.778-0300] {dag.py:3947} INFO - Setting next_dagrun for example_trigger_controller_dag to 2021-01-01 00:00:00+00:00, run_after=2021-01-01 00:00:00+00:00
[2025-11-17T19:50:08.797-0300] {processor.py:183} INFO - Processing /Library/Frameworks/Python.framework/Versions/3.11/lib/python3.11/site-packages/airflow/example_dags/example_trigger_controller_dag.py took 0.142 seconds
