[2025-11-17T19:37:33.593-0300] {processor.py:161} INFO - Started process (PID=48181) to work on /Library/Frameworks/Python.framework/Versions/3.11/lib/python3.11/site-packages/airflow/example_dags/example_setup_teardown.py
[2025-11-17T19:37:33.593-0300] {processor.py:830} INFO - Processing file /Library/Frameworks/Python.framework/Versions/3.11/lib/python3.11/site-packages/airflow/example_dags/example_setup_teardown.py for tasks to queue
[2025-11-17T19:37:33.594-0300] {logging_mixin.py:188} INFO - [2025-11-17T19:37:33.594-0300] {dagbag.py:545} INFO - Filling up the DagBag from /Library/Frameworks/Python.framework/Versions/3.11/lib/python3.11/site-packages/airflow/example_dags/example_setup_teardown.py
[2025-11-17T19:37:33.600-0300] {processor.py:840} INFO - DAG(s) 'example_setup_teardown' retrieved from /Library/Frameworks/Python.framework/Versions/3.11/lib/python3.11/site-packages/airflow/example_dags/example_setup_teardown.py
[2025-11-17T19:37:33.700-0300] {logging_mixin.py:188} INFO - [2025-11-17T19:37:33.700-0300] {override.py:1930} INFO - Created Permission View: can edit on DAG:example_setup_teardown
[2025-11-17T19:37:33.704-0300] {logging_mixin.py:188} INFO - [2025-11-17T19:37:33.703-0300] {override.py:1930} INFO - Created Permission View: can delete on DAG:example_setup_teardown
[2025-11-17T19:37:33.706-0300] {logging_mixin.py:188} INFO - [2025-11-17T19:37:33.705-0300] {override.py:1930} INFO - Created Permission View: can read on DAG:example_setup_teardown
[2025-11-17T19:37:33.706-0300] {logging_mixin.py:188} INFO - [2025-11-17T19:37:33.706-0300] {dag.py:3089} INFO - Sync 1 DAGs
[2025-11-17T19:37:33.709-0300] {logging_mixin.py:188} INFO - [2025-11-17T19:37:33.709-0300] {dag.py:3111} INFO - Creating ORM DAG for example_setup_teardown
[2025-11-17T19:37:33.712-0300] {logging_mixin.py:188} INFO - [2025-11-17T19:37:33.712-0300] {dag.py:3947} INFO - Setting next_dagrun for example_setup_teardown to 2025-11-16 00:00:00+00:00, run_after=2025-11-17 00:00:00+00:00
[2025-11-17T19:37:33.718-0300] {processor.py:183} INFO - Processing /Library/Frameworks/Python.framework/Versions/3.11/lib/python3.11/site-packages/airflow/example_dags/example_setup_teardown.py took 0.127 seconds
[2025-11-17T19:39:19.770-0300] {processor.py:161} INFO - Started process (PID=48409) to work on /Library/Frameworks/Python.framework/Versions/3.11/lib/python3.11/site-packages/airflow/example_dags/example_setup_teardown.py
[2025-11-17T19:39:19.771-0300] {processor.py:830} INFO - Processing file /Library/Frameworks/Python.framework/Versions/3.11/lib/python3.11/site-packages/airflow/example_dags/example_setup_teardown.py for tasks to queue
[2025-11-17T19:39:19.771-0300] {logging_mixin.py:188} INFO - [2025-11-17T19:39:19.771-0300] {dagbag.py:545} INFO - Filling up the DagBag from /Library/Frameworks/Python.framework/Versions/3.11/lib/python3.11/site-packages/airflow/example_dags/example_setup_teardown.py
[2025-11-17T19:39:19.775-0300] {processor.py:840} INFO - DAG(s) 'example_setup_teardown' retrieved from /Library/Frameworks/Python.framework/Versions/3.11/lib/python3.11/site-packages/airflow/example_dags/example_setup_teardown.py
[2025-11-17T19:39:19.842-0300] {logging_mixin.py:188} INFO - [2025-11-17T19:39:19.842-0300] {dag.py:3089} INFO - Sync 1 DAGs
[2025-11-17T19:39:19.847-0300] {logging_mixin.py:188} INFO - [2025-11-17T19:39:19.847-0300] {dag.py:3947} INFO - Setting next_dagrun for example_setup_teardown to 2025-11-16 00:00:00+00:00, run_after=2025-11-17 00:00:00+00:00
[2025-11-17T19:39:19.855-0300] {processor.py:183} INFO - Processing /Library/Frameworks/Python.framework/Versions/3.11/lib/python3.11/site-packages/airflow/example_dags/example_setup_teardown.py took 0.086 seconds
[2025-11-17T19:40:35.207-0300] {processor.py:161} INFO - Started process (PID=48560) to work on /Library/Frameworks/Python.framework/Versions/3.11/lib/python3.11/site-packages/airflow/example_dags/example_setup_teardown.py
[2025-11-17T19:40:35.208-0300] {processor.py:830} INFO - Processing file /Library/Frameworks/Python.framework/Versions/3.11/lib/python3.11/site-packages/airflow/example_dags/example_setup_teardown.py for tasks to queue
[2025-11-17T19:40:35.209-0300] {logging_mixin.py:188} INFO - [2025-11-17T19:40:35.208-0300] {dagbag.py:545} INFO - Filling up the DagBag from /Library/Frameworks/Python.framework/Versions/3.11/lib/python3.11/site-packages/airflow/example_dags/example_setup_teardown.py
[2025-11-17T19:40:35.212-0300] {processor.py:840} INFO - DAG(s) 'example_setup_teardown' retrieved from /Library/Frameworks/Python.framework/Versions/3.11/lib/python3.11/site-packages/airflow/example_dags/example_setup_teardown.py
[2025-11-17T19:40:35.279-0300] {logging_mixin.py:188} INFO - [2025-11-17T19:40:35.279-0300] {dag.py:3089} INFO - Sync 1 DAGs
[2025-11-17T19:40:35.284-0300] {logging_mixin.py:188} INFO - [2025-11-17T19:40:35.284-0300] {dag.py:3947} INFO - Setting next_dagrun for example_setup_teardown to 2025-11-16 00:00:00+00:00, run_after=2025-11-17 00:00:00+00:00
[2025-11-17T19:40:35.292-0300] {processor.py:183} INFO - Processing /Library/Frameworks/Python.framework/Versions/3.11/lib/python3.11/site-packages/airflow/example_dags/example_setup_teardown.py took 0.085 seconds
[2025-11-17T19:41:50.730-0300] {processor.py:161} INFO - Started process (PID=48785) to work on /Library/Frameworks/Python.framework/Versions/3.11/lib/python3.11/site-packages/airflow/example_dags/example_setup_teardown.py
[2025-11-17T19:41:50.731-0300] {processor.py:830} INFO - Processing file /Library/Frameworks/Python.framework/Versions/3.11/lib/python3.11/site-packages/airflow/example_dags/example_setup_teardown.py for tasks to queue
[2025-11-17T19:41:50.732-0300] {logging_mixin.py:188} INFO - [2025-11-17T19:41:50.731-0300] {dagbag.py:545} INFO - Filling up the DagBag from /Library/Frameworks/Python.framework/Versions/3.11/lib/python3.11/site-packages/airflow/example_dags/example_setup_teardown.py
[2025-11-17T19:41:50.735-0300] {processor.py:840} INFO - DAG(s) 'example_setup_teardown' retrieved from /Library/Frameworks/Python.framework/Versions/3.11/lib/python3.11/site-packages/airflow/example_dags/example_setup_teardown.py
[2025-11-17T19:41:50.804-0300] {logging_mixin.py:188} INFO - [2025-11-17T19:41:50.804-0300] {dag.py:3089} INFO - Sync 1 DAGs
[2025-11-17T19:41:50.810-0300] {logging_mixin.py:188} INFO - [2025-11-17T19:41:50.809-0300] {dag.py:3947} INFO - Setting next_dagrun for example_setup_teardown to 2025-11-16 00:00:00+00:00, run_after=2025-11-17 00:00:00+00:00
[2025-11-17T19:41:50.817-0300] {processor.py:183} INFO - Processing /Library/Frameworks/Python.framework/Versions/3.11/lib/python3.11/site-packages/airflow/example_dags/example_setup_teardown.py took 0.088 seconds
[2025-11-17T19:43:08.259-0300] {processor.py:161} INFO - Started process (PID=49533) to work on /Library/Frameworks/Python.framework/Versions/3.11/lib/python3.11/site-packages/airflow/example_dags/example_setup_teardown.py
[2025-11-17T19:43:08.260-0300] {processor.py:830} INFO - Processing file /Library/Frameworks/Python.framework/Versions/3.11/lib/python3.11/site-packages/airflow/example_dags/example_setup_teardown.py for tasks to queue
[2025-11-17T19:43:08.260-0300] {logging_mixin.py:188} INFO - [2025-11-17T19:43:08.260-0300] {dagbag.py:545} INFO - Filling up the DagBag from /Library/Frameworks/Python.framework/Versions/3.11/lib/python3.11/site-packages/airflow/example_dags/example_setup_teardown.py
[2025-11-17T19:43:08.264-0300] {processor.py:840} INFO - DAG(s) 'example_setup_teardown' retrieved from /Library/Frameworks/Python.framework/Versions/3.11/lib/python3.11/site-packages/airflow/example_dags/example_setup_teardown.py
[2025-11-17T19:43:08.333-0300] {logging_mixin.py:188} INFO - [2025-11-17T19:43:08.333-0300] {dag.py:3089} INFO - Sync 1 DAGs
[2025-11-17T19:43:08.339-0300] {logging_mixin.py:188} INFO - [2025-11-17T19:43:08.339-0300] {dag.py:3947} INFO - Setting next_dagrun for example_setup_teardown to 2025-11-16 00:00:00+00:00, run_after=2025-11-17 00:00:00+00:00
[2025-11-17T19:43:08.346-0300] {processor.py:183} INFO - Processing /Library/Frameworks/Python.framework/Versions/3.11/lib/python3.11/site-packages/airflow/example_dags/example_setup_teardown.py took 0.088 seconds
