[2025-11-17T19:37:20.553-0300] {processor.py:161} INFO - Started process (PID=48161) to work on /Library/Frameworks/Python.framework/Versions/3.11/lib/python3.11/site-packages/airflow/example_dags/example_task_group_decorator.py
[2025-11-17T19:37:20.553-0300] {processor.py:830} INFO - Processing file /Library/Frameworks/Python.framework/Versions/3.11/lib/python3.11/site-packages/airflow/example_dags/example_task_group_decorator.py for tasks to queue
[2025-11-17T19:37:20.554-0300] {logging_mixin.py:188} INFO - [2025-11-17T19:37:20.554-0300] {dagbag.py:545} INFO - Filling up the DagBag from /Library/Frameworks/Python.framework/Versions/3.11/lib/python3.11/site-packages/airflow/example_dags/example_task_group_decorator.py
[2025-11-17T19:37:20.599-0300] {processor.py:840} INFO - DAG(s) 'example_task_group_decorator' retrieved from /Library/Frameworks/Python.framework/Versions/3.11/lib/python3.11/site-packages/airflow/example_dags/example_task_group_decorator.py
[2025-11-17T19:37:20.678-0300] {logging_mixin.py:188} INFO - [2025-11-17T19:37:20.678-0300] {override.py:1930} INFO - Created Permission View: can edit on DAG:example_task_group_decorator
[2025-11-17T19:37:20.682-0300] {logging_mixin.py:188} INFO - [2025-11-17T19:37:20.682-0300] {override.py:1930} INFO - Created Permission View: can delete on DAG:example_task_group_decorator
[2025-11-17T19:37:20.684-0300] {logging_mixin.py:188} INFO - [2025-11-17T19:37:20.684-0300] {override.py:1930} INFO - Created Permission View: can read on DAG:example_task_group_decorator
[2025-11-17T19:37:20.684-0300] {logging_mixin.py:188} INFO - [2025-11-17T19:37:20.684-0300] {dag.py:3089} INFO - Sync 1 DAGs
[2025-11-17T19:37:20.689-0300] {logging_mixin.py:188} INFO - [2025-11-17T19:37:20.689-0300] {dag.py:3111} INFO - Creating ORM DAG for example_task_group_decorator
[2025-11-17T19:37:20.693-0300] {logging_mixin.py:188} INFO - [2025-11-17T19:37:20.693-0300] {dag.py:3947} INFO - Setting next_dagrun for example_task_group_decorator to 2025-11-16 00:00:00+00:00, run_after=2025-11-17 00:00:00+00:00
[2025-11-17T19:37:20.699-0300] {processor.py:183} INFO - Processing /Library/Frameworks/Python.framework/Versions/3.11/lib/python3.11/site-packages/airflow/example_dags/example_task_group_decorator.py took 0.147 seconds
[2025-11-17T19:39:05.003-0300] {processor.py:161} INFO - Started process (PID=48380) to work on /Library/Frameworks/Python.framework/Versions/3.11/lib/python3.11/site-packages/airflow/example_dags/example_task_group_decorator.py
[2025-11-17T19:39:05.004-0300] {processor.py:830} INFO - Processing file /Library/Frameworks/Python.framework/Versions/3.11/lib/python3.11/site-packages/airflow/example_dags/example_task_group_decorator.py for tasks to queue
[2025-11-17T19:39:05.004-0300] {logging_mixin.py:188} INFO - [2025-11-17T19:39:05.004-0300] {dagbag.py:545} INFO - Filling up the DagBag from /Library/Frameworks/Python.framework/Versions/3.11/lib/python3.11/site-packages/airflow/example_dags/example_task_group_decorator.py
[2025-11-17T19:39:05.050-0300] {processor.py:840} INFO - DAG(s) 'example_task_group_decorator' retrieved from /Library/Frameworks/Python.framework/Versions/3.11/lib/python3.11/site-packages/airflow/example_dags/example_task_group_decorator.py
[2025-11-17T19:39:05.089-0300] {logging_mixin.py:188} INFO - [2025-11-17T19:39:05.089-0300] {dag.py:3089} INFO - Sync 1 DAGs
[2025-11-17T19:39:05.095-0300] {logging_mixin.py:188} INFO - [2025-11-17T19:39:05.095-0300] {dag.py:3947} INFO - Setting next_dagrun for example_task_group_decorator to 2025-11-16 00:00:00+00:00, run_after=2025-11-17 00:00:00+00:00
[2025-11-17T19:39:05.102-0300] {processor.py:183} INFO - Processing /Library/Frameworks/Python.framework/Versions/3.11/lib/python3.11/site-packages/airflow/example_dags/example_task_group_decorator.py took 0.100 seconds
[2025-11-17T19:40:21.603-0300] {processor.py:161} INFO - Started process (PID=48532) to work on /Library/Frameworks/Python.framework/Versions/3.11/lib/python3.11/site-packages/airflow/example_dags/example_task_group_decorator.py
[2025-11-17T19:40:21.604-0300] {processor.py:830} INFO - Processing file /Library/Frameworks/Python.framework/Versions/3.11/lib/python3.11/site-packages/airflow/example_dags/example_task_group_decorator.py for tasks to queue
[2025-11-17T19:40:21.605-0300] {logging_mixin.py:188} INFO - [2025-11-17T19:40:21.605-0300] {dagbag.py:545} INFO - Filling up the DagBag from /Library/Frameworks/Python.framework/Versions/3.11/lib/python3.11/site-packages/airflow/example_dags/example_task_group_decorator.py
[2025-11-17T19:40:21.650-0300] {processor.py:840} INFO - DAG(s) 'example_task_group_decorator' retrieved from /Library/Frameworks/Python.framework/Versions/3.11/lib/python3.11/site-packages/airflow/example_dags/example_task_group_decorator.py
[2025-11-17T19:40:21.690-0300] {logging_mixin.py:188} INFO - [2025-11-17T19:40:21.690-0300] {dag.py:3089} INFO - Sync 1 DAGs
[2025-11-17T19:40:21.696-0300] {logging_mixin.py:188} INFO - [2025-11-17T19:40:21.696-0300] {dag.py:3947} INFO - Setting next_dagrun for example_task_group_decorator to 2025-11-16 00:00:00+00:00, run_after=2025-11-17 00:00:00+00:00
[2025-11-17T19:40:21.703-0300] {processor.py:183} INFO - Processing /Library/Frameworks/Python.framework/Versions/3.11/lib/python3.11/site-packages/airflow/example_dags/example_task_group_decorator.py took 0.101 seconds
[2025-11-17T19:41:35.601-0300] {processor.py:161} INFO - Started process (PID=48696) to work on /Library/Frameworks/Python.framework/Versions/3.11/lib/python3.11/site-packages/airflow/example_dags/example_task_group_decorator.py
[2025-11-17T19:41:35.602-0300] {processor.py:830} INFO - Processing file /Library/Frameworks/Python.framework/Versions/3.11/lib/python3.11/site-packages/airflow/example_dags/example_task_group_decorator.py for tasks to queue
[2025-11-17T19:41:35.602-0300] {logging_mixin.py:188} INFO - [2025-11-17T19:41:35.602-0300] {dagbag.py:545} INFO - Filling up the DagBag from /Library/Frameworks/Python.framework/Versions/3.11/lib/python3.11/site-packages/airflow/example_dags/example_task_group_decorator.py
[2025-11-17T19:41:35.650-0300] {processor.py:840} INFO - DAG(s) 'example_task_group_decorator' retrieved from /Library/Frameworks/Python.framework/Versions/3.11/lib/python3.11/site-packages/airflow/example_dags/example_task_group_decorator.py
[2025-11-17T19:41:35.692-0300] {logging_mixin.py:188} INFO - [2025-11-17T19:41:35.692-0300] {dag.py:3089} INFO - Sync 1 DAGs
[2025-11-17T19:41:35.698-0300] {logging_mixin.py:188} INFO - [2025-11-17T19:41:35.698-0300] {dag.py:3947} INFO - Setting next_dagrun for example_task_group_decorator to 2025-11-16 00:00:00+00:00, run_after=2025-11-17 00:00:00+00:00
[2025-11-17T19:41:35.705-0300] {processor.py:183} INFO - Processing /Library/Frameworks/Python.framework/Versions/3.11/lib/python3.11/site-packages/airflow/example_dags/example_task_group_decorator.py took 0.104 seconds
[2025-11-17T19:42:53.806-0300] {processor.py:161} INFO - Started process (PID=49424) to work on /Library/Frameworks/Python.framework/Versions/3.11/lib/python3.11/site-packages/airflow/example_dags/example_task_group_decorator.py
[2025-11-17T19:42:53.807-0300] {processor.py:830} INFO - Processing file /Library/Frameworks/Python.framework/Versions/3.11/lib/python3.11/site-packages/airflow/example_dags/example_task_group_decorator.py for tasks to queue
[2025-11-17T19:42:53.807-0300] {logging_mixin.py:188} INFO - [2025-11-17T19:42:53.807-0300] {dagbag.py:545} INFO - Filling up the DagBag from /Library/Frameworks/Python.framework/Versions/3.11/lib/python3.11/site-packages/airflow/example_dags/example_task_group_decorator.py
[2025-11-17T19:42:53.854-0300] {processor.py:840} INFO - DAG(s) 'example_task_group_decorator' retrieved from /Library/Frameworks/Python.framework/Versions/3.11/lib/python3.11/site-packages/airflow/example_dags/example_task_group_decorator.py
[2025-11-17T19:42:53.894-0300] {logging_mixin.py:188} INFO - [2025-11-17T19:42:53.894-0300] {dag.py:3089} INFO - Sync 1 DAGs
[2025-11-17T19:42:53.900-0300] {logging_mixin.py:188} INFO - [2025-11-17T19:42:53.900-0300] {dag.py:3947} INFO - Setting next_dagrun for example_task_group_decorator to 2025-11-16 00:00:00+00:00, run_after=2025-11-17 00:00:00+00:00
[2025-11-17T19:42:53.907-0300] {processor.py:183} INFO - Processing /Library/Frameworks/Python.framework/Versions/3.11/lib/python3.11/site-packages/airflow/example_dags/example_task_group_decorator.py took 0.102 seconds
[2025-11-17T19:44:12.875-0300] {processor.py:161} INFO - Started process (PID=50327) to work on /Library/Frameworks/Python.framework/Versions/3.11/lib/python3.11/site-packages/airflow/example_dags/example_task_group_decorator.py
[2025-11-17T19:44:12.876-0300] {processor.py:830} INFO - Processing file /Library/Frameworks/Python.framework/Versions/3.11/lib/python3.11/site-packages/airflow/example_dags/example_task_group_decorator.py for tasks to queue
[2025-11-17T19:44:12.877-0300] {logging_mixin.py:188} INFO - [2025-11-17T19:44:12.877-0300] {dagbag.py:545} INFO - Filling up the DagBag from /Library/Frameworks/Python.framework/Versions/3.11/lib/python3.11/site-packages/airflow/example_dags/example_task_group_decorator.py
[2025-11-17T19:44:12.928-0300] {processor.py:840} INFO - DAG(s) 'example_task_group_decorator' retrieved from /Library/Frameworks/Python.framework/Versions/3.11/lib/python3.11/site-packages/airflow/example_dags/example_task_group_decorator.py
[2025-11-17T19:44:12.970-0300] {logging_mixin.py:188} INFO - [2025-11-17T19:44:12.970-0300] {dag.py:3089} INFO - Sync 1 DAGs
[2025-11-17T19:44:12.977-0300] {logging_mixin.py:188} INFO - [2025-11-17T19:44:12.976-0300] {dag.py:3947} INFO - Setting next_dagrun for example_task_group_decorator to 2025-11-16 00:00:00+00:00, run_after=2025-11-17 00:00:00+00:00
[2025-11-17T19:44:12.983-0300] {processor.py:183} INFO - Processing /Library/Frameworks/Python.framework/Versions/3.11/lib/python3.11/site-packages/airflow/example_dags/example_task_group_decorator.py took 0.109 seconds
[2025-11-17T19:50:12.519-0300] {processor.py:161} INFO - Started process (PID=52081) to work on /Library/Frameworks/Python.framework/Versions/3.11/lib/python3.11/site-packages/airflow/example_dags/example_task_group_decorator.py
[2025-11-17T19:50:12.520-0300] {processor.py:830} INFO - Processing file /Library/Frameworks/Python.framework/Versions/3.11/lib/python3.11/site-packages/airflow/example_dags/example_task_group_decorator.py for tasks to queue
[2025-11-17T19:50:12.520-0300] {logging_mixin.py:188} INFO - [2025-11-17T19:50:12.520-0300] {dagbag.py:545} INFO - Filling up the DagBag from /Library/Frameworks/Python.framework/Versions/3.11/lib/python3.11/site-packages/airflow/example_dags/example_task_group_decorator.py
[2025-11-17T19:50:12.566-0300] {processor.py:840} INFO - DAG(s) 'example_task_group_decorator' retrieved from /Library/Frameworks/Python.framework/Versions/3.11/lib/python3.11/site-packages/airflow/example_dags/example_task_group_decorator.py
[2025-11-17T19:50:12.635-0300] {logging_mixin.py:188} INFO - [2025-11-17T19:50:12.635-0300] {dag.py:3089} INFO - Sync 1 DAGs
[2025-11-17T19:50:12.641-0300] {logging_mixin.py:188} INFO - [2025-11-17T19:50:12.641-0300] {dag.py:3947} INFO - Setting next_dagrun for example_task_group_decorator to 2025-11-16 00:00:00+00:00, run_after=2025-11-17 00:00:00+00:00
[2025-11-17T19:50:12.649-0300] {processor.py:183} INFO - Processing /Library/Frameworks/Python.framework/Versions/3.11/lib/python3.11/site-packages/airflow/example_dags/example_task_group_decorator.py took 0.131 seconds
