[2025-11-17T19:37:23.628-0300] {processor.py:161} INFO - Started process (PID=48166) to work on /Library/Frameworks/Python.framework/Versions/3.11/lib/python3.11/site-packages/airflow/example_dags/example_subdag_operator.py
[2025-11-17T19:37:23.629-0300] {processor.py:830} INFO - Processing file /Library/Frameworks/Python.framework/Versions/3.11/lib/python3.11/site-packages/airflow/example_dags/example_subdag_operator.py for tasks to queue
[2025-11-17T19:37:23.629-0300] {logging_mixin.py:188} INFO - [2025-11-17T19:37:23.629-0300] {dagbag.py:545} INFO - Filling up the DagBag from /Library/Frameworks/Python.framework/Versions/3.11/lib/python3.11/site-packages/airflow/example_dags/example_subdag_operator.py
[2025-11-17T19:37:23.694-0300] {processor.py:840} INFO - DAG(s) 'example_subdag_operator.section-1', 'example_subdag_operator.section-2', 'example_subdag_operator' retrieved from /Library/Frameworks/Python.framework/Versions/3.11/lib/python3.11/site-packages/airflow/example_dags/example_subdag_operator.py
[2025-11-17T19:37:23.749-0300] {logging_mixin.py:188} INFO - [2025-11-17T19:37:23.749-0300] {override.py:1930} INFO - Created Permission View: can edit on DAG:example_subdag_operator
[2025-11-17T19:37:23.752-0300] {logging_mixin.py:188} INFO - [2025-11-17T19:37:23.752-0300] {override.py:1930} INFO - Created Permission View: can read on DAG:example_subdag_operator
[2025-11-17T19:37:23.754-0300] {logging_mixin.py:188} INFO - [2025-11-17T19:37:23.754-0300] {override.py:1930} INFO - Created Permission View: can delete on DAG:example_subdag_operator
[2025-11-17T19:37:23.754-0300] {logging_mixin.py:188} INFO - [2025-11-17T19:37:23.754-0300] {dag.py:3089} INFO - Sync 3 DAGs
[2025-11-17T19:37:23.758-0300] {logging_mixin.py:188} INFO - [2025-11-17T19:37:23.757-0300] {dag.py:3111} INFO - Creating ORM DAG for example_subdag_operator
[2025-11-17T19:37:23.758-0300] {logging_mixin.py:188} INFO - [2025-11-17T19:37:23.758-0300] {dag.py:3111} INFO - Creating ORM DAG for example_subdag_operator.section-1
[2025-11-17T19:37:23.758-0300] {logging_mixin.py:188} INFO - [2025-11-17T19:37:23.758-0300] {dag.py:3111} INFO - Creating ORM DAG for example_subdag_operator.section-2
[2025-11-17T19:37:23.761-0300] {logging_mixin.py:188} INFO - [2025-11-17T19:37:23.761-0300] {dag.py:3947} INFO - Setting next_dagrun for example_subdag_operator to 2022-01-01 00:00:00+00:00, run_after=2022-01-01 00:00:00+00:00
[2025-11-17T19:37:23.761-0300] {logging_mixin.py:188} INFO - [2025-11-17T19:37:23.761-0300] {dag.py:3947} INFO - Setting next_dagrun for example_subdag_operator.section-1 to None, run_after=None
[2025-11-17T19:37:23.761-0300] {logging_mixin.py:188} INFO - [2025-11-17T19:37:23.761-0300] {dag.py:3947} INFO - Setting next_dagrun for example_subdag_operator.section-2 to None, run_after=None
[2025-11-17T19:37:23.764-0300] {logging_mixin.py:188} INFO - [2025-11-17T19:37:23.764-0300] {dag.py:3089} INFO - Sync 2 DAGs
[2025-11-17T19:37:23.765-0300] {logging_mixin.py:188} INFO - [2025-11-17T19:37:23.765-0300] {dag.py:3947} INFO - Setting next_dagrun for example_subdag_operator.section-1 to None, run_after=None
[2025-11-17T19:37:23.766-0300] {logging_mixin.py:188} INFO - [2025-11-17T19:37:23.766-0300] {dag.py:3947} INFO - Setting next_dagrun for example_subdag_operator.section-2 to None, run_after=None
[2025-11-17T19:37:23.771-0300] {processor.py:183} INFO - Processing /Library/Frameworks/Python.framework/Versions/3.11/lib/python3.11/site-packages/airflow/example_dags/example_subdag_operator.py took 0.144 seconds
[2025-11-17T19:39:08.832-0300] {processor.py:161} INFO - Started process (PID=48389) to work on /Library/Frameworks/Python.framework/Versions/3.11/lib/python3.11/site-packages/airflow/example_dags/example_subdag_operator.py
[2025-11-17T19:39:08.832-0300] {processor.py:830} INFO - Processing file /Library/Frameworks/Python.framework/Versions/3.11/lib/python3.11/site-packages/airflow/example_dags/example_subdag_operator.py for tasks to queue
[2025-11-17T19:39:08.833-0300] {logging_mixin.py:188} INFO - [2025-11-17T19:39:08.833-0300] {dagbag.py:545} INFO - Filling up the DagBag from /Library/Frameworks/Python.framework/Versions/3.11/lib/python3.11/site-packages/airflow/example_dags/example_subdag_operator.py
[2025-11-17T19:39:08.894-0300] {processor.py:840} INFO - DAG(s) 'example_subdag_operator.section-1', 'example_subdag_operator.section-2', 'example_subdag_operator' retrieved from /Library/Frameworks/Python.framework/Versions/3.11/lib/python3.11/site-packages/airflow/example_dags/example_subdag_operator.py
[2025-11-17T19:39:08.918-0300] {logging_mixin.py:188} INFO - [2025-11-17T19:39:08.917-0300] {dag.py:3089} INFO - Sync 3 DAGs
[2025-11-17T19:39:08.924-0300] {logging_mixin.py:188} INFO - [2025-11-17T19:39:08.923-0300] {dag.py:3947} INFO - Setting next_dagrun for example_subdag_operator to 2022-01-01 00:00:00+00:00, run_after=2022-01-01 00:00:00+00:00
[2025-11-17T19:39:08.925-0300] {logging_mixin.py:188} INFO - [2025-11-17T19:39:08.924-0300] {dag.py:3947} INFO - Setting next_dagrun for example_subdag_operator.section-1 to None, run_after=None
[2025-11-17T19:39:08.925-0300] {logging_mixin.py:188} INFO - [2025-11-17T19:39:08.925-0300] {dag.py:3947} INFO - Setting next_dagrun for example_subdag_operator.section-2 to None, run_after=None
[2025-11-17T19:39:08.927-0300] {logging_mixin.py:188} INFO - [2025-11-17T19:39:08.927-0300] {dag.py:3089} INFO - Sync 2 DAGs
[2025-11-17T19:39:08.929-0300] {logging_mixin.py:188} INFO - [2025-11-17T19:39:08.929-0300] {dag.py:3947} INFO - Setting next_dagrun for example_subdag_operator.section-1 to None, run_after=None
[2025-11-17T19:39:08.929-0300] {logging_mixin.py:188} INFO - [2025-11-17T19:39:08.929-0300] {dag.py:3947} INFO - Setting next_dagrun for example_subdag_operator.section-2 to None, run_after=None
[2025-11-17T19:39:08.933-0300] {processor.py:183} INFO - Processing /Library/Frameworks/Python.framework/Versions/3.11/lib/python3.11/site-packages/airflow/example_dags/example_subdag_operator.py took 0.103 seconds
[2025-11-17T19:40:24.830-0300] {processor.py:161} INFO - Started process (PID=48540) to work on /Library/Frameworks/Python.framework/Versions/3.11/lib/python3.11/site-packages/airflow/example_dags/example_subdag_operator.py
[2025-11-17T19:40:24.831-0300] {processor.py:830} INFO - Processing file /Library/Frameworks/Python.framework/Versions/3.11/lib/python3.11/site-packages/airflow/example_dags/example_subdag_operator.py for tasks to queue
[2025-11-17T19:40:24.832-0300] {logging_mixin.py:188} INFO - [2025-11-17T19:40:24.832-0300] {dagbag.py:545} INFO - Filling up the DagBag from /Library/Frameworks/Python.framework/Versions/3.11/lib/python3.11/site-packages/airflow/example_dags/example_subdag_operator.py
[2025-11-17T19:40:24.893-0300] {processor.py:840} INFO - DAG(s) 'example_subdag_operator.section-1', 'example_subdag_operator.section-2', 'example_subdag_operator' retrieved from /Library/Frameworks/Python.framework/Versions/3.11/lib/python3.11/site-packages/airflow/example_dags/example_subdag_operator.py
[2025-11-17T19:40:24.914-0300] {logging_mixin.py:188} INFO - [2025-11-17T19:40:24.914-0300] {dag.py:3089} INFO - Sync 3 DAGs
[2025-11-17T19:40:24.920-0300] {logging_mixin.py:188} INFO - [2025-11-17T19:40:24.920-0300] {dag.py:3947} INFO - Setting next_dagrun for example_subdag_operator to 2022-01-01 00:00:00+00:00, run_after=2022-01-01 00:00:00+00:00
[2025-11-17T19:40:24.921-0300] {logging_mixin.py:188} INFO - [2025-11-17T19:40:24.921-0300] {dag.py:3947} INFO - Setting next_dagrun for example_subdag_operator.section-1 to None, run_after=None
[2025-11-17T19:40:24.922-0300] {logging_mixin.py:188} INFO - [2025-11-17T19:40:24.922-0300] {dag.py:3947} INFO - Setting next_dagrun for example_subdag_operator.section-2 to None, run_after=None
[2025-11-17T19:40:24.924-0300] {logging_mixin.py:188} INFO - [2025-11-17T19:40:24.924-0300] {dag.py:3089} INFO - Sync 2 DAGs
[2025-11-17T19:40:24.925-0300] {logging_mixin.py:188} INFO - [2025-11-17T19:40:24.925-0300] {dag.py:3947} INFO - Setting next_dagrun for example_subdag_operator.section-1 to None, run_after=None
[2025-11-17T19:40:24.925-0300] {logging_mixin.py:188} INFO - [2025-11-17T19:40:24.925-0300] {dag.py:3947} INFO - Setting next_dagrun for example_subdag_operator.section-2 to None, run_after=None
[2025-11-17T19:40:24.930-0300] {processor.py:183} INFO - Processing /Library/Frameworks/Python.framework/Versions/3.11/lib/python3.11/site-packages/airflow/example_dags/example_subdag_operator.py took 0.101 seconds
[2025-11-17T19:41:39.641-0300] {processor.py:161} INFO - Started process (PID=48722) to work on /Library/Frameworks/Python.framework/Versions/3.11/lib/python3.11/site-packages/airflow/example_dags/example_subdag_operator.py
[2025-11-17T19:41:39.642-0300] {processor.py:830} INFO - Processing file /Library/Frameworks/Python.framework/Versions/3.11/lib/python3.11/site-packages/airflow/example_dags/example_subdag_operator.py for tasks to queue
[2025-11-17T19:41:39.642-0300] {logging_mixin.py:188} INFO - [2025-11-17T19:41:39.642-0300] {dagbag.py:545} INFO - Filling up the DagBag from /Library/Frameworks/Python.framework/Versions/3.11/lib/python3.11/site-packages/airflow/example_dags/example_subdag_operator.py
[2025-11-17T19:41:39.708-0300] {processor.py:840} INFO - DAG(s) 'example_subdag_operator.section-1', 'example_subdag_operator.section-2', 'example_subdag_operator' retrieved from /Library/Frameworks/Python.framework/Versions/3.11/lib/python3.11/site-packages/airflow/example_dags/example_subdag_operator.py
[2025-11-17T19:41:39.733-0300] {logging_mixin.py:188} INFO - [2025-11-17T19:41:39.732-0300] {dag.py:3089} INFO - Sync 3 DAGs
[2025-11-17T19:41:39.739-0300] {logging_mixin.py:188} INFO - [2025-11-17T19:41:39.739-0300] {dag.py:3947} INFO - Setting next_dagrun for example_subdag_operator to 2022-01-01 00:00:00+00:00, run_after=2022-01-01 00:00:00+00:00
[2025-11-17T19:41:39.740-0300] {logging_mixin.py:188} INFO - [2025-11-17T19:41:39.740-0300] {dag.py:3947} INFO - Setting next_dagrun for example_subdag_operator.section-1 to None, run_after=None
[2025-11-17T19:41:39.740-0300] {logging_mixin.py:188} INFO - [2025-11-17T19:41:39.740-0300] {dag.py:3947} INFO - Setting next_dagrun for example_subdag_operator.section-2 to None, run_after=None
[2025-11-17T19:41:39.743-0300] {logging_mixin.py:188} INFO - [2025-11-17T19:41:39.743-0300] {dag.py:3089} INFO - Sync 2 DAGs
[2025-11-17T19:41:39.745-0300] {logging_mixin.py:188} INFO - [2025-11-17T19:41:39.744-0300] {dag.py:3947} INFO - Setting next_dagrun for example_subdag_operator.section-1 to None, run_after=None
[2025-11-17T19:41:39.745-0300] {logging_mixin.py:188} INFO - [2025-11-17T19:41:39.745-0300] {dag.py:3947} INFO - Setting next_dagrun for example_subdag_operator.section-2 to None, run_after=None
[2025-11-17T19:41:39.750-0300] {processor.py:183} INFO - Processing /Library/Frameworks/Python.framework/Versions/3.11/lib/python3.11/site-packages/airflow/example_dags/example_subdag_operator.py took 0.110 seconds
[2025-11-17T19:42:57.384-0300] {processor.py:161} INFO - Started process (PID=49429) to work on /Library/Frameworks/Python.framework/Versions/3.11/lib/python3.11/site-packages/airflow/example_dags/example_subdag_operator.py
[2025-11-17T19:42:57.384-0300] {processor.py:830} INFO - Processing file /Library/Frameworks/Python.framework/Versions/3.11/lib/python3.11/site-packages/airflow/example_dags/example_subdag_operator.py for tasks to queue
[2025-11-17T19:42:57.385-0300] {logging_mixin.py:188} INFO - [2025-11-17T19:42:57.385-0300] {dagbag.py:545} INFO - Filling up the DagBag from /Library/Frameworks/Python.framework/Versions/3.11/lib/python3.11/site-packages/airflow/example_dags/example_subdag_operator.py
[2025-11-17T19:42:57.446-0300] {processor.py:840} INFO - DAG(s) 'example_subdag_operator.section-1', 'example_subdag_operator.section-2', 'example_subdag_operator' retrieved from /Library/Frameworks/Python.framework/Versions/3.11/lib/python3.11/site-packages/airflow/example_dags/example_subdag_operator.py
[2025-11-17T19:42:57.470-0300] {logging_mixin.py:188} INFO - [2025-11-17T19:42:57.470-0300] {dag.py:3089} INFO - Sync 3 DAGs
[2025-11-17T19:42:57.476-0300] {logging_mixin.py:188} INFO - [2025-11-17T19:42:57.476-0300] {dag.py:3947} INFO - Setting next_dagrun for example_subdag_operator to 2022-01-01 00:00:00+00:00, run_after=2022-01-01 00:00:00+00:00
[2025-11-17T19:42:57.477-0300] {logging_mixin.py:188} INFO - [2025-11-17T19:42:57.477-0300] {dag.py:3947} INFO - Setting next_dagrun for example_subdag_operator.section-1 to None, run_after=None
[2025-11-17T19:42:57.477-0300] {logging_mixin.py:188} INFO - [2025-11-17T19:42:57.477-0300] {dag.py:3947} INFO - Setting next_dagrun for example_subdag_operator.section-2 to None, run_after=None
[2025-11-17T19:42:57.480-0300] {logging_mixin.py:188} INFO - [2025-11-17T19:42:57.480-0300] {dag.py:3089} INFO - Sync 2 DAGs
[2025-11-17T19:42:57.481-0300] {logging_mixin.py:188} INFO - [2025-11-17T19:42:57.481-0300] {dag.py:3947} INFO - Setting next_dagrun for example_subdag_operator.section-1 to None, run_after=None
[2025-11-17T19:42:57.481-0300] {logging_mixin.py:188} INFO - [2025-11-17T19:42:57.481-0300] {dag.py:3947} INFO - Setting next_dagrun for example_subdag_operator.section-2 to None, run_after=None
[2025-11-17T19:42:57.485-0300] {processor.py:183} INFO - Processing /Library/Frameworks/Python.framework/Versions/3.11/lib/python3.11/site-packages/airflow/example_dags/example_subdag_operator.py took 0.103 seconds
[2025-11-17T19:44:16.916-0300] {processor.py:161} INFO - Started process (PID=50428) to work on /Library/Frameworks/Python.framework/Versions/3.11/lib/python3.11/site-packages/airflow/example_dags/example_subdag_operator.py
[2025-11-17T19:44:16.918-0300] {processor.py:830} INFO - Processing file /Library/Frameworks/Python.framework/Versions/3.11/lib/python3.11/site-packages/airflow/example_dags/example_subdag_operator.py for tasks to queue
[2025-11-17T19:44:16.918-0300] {logging_mixin.py:188} INFO - [2025-11-17T19:44:16.918-0300] {dagbag.py:545} INFO - Filling up the DagBag from /Library/Frameworks/Python.framework/Versions/3.11/lib/python3.11/site-packages/airflow/example_dags/example_subdag_operator.py
[2025-11-17T19:44:16.978-0300] {processor.py:840} INFO - DAG(s) 'example_subdag_operator.section-1', 'example_subdag_operator.section-2', 'example_subdag_operator' retrieved from /Library/Frameworks/Python.framework/Versions/3.11/lib/python3.11/site-packages/airflow/example_dags/example_subdag_operator.py
[2025-11-17T19:44:17.001-0300] {logging_mixin.py:188} INFO - [2025-11-17T19:44:17.001-0300] {dag.py:3089} INFO - Sync 3 DAGs
[2025-11-17T19:44:17.007-0300] {logging_mixin.py:188} INFO - [2025-11-17T19:44:17.007-0300] {dag.py:3947} INFO - Setting next_dagrun for example_subdag_operator to 2022-01-01 00:00:00+00:00, run_after=2022-01-01 00:00:00+00:00
[2025-11-17T19:44:17.008-0300] {logging_mixin.py:188} INFO - [2025-11-17T19:44:17.008-0300] {dag.py:3947} INFO - Setting next_dagrun for example_subdag_operator.section-1 to None, run_after=None
[2025-11-17T19:44:17.009-0300] {logging_mixin.py:188} INFO - [2025-11-17T19:44:17.008-0300] {dag.py:3947} INFO - Setting next_dagrun for example_subdag_operator.section-2 to None, run_after=None
[2025-11-17T19:44:17.011-0300] {logging_mixin.py:188} INFO - [2025-11-17T19:44:17.011-0300] {dag.py:3089} INFO - Sync 2 DAGs
[2025-11-17T19:44:17.012-0300] {logging_mixin.py:188} INFO - [2025-11-17T19:44:17.012-0300] {dag.py:3947} INFO - Setting next_dagrun for example_subdag_operator.section-1 to None, run_after=None
[2025-11-17T19:44:17.012-0300] {logging_mixin.py:188} INFO - [2025-11-17T19:44:17.012-0300] {dag.py:3947} INFO - Setting next_dagrun for example_subdag_operator.section-2 to None, run_after=None
[2025-11-17T19:44:17.016-0300] {processor.py:183} INFO - Processing /Library/Frameworks/Python.framework/Versions/3.11/lib/python3.11/site-packages/airflow/example_dags/example_subdag_operator.py took 0.101 seconds
