[2025-11-17T19:37:21.605-0300] {processor.py:161} INFO - Started process (PID=48163) to work on /Library/Frameworks/Python.framework/Versions/3.11/lib/python3.11/site-packages/airflow/example_dags/example_task_group.py
[2025-11-17T19:37:21.606-0300] {processor.py:830} INFO - Processing file /Library/Frameworks/Python.framework/Versions/3.11/lib/python3.11/site-packages/airflow/example_dags/example_task_group.py for tasks to queue
[2025-11-17T19:37:21.606-0300] {logging_mixin.py:188} INFO - [2025-11-17T19:37:21.606-0300] {dagbag.py:545} INFO - Filling up the DagBag from /Library/Frameworks/Python.framework/Versions/3.11/lib/python3.11/site-packages/airflow/example_dags/example_task_group.py
[2025-11-17T19:37:21.611-0300] {processor.py:840} INFO - DAG(s) 'example_task_group' retrieved from /Library/Frameworks/Python.framework/Versions/3.11/lib/python3.11/site-packages/airflow/example_dags/example_task_group.py
[2025-11-17T19:37:21.723-0300] {logging_mixin.py:188} INFO - [2025-11-17T19:37:21.722-0300] {override.py:1930} INFO - Created Permission View: can edit on DAG:example_task_group
[2025-11-17T19:37:21.727-0300] {logging_mixin.py:188} INFO - [2025-11-17T19:37:21.727-0300] {override.py:1930} INFO - Created Permission View: can delete on DAG:example_task_group
[2025-11-17T19:37:21.732-0300] {logging_mixin.py:188} INFO - [2025-11-17T19:37:21.732-0300] {override.py:1930} INFO - Created Permission View: can read on DAG:example_task_group
[2025-11-17T19:37:21.732-0300] {logging_mixin.py:188} INFO - [2025-11-17T19:37:21.732-0300] {dag.py:3089} INFO - Sync 1 DAGs
[2025-11-17T19:37:21.736-0300] {logging_mixin.py:188} INFO - [2025-11-17T19:37:21.736-0300] {dag.py:3111} INFO - Creating ORM DAG for example_task_group
[2025-11-17T19:37:21.739-0300] {logging_mixin.py:188} INFO - [2025-11-17T19:37:21.738-0300] {dag.py:3947} INFO - Setting next_dagrun for example_task_group to 2025-11-16 00:00:00+00:00, run_after=2025-11-17 00:00:00+00:00
[2025-11-17T19:37:21.746-0300] {processor.py:183} INFO - Processing /Library/Frameworks/Python.framework/Versions/3.11/lib/python3.11/site-packages/airflow/example_dags/example_task_group.py took 0.142 seconds
[2025-11-17T19:39:06.929-0300] {processor.py:161} INFO - Started process (PID=48382) to work on /Library/Frameworks/Python.framework/Versions/3.11/lib/python3.11/site-packages/airflow/example_dags/example_task_group.py
[2025-11-17T19:39:06.929-0300] {processor.py:830} INFO - Processing file /Library/Frameworks/Python.framework/Versions/3.11/lib/python3.11/site-packages/airflow/example_dags/example_task_group.py for tasks to queue
[2025-11-17T19:39:06.930-0300] {logging_mixin.py:188} INFO - [2025-11-17T19:39:06.930-0300] {dagbag.py:545} INFO - Filling up the DagBag from /Library/Frameworks/Python.framework/Versions/3.11/lib/python3.11/site-packages/airflow/example_dags/example_task_group.py
[2025-11-17T19:39:06.933-0300] {processor.py:840} INFO - DAG(s) 'example_task_group' retrieved from /Library/Frameworks/Python.framework/Versions/3.11/lib/python3.11/site-packages/airflow/example_dags/example_task_group.py
[2025-11-17T19:39:07.001-0300] {logging_mixin.py:188} INFO - [2025-11-17T19:39:07.001-0300] {dag.py:3089} INFO - Sync 1 DAGs
[2025-11-17T19:39:07.007-0300] {logging_mixin.py:188} INFO - [2025-11-17T19:39:07.007-0300] {dag.py:3947} INFO - Setting next_dagrun for example_task_group to 2025-11-16 00:00:00+00:00, run_after=2025-11-17 00:00:00+00:00
[2025-11-17T19:39:07.014-0300] {processor.py:183} INFO - Processing /Library/Frameworks/Python.framework/Versions/3.11/lib/python3.11/site-packages/airflow/example_dags/example_task_group.py took 0.086 seconds
[2025-11-17T19:40:23.555-0300] {processor.py:161} INFO - Started process (PID=48534) to work on /Library/Frameworks/Python.framework/Versions/3.11/lib/python3.11/site-packages/airflow/example_dags/example_task_group.py
[2025-11-17T19:40:23.556-0300] {processor.py:830} INFO - Processing file /Library/Frameworks/Python.framework/Versions/3.11/lib/python3.11/site-packages/airflow/example_dags/example_task_group.py for tasks to queue
[2025-11-17T19:40:23.556-0300] {logging_mixin.py:188} INFO - [2025-11-17T19:40:23.556-0300] {dagbag.py:545} INFO - Filling up the DagBag from /Library/Frameworks/Python.framework/Versions/3.11/lib/python3.11/site-packages/airflow/example_dags/example_task_group.py
[2025-11-17T19:40:23.560-0300] {processor.py:840} INFO - DAG(s) 'example_task_group' retrieved from /Library/Frameworks/Python.framework/Versions/3.11/lib/python3.11/site-packages/airflow/example_dags/example_task_group.py
[2025-11-17T19:40:23.630-0300] {logging_mixin.py:188} INFO - [2025-11-17T19:40:23.630-0300] {dag.py:3089} INFO - Sync 1 DAGs
[2025-11-17T19:40:23.636-0300] {logging_mixin.py:188} INFO - [2025-11-17T19:40:23.636-0300] {dag.py:3947} INFO - Setting next_dagrun for example_task_group to 2025-11-16 00:00:00+00:00, run_after=2025-11-17 00:00:00+00:00
[2025-11-17T19:40:23.643-0300] {processor.py:183} INFO - Processing /Library/Frameworks/Python.framework/Versions/3.11/lib/python3.11/site-packages/airflow/example_dags/example_task_group.py took 0.089 seconds
[2025-11-17T19:41:37.607-0300] {processor.py:161} INFO - Started process (PID=48720) to work on /Library/Frameworks/Python.framework/Versions/3.11/lib/python3.11/site-packages/airflow/example_dags/example_task_group.py
[2025-11-17T19:41:37.608-0300] {processor.py:830} INFO - Processing file /Library/Frameworks/Python.framework/Versions/3.11/lib/python3.11/site-packages/airflow/example_dags/example_task_group.py for tasks to queue
[2025-11-17T19:41:37.608-0300] {logging_mixin.py:188} INFO - [2025-11-17T19:41:37.608-0300] {dagbag.py:545} INFO - Filling up the DagBag from /Library/Frameworks/Python.framework/Versions/3.11/lib/python3.11/site-packages/airflow/example_dags/example_task_group.py
[2025-11-17T19:41:37.612-0300] {processor.py:840} INFO - DAG(s) 'example_task_group' retrieved from /Library/Frameworks/Python.framework/Versions/3.11/lib/python3.11/site-packages/airflow/example_dags/example_task_group.py
[2025-11-17T19:41:37.683-0300] {logging_mixin.py:188} INFO - [2025-11-17T19:41:37.683-0300] {dag.py:3089} INFO - Sync 1 DAGs
[2025-11-17T19:41:37.689-0300] {logging_mixin.py:188} INFO - [2025-11-17T19:41:37.689-0300] {dag.py:3947} INFO - Setting next_dagrun for example_task_group to 2025-11-16 00:00:00+00:00, run_after=2025-11-17 00:00:00+00:00
[2025-11-17T19:41:37.697-0300] {processor.py:183} INFO - Processing /Library/Frameworks/Python.framework/Versions/3.11/lib/python3.11/site-packages/airflow/example_dags/example_task_group.py took 0.091 seconds
[2025-11-17T19:42:55.774-0300] {processor.py:161} INFO - Started process (PID=49427) to work on /Library/Frameworks/Python.framework/Versions/3.11/lib/python3.11/site-packages/airflow/example_dags/example_task_group.py
[2025-11-17T19:42:55.774-0300] {processor.py:830} INFO - Processing file /Library/Frameworks/Python.framework/Versions/3.11/lib/python3.11/site-packages/airflow/example_dags/example_task_group.py for tasks to queue
[2025-11-17T19:42:55.775-0300] {logging_mixin.py:188} INFO - [2025-11-17T19:42:55.775-0300] {dagbag.py:545} INFO - Filling up the DagBag from /Library/Frameworks/Python.framework/Versions/3.11/lib/python3.11/site-packages/airflow/example_dags/example_task_group.py
[2025-11-17T19:42:55.779-0300] {processor.py:840} INFO - DAG(s) 'example_task_group' retrieved from /Library/Frameworks/Python.framework/Versions/3.11/lib/python3.11/site-packages/airflow/example_dags/example_task_group.py
[2025-11-17T19:42:55.848-0300] {logging_mixin.py:188} INFO - [2025-11-17T19:42:55.848-0300] {dag.py:3089} INFO - Sync 1 DAGs
[2025-11-17T19:42:55.854-0300] {logging_mixin.py:188} INFO - [2025-11-17T19:42:55.854-0300] {dag.py:3947} INFO - Setting next_dagrun for example_task_group to 2025-11-16 00:00:00+00:00, run_after=2025-11-17 00:00:00+00:00
[2025-11-17T19:42:55.863-0300] {processor.py:183} INFO - Processing /Library/Frameworks/Python.framework/Versions/3.11/lib/python3.11/site-packages/airflow/example_dags/example_task_group.py took 0.090 seconds
[2025-11-17T19:44:14.851-0300] {processor.py:161} INFO - Started process (PID=50329) to work on /Library/Frameworks/Python.framework/Versions/3.11/lib/python3.11/site-packages/airflow/example_dags/example_task_group.py
[2025-11-17T19:44:14.851-0300] {processor.py:830} INFO - Processing file /Library/Frameworks/Python.framework/Versions/3.11/lib/python3.11/site-packages/airflow/example_dags/example_task_group.py for tasks to queue
[2025-11-17T19:44:14.852-0300] {logging_mixin.py:188} INFO - [2025-11-17T19:44:14.852-0300] {dagbag.py:545} INFO - Filling up the DagBag from /Library/Frameworks/Python.framework/Versions/3.11/lib/python3.11/site-packages/airflow/example_dags/example_task_group.py
[2025-11-17T19:44:14.855-0300] {processor.py:840} INFO - DAG(s) 'example_task_group' retrieved from /Library/Frameworks/Python.framework/Versions/3.11/lib/python3.11/site-packages/airflow/example_dags/example_task_group.py
[2025-11-17T19:44:14.927-0300] {logging_mixin.py:188} INFO - [2025-11-17T19:44:14.927-0300] {dag.py:3089} INFO - Sync 1 DAGs
[2025-11-17T19:44:14.932-0300] {logging_mixin.py:188} INFO - [2025-11-17T19:44:14.932-0300] {dag.py:3947} INFO - Setting next_dagrun for example_task_group to 2025-11-16 00:00:00+00:00, run_after=2025-11-17 00:00:00+00:00
[2025-11-17T19:44:14.941-0300] {processor.py:183} INFO - Processing /Library/Frameworks/Python.framework/Versions/3.11/lib/python3.11/site-packages/airflow/example_dags/example_task_group.py took 0.091 seconds
