[2025-11-17T19:37:45.589-0300] {processor.py:161} INFO - Started process (PID=48199) to work on /Library/Frameworks/Python.framework/Versions/3.11/lib/python3.11/site-packages/airflow/example_dags/example_params_trigger_ui.py
[2025-11-17T19:37:45.589-0300] {processor.py:830} INFO - Processing file /Library/Frameworks/Python.framework/Versions/3.11/lib/python3.11/site-packages/airflow/example_dags/example_params_trigger_ui.py for tasks to queue
[2025-11-17T19:37:45.589-0300] {logging_mixin.py:188} INFO - [2025-11-17T19:37:45.589-0300] {dagbag.py:545} INFO - Filling up the DagBag from /Library/Frameworks/Python.framework/Versions/3.11/lib/python3.11/site-packages/airflow/example_dags/example_params_trigger_ui.py
[2025-11-17T19:37:45.642-0300] {processor.py:840} INFO - DAG(s) 'example_params_trigger_ui' retrieved from /Library/Frameworks/Python.framework/Versions/3.11/lib/python3.11/site-packages/airflow/example_dags/example_params_trigger_ui.py
[2025-11-17T19:37:45.723-0300] {logging_mixin.py:188} INFO - [2025-11-17T19:37:45.723-0300] {override.py:1930} INFO - Created Permission View: can read on DAG:example_params_trigger_ui
[2025-11-17T19:37:45.726-0300] {logging_mixin.py:188} INFO - [2025-11-17T19:37:45.726-0300] {override.py:1930} INFO - Created Permission View: can edit on DAG:example_params_trigger_ui
[2025-11-17T19:37:45.728-0300] {logging_mixin.py:188} INFO - [2025-11-17T19:37:45.728-0300] {override.py:1930} INFO - Created Permission View: can delete on DAG:example_params_trigger_ui
[2025-11-17T19:37:45.728-0300] {logging_mixin.py:188} INFO - [2025-11-17T19:37:45.728-0300] {dag.py:3089} INFO - Sync 1 DAGs
[2025-11-17T19:37:45.732-0300] {logging_mixin.py:188} INFO - [2025-11-17T19:37:45.732-0300] {dag.py:3111} INFO - Creating ORM DAG for example_params_trigger_ui
[2025-11-17T19:37:45.732-0300] {logging_mixin.py:188} INFO - [2025-11-17T19:37:45.732-0300] {dag.py:3947} INFO - Setting next_dagrun for example_params_trigger_ui to None, run_after=None
[2025-11-17T19:37:45.739-0300] {processor.py:183} INFO - Processing /Library/Frameworks/Python.framework/Versions/3.11/lib/python3.11/site-packages/airflow/example_dags/example_params_trigger_ui.py took 0.152 seconds
[2025-11-17T19:39:32.599-0300] {processor.py:161} INFO - Started process (PID=48433) to work on /Library/Frameworks/Python.framework/Versions/3.11/lib/python3.11/site-packages/airflow/example_dags/example_params_trigger_ui.py
[2025-11-17T19:39:32.600-0300] {processor.py:830} INFO - Processing file /Library/Frameworks/Python.framework/Versions/3.11/lib/python3.11/site-packages/airflow/example_dags/example_params_trigger_ui.py for tasks to queue
[2025-11-17T19:39:32.601-0300] {logging_mixin.py:188} INFO - [2025-11-17T19:39:32.601-0300] {dagbag.py:545} INFO - Filling up the DagBag from /Library/Frameworks/Python.framework/Versions/3.11/lib/python3.11/site-packages/airflow/example_dags/example_params_trigger_ui.py
[2025-11-17T19:39:32.644-0300] {processor.py:840} INFO - DAG(s) 'example_params_trigger_ui' retrieved from /Library/Frameworks/Python.framework/Versions/3.11/lib/python3.11/site-packages/airflow/example_dags/example_params_trigger_ui.py
[2025-11-17T19:39:32.689-0300] {logging_mixin.py:188} INFO - [2025-11-17T19:39:32.689-0300] {dag.py:3089} INFO - Sync 1 DAGs
[2025-11-17T19:39:32.692-0300] {logging_mixin.py:188} INFO - [2025-11-17T19:39:32.692-0300] {dag.py:3947} INFO - Setting next_dagrun for example_params_trigger_ui to None, run_after=None
[2025-11-17T19:39:32.700-0300] {processor.py:183} INFO - Processing /Library/Frameworks/Python.framework/Versions/3.11/lib/python3.11/site-packages/airflow/example_dags/example_params_trigger_ui.py took 0.102 seconds
[2025-11-17T19:42:01.113-0300] {processor.py:161} INFO - Started process (PID=48830) to work on /Library/Frameworks/Python.framework/Versions/3.11/lib/python3.11/site-packages/airflow/example_dags/example_params_trigger_ui.py
[2025-11-17T19:42:01.114-0300] {processor.py:830} INFO - Processing file /Library/Frameworks/Python.framework/Versions/3.11/lib/python3.11/site-packages/airflow/example_dags/example_params_trigger_ui.py for tasks to queue
[2025-11-17T19:42:01.115-0300] {logging_mixin.py:188} INFO - [2025-11-17T19:42:01.115-0300] {dagbag.py:545} INFO - Filling up the DagBag from /Library/Frameworks/Python.framework/Versions/3.11/lib/python3.11/site-packages/airflow/example_dags/example_params_trigger_ui.py
[2025-11-17T19:42:01.161-0300] {processor.py:840} INFO - DAG(s) 'example_params_trigger_ui' retrieved from /Library/Frameworks/Python.framework/Versions/3.11/lib/python3.11/site-packages/airflow/example_dags/example_params_trigger_ui.py
[2025-11-17T19:42:01.211-0300] {logging_mixin.py:188} INFO - [2025-11-17T19:42:01.211-0300] {dag.py:3089} INFO - Sync 1 DAGs
[2025-11-17T19:42:01.215-0300] {logging_mixin.py:188} INFO - [2025-11-17T19:42:01.215-0300] {dag.py:3947} INFO - Setting next_dagrun for example_params_trigger_ui to None, run_after=None
[2025-11-17T19:42:01.223-0300] {processor.py:183} INFO - Processing /Library/Frameworks/Python.framework/Versions/3.11/lib/python3.11/site-packages/airflow/example_dags/example_params_trigger_ui.py took 0.111 seconds
