[2025-11-17T19:37:12.635-0300] {processor.py:161} INFO - Started process (PID=48150) to work on /Library/Frameworks/Python.framework/Versions/3.11/lib/python3.11/site-packages/airflow/example_dags/example_xcom.py
[2025-11-17T19:37:12.636-0300] {processor.py:830} INFO - Processing file /Library/Frameworks/Python.framework/Versions/3.11/lib/python3.11/site-packages/airflow/example_dags/example_xcom.py for tasks to queue
[2025-11-17T19:37:12.636-0300] {logging_mixin.py:188} INFO - [2025-11-17T19:37:12.636-0300] {dagbag.py:545} INFO - Filling up the DagBag from /Library/Frameworks/Python.framework/Versions/3.11/lib/python3.11/site-packages/airflow/example_dags/example_xcom.py
[2025-11-17T19:37:12.687-0300] {processor.py:840} INFO - DAG(s) 'example_xcom' retrieved from /Library/Frameworks/Python.framework/Versions/3.11/lib/python3.11/site-packages/airflow/example_dags/example_xcom.py
[2025-11-17T19:37:12.759-0300] {logging_mixin.py:188} INFO - [2025-11-17T19:37:12.759-0300] {override.py:1930} INFO - Created Permission View: can delete on DAG:example_xcom
[2025-11-17T19:37:12.762-0300] {logging_mixin.py:188} INFO - [2025-11-17T19:37:12.762-0300] {override.py:1930} INFO - Created Permission View: can edit on DAG:example_xcom
[2025-11-17T19:37:12.764-0300] {logging_mixin.py:188} INFO - [2025-11-17T19:37:12.764-0300] {override.py:1930} INFO - Created Permission View: can read on DAG:example_xcom
[2025-11-17T19:37:12.764-0300] {logging_mixin.py:188} INFO - [2025-11-17T19:37:12.764-0300] {dag.py:3089} INFO - Sync 1 DAGs
[2025-11-17T19:37:12.768-0300] {logging_mixin.py:188} INFO - [2025-11-17T19:37:12.768-0300] {dag.py:3111} INFO - Creating ORM DAG for example_xcom
[2025-11-17T19:37:12.771-0300] {logging_mixin.py:188} INFO - [2025-11-17T19:37:12.771-0300] {dag.py:3947} INFO - Setting next_dagrun for example_xcom to 2021-01-01 00:00:00+00:00, run_after=2021-01-01 00:00:00+00:00
[2025-11-17T19:37:12.777-0300] {processor.py:183} INFO - Processing /Library/Frameworks/Python.framework/Versions/3.11/lib/python3.11/site-packages/airflow/example_dags/example_xcom.py took 0.143 seconds
[2025-11-17T19:38:58.303-0300] {processor.py:161} INFO - Started process (PID=48368) to work on /Library/Frameworks/Python.framework/Versions/3.11/lib/python3.11/site-packages/airflow/example_dags/example_xcom.py
[2025-11-17T19:38:58.304-0300] {processor.py:830} INFO - Processing file /Library/Frameworks/Python.framework/Versions/3.11/lib/python3.11/site-packages/airflow/example_dags/example_xcom.py for tasks to queue
[2025-11-17T19:38:58.304-0300] {logging_mixin.py:188} INFO - [2025-11-17T19:38:58.304-0300] {dagbag.py:545} INFO - Filling up the DagBag from /Library/Frameworks/Python.framework/Versions/3.11/lib/python3.11/site-packages/airflow/example_dags/example_xcom.py
[2025-11-17T19:38:58.347-0300] {processor.py:840} INFO - DAG(s) 'example_xcom' retrieved from /Library/Frameworks/Python.framework/Versions/3.11/lib/python3.11/site-packages/airflow/example_dags/example_xcom.py
[2025-11-17T19:38:58.386-0300] {logging_mixin.py:188} INFO - [2025-11-17T19:38:58.386-0300] {dag.py:3089} INFO - Sync 1 DAGs
[2025-11-17T19:38:58.392-0300] {logging_mixin.py:188} INFO - [2025-11-17T19:38:58.392-0300] {dag.py:3947} INFO - Setting next_dagrun for example_xcom to 2021-01-01 00:00:00+00:00, run_after=2021-01-01 00:00:00+00:00
[2025-11-17T19:38:58.399-0300] {processor.py:183} INFO - Processing /Library/Frameworks/Python.framework/Versions/3.11/lib/python3.11/site-packages/airflow/example_dags/example_xcom.py took 0.097 seconds
[2025-11-17T19:40:13.910-0300] {processor.py:161} INFO - Started process (PID=48520) to work on /Library/Frameworks/Python.framework/Versions/3.11/lib/python3.11/site-packages/airflow/example_dags/example_xcom.py
[2025-11-17T19:40:13.911-0300] {processor.py:830} INFO - Processing file /Library/Frameworks/Python.framework/Versions/3.11/lib/python3.11/site-packages/airflow/example_dags/example_xcom.py for tasks to queue
[2025-11-17T19:40:13.911-0300] {logging_mixin.py:188} INFO - [2025-11-17T19:40:13.911-0300] {dagbag.py:545} INFO - Filling up the DagBag from /Library/Frameworks/Python.framework/Versions/3.11/lib/python3.11/site-packages/airflow/example_dags/example_xcom.py
[2025-11-17T19:40:13.955-0300] {processor.py:840} INFO - DAG(s) 'example_xcom' retrieved from /Library/Frameworks/Python.framework/Versions/3.11/lib/python3.11/site-packages/airflow/example_dags/example_xcom.py
[2025-11-17T19:40:13.993-0300] {logging_mixin.py:188} INFO - [2025-11-17T19:40:13.993-0300] {dag.py:3089} INFO - Sync 1 DAGs
[2025-11-17T19:40:13.998-0300] {logging_mixin.py:188} INFO - [2025-11-17T19:40:13.998-0300] {dag.py:3947} INFO - Setting next_dagrun for example_xcom to 2021-01-01 00:00:00+00:00, run_after=2021-01-01 00:00:00+00:00
[2025-11-17T19:40:14.005-0300] {processor.py:183} INFO - Processing /Library/Frameworks/Python.framework/Versions/3.11/lib/python3.11/site-packages/airflow/example_dags/example_xcom.py took 0.096 seconds
[2025-11-17T19:41:28.957-0300] {processor.py:161} INFO - Started process (PID=48681) to work on /Library/Frameworks/Python.framework/Versions/3.11/lib/python3.11/site-packages/airflow/example_dags/example_xcom.py
[2025-11-17T19:41:28.958-0300] {processor.py:830} INFO - Processing file /Library/Frameworks/Python.framework/Versions/3.11/lib/python3.11/site-packages/airflow/example_dags/example_xcom.py for tasks to queue
[2025-11-17T19:41:28.958-0300] {logging_mixin.py:188} INFO - [2025-11-17T19:41:28.958-0300] {dagbag.py:545} INFO - Filling up the DagBag from /Library/Frameworks/Python.framework/Versions/3.11/lib/python3.11/site-packages/airflow/example_dags/example_xcom.py
[2025-11-17T19:41:29.004-0300] {processor.py:840} INFO - DAG(s) 'example_xcom' retrieved from /Library/Frameworks/Python.framework/Versions/3.11/lib/python3.11/site-packages/airflow/example_dags/example_xcom.py
[2025-11-17T19:41:29.045-0300] {logging_mixin.py:188} INFO - [2025-11-17T19:41:29.045-0300] {dag.py:3089} INFO - Sync 1 DAGs
[2025-11-17T19:41:29.050-0300] {logging_mixin.py:188} INFO - [2025-11-17T19:41:29.050-0300] {dag.py:3947} INFO - Setting next_dagrun for example_xcom to 2021-01-01 00:00:00+00:00, run_after=2021-01-01 00:00:00+00:00
[2025-11-17T19:41:29.057-0300] {processor.py:183} INFO - Processing /Library/Frameworks/Python.framework/Versions/3.11/lib/python3.11/site-packages/airflow/example_dags/example_xcom.py took 0.102 seconds
[2025-11-17T19:42:46.447-0300] {processor.py:161} INFO - Started process (PID=49224) to work on /Library/Frameworks/Python.framework/Versions/3.11/lib/python3.11/site-packages/airflow/example_dags/example_xcom.py
[2025-11-17T19:42:46.447-0300] {processor.py:830} INFO - Processing file /Library/Frameworks/Python.framework/Versions/3.11/lib/python3.11/site-packages/airflow/example_dags/example_xcom.py for tasks to queue
[2025-11-17T19:42:46.448-0300] {logging_mixin.py:188} INFO - [2025-11-17T19:42:46.448-0300] {dagbag.py:545} INFO - Filling up the DagBag from /Library/Frameworks/Python.framework/Versions/3.11/lib/python3.11/site-packages/airflow/example_dags/example_xcom.py
[2025-11-17T19:42:46.492-0300] {processor.py:840} INFO - DAG(s) 'example_xcom' retrieved from /Library/Frameworks/Python.framework/Versions/3.11/lib/python3.11/site-packages/airflow/example_dags/example_xcom.py
[2025-11-17T19:42:46.531-0300] {logging_mixin.py:188} INFO - [2025-11-17T19:42:46.531-0300] {dag.py:3089} INFO - Sync 1 DAGs
[2025-11-17T19:42:46.536-0300] {logging_mixin.py:188} INFO - [2025-11-17T19:42:46.536-0300] {dag.py:3947} INFO - Setting next_dagrun for example_xcom to 2021-01-01 00:00:00+00:00, run_after=2021-01-01 00:00:00+00:00
[2025-11-17T19:42:46.544-0300] {processor.py:183} INFO - Processing /Library/Frameworks/Python.framework/Versions/3.11/lib/python3.11/site-packages/airflow/example_dags/example_xcom.py took 0.098 seconds
[2025-11-17T19:44:05.816-0300] {processor.py:161} INFO - Started process (PID=50311) to work on /Library/Frameworks/Python.framework/Versions/3.11/lib/python3.11/site-packages/airflow/example_dags/example_xcom.py
[2025-11-17T19:44:05.817-0300] {processor.py:830} INFO - Processing file /Library/Frameworks/Python.framework/Versions/3.11/lib/python3.11/site-packages/airflow/example_dags/example_xcom.py for tasks to queue
[2025-11-17T19:44:05.818-0300] {logging_mixin.py:188} INFO - [2025-11-17T19:44:05.817-0300] {dagbag.py:545} INFO - Filling up the DagBag from /Library/Frameworks/Python.framework/Versions/3.11/lib/python3.11/site-packages/airflow/example_dags/example_xcom.py
[2025-11-17T19:44:05.862-0300] {processor.py:840} INFO - DAG(s) 'example_xcom' retrieved from /Library/Frameworks/Python.framework/Versions/3.11/lib/python3.11/site-packages/airflow/example_dags/example_xcom.py
[2025-11-17T19:44:05.901-0300] {logging_mixin.py:188} INFO - [2025-11-17T19:44:05.901-0300] {dag.py:3089} INFO - Sync 1 DAGs
[2025-11-17T19:44:05.907-0300] {logging_mixin.py:188} INFO - [2025-11-17T19:44:05.907-0300] {dag.py:3947} INFO - Setting next_dagrun for example_xcom to 2021-01-01 00:00:00+00:00, run_after=2021-01-01 00:00:00+00:00
[2025-11-17T19:44:05.915-0300] {processor.py:183} INFO - Processing /Library/Frameworks/Python.framework/Versions/3.11/lib/python3.11/site-packages/airflow/example_dags/example_xcom.py took 0.100 seconds
[2025-11-17T19:45:02.619-0300] {processor.py:161} INFO - Started process (PID=50841) to work on /Library/Frameworks/Python.framework/Versions/3.11/lib/python3.11/site-packages/airflow/example_dags/example_xcom.py
[2025-11-17T19:45:02.620-0300] {processor.py:830} INFO - Processing file /Library/Frameworks/Python.framework/Versions/3.11/lib/python3.11/site-packages/airflow/example_dags/example_xcom.py for tasks to queue
[2025-11-17T19:45:02.620-0300] {logging_mixin.py:188} INFO - [2025-11-17T19:45:02.620-0300] {dagbag.py:545} INFO - Filling up the DagBag from /Library/Frameworks/Python.framework/Versions/3.11/lib/python3.11/site-packages/airflow/example_dags/example_xcom.py
[2025-11-17T19:45:02.666-0300] {processor.py:840} INFO - DAG(s) 'example_xcom' retrieved from /Library/Frameworks/Python.framework/Versions/3.11/lib/python3.11/site-packages/airflow/example_dags/example_xcom.py
[2025-11-17T19:45:02.707-0300] {logging_mixin.py:188} INFO - [2025-11-17T19:45:02.707-0300] {dag.py:3089} INFO - Sync 1 DAGs
[2025-11-17T19:45:02.713-0300] {logging_mixin.py:188} INFO - [2025-11-17T19:45:02.713-0300] {dag.py:3947} INFO - Setting next_dagrun for example_xcom to 2021-01-01 00:00:00+00:00, run_after=2021-01-01 00:00:00+00:00
[2025-11-17T19:45:02.721-0300] {processor.py:183} INFO - Processing /Library/Frameworks/Python.framework/Versions/3.11/lib/python3.11/site-packages/airflow/example_dags/example_xcom.py took 0.103 seconds
[2025-11-17T19:50:05.485-0300] {processor.py:161} INFO - Started process (PID=52064) to work on /Library/Frameworks/Python.framework/Versions/3.11/lib/python3.11/site-packages/airflow/example_dags/example_xcom.py
[2025-11-17T19:50:05.485-0300] {processor.py:830} INFO - Processing file /Library/Frameworks/Python.framework/Versions/3.11/lib/python3.11/site-packages/airflow/example_dags/example_xcom.py for tasks to queue
[2025-11-17T19:50:05.486-0300] {logging_mixin.py:188} INFO - [2025-11-17T19:50:05.486-0300] {dagbag.py:545} INFO - Filling up the DagBag from /Library/Frameworks/Python.framework/Versions/3.11/lib/python3.11/site-packages/airflow/example_dags/example_xcom.py
[2025-11-17T19:50:05.532-0300] {processor.py:840} INFO - DAG(s) 'example_xcom' retrieved from /Library/Frameworks/Python.framework/Versions/3.11/lib/python3.11/site-packages/airflow/example_dags/example_xcom.py
[2025-11-17T19:50:05.600-0300] {logging_mixin.py:188} INFO - [2025-11-17T19:50:05.600-0300] {dag.py:3089} INFO - Sync 1 DAGs
[2025-11-17T19:50:05.606-0300] {logging_mixin.py:188} INFO - [2025-11-17T19:50:05.606-0300] {dag.py:3947} INFO - Setting next_dagrun for example_xcom to 2021-01-01 00:00:00+00:00, run_after=2021-01-01 00:00:00+00:00
[2025-11-17T19:50:05.613-0300] {processor.py:183} INFO - Processing /Library/Frameworks/Python.framework/Versions/3.11/lib/python3.11/site-packages/airflow/example_dags/example_xcom.py took 0.130 seconds
