[2025-11-17T19:37:52.520-0300] {processor.py:161} INFO - Started process (PID=48211) to work on /Library/Frameworks/Python.framework/Versions/3.11/lib/python3.11/site-packages/airflow/example_dags/example_latest_only.py
[2025-11-17T19:37:52.521-0300] {processor.py:830} INFO - Processing file /Library/Frameworks/Python.framework/Versions/3.11/lib/python3.11/site-packages/airflow/example_dags/example_latest_only.py for tasks to queue
[2025-11-17T19:37:52.521-0300] {logging_mixin.py:188} INFO - [2025-11-17T19:37:52.521-0300] {dagbag.py:545} INFO - Filling up the DagBag from /Library/Frameworks/Python.framework/Versions/3.11/lib/python3.11/site-packages/airflow/example_dags/example_latest_only.py
[2025-11-17T19:37:52.525-0300] {processor.py:840} INFO - DAG(s) 'latest_only' retrieved from /Library/Frameworks/Python.framework/Versions/3.11/lib/python3.11/site-packages/airflow/example_dags/example_latest_only.py
[2025-11-17T19:37:52.624-0300] {logging_mixin.py:188} INFO - [2025-11-17T19:37:52.624-0300] {override.py:1930} INFO - Created Permission View: can delete on DAG:latest_only
[2025-11-17T19:37:52.627-0300] {logging_mixin.py:188} INFO - [2025-11-17T19:37:52.627-0300] {override.py:1930} INFO - Created Permission View: can edit on DAG:latest_only
[2025-11-17T19:37:52.629-0300] {logging_mixin.py:188} INFO - [2025-11-17T19:37:52.629-0300] {override.py:1930} INFO - Created Permission View: can read on DAG:latest_only
[2025-11-17T19:37:52.629-0300] {logging_mixin.py:188} INFO - [2025-11-17T19:37:52.629-0300] {dag.py:3089} INFO - Sync 1 DAGs
[2025-11-17T19:37:52.633-0300] {logging_mixin.py:188} INFO - [2025-11-17T19:37:52.633-0300] {dag.py:3111} INFO - Creating ORM DAG for latest_only
[2025-11-17T19:37:52.636-0300] {logging_mixin.py:188} INFO - [2025-11-17T19:37:52.636-0300] {dag.py:3947} INFO - Setting next_dagrun for latest_only to 2025-11-17 16:00:00+00:00, run_after=2025-11-17 20:00:00+00:00
[2025-11-17T19:37:52.642-0300] {processor.py:183} INFO - Processing /Library/Frameworks/Python.framework/Versions/3.11/lib/python3.11/site-packages/airflow/example_dags/example_latest_only.py took 0.123 seconds
[2025-11-17T19:39:40.276-0300] {processor.py:161} INFO - Started process (PID=48449) to work on /Library/Frameworks/Python.framework/Versions/3.11/lib/python3.11/site-packages/airflow/example_dags/example_latest_only.py
[2025-11-17T19:39:40.277-0300] {processor.py:830} INFO - Processing file /Library/Frameworks/Python.framework/Versions/3.11/lib/python3.11/site-packages/airflow/example_dags/example_latest_only.py for tasks to queue
[2025-11-17T19:39:40.278-0300] {logging_mixin.py:188} INFO - [2025-11-17T19:39:40.278-0300] {dagbag.py:545} INFO - Filling up the DagBag from /Library/Frameworks/Python.framework/Versions/3.11/lib/python3.11/site-packages/airflow/example_dags/example_latest_only.py
[2025-11-17T19:39:40.281-0300] {processor.py:840} INFO - DAG(s) 'latest_only' retrieved from /Library/Frameworks/Python.framework/Versions/3.11/lib/python3.11/site-packages/airflow/example_dags/example_latest_only.py
[2025-11-17T19:39:40.347-0300] {logging_mixin.py:188} INFO - [2025-11-17T19:39:40.347-0300] {dag.py:3089} INFO - Sync 1 DAGs
[2025-11-17T19:39:40.352-0300] {logging_mixin.py:188} INFO - [2025-11-17T19:39:40.352-0300] {dag.py:3947} INFO - Setting next_dagrun for latest_only to 2025-11-17 16:00:00+00:00, run_after=2025-11-17 20:00:00+00:00
[2025-11-17T19:39:40.360-0300] {processor.py:183} INFO - Processing /Library/Frameworks/Python.framework/Versions/3.11/lib/python3.11/site-packages/airflow/example_dags/example_latest_only.py took 0.085 seconds
[2025-11-17T19:42:08.648-0300] {processor.py:161} INFO - Started process (PID=48843) to work on /Library/Frameworks/Python.framework/Versions/3.11/lib/python3.11/site-packages/airflow/example_dags/example_latest_only.py
[2025-11-17T19:42:08.649-0300] {processor.py:830} INFO - Processing file /Library/Frameworks/Python.framework/Versions/3.11/lib/python3.11/site-packages/airflow/example_dags/example_latest_only.py for tasks to queue
[2025-11-17T19:42:08.649-0300] {logging_mixin.py:188} INFO - [2025-11-17T19:42:08.649-0300] {dagbag.py:545} INFO - Filling up the DagBag from /Library/Frameworks/Python.framework/Versions/3.11/lib/python3.11/site-packages/airflow/example_dags/example_latest_only.py
[2025-11-17T19:42:08.653-0300] {processor.py:840} INFO - DAG(s) 'latest_only' retrieved from /Library/Frameworks/Python.framework/Versions/3.11/lib/python3.11/site-packages/airflow/example_dags/example_latest_only.py
[2025-11-17T19:42:08.724-0300] {logging_mixin.py:188} INFO - [2025-11-17T19:42:08.724-0300] {dag.py:3089} INFO - Sync 1 DAGs
[2025-11-17T19:42:08.731-0300] {logging_mixin.py:188} INFO - [2025-11-17T19:42:08.730-0300] {dag.py:3947} INFO - Setting next_dagrun for latest_only to 2025-11-17 16:00:00+00:00, run_after=2025-11-17 20:00:00+00:00
[2025-11-17T19:42:08.738-0300] {processor.py:183} INFO - Processing /Library/Frameworks/Python.framework/Versions/3.11/lib/python3.11/site-packages/airflow/example_dags/example_latest_only.py took 0.091 seconds
