[2025-11-17T19:37:32.579-0300] {processor.py:161} INFO - Started process (PID=48179) to work on /Library/Frameworks/Python.framework/Versions/3.11/lib/python3.11/site-packages/airflow/example_dags/example_setup_teardown_taskflow.py
[2025-11-17T19:37:32.579-0300] {processor.py:830} INFO - Processing file /Library/Frameworks/Python.framework/Versions/3.11/lib/python3.11/site-packages/airflow/example_dags/example_setup_teardown_taskflow.py for tasks to queue
[2025-11-17T19:37:32.579-0300] {logging_mixin.py:188} INFO - [2025-11-17T19:37:32.579-0300] {dagbag.py:545} INFO - Filling up the DagBag from /Library/Frameworks/Python.framework/Versions/3.11/lib/python3.11/site-packages/airflow/example_dags/example_setup_teardown_taskflow.py
[2025-11-17T19:37:32.625-0300] {processor.py:840} INFO - DAG(s) 'example_setup_teardown_taskflow' retrieved from /Library/Frameworks/Python.framework/Versions/3.11/lib/python3.11/site-packages/airflow/example_dags/example_setup_teardown_taskflow.py
[2025-11-17T19:37:32.695-0300] {logging_mixin.py:188} INFO - [2025-11-17T19:37:32.695-0300] {override.py:1930} INFO - Created Permission View: can read on DAG:example_setup_teardown_taskflow
[2025-11-17T19:37:32.701-0300] {logging_mixin.py:188} INFO - [2025-11-17T19:37:32.701-0300] {override.py:1930} INFO - Created Permission View: can edit on DAG:example_setup_teardown_taskflow
[2025-11-17T19:37:32.703-0300] {logging_mixin.py:188} INFO - [2025-11-17T19:37:32.703-0300] {override.py:1930} INFO - Created Permission View: can delete on DAG:example_setup_teardown_taskflow
[2025-11-17T19:37:32.704-0300] {logging_mixin.py:188} INFO - [2025-11-17T19:37:32.704-0300] {dag.py:3089} INFO - Sync 1 DAGs
[2025-11-17T19:37:32.708-0300] {logging_mixin.py:188} INFO - [2025-11-17T19:37:32.708-0300] {dag.py:3111} INFO - Creating ORM DAG for example_setup_teardown_taskflow
[2025-11-17T19:37:32.711-0300] {logging_mixin.py:188} INFO - [2025-11-17T19:37:32.711-0300] {dag.py:3947} INFO - Setting next_dagrun for example_setup_teardown_taskflow to 2025-11-16 00:00:00+00:00, run_after=2025-11-17 00:00:00+00:00
[2025-11-17T19:37:32.717-0300] {processor.py:183} INFO - Processing /Library/Frameworks/Python.framework/Versions/3.11/lib/python3.11/site-packages/airflow/example_dags/example_setup_teardown_taskflow.py took 0.140 seconds
[2025-11-17T19:39:18.056-0300] {processor.py:161} INFO - Started process (PID=48403) to work on /Library/Frameworks/Python.framework/Versions/3.11/lib/python3.11/site-packages/airflow/example_dags/example_setup_teardown_taskflow.py
[2025-11-17T19:39:18.057-0300] {processor.py:830} INFO - Processing file /Library/Frameworks/Python.framework/Versions/3.11/lib/python3.11/site-packages/airflow/example_dags/example_setup_teardown_taskflow.py for tasks to queue
[2025-11-17T19:39:18.057-0300] {logging_mixin.py:188} INFO - [2025-11-17T19:39:18.057-0300] {dagbag.py:545} INFO - Filling up the DagBag from /Library/Frameworks/Python.framework/Versions/3.11/lib/python3.11/site-packages/airflow/example_dags/example_setup_teardown_taskflow.py
[2025-11-17T19:39:18.101-0300] {processor.py:840} INFO - DAG(s) 'example_setup_teardown_taskflow' retrieved from /Library/Frameworks/Python.framework/Versions/3.11/lib/python3.11/site-packages/airflow/example_dags/example_setup_teardown_taskflow.py
[2025-11-17T19:39:18.140-0300] {logging_mixin.py:188} INFO - [2025-11-17T19:39:18.140-0300] {dag.py:3089} INFO - Sync 1 DAGs
[2025-11-17T19:39:18.146-0300] {logging_mixin.py:188} INFO - [2025-11-17T19:39:18.146-0300] {dag.py:3947} INFO - Setting next_dagrun for example_setup_teardown_taskflow to 2025-11-16 00:00:00+00:00, run_after=2025-11-17 00:00:00+00:00
[2025-11-17T19:39:18.152-0300] {processor.py:183} INFO - Processing /Library/Frameworks/Python.framework/Versions/3.11/lib/python3.11/site-packages/airflow/example_dags/example_setup_teardown_taskflow.py took 0.097 seconds
[2025-11-17T19:40:33.283-0300] {processor.py:161} INFO - Started process (PID=48554) to work on /Library/Frameworks/Python.framework/Versions/3.11/lib/python3.11/site-packages/airflow/example_dags/example_setup_teardown_taskflow.py
[2025-11-17T19:40:33.284-0300] {processor.py:830} INFO - Processing file /Library/Frameworks/Python.framework/Versions/3.11/lib/python3.11/site-packages/airflow/example_dags/example_setup_teardown_taskflow.py for tasks to queue
[2025-11-17T19:40:33.284-0300] {logging_mixin.py:188} INFO - [2025-11-17T19:40:33.284-0300] {dagbag.py:545} INFO - Filling up the DagBag from /Library/Frameworks/Python.framework/Versions/3.11/lib/python3.11/site-packages/airflow/example_dags/example_setup_teardown_taskflow.py
[2025-11-17T19:40:33.328-0300] {processor.py:840} INFO - DAG(s) 'example_setup_teardown_taskflow' retrieved from /Library/Frameworks/Python.framework/Versions/3.11/lib/python3.11/site-packages/airflow/example_dags/example_setup_teardown_taskflow.py
[2025-11-17T19:40:33.368-0300] {logging_mixin.py:188} INFO - [2025-11-17T19:40:33.368-0300] {dag.py:3089} INFO - Sync 1 DAGs
[2025-11-17T19:40:33.374-0300] {logging_mixin.py:188} INFO - [2025-11-17T19:40:33.374-0300] {dag.py:3947} INFO - Setting next_dagrun for example_setup_teardown_taskflow to 2025-11-16 00:00:00+00:00, run_after=2025-11-17 00:00:00+00:00
[2025-11-17T19:40:33.382-0300] {processor.py:183} INFO - Processing /Library/Frameworks/Python.framework/Versions/3.11/lib/python3.11/site-packages/airflow/example_dags/example_setup_teardown_taskflow.py took 0.100 seconds
[2025-11-17T19:41:48.752-0300] {processor.py:161} INFO - Started process (PID=48775) to work on /Library/Frameworks/Python.framework/Versions/3.11/lib/python3.11/site-packages/airflow/example_dags/example_setup_teardown_taskflow.py
[2025-11-17T19:41:48.753-0300] {processor.py:830} INFO - Processing file /Library/Frameworks/Python.framework/Versions/3.11/lib/python3.11/site-packages/airflow/example_dags/example_setup_teardown_taskflow.py for tasks to queue
[2025-11-17T19:41:48.753-0300] {logging_mixin.py:188} INFO - [2025-11-17T19:41:48.753-0300] {dagbag.py:545} INFO - Filling up the DagBag from /Library/Frameworks/Python.framework/Versions/3.11/lib/python3.11/site-packages/airflow/example_dags/example_setup_teardown_taskflow.py
[2025-11-17T19:41:48.797-0300] {processor.py:840} INFO - DAG(s) 'example_setup_teardown_taskflow' retrieved from /Library/Frameworks/Python.framework/Versions/3.11/lib/python3.11/site-packages/airflow/example_dags/example_setup_teardown_taskflow.py
[2025-11-17T19:41:48.836-0300] {logging_mixin.py:188} INFO - [2025-11-17T19:41:48.836-0300] {dag.py:3089} INFO - Sync 1 DAGs
[2025-11-17T19:41:48.841-0300] {logging_mixin.py:188} INFO - [2025-11-17T19:41:48.841-0300] {dag.py:3947} INFO - Setting next_dagrun for example_setup_teardown_taskflow to 2025-11-16 00:00:00+00:00, run_after=2025-11-17 00:00:00+00:00
[2025-11-17T19:41:48.848-0300] {processor.py:183} INFO - Processing /Library/Frameworks/Python.framework/Versions/3.11/lib/python3.11/site-packages/airflow/example_dags/example_setup_teardown_taskflow.py took 0.098 seconds
[2025-11-17T19:43:06.313-0300] {processor.py:161} INFO - Started process (PID=49531) to work on /Library/Frameworks/Python.framework/Versions/3.11/lib/python3.11/site-packages/airflow/example_dags/example_setup_teardown_taskflow.py
[2025-11-17T19:43:06.313-0300] {processor.py:830} INFO - Processing file /Library/Frameworks/Python.framework/Versions/3.11/lib/python3.11/site-packages/airflow/example_dags/example_setup_teardown_taskflow.py for tasks to queue
[2025-11-17T19:43:06.314-0300] {logging_mixin.py:188} INFO - [2025-11-17T19:43:06.314-0300] {dagbag.py:545} INFO - Filling up the DagBag from /Library/Frameworks/Python.framework/Versions/3.11/lib/python3.11/site-packages/airflow/example_dags/example_setup_teardown_taskflow.py
[2025-11-17T19:43:06.359-0300] {processor.py:840} INFO - DAG(s) 'example_setup_teardown_taskflow' retrieved from /Library/Frameworks/Python.framework/Versions/3.11/lib/python3.11/site-packages/airflow/example_dags/example_setup_teardown_taskflow.py
[2025-11-17T19:43:06.398-0300] {logging_mixin.py:188} INFO - [2025-11-17T19:43:06.398-0300] {dag.py:3089} INFO - Sync 1 DAGs
[2025-11-17T19:43:06.403-0300] {logging_mixin.py:188} INFO - [2025-11-17T19:43:06.403-0300] {dag.py:3947} INFO - Setting next_dagrun for example_setup_teardown_taskflow to 2025-11-16 00:00:00+00:00, run_after=2025-11-17 00:00:00+00:00
[2025-11-17T19:43:06.411-0300] {processor.py:183} INFO - Processing /Library/Frameworks/Python.framework/Versions/3.11/lib/python3.11/site-packages/airflow/example_dags/example_setup_teardown_taskflow.py took 0.099 seconds
