[2025-11-17T19:37:29.601-0300] {processor.py:161} INFO - Started process (PID=48174) to work on /Library/Frameworks/Python.framework/Versions/3.11/lib/python3.11/site-packages/airflow/example_dags/example_short_circuit_operator.py
[2025-11-17T19:37:29.602-0300] {processor.py:830} INFO - Processing file /Library/Frameworks/Python.framework/Versions/3.11/lib/python3.11/site-packages/airflow/example_dags/example_short_circuit_operator.py for tasks to queue
[2025-11-17T19:37:29.602-0300] {logging_mixin.py:188} INFO - [2025-11-17T19:37:29.602-0300] {dagbag.py:545} INFO - Filling up the DagBag from /Library/Frameworks/Python.framework/Versions/3.11/lib/python3.11/site-packages/airflow/example_dags/example_short_circuit_operator.py
[2025-11-17T19:37:29.615-0300] {processor.py:840} INFO - DAG(s) 'example_short_circuit_operator' retrieved from /Library/Frameworks/Python.framework/Versions/3.11/lib/python3.11/site-packages/airflow/example_dags/example_short_circuit_operator.py
[2025-11-17T19:37:29.711-0300] {logging_mixin.py:188} INFO - [2025-11-17T19:37:29.710-0300] {override.py:1930} INFO - Created Permission View: can edit on DAG:example_short_circuit_operator
[2025-11-17T19:37:29.714-0300] {logging_mixin.py:188} INFO - [2025-11-17T19:37:29.713-0300] {override.py:1930} INFO - Created Permission View: can delete on DAG:example_short_circuit_operator
[2025-11-17T19:37:29.716-0300] {logging_mixin.py:188} INFO - [2025-11-17T19:37:29.715-0300] {override.py:1930} INFO - Created Permission View: can read on DAG:example_short_circuit_operator
[2025-11-17T19:37:29.716-0300] {logging_mixin.py:188} INFO - [2025-11-17T19:37:29.716-0300] {dag.py:3089} INFO - Sync 1 DAGs
[2025-11-17T19:37:29.719-0300] {logging_mixin.py:188} INFO - [2025-11-17T19:37:29.719-0300] {dag.py:3111} INFO - Creating ORM DAG for example_short_circuit_operator
[2025-11-17T19:37:29.722-0300] {logging_mixin.py:188} INFO - [2025-11-17T19:37:29.722-0300] {dag.py:3947} INFO - Setting next_dagrun for example_short_circuit_operator to 2025-11-16 00:00:00+00:00, run_after=2025-11-17 00:00:00+00:00
[2025-11-17T19:37:29.729-0300] {processor.py:183} INFO - Processing /Library/Frameworks/Python.framework/Versions/3.11/lib/python3.11/site-packages/airflow/example_dags/example_short_circuit_operator.py took 0.128 seconds
[2025-11-17T19:39:14.210-0300] {processor.py:161} INFO - Started process (PID=48399) to work on /Library/Frameworks/Python.framework/Versions/3.11/lib/python3.11/site-packages/airflow/example_dags/example_short_circuit_operator.py
[2025-11-17T19:39:14.211-0300] {processor.py:830} INFO - Processing file /Library/Frameworks/Python.framework/Versions/3.11/lib/python3.11/site-packages/airflow/example_dags/example_short_circuit_operator.py for tasks to queue
[2025-11-17T19:39:14.211-0300] {logging_mixin.py:188} INFO - [2025-11-17T19:39:14.211-0300] {dagbag.py:545} INFO - Filling up the DagBag from /Library/Frameworks/Python.framework/Versions/3.11/lib/python3.11/site-packages/airflow/example_dags/example_short_circuit_operator.py
[2025-11-17T19:39:14.223-0300] {processor.py:840} INFO - DAG(s) 'example_short_circuit_operator' retrieved from /Library/Frameworks/Python.framework/Versions/3.11/lib/python3.11/site-packages/airflow/example_dags/example_short_circuit_operator.py
[2025-11-17T19:39:14.290-0300] {logging_mixin.py:188} INFO - [2025-11-17T19:39:14.290-0300] {dag.py:3089} INFO - Sync 1 DAGs
[2025-11-17T19:39:14.296-0300] {logging_mixin.py:188} INFO - [2025-11-17T19:39:14.296-0300] {dag.py:3947} INFO - Setting next_dagrun for example_short_circuit_operator to 2025-11-16 00:00:00+00:00, run_after=2025-11-17 00:00:00+00:00
[2025-11-17T19:39:14.303-0300] {processor.py:183} INFO - Processing /Library/Frameworks/Python.framework/Versions/3.11/lib/python3.11/site-packages/airflow/example_dags/example_short_circuit_operator.py took 0.094 seconds
[2025-11-17T19:40:29.439-0300] {processor.py:161} INFO - Started process (PID=48550) to work on /Library/Frameworks/Python.framework/Versions/3.11/lib/python3.11/site-packages/airflow/example_dags/example_short_circuit_operator.py
[2025-11-17T19:40:29.440-0300] {processor.py:830} INFO - Processing file /Library/Frameworks/Python.framework/Versions/3.11/lib/python3.11/site-packages/airflow/example_dags/example_short_circuit_operator.py for tasks to queue
[2025-11-17T19:40:29.440-0300] {logging_mixin.py:188} INFO - [2025-11-17T19:40:29.440-0300] {dagbag.py:545} INFO - Filling up the DagBag from /Library/Frameworks/Python.framework/Versions/3.11/lib/python3.11/site-packages/airflow/example_dags/example_short_circuit_operator.py
[2025-11-17T19:40:29.452-0300] {processor.py:840} INFO - DAG(s) 'example_short_circuit_operator' retrieved from /Library/Frameworks/Python.framework/Versions/3.11/lib/python3.11/site-packages/airflow/example_dags/example_short_circuit_operator.py
[2025-11-17T19:40:29.520-0300] {logging_mixin.py:188} INFO - [2025-11-17T19:40:29.520-0300] {dag.py:3089} INFO - Sync 1 DAGs
[2025-11-17T19:40:29.526-0300] {logging_mixin.py:188} INFO - [2025-11-17T19:40:29.526-0300] {dag.py:3947} INFO - Setting next_dagrun for example_short_circuit_operator to 2025-11-16 00:00:00+00:00, run_after=2025-11-17 00:00:00+00:00
[2025-11-17T19:40:29.535-0300] {processor.py:183} INFO - Processing /Library/Frameworks/Python.framework/Versions/3.11/lib/python3.11/site-packages/airflow/example_dags/example_short_circuit_operator.py took 0.097 seconds
[2025-11-17T19:41:44.955-0300] {processor.py:161} INFO - Started process (PID=48765) to work on /Library/Frameworks/Python.framework/Versions/3.11/lib/python3.11/site-packages/airflow/example_dags/example_short_circuit_operator.py
[2025-11-17T19:41:44.956-0300] {processor.py:830} INFO - Processing file /Library/Frameworks/Python.framework/Versions/3.11/lib/python3.11/site-packages/airflow/example_dags/example_short_circuit_operator.py for tasks to queue
[2025-11-17T19:41:44.956-0300] {logging_mixin.py:188} INFO - [2025-11-17T19:41:44.956-0300] {dagbag.py:545} INFO - Filling up the DagBag from /Library/Frameworks/Python.framework/Versions/3.11/lib/python3.11/site-packages/airflow/example_dags/example_short_circuit_operator.py
[2025-11-17T19:41:44.968-0300] {processor.py:840} INFO - DAG(s) 'example_short_circuit_operator' retrieved from /Library/Frameworks/Python.framework/Versions/3.11/lib/python3.11/site-packages/airflow/example_dags/example_short_circuit_operator.py
[2025-11-17T19:41:45.036-0300] {logging_mixin.py:188} INFO - [2025-11-17T19:41:45.036-0300] {dag.py:3089} INFO - Sync 1 DAGs
[2025-11-17T19:41:45.042-0300] {logging_mixin.py:188} INFO - [2025-11-17T19:41:45.042-0300] {dag.py:3947} INFO - Setting next_dagrun for example_short_circuit_operator to 2025-11-16 00:00:00+00:00, run_after=2025-11-17 00:00:00+00:00
[2025-11-17T19:41:45.050-0300] {processor.py:183} INFO - Processing /Library/Frameworks/Python.framework/Versions/3.11/lib/python3.11/site-packages/airflow/example_dags/example_short_circuit_operator.py took 0.096 seconds
[2025-11-17T19:43:03.209-0300] {processor.py:161} INFO - Started process (PID=49527) to work on /Library/Frameworks/Python.framework/Versions/3.11/lib/python3.11/site-packages/airflow/example_dags/example_short_circuit_operator.py
[2025-11-17T19:43:03.210-0300] {processor.py:830} INFO - Processing file /Library/Frameworks/Python.framework/Versions/3.11/lib/python3.11/site-packages/airflow/example_dags/example_short_circuit_operator.py for tasks to queue
[2025-11-17T19:43:03.210-0300] {logging_mixin.py:188} INFO - [2025-11-17T19:43:03.210-0300] {dagbag.py:545} INFO - Filling up the DagBag from /Library/Frameworks/Python.framework/Versions/3.11/lib/python3.11/site-packages/airflow/example_dags/example_short_circuit_operator.py
[2025-11-17T19:43:03.223-0300] {processor.py:840} INFO - DAG(s) 'example_short_circuit_operator' retrieved from /Library/Frameworks/Python.framework/Versions/3.11/lib/python3.11/site-packages/airflow/example_dags/example_short_circuit_operator.py
[2025-11-17T19:43:03.293-0300] {logging_mixin.py:188} INFO - [2025-11-17T19:43:03.292-0300] {dag.py:3089} INFO - Sync 1 DAGs
[2025-11-17T19:43:03.299-0300] {logging_mixin.py:188} INFO - [2025-11-17T19:43:03.299-0300] {dag.py:3947} INFO - Setting next_dagrun for example_short_circuit_operator to 2025-11-16 00:00:00+00:00, run_after=2025-11-17 00:00:00+00:00
[2025-11-17T19:43:03.306-0300] {processor.py:183} INFO - Processing /Library/Frameworks/Python.framework/Versions/3.11/lib/python3.11/site-packages/airflow/example_dags/example_short_circuit_operator.py took 0.098 seconds
