[2025-11-17T19:37:14.852-0300] {processor.py:161} INFO - Started process (PID=48152) to work on /Library/Frameworks/Python.framework/Versions/3.11/lib/python3.11/site-packages/airflow/example_dags/example_trigger_target_dag.py
[2025-11-17T19:37:14.852-0300] {processor.py:830} INFO - Processing file /Library/Frameworks/Python.framework/Versions/3.11/lib/python3.11/site-packages/airflow/example_dags/example_trigger_target_dag.py for tasks to queue
[2025-11-17T19:37:14.853-0300] {logging_mixin.py:188} INFO - [2025-11-17T19:37:14.852-0300] {dagbag.py:545} INFO - Filling up the DagBag from /Library/Frameworks/Python.framework/Versions/3.11/lib/python3.11/site-packages/airflow/example_dags/example_trigger_target_dag.py
[2025-11-17T19:37:14.900-0300] {processor.py:840} INFO - DAG(s) 'example_trigger_target_dag' retrieved from /Library/Frameworks/Python.framework/Versions/3.11/lib/python3.11/site-packages/airflow/example_dags/example_trigger_target_dag.py
[2025-11-17T19:37:14.972-0300] {logging_mixin.py:188} INFO - [2025-11-17T19:37:14.972-0300] {override.py:1930} INFO - Created Permission View: can delete on DAG:example_trigger_target_dag
[2025-11-17T19:37:14.976-0300] {logging_mixin.py:188} INFO - [2025-11-17T19:37:14.976-0300] {override.py:1930} INFO - Created Permission View: can edit on DAG:example_trigger_target_dag
[2025-11-17T19:37:14.979-0300] {logging_mixin.py:188} INFO - [2025-11-17T19:37:14.979-0300] {override.py:1930} INFO - Created Permission View: can read on DAG:example_trigger_target_dag
[2025-11-17T19:37:14.979-0300] {logging_mixin.py:188} INFO - [2025-11-17T19:37:14.979-0300] {dag.py:3089} INFO - Sync 1 DAGs
[2025-11-17T19:37:14.983-0300] {logging_mixin.py:188} INFO - [2025-11-17T19:37:14.983-0300] {dag.py:3111} INFO - Creating ORM DAG for example_trigger_target_dag
[2025-11-17T19:37:14.983-0300] {logging_mixin.py:188} INFO - [2025-11-17T19:37:14.983-0300] {dag.py:3947} INFO - Setting next_dagrun for example_trigger_target_dag to None, run_after=None
[2025-11-17T19:37:14.990-0300] {processor.py:183} INFO - Processing /Library/Frameworks/Python.framework/Versions/3.11/lib/python3.11/site-packages/airflow/example_dags/example_trigger_target_dag.py took 0.139 seconds
[2025-11-17T19:38:59.214-0300] {processor.py:161} INFO - Started process (PID=48370) to work on /Library/Frameworks/Python.framework/Versions/3.11/lib/python3.11/site-packages/airflow/example_dags/example_trigger_target_dag.py
[2025-11-17T19:38:59.215-0300] {processor.py:830} INFO - Processing file /Library/Frameworks/Python.framework/Versions/3.11/lib/python3.11/site-packages/airflow/example_dags/example_trigger_target_dag.py for tasks to queue
[2025-11-17T19:38:59.215-0300] {logging_mixin.py:188} INFO - [2025-11-17T19:38:59.215-0300] {dagbag.py:545} INFO - Filling up the DagBag from /Library/Frameworks/Python.framework/Versions/3.11/lib/python3.11/site-packages/airflow/example_dags/example_trigger_target_dag.py
[2025-11-17T19:38:59.258-0300] {processor.py:840} INFO - DAG(s) 'example_trigger_target_dag' retrieved from /Library/Frameworks/Python.framework/Versions/3.11/lib/python3.11/site-packages/airflow/example_dags/example_trigger_target_dag.py
[2025-11-17T19:38:59.296-0300] {logging_mixin.py:188} INFO - [2025-11-17T19:38:59.296-0300] {dag.py:3089} INFO - Sync 1 DAGs
[2025-11-17T19:38:59.299-0300] {logging_mixin.py:188} INFO - [2025-11-17T19:38:59.299-0300] {dag.py:3947} INFO - Setting next_dagrun for example_trigger_target_dag to None, run_after=None
[2025-11-17T19:38:59.307-0300] {processor.py:183} INFO - Processing /Library/Frameworks/Python.framework/Versions/3.11/lib/python3.11/site-packages/airflow/example_dags/example_trigger_target_dag.py took 0.094 seconds
[2025-11-17T19:40:15.844-0300] {processor.py:161} INFO - Started process (PID=48522) to work on /Library/Frameworks/Python.framework/Versions/3.11/lib/python3.11/site-packages/airflow/example_dags/example_trigger_target_dag.py
[2025-11-17T19:40:15.845-0300] {processor.py:830} INFO - Processing file /Library/Frameworks/Python.framework/Versions/3.11/lib/python3.11/site-packages/airflow/example_dags/example_trigger_target_dag.py for tasks to queue
[2025-11-17T19:40:15.845-0300] {logging_mixin.py:188} INFO - [2025-11-17T19:40:15.845-0300] {dagbag.py:545} INFO - Filling up the DagBag from /Library/Frameworks/Python.framework/Versions/3.11/lib/python3.11/site-packages/airflow/example_dags/example_trigger_target_dag.py
[2025-11-17T19:40:15.889-0300] {processor.py:840} INFO - DAG(s) 'example_trigger_target_dag' retrieved from /Library/Frameworks/Python.framework/Versions/3.11/lib/python3.11/site-packages/airflow/example_dags/example_trigger_target_dag.py
[2025-11-17T19:40:15.927-0300] {logging_mixin.py:188} INFO - [2025-11-17T19:40:15.927-0300] {dag.py:3089} INFO - Sync 1 DAGs
[2025-11-17T19:40:15.931-0300] {logging_mixin.py:188} INFO - [2025-11-17T19:40:15.931-0300] {dag.py:3947} INFO - Setting next_dagrun for example_trigger_target_dag to None, run_after=None
[2025-11-17T19:40:15.937-0300] {processor.py:183} INFO - Processing /Library/Frameworks/Python.framework/Versions/3.11/lib/python3.11/site-packages/airflow/example_dags/example_trigger_target_dag.py took 0.094 seconds
[2025-11-17T19:41:29.905-0300] {processor.py:161} INFO - Started process (PID=48683) to work on /Library/Frameworks/Python.framework/Versions/3.11/lib/python3.11/site-packages/airflow/example_dags/example_trigger_target_dag.py
[2025-11-17T19:41:29.906-0300] {processor.py:830} INFO - Processing file /Library/Frameworks/Python.framework/Versions/3.11/lib/python3.11/site-packages/airflow/example_dags/example_trigger_target_dag.py for tasks to queue
[2025-11-17T19:41:29.906-0300] {logging_mixin.py:188} INFO - [2025-11-17T19:41:29.906-0300] {dagbag.py:545} INFO - Filling up the DagBag from /Library/Frameworks/Python.framework/Versions/3.11/lib/python3.11/site-packages/airflow/example_dags/example_trigger_target_dag.py
[2025-11-17T19:41:29.951-0300] {processor.py:840} INFO - DAG(s) 'example_trigger_target_dag' retrieved from /Library/Frameworks/Python.framework/Versions/3.11/lib/python3.11/site-packages/airflow/example_dags/example_trigger_target_dag.py
[2025-11-17T19:41:29.990-0300] {logging_mixin.py:188} INFO - [2025-11-17T19:41:29.990-0300] {dag.py:3089} INFO - Sync 1 DAGs
[2025-11-17T19:41:29.994-0300] {logging_mixin.py:188} INFO - [2025-11-17T19:41:29.993-0300] {dag.py:3947} INFO - Setting next_dagrun for example_trigger_target_dag to None, run_after=None
[2025-11-17T19:41:30.000-0300] {processor.py:183} INFO - Processing /Library/Frameworks/Python.framework/Versions/3.11/lib/python3.11/site-packages/airflow/example_dags/example_trigger_target_dag.py took 0.096 seconds
[2025-11-17T19:42:48.446-0300] {processor.py:161} INFO - Started process (PID=49326) to work on /Library/Frameworks/Python.framework/Versions/3.11/lib/python3.11/site-packages/airflow/example_dags/example_trigger_target_dag.py
[2025-11-17T19:42:48.447-0300] {processor.py:830} INFO - Processing file /Library/Frameworks/Python.framework/Versions/3.11/lib/python3.11/site-packages/airflow/example_dags/example_trigger_target_dag.py for tasks to queue
[2025-11-17T19:42:48.447-0300] {logging_mixin.py:188} INFO - [2025-11-17T19:42:48.447-0300] {dagbag.py:545} INFO - Filling up the DagBag from /Library/Frameworks/Python.framework/Versions/3.11/lib/python3.11/site-packages/airflow/example_dags/example_trigger_target_dag.py
[2025-11-17T19:42:48.496-0300] {processor.py:840} INFO - DAG(s) 'example_trigger_target_dag' retrieved from /Library/Frameworks/Python.framework/Versions/3.11/lib/python3.11/site-packages/airflow/example_dags/example_trigger_target_dag.py
[2025-11-17T19:42:48.537-0300] {logging_mixin.py:188} INFO - [2025-11-17T19:42:48.537-0300] {dag.py:3089} INFO - Sync 1 DAGs
[2025-11-17T19:42:48.541-0300] {logging_mixin.py:188} INFO - [2025-11-17T19:42:48.541-0300] {dag.py:3947} INFO - Setting next_dagrun for example_trigger_target_dag to None, run_after=None
[2025-11-17T19:42:48.549-0300] {processor.py:183} INFO - Processing /Library/Frameworks/Python.framework/Versions/3.11/lib/python3.11/site-packages/airflow/example_dags/example_trigger_target_dag.py took 0.104 seconds
[2025-11-17T19:44:07.769-0300] {processor.py:161} INFO - Started process (PID=50317) to work on /Library/Frameworks/Python.framework/Versions/3.11/lib/python3.11/site-packages/airflow/example_dags/example_trigger_target_dag.py
[2025-11-17T19:44:07.770-0300] {processor.py:830} INFO - Processing file /Library/Frameworks/Python.framework/Versions/3.11/lib/python3.11/site-packages/airflow/example_dags/example_trigger_target_dag.py for tasks to queue
[2025-11-17T19:44:07.770-0300] {logging_mixin.py:188} INFO - [2025-11-17T19:44:07.770-0300] {dagbag.py:545} INFO - Filling up the DagBag from /Library/Frameworks/Python.framework/Versions/3.11/lib/python3.11/site-packages/airflow/example_dags/example_trigger_target_dag.py
[2025-11-17T19:44:07.816-0300] {processor.py:840} INFO - DAG(s) 'example_trigger_target_dag' retrieved from /Library/Frameworks/Python.framework/Versions/3.11/lib/python3.11/site-packages/airflow/example_dags/example_trigger_target_dag.py
[2025-11-17T19:44:07.855-0300] {logging_mixin.py:188} INFO - [2025-11-17T19:44:07.855-0300] {dag.py:3089} INFO - Sync 1 DAGs
[2025-11-17T19:44:07.858-0300] {logging_mixin.py:188} INFO - [2025-11-17T19:44:07.858-0300] {dag.py:3947} INFO - Setting next_dagrun for example_trigger_target_dag to None, run_after=None
[2025-11-17T19:44:07.865-0300] {processor.py:183} INFO - Processing /Library/Frameworks/Python.framework/Versions/3.11/lib/python3.11/site-packages/airflow/example_dags/example_trigger_target_dag.py took 0.098 seconds
[2025-11-17T19:45:04.902-0300] {processor.py:161} INFO - Started process (PID=50847) to work on /Library/Frameworks/Python.framework/Versions/3.11/lib/python3.11/site-packages/airflow/example_dags/example_trigger_target_dag.py
[2025-11-17T19:45:04.903-0300] {processor.py:830} INFO - Processing file /Library/Frameworks/Python.framework/Versions/3.11/lib/python3.11/site-packages/airflow/example_dags/example_trigger_target_dag.py for tasks to queue
[2025-11-17T19:45:04.904-0300] {logging_mixin.py:188} INFO - [2025-11-17T19:45:04.904-0300] {dagbag.py:545} INFO - Filling up the DagBag from /Library/Frameworks/Python.framework/Versions/3.11/lib/python3.11/site-packages/airflow/example_dags/example_trigger_target_dag.py
[2025-11-17T19:45:04.958-0300] {processor.py:840} INFO - DAG(s) 'example_trigger_target_dag' retrieved from /Library/Frameworks/Python.framework/Versions/3.11/lib/python3.11/site-packages/airflow/example_dags/example_trigger_target_dag.py
[2025-11-17T19:45:05.001-0300] {logging_mixin.py:188} INFO - [2025-11-17T19:45:05.000-0300] {dag.py:3089} INFO - Sync 1 DAGs
[2025-11-17T19:45:05.004-0300] {logging_mixin.py:188} INFO - [2025-11-17T19:45:05.004-0300] {dag.py:3947} INFO - Setting next_dagrun for example_trigger_target_dag to None, run_after=None
[2025-11-17T19:45:05.012-0300] {processor.py:183} INFO - Processing /Library/Frameworks/Python.framework/Versions/3.11/lib/python3.11/site-packages/airflow/example_dags/example_trigger_target_dag.py took 0.112 seconds
[2025-11-17T19:50:06.484-0300] {processor.py:161} INFO - Started process (PID=52066) to work on /Library/Frameworks/Python.framework/Versions/3.11/lib/python3.11/site-packages/airflow/example_dags/example_trigger_target_dag.py
[2025-11-17T19:50:06.485-0300] {processor.py:830} INFO - Processing file /Library/Frameworks/Python.framework/Versions/3.11/lib/python3.11/site-packages/airflow/example_dags/example_trigger_target_dag.py for tasks to queue
[2025-11-17T19:50:06.485-0300] {logging_mixin.py:188} INFO - [2025-11-17T19:50:06.485-0300] {dagbag.py:545} INFO - Filling up the DagBag from /Library/Frameworks/Python.framework/Versions/3.11/lib/python3.11/site-packages/airflow/example_dags/example_trigger_target_dag.py
[2025-11-17T19:50:06.531-0300] {processor.py:840} INFO - DAG(s) 'example_trigger_target_dag' retrieved from /Library/Frameworks/Python.framework/Versions/3.11/lib/python3.11/site-packages/airflow/example_dags/example_trigger_target_dag.py
[2025-11-17T19:50:06.603-0300] {logging_mixin.py:188} INFO - [2025-11-17T19:50:06.603-0300] {dag.py:3089} INFO - Sync 1 DAGs
[2025-11-17T19:50:06.607-0300] {logging_mixin.py:188} INFO - [2025-11-17T19:50:06.607-0300] {dag.py:3947} INFO - Setting next_dagrun for example_trigger_target_dag to None, run_after=None
[2025-11-17T19:50:06.615-0300] {processor.py:183} INFO - Processing /Library/Frameworks/Python.framework/Versions/3.11/lib/python3.11/site-packages/airflow/example_dags/example_trigger_target_dag.py took 0.132 seconds
