[2025-11-17T19:37:10.539-0300] {processor.py:161} INFO - Started process (PID=48145) to work on /Library/Frameworks/Python.framework/Versions/3.11/lib/python3.11/site-packages/airflow/example_dags/example_xcomargs.py
[2025-11-17T19:37:10.540-0300] {processor.py:830} INFO - Processing file /Library/Frameworks/Python.framework/Versions/3.11/lib/python3.11/site-packages/airflow/example_dags/example_xcomargs.py for tasks to queue
[2025-11-17T19:37:10.540-0300] {logging_mixin.py:188} INFO - [2025-11-17T19:37:10.540-0300] {dagbag.py:545} INFO - Filling up the DagBag from /Library/Frameworks/Python.framework/Versions/3.11/lib/python3.11/site-packages/airflow/example_dags/example_xcomargs.py
[2025-11-17T19:37:10.597-0300] {processor.py:840} INFO - DAG(s) 'example_xcom_args', 'example_xcom_args_with_operators' retrieved from /Library/Frameworks/Python.framework/Versions/3.11/lib/python3.11/site-packages/airflow/example_dags/example_xcomargs.py
[2025-11-17T19:37:10.676-0300] {logging_mixin.py:188} INFO - [2025-11-17T19:37:10.675-0300] {override.py:1930} INFO - Created Permission View: can edit on DAG:example_xcom_args
[2025-11-17T19:37:10.679-0300] {logging_mixin.py:188} INFO - [2025-11-17T19:37:10.679-0300] {override.py:1930} INFO - Created Permission View: can read on DAG:example_xcom_args
[2025-11-17T19:37:10.682-0300] {logging_mixin.py:188} INFO - [2025-11-17T19:37:10.682-0300] {override.py:1930} INFO - Created Permission View: can delete on DAG:example_xcom_args
[2025-11-17T19:37:10.688-0300] {logging_mixin.py:188} INFO - [2025-11-17T19:37:10.687-0300] {override.py:1930} INFO - Created Permission View: can edit on DAG:example_xcom_args_with_operators
[2025-11-17T19:37:10.690-0300] {logging_mixin.py:188} INFO - [2025-11-17T19:37:10.690-0300] {override.py:1930} INFO - Created Permission View: can read on DAG:example_xcom_args_with_operators
[2025-11-17T19:37:10.692-0300] {logging_mixin.py:188} INFO - [2025-11-17T19:37:10.692-0300] {override.py:1930} INFO - Created Permission View: can delete on DAG:example_xcom_args_with_operators
[2025-11-17T19:37:10.692-0300] {logging_mixin.py:188} INFO - [2025-11-17T19:37:10.692-0300] {dag.py:3089} INFO - Sync 2 DAGs
[2025-11-17T19:37:10.697-0300] {logging_mixin.py:188} INFO - [2025-11-17T19:37:10.697-0300] {dag.py:3111} INFO - Creating ORM DAG for example_xcom_args
[2025-11-17T19:37:10.697-0300] {logging_mixin.py:188} INFO - [2025-11-17T19:37:10.697-0300] {dag.py:3111} INFO - Creating ORM DAG for example_xcom_args_with_operators
[2025-11-17T19:37:10.697-0300] {logging_mixin.py:188} INFO - [2025-11-17T19:37:10.697-0300] {dag.py:3947} INFO - Setting next_dagrun for example_xcom_args to None, run_after=None
[2025-11-17T19:37:10.697-0300] {logging_mixin.py:188} INFO - [2025-11-17T19:37:10.697-0300] {dag.py:3947} INFO - Setting next_dagrun for example_xcom_args_with_operators to None, run_after=None
[2025-11-17T19:37:10.704-0300] {processor.py:183} INFO - Processing /Library/Frameworks/Python.framework/Versions/3.11/lib/python3.11/site-packages/airflow/example_dags/example_xcomargs.py took 0.166 seconds
[2025-11-17T19:38:56.395-0300] {processor.py:161} INFO - Started process (PID=48361) to work on /Library/Frameworks/Python.framework/Versions/3.11/lib/python3.11/site-packages/airflow/example_dags/example_xcomargs.py
[2025-11-17T19:38:56.395-0300] {processor.py:830} INFO - Processing file /Library/Frameworks/Python.framework/Versions/3.11/lib/python3.11/site-packages/airflow/example_dags/example_xcomargs.py for tasks to queue
[2025-11-17T19:38:56.396-0300] {logging_mixin.py:188} INFO - [2025-11-17T19:38:56.396-0300] {dagbag.py:545} INFO - Filling up the DagBag from /Library/Frameworks/Python.framework/Versions/3.11/lib/python3.11/site-packages/airflow/example_dags/example_xcomargs.py
[2025-11-17T19:38:56.440-0300] {processor.py:840} INFO - DAG(s) 'example_xcom_args', 'example_xcom_args_with_operators' retrieved from /Library/Frameworks/Python.framework/Versions/3.11/lib/python3.11/site-packages/airflow/example_dags/example_xcomargs.py
[2025-11-17T19:38:56.483-0300] {logging_mixin.py:188} INFO - [2025-11-17T19:38:56.483-0300] {dag.py:3089} INFO - Sync 2 DAGs
[2025-11-17T19:38:56.488-0300] {logging_mixin.py:188} INFO - [2025-11-17T19:38:56.487-0300] {dag.py:3947} INFO - Setting next_dagrun for example_xcom_args to None, run_after=None
[2025-11-17T19:38:56.489-0300] {logging_mixin.py:188} INFO - [2025-11-17T19:38:56.489-0300] {dag.py:3947} INFO - Setting next_dagrun for example_xcom_args_with_operators to None, run_after=None
[2025-11-17T19:38:56.495-0300] {processor.py:183} INFO - Processing /Library/Frameworks/Python.framework/Versions/3.11/lib/python3.11/site-packages/airflow/example_dags/example_xcomargs.py took 0.102 seconds
[2025-11-17T19:40:12.568-0300] {processor.py:161} INFO - Started process (PID=48514) to work on /Library/Frameworks/Python.framework/Versions/3.11/lib/python3.11/site-packages/airflow/example_dags/example_xcomargs.py
[2025-11-17T19:40:12.569-0300] {processor.py:830} INFO - Processing file /Library/Frameworks/Python.framework/Versions/3.11/lib/python3.11/site-packages/airflow/example_dags/example_xcomargs.py for tasks to queue
[2025-11-17T19:40:12.569-0300] {logging_mixin.py:188} INFO - [2025-11-17T19:40:12.569-0300] {dagbag.py:545} INFO - Filling up the DagBag from /Library/Frameworks/Python.framework/Versions/3.11/lib/python3.11/site-packages/airflow/example_dags/example_xcomargs.py
[2025-11-17T19:40:12.612-0300] {processor.py:840} INFO - DAG(s) 'example_xcom_args_with_operators', 'example_xcom_args' retrieved from /Library/Frameworks/Python.framework/Versions/3.11/lib/python3.11/site-packages/airflow/example_dags/example_xcomargs.py
[2025-11-17T19:40:12.652-0300] {logging_mixin.py:188} INFO - [2025-11-17T19:40:12.652-0300] {dag.py:3089} INFO - Sync 2 DAGs
[2025-11-17T19:40:12.655-0300] {logging_mixin.py:188} INFO - [2025-11-17T19:40:12.655-0300] {dag.py:3947} INFO - Setting next_dagrun for example_xcom_args to None, run_after=None
[2025-11-17T19:40:12.656-0300] {logging_mixin.py:188} INFO - [2025-11-17T19:40:12.656-0300] {dag.py:3947} INFO - Setting next_dagrun for example_xcom_args_with_operators to None, run_after=None
[2025-11-17T19:40:12.662-0300] {processor.py:183} INFO - Processing /Library/Frameworks/Python.framework/Versions/3.11/lib/python3.11/site-packages/airflow/example_dags/example_xcomargs.py took 0.096 seconds
[2025-11-17T19:41:26.968-0300] {processor.py:161} INFO - Started process (PID=48674) to work on /Library/Frameworks/Python.framework/Versions/3.11/lib/python3.11/site-packages/airflow/example_dags/example_xcomargs.py
[2025-11-17T19:41:26.969-0300] {processor.py:830} INFO - Processing file /Library/Frameworks/Python.framework/Versions/3.11/lib/python3.11/site-packages/airflow/example_dags/example_xcomargs.py for tasks to queue
[2025-11-17T19:41:26.970-0300] {logging_mixin.py:188} INFO - [2025-11-17T19:41:26.969-0300] {dagbag.py:545} INFO - Filling up the DagBag from /Library/Frameworks/Python.framework/Versions/3.11/lib/python3.11/site-packages/airflow/example_dags/example_xcomargs.py
[2025-11-17T19:41:27.017-0300] {processor.py:840} INFO - DAG(s) 'example_xcom_args_with_operators', 'example_xcom_args' retrieved from /Library/Frameworks/Python.framework/Versions/3.11/lib/python3.11/site-packages/airflow/example_dags/example_xcomargs.py
[2025-11-17T19:41:27.063-0300] {logging_mixin.py:188} INFO - [2025-11-17T19:41:27.062-0300] {dag.py:3089} INFO - Sync 2 DAGs
[2025-11-17T19:41:27.066-0300] {logging_mixin.py:188} INFO - [2025-11-17T19:41:27.066-0300] {dag.py:3947} INFO - Setting next_dagrun for example_xcom_args to None, run_after=None
[2025-11-17T19:41:27.067-0300] {logging_mixin.py:188} INFO - [2025-11-17T19:41:27.067-0300] {dag.py:3947} INFO - Setting next_dagrun for example_xcom_args_with_operators to None, run_after=None
[2025-11-17T19:41:27.075-0300] {processor.py:183} INFO - Processing /Library/Frameworks/Python.framework/Versions/3.11/lib/python3.11/site-packages/airflow/example_dags/example_xcomargs.py took 0.108 seconds
[2025-11-17T19:42:44.449-0300] {processor.py:161} INFO - Started process (PID=49222) to work on /Library/Frameworks/Python.framework/Versions/3.11/lib/python3.11/site-packages/airflow/example_dags/example_xcomargs.py
[2025-11-17T19:42:44.450-0300] {processor.py:830} INFO - Processing file /Library/Frameworks/Python.framework/Versions/3.11/lib/python3.11/site-packages/airflow/example_dags/example_xcomargs.py for tasks to queue
[2025-11-17T19:42:44.450-0300] {logging_mixin.py:188} INFO - [2025-11-17T19:42:44.450-0300] {dagbag.py:545} INFO - Filling up the DagBag from /Library/Frameworks/Python.framework/Versions/3.11/lib/python3.11/site-packages/airflow/example_dags/example_xcomargs.py
[2025-11-17T19:42:44.496-0300] {processor.py:840} INFO - DAG(s) 'example_xcom_args_with_operators', 'example_xcom_args' retrieved from /Library/Frameworks/Python.framework/Versions/3.11/lib/python3.11/site-packages/airflow/example_dags/example_xcomargs.py
[2025-11-17T19:42:44.536-0300] {logging_mixin.py:188} INFO - [2025-11-17T19:42:44.536-0300] {dag.py:3089} INFO - Sync 2 DAGs
[2025-11-17T19:42:44.539-0300] {logging_mixin.py:188} INFO - [2025-11-17T19:42:44.539-0300] {dag.py:3947} INFO - Setting next_dagrun for example_xcom_args to None, run_after=None
[2025-11-17T19:42:44.540-0300] {logging_mixin.py:188} INFO - [2025-11-17T19:42:44.540-0300] {dag.py:3947} INFO - Setting next_dagrun for example_xcom_args_with_operators to None, run_after=None
[2025-11-17T19:42:44.546-0300] {processor.py:183} INFO - Processing /Library/Frameworks/Python.framework/Versions/3.11/lib/python3.11/site-packages/airflow/example_dags/example_xcomargs.py took 0.098 seconds
[2025-11-17T19:44:03.846-0300] {processor.py:161} INFO - Started process (PID=50309) to work on /Library/Frameworks/Python.framework/Versions/3.11/lib/python3.11/site-packages/airflow/example_dags/example_xcomargs.py
[2025-11-17T19:44:03.847-0300] {processor.py:830} INFO - Processing file /Library/Frameworks/Python.framework/Versions/3.11/lib/python3.11/site-packages/airflow/example_dags/example_xcomargs.py for tasks to queue
[2025-11-17T19:44:03.847-0300] {logging_mixin.py:188} INFO - [2025-11-17T19:44:03.847-0300] {dagbag.py:545} INFO - Filling up the DagBag from /Library/Frameworks/Python.framework/Versions/3.11/lib/python3.11/site-packages/airflow/example_dags/example_xcomargs.py
[2025-11-17T19:44:03.895-0300] {processor.py:840} INFO - DAG(s) 'example_xcom_args', 'example_xcom_args_with_operators' retrieved from /Library/Frameworks/Python.framework/Versions/3.11/lib/python3.11/site-packages/airflow/example_dags/example_xcomargs.py
[2025-11-17T19:44:03.938-0300] {logging_mixin.py:188} INFO - [2025-11-17T19:44:03.938-0300] {dag.py:3089} INFO - Sync 2 DAGs
[2025-11-17T19:44:03.942-0300] {logging_mixin.py:188} INFO - [2025-11-17T19:44:03.942-0300] {dag.py:3947} INFO - Setting next_dagrun for example_xcom_args to None, run_after=None
[2025-11-17T19:44:03.943-0300] {logging_mixin.py:188} INFO - [2025-11-17T19:44:03.943-0300] {dag.py:3947} INFO - Setting next_dagrun for example_xcom_args_with_operators to None, run_after=None
[2025-11-17T19:44:03.951-0300] {processor.py:183} INFO - Processing /Library/Frameworks/Python.framework/Versions/3.11/lib/python3.11/site-packages/airflow/example_dags/example_xcomargs.py took 0.106 seconds
[2025-11-17T19:45:01.315-0300] {processor.py:161} INFO - Started process (PID=50838) to work on /Library/Frameworks/Python.framework/Versions/3.11/lib/python3.11/site-packages/airflow/example_dags/example_xcomargs.py
[2025-11-17T19:45:01.317-0300] {processor.py:830} INFO - Processing file /Library/Frameworks/Python.framework/Versions/3.11/lib/python3.11/site-packages/airflow/example_dags/example_xcomargs.py for tasks to queue
[2025-11-17T19:45:01.317-0300] {logging_mixin.py:188} INFO - [2025-11-17T19:45:01.317-0300] {dagbag.py:545} INFO - Filling up the DagBag from /Library/Frameworks/Python.framework/Versions/3.11/lib/python3.11/site-packages/airflow/example_dags/example_xcomargs.py
[2025-11-17T19:45:01.362-0300] {processor.py:840} INFO - DAG(s) 'example_xcom_args', 'example_xcom_args_with_operators' retrieved from /Library/Frameworks/Python.framework/Versions/3.11/lib/python3.11/site-packages/airflow/example_dags/example_xcomargs.py
[2025-11-17T19:45:01.402-0300] {logging_mixin.py:188} INFO - [2025-11-17T19:45:01.402-0300] {dag.py:3089} INFO - Sync 2 DAGs
[2025-11-17T19:45:01.405-0300] {logging_mixin.py:188} INFO - [2025-11-17T19:45:01.405-0300] {dag.py:3947} INFO - Setting next_dagrun for example_xcom_args to None, run_after=None
[2025-11-17T19:45:01.406-0300] {logging_mixin.py:188} INFO - [2025-11-17T19:45:01.406-0300] {dag.py:3947} INFO - Setting next_dagrun for example_xcom_args_with_operators to None, run_after=None
[2025-11-17T19:45:01.412-0300] {processor.py:183} INFO - Processing /Library/Frameworks/Python.framework/Versions/3.11/lib/python3.11/site-packages/airflow/example_dags/example_xcomargs.py took 0.097 seconds
[2025-11-17T19:50:04.482-0300] {processor.py:161} INFO - Started process (PID=52062) to work on /Library/Frameworks/Python.framework/Versions/3.11/lib/python3.11/site-packages/airflow/example_dags/example_xcomargs.py
[2025-11-17T19:50:04.483-0300] {processor.py:830} INFO - Processing file /Library/Frameworks/Python.framework/Versions/3.11/lib/python3.11/site-packages/airflow/example_dags/example_xcomargs.py for tasks to queue
[2025-11-17T19:50:04.483-0300] {logging_mixin.py:188} INFO - [2025-11-17T19:50:04.483-0300] {dagbag.py:545} INFO - Filling up the DagBag from /Library/Frameworks/Python.framework/Versions/3.11/lib/python3.11/site-packages/airflow/example_dags/example_xcomargs.py
[2025-11-17T19:50:04.527-0300] {processor.py:840} INFO - DAG(s) 'example_xcom_args', 'example_xcom_args_with_operators' retrieved from /Library/Frameworks/Python.framework/Versions/3.11/lib/python3.11/site-packages/airflow/example_dags/example_xcomargs.py
[2025-11-17T19:50:04.598-0300] {logging_mixin.py:188} INFO - [2025-11-17T19:50:04.598-0300] {dag.py:3089} INFO - Sync 2 DAGs
[2025-11-17T19:50:04.602-0300] {logging_mixin.py:188} INFO - [2025-11-17T19:50:04.602-0300] {dag.py:3947} INFO - Setting next_dagrun for example_xcom_args to None, run_after=None
[2025-11-17T19:50:04.603-0300] {logging_mixin.py:188} INFO - [2025-11-17T19:50:04.603-0300] {dag.py:3947} INFO - Setting next_dagrun for example_xcom_args_with_operators to None, run_after=None
[2025-11-17T19:50:04.610-0300] {processor.py:183} INFO - Processing /Library/Frameworks/Python.framework/Versions/3.11/lib/python3.11/site-packages/airflow/example_dags/example_xcomargs.py took 0.129 seconds
