[2025-11-17T19:37:49.385-0300] {processor.py:161} INFO - Started process (PID=48203) to work on /Library/Frameworks/Python.framework/Versions/3.11/lib/python3.11/site-packages/airflow/example_dags/example_local_kubernetes_executor.py
[2025-11-17T19:37:49.386-0300] {processor.py:830} INFO - Processing file /Library/Frameworks/Python.framework/Versions/3.11/lib/python3.11/site-packages/airflow/example_dags/example_local_kubernetes_executor.py for tasks to queue
[2025-11-17T19:37:49.386-0300] {logging_mixin.py:188} INFO - [2025-11-17T19:37:49.386-0300] {dagbag.py:545} INFO - Filling up the DagBag from /Library/Frameworks/Python.framework/Versions/3.11/lib/python3.11/site-packages/airflow/example_dags/example_local_kubernetes_executor.py
[2025-11-17T19:37:49.401-0300] {logging_mixin.py:188} INFO - [2025-11-17T19:37:49.401-0300] {example_local_kubernetes_executor.py:40} WARNING - Could not import DAGs in example_local_kubernetes_executor.py
Traceback (most recent call last):
  File "/Library/Frameworks/Python.framework/Versions/3.11/lib/python3.11/site-packages/airflow/example_dags/example_local_kubernetes_executor.py", line 38, in <module>
    from kubernetes.client import models as k8s
ModuleNotFoundError: No module named 'kubernetes'
[2025-11-17T19:37:49.401-0300] {logging_mixin.py:188} INFO - [2025-11-17T19:37:49.401-0300] {example_local_kubernetes_executor.py:41} WARNING - Install Kubernetes dependencies with: pip install apache-airflow[cncf.kubernetes]
[2025-11-17T19:37:49.402-0300] {processor.py:842} WARNING - No viable dags retrieved from /Library/Frameworks/Python.framework/Versions/3.11/lib/python3.11/site-packages/airflow/example_dags/example_local_kubernetes_executor.py
[2025-11-17T19:37:49.456-0300] {processor.py:183} INFO - Processing /Library/Frameworks/Python.framework/Versions/3.11/lib/python3.11/site-packages/airflow/example_dags/example_local_kubernetes_executor.py took 0.072 seconds
[2025-11-17T19:39:36.446-0300] {processor.py:161} INFO - Started process (PID=48441) to work on /Library/Frameworks/Python.framework/Versions/3.11/lib/python3.11/site-packages/airflow/example_dags/example_local_kubernetes_executor.py
[2025-11-17T19:39:36.447-0300] {processor.py:830} INFO - Processing file /Library/Frameworks/Python.framework/Versions/3.11/lib/python3.11/site-packages/airflow/example_dags/example_local_kubernetes_executor.py for tasks to queue
[2025-11-17T19:39:36.448-0300] {logging_mixin.py:188} INFO - [2025-11-17T19:39:36.447-0300] {dagbag.py:545} INFO - Filling up the DagBag from /Library/Frameworks/Python.framework/Versions/3.11/lib/python3.11/site-packages/airflow/example_dags/example_local_kubernetes_executor.py
[2025-11-17T19:39:36.462-0300] {logging_mixin.py:188} INFO - [2025-11-17T19:39:36.462-0300] {example_local_kubernetes_executor.py:40} WARNING - Could not import DAGs in example_local_kubernetes_executor.py
Traceback (most recent call last):
  File "/Library/Frameworks/Python.framework/Versions/3.11/lib/python3.11/site-packages/airflow/example_dags/example_local_kubernetes_executor.py", line 38, in <module>
    from kubernetes.client import models as k8s
ModuleNotFoundError: No module named 'kubernetes'
[2025-11-17T19:39:36.462-0300] {logging_mixin.py:188} INFO - [2025-11-17T19:39:36.462-0300] {example_local_kubernetes_executor.py:41} WARNING - Install Kubernetes dependencies with: pip install apache-airflow[cncf.kubernetes]
[2025-11-17T19:39:36.462-0300] {processor.py:842} WARNING - No viable dags retrieved from /Library/Frameworks/Python.framework/Versions/3.11/lib/python3.11/site-packages/airflow/example_dags/example_local_kubernetes_executor.py
[2025-11-17T19:39:36.516-0300] {processor.py:183} INFO - Processing /Library/Frameworks/Python.framework/Versions/3.11/lib/python3.11/site-packages/airflow/example_dags/example_local_kubernetes_executor.py took 0.071 seconds
[2025-11-17T19:42:04.769-0300] {processor.py:161} INFO - Started process (PID=48839) to work on /Library/Frameworks/Python.framework/Versions/3.11/lib/python3.11/site-packages/airflow/example_dags/example_local_kubernetes_executor.py
[2025-11-17T19:42:04.769-0300] {processor.py:830} INFO - Processing file /Library/Frameworks/Python.framework/Versions/3.11/lib/python3.11/site-packages/airflow/example_dags/example_local_kubernetes_executor.py for tasks to queue
[2025-11-17T19:42:04.770-0300] {logging_mixin.py:188} INFO - [2025-11-17T19:42:04.770-0300] {dagbag.py:545} INFO - Filling up the DagBag from /Library/Frameworks/Python.framework/Versions/3.11/lib/python3.11/site-packages/airflow/example_dags/example_local_kubernetes_executor.py
[2025-11-17T19:42:04.785-0300] {logging_mixin.py:188} INFO - [2025-11-17T19:42:04.785-0300] {example_local_kubernetes_executor.py:40} WARNING - Could not import DAGs in example_local_kubernetes_executor.py
Traceback (most recent call last):
  File "/Library/Frameworks/Python.framework/Versions/3.11/lib/python3.11/site-packages/airflow/example_dags/example_local_kubernetes_executor.py", line 38, in <module>
    from kubernetes.client import models as k8s
ModuleNotFoundError: No module named 'kubernetes'
[2025-11-17T19:42:04.786-0300] {logging_mixin.py:188} INFO - [2025-11-17T19:42:04.786-0300] {example_local_kubernetes_executor.py:41} WARNING - Install Kubernetes dependencies with: pip install apache-airflow[cncf.kubernetes]
[2025-11-17T19:42:04.786-0300] {processor.py:842} WARNING - No viable dags retrieved from /Library/Frameworks/Python.framework/Versions/3.11/lib/python3.11/site-packages/airflow/example_dags/example_local_kubernetes_executor.py
[2025-11-17T19:42:04.842-0300] {processor.py:183} INFO - Processing /Library/Frameworks/Python.framework/Versions/3.11/lib/python3.11/site-packages/airflow/example_dags/example_local_kubernetes_executor.py took 0.075 seconds
