[2025-11-17T19:37:39.550-0300] {processor.py:161} INFO - Started process (PID=48189) to work on /Library/Frameworks/Python.framework/Versions/3.11/lib/python3.11/site-packages/airflow/example_dags/example_python_decorator.py
[2025-11-17T19:37:39.550-0300] {processor.py:830} INFO - Processing file /Library/Frameworks/Python.framework/Versions/3.11/lib/python3.11/site-packages/airflow/example_dags/example_python_decorator.py for tasks to queue
[2025-11-17T19:37:39.550-0300] {logging_mixin.py:188} INFO - [2025-11-17T19:37:39.550-0300] {dagbag.py:545} INFO - Filling up the DagBag from /Library/Frameworks/Python.framework/Versions/3.11/lib/python3.11/site-packages/airflow/example_dags/example_python_decorator.py
[2025-11-17T19:37:39.596-0300] {logging_mixin.py:188} INFO - [2025-11-17T19:37:39.595-0300] {example_python_decorator.py:80} WARNING - The virtalenv_python example task requires virtualenv, please install it.
[2025-11-17T19:37:39.596-0300] {processor.py:840} INFO - DAG(s) 'example_python_decorator' retrieved from /Library/Frameworks/Python.framework/Versions/3.11/lib/python3.11/site-packages/airflow/example_dags/example_python_decorator.py
[2025-11-17T19:37:39.664-0300] {logging_mixin.py:188} INFO - [2025-11-17T19:37:39.664-0300] {override.py:1930} INFO - Created Permission View: can edit on DAG:example_python_decorator
[2025-11-17T19:37:39.667-0300] {logging_mixin.py:188} INFO - [2025-11-17T19:37:39.667-0300] {override.py:1930} INFO - Created Permission View: can read on DAG:example_python_decorator
[2025-11-17T19:37:39.669-0300] {logging_mixin.py:188} INFO - [2025-11-17T19:37:39.669-0300] {override.py:1930} INFO - Created Permission View: can delete on DAG:example_python_decorator
[2025-11-17T19:37:39.669-0300] {logging_mixin.py:188} INFO - [2025-11-17T19:37:39.669-0300] {dag.py:3089} INFO - Sync 1 DAGs
[2025-11-17T19:37:39.673-0300] {logging_mixin.py:188} INFO - [2025-11-17T19:37:39.673-0300] {dag.py:3111} INFO - Creating ORM DAG for example_python_decorator
[2025-11-17T19:37:39.673-0300] {logging_mixin.py:188} INFO - [2025-11-17T19:37:39.673-0300] {dag.py:3947} INFO - Setting next_dagrun for example_python_decorator to None, run_after=None
[2025-11-17T19:37:39.680-0300] {processor.py:183} INFO - Processing /Library/Frameworks/Python.framework/Versions/3.11/lib/python3.11/site-packages/airflow/example_dags/example_python_decorator.py took 0.131 seconds
[2025-11-17T19:39:27.431-0300] {processor.py:161} INFO - Started process (PID=48421) to work on /Library/Frameworks/Python.framework/Versions/3.11/lib/python3.11/site-packages/airflow/example_dags/example_python_decorator.py
[2025-11-17T19:39:27.431-0300] {processor.py:830} INFO - Processing file /Library/Frameworks/Python.framework/Versions/3.11/lib/python3.11/site-packages/airflow/example_dags/example_python_decorator.py for tasks to queue
[2025-11-17T19:39:27.432-0300] {logging_mixin.py:188} INFO - [2025-11-17T19:39:27.432-0300] {dagbag.py:545} INFO - Filling up the DagBag from /Library/Frameworks/Python.framework/Versions/3.11/lib/python3.11/site-packages/airflow/example_dags/example_python_decorator.py
[2025-11-17T19:39:27.481-0300] {logging_mixin.py:188} INFO - [2025-11-17T19:39:27.481-0300] {example_python_decorator.py:80} WARNING - The virtalenv_python example task requires virtualenv, please install it.
[2025-11-17T19:39:27.482-0300] {processor.py:840} INFO - DAG(s) 'example_python_decorator' retrieved from /Library/Frameworks/Python.framework/Versions/3.11/lib/python3.11/site-packages/airflow/example_dags/example_python_decorator.py
[2025-11-17T19:39:27.520-0300] {logging_mixin.py:188} INFO - [2025-11-17T19:39:27.520-0300] {dag.py:3089} INFO - Sync 1 DAGs
[2025-11-17T19:39:27.523-0300] {logging_mixin.py:188} INFO - [2025-11-17T19:39:27.523-0300] {dag.py:3947} INFO - Setting next_dagrun for example_python_decorator to None, run_after=None
[2025-11-17T19:39:27.531-0300] {processor.py:183} INFO - Processing /Library/Frameworks/Python.framework/Versions/3.11/lib/python3.11/site-packages/airflow/example_dags/example_python_decorator.py took 0.101 seconds
[2025-11-17T19:41:54.867-0300] {processor.py:161} INFO - Started process (PID=48795) to work on /Library/Frameworks/Python.framework/Versions/3.11/lib/python3.11/site-packages/airflow/example_dags/example_python_decorator.py
[2025-11-17T19:41:54.868-0300] {processor.py:830} INFO - Processing file /Library/Frameworks/Python.framework/Versions/3.11/lib/python3.11/site-packages/airflow/example_dags/example_python_decorator.py for tasks to queue
[2025-11-17T19:41:54.868-0300] {logging_mixin.py:188} INFO - [2025-11-17T19:41:54.868-0300] {dagbag.py:545} INFO - Filling up the DagBag from /Library/Frameworks/Python.framework/Versions/3.11/lib/python3.11/site-packages/airflow/example_dags/example_python_decorator.py
[2025-11-17T19:41:54.917-0300] {logging_mixin.py:188} INFO - [2025-11-17T19:41:54.917-0300] {example_python_decorator.py:80} WARNING - The virtalenv_python example task requires virtualenv, please install it.
[2025-11-17T19:41:54.918-0300] {processor.py:840} INFO - DAG(s) 'example_python_decorator' retrieved from /Library/Frameworks/Python.framework/Versions/3.11/lib/python3.11/site-packages/airflow/example_dags/example_python_decorator.py
[2025-11-17T19:41:54.960-0300] {logging_mixin.py:188} INFO - [2025-11-17T19:41:54.959-0300] {dag.py:3089} INFO - Sync 1 DAGs
[2025-11-17T19:41:54.963-0300] {logging_mixin.py:188} INFO - [2025-11-17T19:41:54.963-0300] {dag.py:3947} INFO - Setting next_dagrun for example_python_decorator to None, run_after=None
[2025-11-17T19:41:54.971-0300] {processor.py:183} INFO - Processing /Library/Frameworks/Python.framework/Versions/3.11/lib/python3.11/site-packages/airflow/example_dags/example_python_decorator.py took 0.105 seconds
