[2025-11-17T19:38:15.498-0300] {processor.py:161} INFO - Started process (PID=48277) to work on /Library/Frameworks/Python.framework/Versions/3.11/lib/python3.11/site-packages/airflow/example_dags/example_branch_labels.py
[2025-11-17T19:38:15.498-0300] {processor.py:830} INFO - Processing file /Library/Frameworks/Python.framework/Versions/3.11/lib/python3.11/site-packages/airflow/example_dags/example_branch_labels.py for tasks to queue
[2025-11-17T19:38:15.499-0300] {logging_mixin.py:188} INFO - [2025-11-17T19:38:15.499-0300] {dagbag.py:545} INFO - Filling up the DagBag from /Library/Frameworks/Python.framework/Versions/3.11/lib/python3.11/site-packages/airflow/example_dags/example_branch_labels.py
[2025-11-17T19:38:15.503-0300] {processor.py:840} INFO - DAG(s) 'example_branch_labels' retrieved from /Library/Frameworks/Python.framework/Versions/3.11/lib/python3.11/site-packages/airflow/example_dags/example_branch_labels.py
[2025-11-17T19:38:15.607-0300] {logging_mixin.py:188} INFO - [2025-11-17T19:38:15.607-0300] {override.py:1930} INFO - Created Permission View: can read on DAG:example_branch_labels
[2025-11-17T19:38:15.610-0300] {logging_mixin.py:188} INFO - [2025-11-17T19:38:15.610-0300] {override.py:1930} INFO - Created Permission View: can delete on DAG:example_branch_labels
[2025-11-17T19:38:15.612-0300] {logging_mixin.py:188} INFO - [2025-11-17T19:38:15.612-0300] {override.py:1930} INFO - Created Permission View: can edit on DAG:example_branch_labels
[2025-11-17T19:38:15.612-0300] {logging_mixin.py:188} INFO - [2025-11-17T19:38:15.612-0300] {dag.py:3089} INFO - Sync 1 DAGs
[2025-11-17T19:38:15.616-0300] {logging_mixin.py:188} INFO - [2025-11-17T19:38:15.615-0300] {dag.py:3111} INFO - Creating ORM DAG for example_branch_labels
[2025-11-17T19:38:15.619-0300] {logging_mixin.py:188} INFO - [2025-11-17T19:38:15.619-0300] {dag.py:3947} INFO - Setting next_dagrun for example_branch_labels to 2025-11-16 00:00:00+00:00, run_after=2025-11-17 00:00:00+00:00
[2025-11-17T19:38:15.625-0300] {processor.py:183} INFO - Processing /Library/Frameworks/Python.framework/Versions/3.11/lib/python3.11/site-packages/airflow/example_dags/example_branch_labels.py took 0.129 seconds
[2025-11-17T19:40:44.478-0300] {processor.py:161} INFO - Started process (PID=48578) to work on /Library/Frameworks/Python.framework/Versions/3.11/lib/python3.11/site-packages/airflow/example_dags/example_branch_labels.py
[2025-11-17T19:40:44.479-0300] {processor.py:830} INFO - Processing file /Library/Frameworks/Python.framework/Versions/3.11/lib/python3.11/site-packages/airflow/example_dags/example_branch_labels.py for tasks to queue
[2025-11-17T19:40:44.480-0300] {logging_mixin.py:188} INFO - [2025-11-17T19:40:44.480-0300] {dagbag.py:545} INFO - Filling up the DagBag from /Library/Frameworks/Python.framework/Versions/3.11/lib/python3.11/site-packages/airflow/example_dags/example_branch_labels.py
[2025-11-17T19:40:44.484-0300] {processor.py:840} INFO - DAG(s) 'example_branch_labels' retrieved from /Library/Frameworks/Python.framework/Versions/3.11/lib/python3.11/site-packages/airflow/example_dags/example_branch_labels.py
[2025-11-17T19:40:44.554-0300] {logging_mixin.py:188} INFO - [2025-11-17T19:40:44.553-0300] {dag.py:3089} INFO - Sync 1 DAGs
[2025-11-17T19:40:44.560-0300] {logging_mixin.py:188} INFO - [2025-11-17T19:40:44.560-0300] {dag.py:3947} INFO - Setting next_dagrun for example_branch_labels to 2025-11-16 00:00:00+00:00, run_after=2025-11-17 00:00:00+00:00
[2025-11-17T19:40:44.568-0300] {processor.py:183} INFO - Processing /Library/Frameworks/Python.framework/Versions/3.11/lib/python3.11/site-packages/airflow/example_dags/example_branch_labels.py took 0.091 seconds
[2025-11-17T19:43:21.112-0300] {processor.py:161} INFO - Started process (PID=49783) to work on /Library/Frameworks/Python.framework/Versions/3.11/lib/python3.11/site-packages/airflow/example_dags/example_branch_labels.py
[2025-11-17T19:43:21.113-0300] {processor.py:830} INFO - Processing file /Library/Frameworks/Python.framework/Versions/3.11/lib/python3.11/site-packages/airflow/example_dags/example_branch_labels.py for tasks to queue
[2025-11-17T19:43:21.113-0300] {logging_mixin.py:188} INFO - [2025-11-17T19:43:21.113-0300] {dagbag.py:545} INFO - Filling up the DagBag from /Library/Frameworks/Python.framework/Versions/3.11/lib/python3.11/site-packages/airflow/example_dags/example_branch_labels.py
[2025-11-17T19:43:21.117-0300] {processor.py:840} INFO - DAG(s) 'example_branch_labels' retrieved from /Library/Frameworks/Python.framework/Versions/3.11/lib/python3.11/site-packages/airflow/example_dags/example_branch_labels.py
[2025-11-17T19:43:21.187-0300] {logging_mixin.py:188} INFO - [2025-11-17T19:43:21.187-0300] {dag.py:3089} INFO - Sync 1 DAGs
[2025-11-17T19:43:21.193-0300] {logging_mixin.py:188} INFO - [2025-11-17T19:43:21.193-0300] {dag.py:3947} INFO - Setting next_dagrun for example_branch_labels to 2025-11-16 00:00:00+00:00, run_after=2025-11-17 00:00:00+00:00
[2025-11-17T19:43:21.202-0300] {processor.py:183} INFO - Processing /Library/Frameworks/Python.framework/Versions/3.11/lib/python3.11/site-packages/airflow/example_dags/example_branch_labels.py took 0.091 seconds
