[2025-11-17T19:38:00.466-0300] {processor.py:161} INFO - Started process (PID=48226) to work on /Library/Frameworks/Python.framework/Versions/3.11/lib/python3.11/site-packages/airflow/example_dags/example_dynamic_task_mapping.py
[2025-11-17T19:38:00.467-0300] {processor.py:830} INFO - Processing file /Library/Frameworks/Python.framework/Versions/3.11/lib/python3.11/site-packages/airflow/example_dags/example_dynamic_task_mapping.py for tasks to queue
[2025-11-17T19:38:00.467-0300] {logging_mixin.py:188} INFO - [2025-11-17T19:38:00.467-0300] {dagbag.py:545} INFO - Filling up the DagBag from /Library/Frameworks/Python.framework/Versions/3.11/lib/python3.11/site-packages/airflow/example_dags/example_dynamic_task_mapping.py
[2025-11-17T19:38:00.515-0300] {processor.py:840} INFO - DAG(s) 'example_dynamic_task_mapping' retrieved from /Library/Frameworks/Python.framework/Versions/3.11/lib/python3.11/site-packages/airflow/example_dags/example_dynamic_task_mapping.py
[2025-11-17T19:38:00.587-0300] {logging_mixin.py:188} INFO - [2025-11-17T19:38:00.586-0300] {override.py:1930} INFO - Created Permission View: can delete on DAG:example_dynamic_task_mapping
[2025-11-17T19:38:00.590-0300] {logging_mixin.py:188} INFO - [2025-11-17T19:38:00.590-0300] {override.py:1930} INFO - Created Permission View: can edit on DAG:example_dynamic_task_mapping
[2025-11-17T19:38:00.593-0300] {logging_mixin.py:188} INFO - [2025-11-17T19:38:00.593-0300] {override.py:1930} INFO - Created Permission View: can read on DAG:example_dynamic_task_mapping
[2025-11-17T19:38:00.593-0300] {logging_mixin.py:188} INFO - [2025-11-17T19:38:00.593-0300] {dag.py:3089} INFO - Sync 1 DAGs
[2025-11-17T19:38:00.597-0300] {logging_mixin.py:188} INFO - [2025-11-17T19:38:00.597-0300] {dag.py:3111} INFO - Creating ORM DAG for example_dynamic_task_mapping
[2025-11-17T19:38:00.600-0300] {logging_mixin.py:188} INFO - [2025-11-17T19:38:00.600-0300] {dag.py:3947} INFO - Setting next_dagrun for example_dynamic_task_mapping to 2022-03-04 00:00:00+00:00, run_after=2022-03-05 00:00:00+00:00
[2025-11-17T19:38:00.607-0300] {processor.py:183} INFO - Processing /Library/Frameworks/Python.framework/Versions/3.11/lib/python3.11/site-packages/airflow/example_dags/example_dynamic_task_mapping.py took 0.142 seconds
[2025-11-17T19:39:46.182-0300] {processor.py:161} INFO - Started process (PID=48462) to work on /Library/Frameworks/Python.framework/Versions/3.11/lib/python3.11/site-packages/airflow/example_dags/example_dynamic_task_mapping.py
[2025-11-17T19:39:46.183-0300] {processor.py:830} INFO - Processing file /Library/Frameworks/Python.framework/Versions/3.11/lib/python3.11/site-packages/airflow/example_dags/example_dynamic_task_mapping.py for tasks to queue
[2025-11-17T19:39:46.183-0300] {logging_mixin.py:188} INFO - [2025-11-17T19:39:46.183-0300] {dagbag.py:545} INFO - Filling up the DagBag from /Library/Frameworks/Python.framework/Versions/3.11/lib/python3.11/site-packages/airflow/example_dags/example_dynamic_task_mapping.py
[2025-11-17T19:39:46.227-0300] {processor.py:840} INFO - DAG(s) 'example_dynamic_task_mapping' retrieved from /Library/Frameworks/Python.framework/Versions/3.11/lib/python3.11/site-packages/airflow/example_dags/example_dynamic_task_mapping.py
[2025-11-17T19:39:46.265-0300] {logging_mixin.py:188} INFO - [2025-11-17T19:39:46.265-0300] {dag.py:3089} INFO - Sync 1 DAGs
[2025-11-17T19:39:46.271-0300] {logging_mixin.py:188} INFO - [2025-11-17T19:39:46.270-0300] {dag.py:3947} INFO - Setting next_dagrun for example_dynamic_task_mapping to 2022-03-04 00:00:00+00:00, run_after=2022-03-05 00:00:00+00:00
[2025-11-17T19:39:46.277-0300] {processor.py:183} INFO - Processing /Library/Frameworks/Python.framework/Versions/3.11/lib/python3.11/site-packages/airflow/example_dags/example_dynamic_task_mapping.py took 0.097 seconds
[2025-11-17T19:42:15.687-0300] {processor.py:161} INFO - Started process (PID=48881) to work on /Library/Frameworks/Python.framework/Versions/3.11/lib/python3.11/site-packages/airflow/example_dags/example_dynamic_task_mapping.py
[2025-11-17T19:42:15.688-0300] {processor.py:830} INFO - Processing file /Library/Frameworks/Python.framework/Versions/3.11/lib/python3.11/site-packages/airflow/example_dags/example_dynamic_task_mapping.py for tasks to queue
[2025-11-17T19:42:15.688-0300] {logging_mixin.py:188} INFO - [2025-11-17T19:42:15.688-0300] {dagbag.py:545} INFO - Filling up the DagBag from /Library/Frameworks/Python.framework/Versions/3.11/lib/python3.11/site-packages/airflow/example_dags/example_dynamic_task_mapping.py
[2025-11-17T19:42:15.733-0300] {processor.py:840} INFO - DAG(s) 'example_dynamic_task_mapping' retrieved from /Library/Frameworks/Python.framework/Versions/3.11/lib/python3.11/site-packages/airflow/example_dags/example_dynamic_task_mapping.py
[2025-11-17T19:42:15.772-0300] {logging_mixin.py:188} INFO - [2025-11-17T19:42:15.772-0300] {dag.py:3089} INFO - Sync 1 DAGs
[2025-11-17T19:42:15.778-0300] {logging_mixin.py:188} INFO - [2025-11-17T19:42:15.778-0300] {dag.py:3947} INFO - Setting next_dagrun for example_dynamic_task_mapping to 2022-03-04 00:00:00+00:00, run_after=2022-03-05 00:00:00+00:00
[2025-11-17T19:42:15.784-0300] {processor.py:183} INFO - Processing /Library/Frameworks/Python.framework/Versions/3.11/lib/python3.11/site-packages/airflow/example_dags/example_dynamic_task_mapping.py took 0.098 seconds
