[2025-11-17T19:38:21.522-0300] {processor.py:161} INFO - Started process (PID=48288) to work on /Library/Frameworks/Python.framework/Versions/3.11/lib/python3.11/site-packages/airflow/example_dags/example_bash_operator.py
[2025-11-17T19:38:21.523-0300] {processor.py:830} INFO - Processing file /Library/Frameworks/Python.framework/Versions/3.11/lib/python3.11/site-packages/airflow/example_dags/example_bash_operator.py for tasks to queue
[2025-11-17T19:38:21.523-0300] {logging_mixin.py:188} INFO - [2025-11-17T19:38:21.523-0300] {dagbag.py:545} INFO - Filling up the DagBag from /Library/Frameworks/Python.framework/Versions/3.11/lib/python3.11/site-packages/airflow/example_dags/example_bash_operator.py
[2025-11-17T19:38:21.528-0300] {processor.py:840} INFO - DAG(s) 'example_bash_operator' retrieved from /Library/Frameworks/Python.framework/Versions/3.11/lib/python3.11/site-packages/airflow/example_dags/example_bash_operator.py
[2025-11-17T19:38:21.629-0300] {logging_mixin.py:188} INFO - [2025-11-17T19:38:21.629-0300] {override.py:1930} INFO - Created Permission View: can delete on DAG:example_bash_operator
[2025-11-17T19:38:21.632-0300] {logging_mixin.py:188} INFO - [2025-11-17T19:38:21.632-0300] {override.py:1930} INFO - Created Permission View: can edit on DAG:example_bash_operator
[2025-11-17T19:38:21.634-0300] {logging_mixin.py:188} INFO - [2025-11-17T19:38:21.634-0300] {override.py:1930} INFO - Created Permission View: can read on DAG:example_bash_operator
[2025-11-17T19:38:21.634-0300] {logging_mixin.py:188} INFO - [2025-11-17T19:38:21.634-0300] {dag.py:3089} INFO - Sync 1 DAGs
[2025-11-17T19:38:21.638-0300] {logging_mixin.py:188} INFO - [2025-11-17T19:38:21.638-0300] {dag.py:3111} INFO - Creating ORM DAG for example_bash_operator
[2025-11-17T19:38:21.641-0300] {logging_mixin.py:188} INFO - [2025-11-17T19:38:21.641-0300] {dag.py:3947} INFO - Setting next_dagrun for example_bash_operator to 2025-11-16 00:00:00+00:00, run_after=2025-11-17 00:00:00+00:00
[2025-11-17T19:38:21.649-0300] {processor.py:183} INFO - Processing /Library/Frameworks/Python.framework/Versions/3.11/lib/python3.11/site-packages/airflow/example_dags/example_bash_operator.py took 0.128 seconds
[2025-11-17T19:40:49.981-0300] {processor.py:161} INFO - Started process (PID=48588) to work on /Library/Frameworks/Python.framework/Versions/3.11/lib/python3.11/site-packages/airflow/example_dags/example_bash_operator.py
[2025-11-17T19:40:49.982-0300] {processor.py:830} INFO - Processing file /Library/Frameworks/Python.framework/Versions/3.11/lib/python3.11/site-packages/airflow/example_dags/example_bash_operator.py for tasks to queue
[2025-11-17T19:40:49.983-0300] {logging_mixin.py:188} INFO - [2025-11-17T19:40:49.983-0300] {dagbag.py:545} INFO - Filling up the DagBag from /Library/Frameworks/Python.framework/Versions/3.11/lib/python3.11/site-packages/airflow/example_dags/example_bash_operator.py
[2025-11-17T19:40:49.988-0300] {processor.py:840} INFO - DAG(s) 'example_bash_operator' retrieved from /Library/Frameworks/Python.framework/Versions/3.11/lib/python3.11/site-packages/airflow/example_dags/example_bash_operator.py
[2025-11-17T19:40:50.059-0300] {logging_mixin.py:188} INFO - [2025-11-17T19:40:50.058-0300] {dag.py:3089} INFO - Sync 1 DAGs
[2025-11-17T19:40:50.064-0300] {logging_mixin.py:188} INFO - [2025-11-17T19:40:50.064-0300] {dag.py:3947} INFO - Setting next_dagrun for example_bash_operator to 2025-11-16 00:00:00+00:00, run_after=2025-11-17 00:00:00+00:00
[2025-11-17T19:40:50.072-0300] {processor.py:183} INFO - Processing /Library/Frameworks/Python.framework/Versions/3.11/lib/python3.11/site-packages/airflow/example_dags/example_bash_operator.py took 0.092 seconds
[2025-11-17T19:43:26.634-0300] {processor.py:161} INFO - Started process (PID=49908) to work on /Library/Frameworks/Python.framework/Versions/3.11/lib/python3.11/site-packages/airflow/example_dags/example_bash_operator.py
[2025-11-17T19:43:26.634-0300] {processor.py:830} INFO - Processing file /Library/Frameworks/Python.framework/Versions/3.11/lib/python3.11/site-packages/airflow/example_dags/example_bash_operator.py for tasks to queue
[2025-11-17T19:43:26.635-0300] {logging_mixin.py:188} INFO - [2025-11-17T19:43:26.635-0300] {dagbag.py:545} INFO - Filling up the DagBag from /Library/Frameworks/Python.framework/Versions/3.11/lib/python3.11/site-packages/airflow/example_dags/example_bash_operator.py
[2025-11-17T19:43:26.640-0300] {processor.py:840} INFO - DAG(s) 'example_bash_operator' retrieved from /Library/Frameworks/Python.framework/Versions/3.11/lib/python3.11/site-packages/airflow/example_dags/example_bash_operator.py
[2025-11-17T19:43:26.715-0300] {logging_mixin.py:188} INFO - [2025-11-17T19:43:26.715-0300] {dag.py:3089} INFO - Sync 1 DAGs
[2025-11-17T19:43:26.722-0300] {logging_mixin.py:188} INFO - [2025-11-17T19:43:26.722-0300] {dag.py:3947} INFO - Setting next_dagrun for example_bash_operator to 2025-11-16 00:00:00+00:00, run_after=2025-11-17 00:00:00+00:00
[2025-11-17T19:43:26.731-0300] {processor.py:183} INFO - Processing /Library/Frameworks/Python.framework/Versions/3.11/lib/python3.11/site-packages/airflow/example_dags/example_bash_operator.py took 0.098 seconds
