[2025-11-17T19:38:10.425-0300] {processor.py:161} INFO - Started process (PID=48249) to work on /Library/Frameworks/Python.framework/Versions/3.11/lib/python3.11/site-packages/airflow/example_dags/example_branch_python_dop_operator_3.py
[2025-11-17T19:38:10.425-0300] {processor.py:830} INFO - Processing file /Library/Frameworks/Python.framework/Versions/3.11/lib/python3.11/site-packages/airflow/example_dags/example_branch_python_dop_operator_3.py for tasks to queue
[2025-11-17T19:38:10.426-0300] {logging_mixin.py:188} INFO - [2025-11-17T19:38:10.425-0300] {dagbag.py:545} INFO - Filling up the DagBag from /Library/Frameworks/Python.framework/Versions/3.11/lib/python3.11/site-packages/airflow/example_dags/example_branch_python_dop_operator_3.py
[2025-11-17T19:38:10.471-0300] {processor.py:840} INFO - DAG(s) 'example_branch_dop_operator_v3' retrieved from /Library/Frameworks/Python.framework/Versions/3.11/lib/python3.11/site-packages/airflow/example_dags/example_branch_python_dop_operator_3.py
[2025-11-17T19:38:10.540-0300] {logging_mixin.py:188} INFO - [2025-11-17T19:38:10.540-0300] {override.py:1930} INFO - Created Permission View: can delete on DAG:example_branch_dop_operator_v3
[2025-11-17T19:38:10.543-0300] {logging_mixin.py:188} INFO - [2025-11-17T19:38:10.543-0300] {override.py:1930} INFO - Created Permission View: can read on DAG:example_branch_dop_operator_v3
[2025-11-17T19:38:10.545-0300] {logging_mixin.py:188} INFO - [2025-11-17T19:38:10.545-0300] {override.py:1930} INFO - Created Permission View: can edit on DAG:example_branch_dop_operator_v3
[2025-11-17T19:38:10.545-0300] {logging_mixin.py:188} INFO - [2025-11-17T19:38:10.545-0300] {dag.py:3089} INFO - Sync 1 DAGs
[2025-11-17T19:38:10.549-0300] {logging_mixin.py:188} INFO - [2025-11-17T19:38:10.549-0300] {dag.py:3111} INFO - Creating ORM DAG for example_branch_dop_operator_v3
[2025-11-17T19:38:10.553-0300] {logging_mixin.py:188} INFO - [2025-11-17T19:38:10.553-0300] {dag.py:3947} INFO - Setting next_dagrun for example_branch_dop_operator_v3 to 2025-11-17 22:37:00+00:00, run_after=2025-11-17 22:38:00+00:00
[2025-11-17T19:38:10.560-0300] {processor.py:183} INFO - Processing /Library/Frameworks/Python.framework/Versions/3.11/lib/python3.11/site-packages/airflow/example_dags/example_branch_python_dop_operator_3.py took 0.136 seconds
[2025-11-17T19:40:39.030-0300] {processor.py:161} INFO - Started process (PID=48568) to work on /Library/Frameworks/Python.framework/Versions/3.11/lib/python3.11/site-packages/airflow/example_dags/example_branch_python_dop_operator_3.py
[2025-11-17T19:40:39.031-0300] {processor.py:830} INFO - Processing file /Library/Frameworks/Python.framework/Versions/3.11/lib/python3.11/site-packages/airflow/example_dags/example_branch_python_dop_operator_3.py for tasks to queue
[2025-11-17T19:40:39.031-0300] {logging_mixin.py:188} INFO - [2025-11-17T19:40:39.031-0300] {dagbag.py:545} INFO - Filling up the DagBag from /Library/Frameworks/Python.framework/Versions/3.11/lib/python3.11/site-packages/airflow/example_dags/example_branch_python_dop_operator_3.py
[2025-11-17T19:40:39.075-0300] {processor.py:840} INFO - DAG(s) 'example_branch_dop_operator_v3' retrieved from /Library/Frameworks/Python.framework/Versions/3.11/lib/python3.11/site-packages/airflow/example_dags/example_branch_python_dop_operator_3.py
[2025-11-17T19:40:39.115-0300] {logging_mixin.py:188} INFO - [2025-11-17T19:40:39.115-0300] {dag.py:3089} INFO - Sync 1 DAGs
[2025-11-17T19:40:39.122-0300] {logging_mixin.py:188} INFO - [2025-11-17T19:40:39.122-0300] {dag.py:3947} INFO - Setting next_dagrun for example_branch_dop_operator_v3 to 2025-11-17 22:39:00+00:00, run_after=2025-11-17 22:40:00+00:00
[2025-11-17T19:40:39.128-0300] {processor.py:183} INFO - Processing /Library/Frameworks/Python.framework/Versions/3.11/lib/python3.11/site-packages/airflow/example_dags/example_branch_python_dop_operator_3.py took 0.100 seconds
[2025-11-17T19:43:16.098-0300] {processor.py:161} INFO - Started process (PID=49663) to work on /Library/Frameworks/Python.framework/Versions/3.11/lib/python3.11/site-packages/airflow/example_dags/example_branch_python_dop_operator_3.py
[2025-11-17T19:43:16.098-0300] {processor.py:830} INFO - Processing file /Library/Frameworks/Python.framework/Versions/3.11/lib/python3.11/site-packages/airflow/example_dags/example_branch_python_dop_operator_3.py for tasks to queue
[2025-11-17T19:43:16.099-0300] {logging_mixin.py:188} INFO - [2025-11-17T19:43:16.099-0300] {dagbag.py:545} INFO - Filling up the DagBag from /Library/Frameworks/Python.framework/Versions/3.11/lib/python3.11/site-packages/airflow/example_dags/example_branch_python_dop_operator_3.py
[2025-11-17T19:43:16.149-0300] {processor.py:840} INFO - DAG(s) 'example_branch_dop_operator_v3' retrieved from /Library/Frameworks/Python.framework/Versions/3.11/lib/python3.11/site-packages/airflow/example_dags/example_branch_python_dop_operator_3.py
[2025-11-17T19:43:16.192-0300] {logging_mixin.py:188} INFO - [2025-11-17T19:43:16.191-0300] {dag.py:3089} INFO - Sync 1 DAGs
[2025-11-17T19:43:16.201-0300] {logging_mixin.py:188} INFO - [2025-11-17T19:43:16.201-0300] {dag.py:3947} INFO - Setting next_dagrun for example_branch_dop_operator_v3 to 2025-11-17 22:42:00+00:00, run_after=2025-11-17 22:43:00+00:00
[2025-11-17T19:43:16.208-0300] {processor.py:183} INFO - Processing /Library/Frameworks/Python.framework/Versions/3.11/lib/python3.11/site-packages/airflow/example_dags/example_branch_python_dop_operator_3.py took 0.112 seconds
