[2025-11-17T19:37:56.401-0300] {processor.py:161} INFO - Started process (PID=48220) to work on /Library/Frameworks/Python.framework/Versions/3.11/lib/python3.11/site-packages/airflow/example_dags/example_external_task_marker_dag.py
[2025-11-17T19:37:56.404-0300] {processor.py:830} INFO - Processing file /Library/Frameworks/Python.framework/Versions/3.11/lib/python3.11/site-packages/airflow/example_dags/example_external_task_marker_dag.py for tasks to queue
[2025-11-17T19:37:56.405-0300] {logging_mixin.py:188} INFO - [2025-11-17T19:37:56.405-0300] {dagbag.py:545} INFO - Filling up the DagBag from /Library/Frameworks/Python.framework/Versions/3.11/lib/python3.11/site-packages/airflow/example_dags/example_external_task_marker_dag.py
[2025-11-17T19:37:56.410-0300] {processor.py:840} INFO - DAG(s) 'example_external_task_marker_parent', 'example_external_task_marker_child' retrieved from /Library/Frameworks/Python.framework/Versions/3.11/lib/python3.11/site-packages/airflow/example_dags/example_external_task_marker_dag.py
[2025-11-17T19:37:56.508-0300] {logging_mixin.py:188} INFO - [2025-11-17T19:37:56.507-0300] {override.py:1930} INFO - Created Permission View: can edit on DAG:example_external_task_marker_parent
[2025-11-17T19:37:56.511-0300] {logging_mixin.py:188} INFO - [2025-11-17T19:37:56.511-0300] {override.py:1930} INFO - Created Permission View: can delete on DAG:example_external_task_marker_parent
[2025-11-17T19:37:56.513-0300] {logging_mixin.py:188} INFO - [2025-11-17T19:37:56.513-0300] {override.py:1930} INFO - Created Permission View: can read on DAG:example_external_task_marker_parent
[2025-11-17T19:37:56.525-0300] {logging_mixin.py:188} INFO - [2025-11-17T19:37:56.525-0300] {override.py:1930} INFO - Created Permission View: can edit on DAG:example_external_task_marker_child
[2025-11-17T19:37:56.527-0300] {logging_mixin.py:188} INFO - [2025-11-17T19:37:56.527-0300] {override.py:1930} INFO - Created Permission View: can delete on DAG:example_external_task_marker_child
[2025-11-17T19:37:56.528-0300] {logging_mixin.py:188} INFO - [2025-11-17T19:37:56.528-0300] {override.py:1930} INFO - Created Permission View: can read on DAG:example_external_task_marker_child
[2025-11-17T19:37:56.529-0300] {logging_mixin.py:188} INFO - [2025-11-17T19:37:56.529-0300] {dag.py:3089} INFO - Sync 2 DAGs
[2025-11-17T19:37:56.532-0300] {logging_mixin.py:188} INFO - [2025-11-17T19:37:56.532-0300] {dag.py:3111} INFO - Creating ORM DAG for example_external_task_marker_child
[2025-11-17T19:37:56.532-0300] {logging_mixin.py:188} INFO - [2025-11-17T19:37:56.532-0300] {dag.py:3111} INFO - Creating ORM DAG for example_external_task_marker_parent
[2025-11-17T19:37:56.532-0300] {logging_mixin.py:188} INFO - [2025-11-17T19:37:56.532-0300] {dag.py:3947} INFO - Setting next_dagrun for example_external_task_marker_child to None, run_after=None
[2025-11-17T19:37:56.533-0300] {logging_mixin.py:188} INFO - [2025-11-17T19:37:56.533-0300] {dag.py:3947} INFO - Setting next_dagrun for example_external_task_marker_parent to None, run_after=None
[2025-11-17T19:37:56.540-0300] {processor.py:183} INFO - Processing /Library/Frameworks/Python.framework/Versions/3.11/lib/python3.11/site-packages/airflow/example_dags/example_external_task_marker_dag.py took 0.139 seconds
[2025-11-17T19:39:43.310-0300] {processor.py:161} INFO - Started process (PID=48453) to work on /Library/Frameworks/Python.framework/Versions/3.11/lib/python3.11/site-packages/airflow/example_dags/example_external_task_marker_dag.py
[2025-11-17T19:39:43.311-0300] {processor.py:830} INFO - Processing file /Library/Frameworks/Python.framework/Versions/3.11/lib/python3.11/site-packages/airflow/example_dags/example_external_task_marker_dag.py for tasks to queue
[2025-11-17T19:39:43.311-0300] {logging_mixin.py:188} INFO - [2025-11-17T19:39:43.311-0300] {dagbag.py:545} INFO - Filling up the DagBag from /Library/Frameworks/Python.framework/Versions/3.11/lib/python3.11/site-packages/airflow/example_dags/example_external_task_marker_dag.py
[2025-11-17T19:39:43.317-0300] {processor.py:840} INFO - DAG(s) 'example_external_task_marker_parent', 'example_external_task_marker_child' retrieved from /Library/Frameworks/Python.framework/Versions/3.11/lib/python3.11/site-packages/airflow/example_dags/example_external_task_marker_dag.py
[2025-11-17T19:39:43.391-0300] {logging_mixin.py:188} INFO - [2025-11-17T19:39:43.391-0300] {dag.py:3089} INFO - Sync 2 DAGs
[2025-11-17T19:39:43.395-0300] {logging_mixin.py:188} INFO - [2025-11-17T19:39:43.395-0300] {dag.py:3947} INFO - Setting next_dagrun for example_external_task_marker_child to None, run_after=None
[2025-11-17T19:39:43.396-0300] {logging_mixin.py:188} INFO - [2025-11-17T19:39:43.396-0300] {dag.py:3947} INFO - Setting next_dagrun for example_external_task_marker_parent to None, run_after=None
[2025-11-17T19:39:43.403-0300] {processor.py:183} INFO - Processing /Library/Frameworks/Python.framework/Versions/3.11/lib/python3.11/site-packages/airflow/example_dags/example_external_task_marker_dag.py took 0.094 seconds
[2025-11-17T19:42:12.556-0300] {processor.py:161} INFO - Started process (PID=48875) to work on /Library/Frameworks/Python.framework/Versions/3.11/lib/python3.11/site-packages/airflow/example_dags/example_external_task_marker_dag.py
[2025-11-17T19:42:12.556-0300] {processor.py:830} INFO - Processing file /Library/Frameworks/Python.framework/Versions/3.11/lib/python3.11/site-packages/airflow/example_dags/example_external_task_marker_dag.py for tasks to queue
[2025-11-17T19:42:12.557-0300] {logging_mixin.py:188} INFO - [2025-11-17T19:42:12.557-0300] {dagbag.py:545} INFO - Filling up the DagBag from /Library/Frameworks/Python.framework/Versions/3.11/lib/python3.11/site-packages/airflow/example_dags/example_external_task_marker_dag.py
[2025-11-17T19:42:12.563-0300] {processor.py:840} INFO - DAG(s) 'example_external_task_marker_child', 'example_external_task_marker_parent' retrieved from /Library/Frameworks/Python.framework/Versions/3.11/lib/python3.11/site-packages/airflow/example_dags/example_external_task_marker_dag.py
[2025-11-17T19:42:12.636-0300] {logging_mixin.py:188} INFO - [2025-11-17T19:42:12.636-0300] {dag.py:3089} INFO - Sync 2 DAGs
[2025-11-17T19:42:12.640-0300] {logging_mixin.py:188} INFO - [2025-11-17T19:42:12.640-0300] {dag.py:3947} INFO - Setting next_dagrun for example_external_task_marker_child to None, run_after=None
[2025-11-17T19:42:12.641-0300] {logging_mixin.py:188} INFO - [2025-11-17T19:42:12.641-0300] {dag.py:3947} INFO - Setting next_dagrun for example_external_task_marker_parent to None, run_after=None
[2025-11-17T19:42:12.648-0300] {processor.py:183} INFO - Processing /Library/Frameworks/Python.framework/Versions/3.11/lib/python3.11/site-packages/airflow/example_dags/example_external_task_marker_dag.py took 0.093 seconds
