[2025-11-17T19:37:51.331-0300] {processor.py:161} INFO - Started process (PID=48209) to work on /Library/Frameworks/Python.framework/Versions/3.11/lib/python3.11/site-packages/airflow/example_dags/example_latest_only_with_trigger.py
[2025-11-17T19:37:51.331-0300] {processor.py:830} INFO - Processing file /Library/Frameworks/Python.framework/Versions/3.11/lib/python3.11/site-packages/airflow/example_dags/example_latest_only_with_trigger.py for tasks to queue
[2025-11-17T19:37:51.332-0300] {logging_mixin.py:188} INFO - [2025-11-17T19:37:51.331-0300] {dagbag.py:545} INFO - Filling up the DagBag from /Library/Frameworks/Python.framework/Versions/3.11/lib/python3.11/site-packages/airflow/example_dags/example_latest_only_with_trigger.py
[2025-11-17T19:37:51.335-0300] {processor.py:840} INFO - DAG(s) 'latest_only_with_trigger' retrieved from /Library/Frameworks/Python.framework/Versions/3.11/lib/python3.11/site-packages/airflow/example_dags/example_latest_only_with_trigger.py
[2025-11-17T19:37:51.438-0300] {logging_mixin.py:188} INFO - [2025-11-17T19:37:51.437-0300] {override.py:1930} INFO - Created Permission View: can read on DAG:latest_only_with_trigger
[2025-11-17T19:37:51.442-0300] {logging_mixin.py:188} INFO - [2025-11-17T19:37:51.441-0300] {override.py:1930} INFO - Created Permission View: can delete on DAG:latest_only_with_trigger
[2025-11-17T19:37:51.444-0300] {logging_mixin.py:188} INFO - [2025-11-17T19:37:51.444-0300] {override.py:1930} INFO - Created Permission View: can edit on DAG:latest_only_with_trigger
[2025-11-17T19:37:51.444-0300] {logging_mixin.py:188} INFO - [2025-11-17T19:37:51.444-0300] {dag.py:3089} INFO - Sync 1 DAGs
[2025-11-17T19:37:51.448-0300] {logging_mixin.py:188} INFO - [2025-11-17T19:37:51.448-0300] {dag.py:3111} INFO - Creating ORM DAG for latest_only_with_trigger
[2025-11-17T19:37:51.451-0300] {logging_mixin.py:188} INFO - [2025-11-17T19:37:51.451-0300] {dag.py:3947} INFO - Setting next_dagrun for latest_only_with_trigger to 2025-11-17 16:00:00+00:00, run_after=2025-11-17 20:00:00+00:00
[2025-11-17T19:37:51.458-0300] {processor.py:183} INFO - Processing /Library/Frameworks/Python.framework/Versions/3.11/lib/python3.11/site-packages/airflow/example_dags/example_latest_only_with_trigger.py took 0.128 seconds
[2025-11-17T19:39:38.377-0300] {processor.py:161} INFO - Started process (PID=48443) to work on /Library/Frameworks/Python.framework/Versions/3.11/lib/python3.11/site-packages/airflow/example_dags/example_latest_only_with_trigger.py
[2025-11-17T19:39:38.378-0300] {processor.py:830} INFO - Processing file /Library/Frameworks/Python.framework/Versions/3.11/lib/python3.11/site-packages/airflow/example_dags/example_latest_only_with_trigger.py for tasks to queue
[2025-11-17T19:39:38.378-0300] {logging_mixin.py:188} INFO - [2025-11-17T19:39:38.378-0300] {dagbag.py:545} INFO - Filling up the DagBag from /Library/Frameworks/Python.framework/Versions/3.11/lib/python3.11/site-packages/airflow/example_dags/example_latest_only_with_trigger.py
[2025-11-17T19:39:38.382-0300] {processor.py:840} INFO - DAG(s) 'latest_only_with_trigger' retrieved from /Library/Frameworks/Python.framework/Versions/3.11/lib/python3.11/site-packages/airflow/example_dags/example_latest_only_with_trigger.py
[2025-11-17T19:39:38.451-0300] {logging_mixin.py:188} INFO - [2025-11-17T19:39:38.451-0300] {dag.py:3089} INFO - Sync 1 DAGs
[2025-11-17T19:39:38.457-0300] {logging_mixin.py:188} INFO - [2025-11-17T19:39:38.457-0300] {dag.py:3947} INFO - Setting next_dagrun for latest_only_with_trigger to 2025-11-17 16:00:00+00:00, run_after=2025-11-17 20:00:00+00:00
[2025-11-17T19:39:38.464-0300] {processor.py:183} INFO - Processing /Library/Frameworks/Python.framework/Versions/3.11/lib/python3.11/site-packages/airflow/example_dags/example_latest_only_with_trigger.py took 0.088 seconds
[2025-11-17T19:42:06.660-0300] {processor.py:161} INFO - Started process (PID=48841) to work on /Library/Frameworks/Python.framework/Versions/3.11/lib/python3.11/site-packages/airflow/example_dags/example_latest_only_with_trigger.py
[2025-11-17T19:42:06.661-0300] {processor.py:830} INFO - Processing file /Library/Frameworks/Python.framework/Versions/3.11/lib/python3.11/site-packages/airflow/example_dags/example_latest_only_with_trigger.py for tasks to queue
[2025-11-17T19:42:06.661-0300] {logging_mixin.py:188} INFO - [2025-11-17T19:42:06.661-0300] {dagbag.py:545} INFO - Filling up the DagBag from /Library/Frameworks/Python.framework/Versions/3.11/lib/python3.11/site-packages/airflow/example_dags/example_latest_only_with_trigger.py
[2025-11-17T19:42:06.665-0300] {processor.py:840} INFO - DAG(s) 'latest_only_with_trigger' retrieved from /Library/Frameworks/Python.framework/Versions/3.11/lib/python3.11/site-packages/airflow/example_dags/example_latest_only_with_trigger.py
[2025-11-17T19:42:06.734-0300] {logging_mixin.py:188} INFO - [2025-11-17T19:42:06.734-0300] {dag.py:3089} INFO - Sync 1 DAGs
[2025-11-17T19:42:06.739-0300] {logging_mixin.py:188} INFO - [2025-11-17T19:42:06.739-0300] {dag.py:3947} INFO - Setting next_dagrun for latest_only_with_trigger to 2025-11-17 16:00:00+00:00, run_after=2025-11-17 20:00:00+00:00
[2025-11-17T19:42:06.748-0300] {processor.py:183} INFO - Processing /Library/Frameworks/Python.framework/Versions/3.11/lib/python3.11/site-packages/airflow/example_dags/example_latest_only_with_trigger.py took 0.089 seconds
