[2025-11-17T19:37:35.563-0300] {processor.py:161} INFO - Started process (PID=48183) to work on /Library/Frameworks/Python.framework/Versions/3.11/lib/python3.11/site-packages/airflow/example_dags/example_sensors.py
[2025-11-17T19:37:35.563-0300] {processor.py:830} INFO - Processing file /Library/Frameworks/Python.framework/Versions/3.11/lib/python3.11/site-packages/airflow/example_dags/example_sensors.py for tasks to queue
[2025-11-17T19:37:35.563-0300] {logging_mixin.py:188} INFO - [2025-11-17T19:37:35.563-0300] {dagbag.py:545} INFO - Filling up the DagBag from /Library/Frameworks/Python.framework/Versions/3.11/lib/python3.11/site-packages/airflow/example_dags/example_sensors.py
[2025-11-17T19:37:35.569-0300] {processor.py:840} INFO - DAG(s) 'example_sensors' retrieved from /Library/Frameworks/Python.framework/Versions/3.11/lib/python3.11/site-packages/airflow/example_dags/example_sensors.py
[2025-11-17T19:37:35.673-0300] {logging_mixin.py:188} INFO - [2025-11-17T19:37:35.672-0300] {override.py:1930} INFO - Created Permission View: can delete on DAG:example_sensors
[2025-11-17T19:37:35.676-0300] {logging_mixin.py:188} INFO - [2025-11-17T19:37:35.676-0300] {override.py:1930} INFO - Created Permission View: can edit on DAG:example_sensors
[2025-11-17T19:37:35.678-0300] {logging_mixin.py:188} INFO - [2025-11-17T19:37:35.678-0300] {override.py:1930} INFO - Created Permission View: can read on DAG:example_sensors
[2025-11-17T19:37:35.678-0300] {logging_mixin.py:188} INFO - [2025-11-17T19:37:35.678-0300] {dag.py:3089} INFO - Sync 1 DAGs
[2025-11-17T19:37:35.681-0300] {logging_mixin.py:188} INFO - [2025-11-17T19:37:35.681-0300] {dag.py:3111} INFO - Creating ORM DAG for example_sensors
[2025-11-17T19:37:35.681-0300] {logging_mixin.py:188} INFO - [2025-11-17T19:37:35.681-0300] {dag.py:3947} INFO - Setting next_dagrun for example_sensors to None, run_after=None
[2025-11-17T19:37:35.688-0300] {processor.py:183} INFO - Processing /Library/Frameworks/Python.framework/Versions/3.11/lib/python3.11/site-packages/airflow/example_dags/example_sensors.py took 0.126 seconds
[2025-11-17T19:39:21.674-0300] {processor.py:161} INFO - Started process (PID=48411) to work on /Library/Frameworks/Python.framework/Versions/3.11/lib/python3.11/site-packages/airflow/example_dags/example_sensors.py
[2025-11-17T19:39:21.675-0300] {processor.py:830} INFO - Processing file /Library/Frameworks/Python.framework/Versions/3.11/lib/python3.11/site-packages/airflow/example_dags/example_sensors.py for tasks to queue
[2025-11-17T19:39:21.676-0300] {logging_mixin.py:188} INFO - [2025-11-17T19:39:21.676-0300] {dagbag.py:545} INFO - Filling up the DagBag from /Library/Frameworks/Python.framework/Versions/3.11/lib/python3.11/site-packages/airflow/example_dags/example_sensors.py
[2025-11-17T19:39:21.682-0300] {processor.py:840} INFO - DAG(s) 'example_sensors' retrieved from /Library/Frameworks/Python.framework/Versions/3.11/lib/python3.11/site-packages/airflow/example_dags/example_sensors.py
[2025-11-17T19:39:21.756-0300] {logging_mixin.py:188} INFO - [2025-11-17T19:39:21.756-0300] {dag.py:3089} INFO - Sync 1 DAGs
[2025-11-17T19:39:21.760-0300] {logging_mixin.py:188} INFO - [2025-11-17T19:39:21.760-0300] {dag.py:3947} INFO - Setting next_dagrun for example_sensors to None, run_after=None
[2025-11-17T19:39:21.768-0300] {processor.py:183} INFO - Processing /Library/Frameworks/Python.framework/Versions/3.11/lib/python3.11/site-packages/airflow/example_dags/example_sensors.py took 0.095 seconds
[2025-11-17T19:40:37.122-0300] {processor.py:161} INFO - Started process (PID=48562) to work on /Library/Frameworks/Python.framework/Versions/3.11/lib/python3.11/site-packages/airflow/example_dags/example_sensors.py
[2025-11-17T19:40:37.123-0300] {processor.py:830} INFO - Processing file /Library/Frameworks/Python.framework/Versions/3.11/lib/python3.11/site-packages/airflow/example_dags/example_sensors.py for tasks to queue
[2025-11-17T19:40:37.124-0300] {logging_mixin.py:188} INFO - [2025-11-17T19:40:37.124-0300] {dagbag.py:545} INFO - Filling up the DagBag from /Library/Frameworks/Python.framework/Versions/3.11/lib/python3.11/site-packages/airflow/example_dags/example_sensors.py
[2025-11-17T19:40:37.130-0300] {processor.py:840} INFO - DAG(s) 'example_sensors' retrieved from /Library/Frameworks/Python.framework/Versions/3.11/lib/python3.11/site-packages/airflow/example_dags/example_sensors.py
[2025-11-17T19:40:37.205-0300] {logging_mixin.py:188} INFO - [2025-11-17T19:40:37.205-0300] {dag.py:3089} INFO - Sync 1 DAGs
[2025-11-17T19:40:37.209-0300] {logging_mixin.py:188} INFO - [2025-11-17T19:40:37.209-0300] {dag.py:3947} INFO - Setting next_dagrun for example_sensors to None, run_after=None
[2025-11-17T19:40:37.217-0300] {processor.py:183} INFO - Processing /Library/Frameworks/Python.framework/Versions/3.11/lib/python3.11/site-packages/airflow/example_dags/example_sensors.py took 0.096 seconds
[2025-11-17T19:43:10.220-0300] {processor.py:161} INFO - Started process (PID=49653) to work on /Library/Frameworks/Python.framework/Versions/3.11/lib/python3.11/site-packages/airflow/example_dags/example_sensors.py
[2025-11-17T19:43:10.220-0300] {processor.py:830} INFO - Processing file /Library/Frameworks/Python.framework/Versions/3.11/lib/python3.11/site-packages/airflow/example_dags/example_sensors.py for tasks to queue
[2025-11-17T19:43:10.221-0300] {logging_mixin.py:188} INFO - [2025-11-17T19:43:10.221-0300] {dagbag.py:545} INFO - Filling up the DagBag from /Library/Frameworks/Python.framework/Versions/3.11/lib/python3.11/site-packages/airflow/example_dags/example_sensors.py
[2025-11-17T19:43:10.227-0300] {processor.py:840} INFO - DAG(s) 'example_sensors' retrieved from /Library/Frameworks/Python.framework/Versions/3.11/lib/python3.11/site-packages/airflow/example_dags/example_sensors.py
[2025-11-17T19:43:10.307-0300] {logging_mixin.py:188} INFO - [2025-11-17T19:43:10.307-0300] {dag.py:3089} INFO - Sync 1 DAGs
[2025-11-17T19:43:10.311-0300] {logging_mixin.py:188} INFO - [2025-11-17T19:43:10.311-0300] {dag.py:3947} INFO - Setting next_dagrun for example_sensors to None, run_after=None
[2025-11-17T19:43:10.320-0300] {processor.py:183} INFO - Processing /Library/Frameworks/Python.framework/Versions/3.11/lib/python3.11/site-packages/airflow/example_dags/example_sensors.py took 0.102 seconds
