[2025-11-17T19:37:43.604-0300] {processor.py:161} INFO - Started process (PID=48193) to work on /Library/Frameworks/Python.framework/Versions/3.11/lib/python3.11/site-packages/airflow/example_dags/example_params_ui_tutorial.py
[2025-11-17T19:37:43.605-0300] {processor.py:830} INFO - Processing file /Library/Frameworks/Python.framework/Versions/3.11/lib/python3.11/site-packages/airflow/example_dags/example_params_ui_tutorial.py for tasks to queue
[2025-11-17T19:37:43.605-0300] {logging_mixin.py:188} INFO - [2025-11-17T19:37:43.605-0300] {dagbag.py:545} INFO - Filling up the DagBag from /Library/Frameworks/Python.framework/Versions/3.11/lib/python3.11/site-packages/airflow/example_dags/example_params_ui_tutorial.py
[2025-11-17T19:37:43.676-0300] {processor.py:840} INFO - DAG(s) 'example_params_ui_tutorial' retrieved from /Library/Frameworks/Python.framework/Versions/3.11/lib/python3.11/site-packages/airflow/example_dags/example_params_ui_tutorial.py
[2025-11-17T19:37:43.784-0300] {logging_mixin.py:188} INFO - [2025-11-17T19:37:43.784-0300] {override.py:1930} INFO - Created Permission View: can edit on DAG:example_params_ui_tutorial
[2025-11-17T19:37:43.788-0300] {logging_mixin.py:188} INFO - [2025-11-17T19:37:43.788-0300] {override.py:1930} INFO - Created Permission View: can read on DAG:example_params_ui_tutorial
[2025-11-17T19:37:43.790-0300] {logging_mixin.py:188} INFO - [2025-11-17T19:37:43.790-0300] {override.py:1930} INFO - Created Permission View: can delete on DAG:example_params_ui_tutorial
[2025-11-17T19:37:43.790-0300] {logging_mixin.py:188} INFO - [2025-11-17T19:37:43.790-0300] {dag.py:3089} INFO - Sync 1 DAGs
[2025-11-17T19:37:43.795-0300] {logging_mixin.py:188} INFO - [2025-11-17T19:37:43.795-0300] {dag.py:3111} INFO - Creating ORM DAG for example_params_ui_tutorial
[2025-11-17T19:37:43.795-0300] {logging_mixin.py:188} INFO - [2025-11-17T19:37:43.795-0300] {dag.py:3947} INFO - Setting next_dagrun for example_params_ui_tutorial to None, run_after=None
[2025-11-17T19:37:43.802-0300] {processor.py:183} INFO - Processing /Library/Frameworks/Python.framework/Versions/3.11/lib/python3.11/site-packages/airflow/example_dags/example_params_ui_tutorial.py took 0.199 seconds
[2025-11-17T19:39:30.677-0300] {processor.py:161} INFO - Started process (PID=48430) to work on /Library/Frameworks/Python.framework/Versions/3.11/lib/python3.11/site-packages/airflow/example_dags/example_params_ui_tutorial.py
[2025-11-17T19:39:30.678-0300] {processor.py:830} INFO - Processing file /Library/Frameworks/Python.framework/Versions/3.11/lib/python3.11/site-packages/airflow/example_dags/example_params_ui_tutorial.py for tasks to queue
[2025-11-17T19:39:30.678-0300] {logging_mixin.py:188} INFO - [2025-11-17T19:39:30.678-0300] {dagbag.py:545} INFO - Filling up the DagBag from /Library/Frameworks/Python.framework/Versions/3.11/lib/python3.11/site-packages/airflow/example_dags/example_params_ui_tutorial.py
[2025-11-17T19:39:30.722-0300] {processor.py:840} INFO - DAG(s) 'example_params_ui_tutorial' retrieved from /Library/Frameworks/Python.framework/Versions/3.11/lib/python3.11/site-packages/airflow/example_dags/example_params_ui_tutorial.py
[2025-11-17T19:39:30.769-0300] {logging_mixin.py:188} INFO - [2025-11-17T19:39:30.769-0300] {dag.py:3089} INFO - Sync 1 DAGs
[2025-11-17T19:39:30.772-0300] {logging_mixin.py:188} INFO - [2025-11-17T19:39:30.772-0300] {dag.py:3947} INFO - Setting next_dagrun for example_params_ui_tutorial to None, run_after=None
[2025-11-17T19:39:30.780-0300] {processor.py:183} INFO - Processing /Library/Frameworks/Python.framework/Versions/3.11/lib/python3.11/site-packages/airflow/example_dags/example_params_ui_tutorial.py took 0.104 seconds
[2025-11-17T19:41:58.981-0300] {processor.py:161} INFO - Started process (PID=48817) to work on /Library/Frameworks/Python.framework/Versions/3.11/lib/python3.11/site-packages/airflow/example_dags/example_params_ui_tutorial.py
[2025-11-17T19:41:58.981-0300] {processor.py:830} INFO - Processing file /Library/Frameworks/Python.framework/Versions/3.11/lib/python3.11/site-packages/airflow/example_dags/example_params_ui_tutorial.py for tasks to queue
[2025-11-17T19:41:58.982-0300] {logging_mixin.py:188} INFO - [2025-11-17T19:41:58.982-0300] {dagbag.py:545} INFO - Filling up the DagBag from /Library/Frameworks/Python.framework/Versions/3.11/lib/python3.11/site-packages/airflow/example_dags/example_params_ui_tutorial.py
[2025-11-17T19:41:59.030-0300] {processor.py:840} INFO - DAG(s) 'example_params_ui_tutorial' retrieved from /Library/Frameworks/Python.framework/Versions/3.11/lib/python3.11/site-packages/airflow/example_dags/example_params_ui_tutorial.py
[2025-11-17T19:41:59.082-0300] {logging_mixin.py:188} INFO - [2025-11-17T19:41:59.082-0300] {dag.py:3089} INFO - Sync 1 DAGs
[2025-11-17T19:41:59.086-0300] {logging_mixin.py:188} INFO - [2025-11-17T19:41:59.086-0300] {dag.py:3947} INFO - Setting next_dagrun for example_params_ui_tutorial to None, run_after=None
[2025-11-17T19:41:59.093-0300] {processor.py:183} INFO - Processing /Library/Frameworks/Python.framework/Versions/3.11/lib/python3.11/site-packages/airflow/example_dags/example_params_ui_tutorial.py took 0.114 seconds
