[2025-11-17T19:37:18.648-0300] {processor.py:161} INFO - Started process (PID=48158) to work on /Library/Frameworks/Python.framework/Versions/3.11/lib/python3.11/site-packages/airflow/example_dags/example_time_delta_sensor_async.py
[2025-11-17T19:37:18.648-0300] {processor.py:830} INFO - Processing file /Library/Frameworks/Python.framework/Versions/3.11/lib/python3.11/site-packages/airflow/example_dags/example_time_delta_sensor_async.py for tasks to queue
[2025-11-17T19:37:18.649-0300] {logging_mixin.py:188} INFO - [2025-11-17T19:37:18.649-0300] {dagbag.py:545} INFO - Filling up the DagBag from /Library/Frameworks/Python.framework/Versions/3.11/lib/python3.11/site-packages/airflow/example_dags/example_time_delta_sensor_async.py
[2025-11-17T19:37:18.652-0300] {processor.py:840} INFO - DAG(s) 'example_time_delta_sensor_async' retrieved from /Library/Frameworks/Python.framework/Versions/3.11/lib/python3.11/site-packages/airflow/example_dags/example_time_delta_sensor_async.py
[2025-11-17T19:37:18.767-0300] {logging_mixin.py:188} INFO - [2025-11-17T19:37:18.767-0300] {override.py:1930} INFO - Created Permission View: can delete on DAG:example_time_delta_sensor_async
[2025-11-17T19:37:18.770-0300] {logging_mixin.py:188} INFO - [2025-11-17T19:37:18.770-0300] {override.py:1930} INFO - Created Permission View: can read on DAG:example_time_delta_sensor_async
[2025-11-17T19:37:18.773-0300] {logging_mixin.py:188} INFO - [2025-11-17T19:37:18.773-0300] {override.py:1930} INFO - Created Permission View: can edit on DAG:example_time_delta_sensor_async
[2025-11-17T19:37:18.773-0300] {logging_mixin.py:188} INFO - [2025-11-17T19:37:18.773-0300] {dag.py:3089} INFO - Sync 1 DAGs
[2025-11-17T19:37:18.776-0300] {logging_mixin.py:188} INFO - [2025-11-17T19:37:18.776-0300] {dag.py:3111} INFO - Creating ORM DAG for example_time_delta_sensor_async
[2025-11-17T19:37:18.776-0300] {logging_mixin.py:188} INFO - [2025-11-17T19:37:18.776-0300] {dag.py:3947} INFO - Setting next_dagrun for example_time_delta_sensor_async to None, run_after=None
[2025-11-17T19:37:18.783-0300] {processor.py:183} INFO - Processing /Library/Frameworks/Python.framework/Versions/3.11/lib/python3.11/site-packages/airflow/example_dags/example_time_delta_sensor_async.py took 0.137 seconds
[2025-11-17T19:39:03.086-0300] {processor.py:161} INFO - Started process (PID=48374) to work on /Library/Frameworks/Python.framework/Versions/3.11/lib/python3.11/site-packages/airflow/example_dags/example_time_delta_sensor_async.py
[2025-11-17T19:39:03.087-0300] {processor.py:830} INFO - Processing file /Library/Frameworks/Python.framework/Versions/3.11/lib/python3.11/site-packages/airflow/example_dags/example_time_delta_sensor_async.py for tasks to queue
[2025-11-17T19:39:03.087-0300] {logging_mixin.py:188} INFO - [2025-11-17T19:39:03.087-0300] {dagbag.py:545} INFO - Filling up the DagBag from /Library/Frameworks/Python.framework/Versions/3.11/lib/python3.11/site-packages/airflow/example_dags/example_time_delta_sensor_async.py
[2025-11-17T19:39:03.090-0300] {processor.py:840} INFO - DAG(s) 'example_time_delta_sensor_async' retrieved from /Library/Frameworks/Python.framework/Versions/3.11/lib/python3.11/site-packages/airflow/example_dags/example_time_delta_sensor_async.py
[2025-11-17T19:39:03.165-0300] {logging_mixin.py:188} INFO - [2025-11-17T19:39:03.165-0300] {dag.py:3089} INFO - Sync 1 DAGs
[2025-11-17T19:39:03.170-0300] {logging_mixin.py:188} INFO - [2025-11-17T19:39:03.170-0300] {dag.py:3947} INFO - Setting next_dagrun for example_time_delta_sensor_async to None, run_after=None
[2025-11-17T19:39:03.178-0300] {processor.py:183} INFO - Processing /Library/Frameworks/Python.framework/Versions/3.11/lib/python3.11/site-packages/airflow/example_dags/example_time_delta_sensor_async.py took 0.093 seconds
[2025-11-17T19:40:19.698-0300] {processor.py:161} INFO - Started process (PID=48530) to work on /Library/Frameworks/Python.framework/Versions/3.11/lib/python3.11/site-packages/airflow/example_dags/example_time_delta_sensor_async.py
[2025-11-17T19:40:19.698-0300] {processor.py:830} INFO - Processing file /Library/Frameworks/Python.framework/Versions/3.11/lib/python3.11/site-packages/airflow/example_dags/example_time_delta_sensor_async.py for tasks to queue
[2025-11-17T19:40:19.699-0300] {logging_mixin.py:188} INFO - [2025-11-17T19:40:19.699-0300] {dagbag.py:545} INFO - Filling up the DagBag from /Library/Frameworks/Python.framework/Versions/3.11/lib/python3.11/site-packages/airflow/example_dags/example_time_delta_sensor_async.py
[2025-11-17T19:40:19.702-0300] {processor.py:840} INFO - DAG(s) 'example_time_delta_sensor_async' retrieved from /Library/Frameworks/Python.framework/Versions/3.11/lib/python3.11/site-packages/airflow/example_dags/example_time_delta_sensor_async.py
[2025-11-17T19:40:19.775-0300] {logging_mixin.py:188} INFO - [2025-11-17T19:40:19.775-0300] {dag.py:3089} INFO - Sync 1 DAGs
[2025-11-17T19:40:19.779-0300] {logging_mixin.py:188} INFO - [2025-11-17T19:40:19.779-0300] {dag.py:3947} INFO - Setting next_dagrun for example_time_delta_sensor_async to None, run_after=None
[2025-11-17T19:40:19.786-0300] {processor.py:183} INFO - Processing /Library/Frameworks/Python.framework/Versions/3.11/lib/python3.11/site-packages/airflow/example_dags/example_time_delta_sensor_async.py took 0.089 seconds
[2025-11-17T19:41:33.668-0300] {processor.py:161} INFO - Started process (PID=48694) to work on /Library/Frameworks/Python.framework/Versions/3.11/lib/python3.11/site-packages/airflow/example_dags/example_time_delta_sensor_async.py
[2025-11-17T19:41:33.669-0300] {processor.py:830} INFO - Processing file /Library/Frameworks/Python.framework/Versions/3.11/lib/python3.11/site-packages/airflow/example_dags/example_time_delta_sensor_async.py for tasks to queue
[2025-11-17T19:41:33.669-0300] {logging_mixin.py:188} INFO - [2025-11-17T19:41:33.669-0300] {dagbag.py:545} INFO - Filling up the DagBag from /Library/Frameworks/Python.framework/Versions/3.11/lib/python3.11/site-packages/airflow/example_dags/example_time_delta_sensor_async.py
[2025-11-17T19:41:33.673-0300] {processor.py:840} INFO - DAG(s) 'example_time_delta_sensor_async' retrieved from /Library/Frameworks/Python.framework/Versions/3.11/lib/python3.11/site-packages/airflow/example_dags/example_time_delta_sensor_async.py
[2025-11-17T19:41:33.746-0300] {logging_mixin.py:188} INFO - [2025-11-17T19:41:33.746-0300] {dag.py:3089} INFO - Sync 1 DAGs
[2025-11-17T19:41:33.750-0300] {logging_mixin.py:188} INFO - [2025-11-17T19:41:33.749-0300] {dag.py:3947} INFO - Setting next_dagrun for example_time_delta_sensor_async to None, run_after=None
[2025-11-17T19:41:33.758-0300] {processor.py:183} INFO - Processing /Library/Frameworks/Python.framework/Versions/3.11/lib/python3.11/site-packages/airflow/example_dags/example_time_delta_sensor_async.py took 0.091 seconds
[2025-11-17T19:42:52.321-0300] {processor.py:161} INFO - Started process (PID=49422) to work on /Library/Frameworks/Python.framework/Versions/3.11/lib/python3.11/site-packages/airflow/example_dags/example_time_delta_sensor_async.py
[2025-11-17T19:42:52.322-0300] {processor.py:830} INFO - Processing file /Library/Frameworks/Python.framework/Versions/3.11/lib/python3.11/site-packages/airflow/example_dags/example_time_delta_sensor_async.py for tasks to queue
[2025-11-17T19:42:52.322-0300] {logging_mixin.py:188} INFO - [2025-11-17T19:42:52.322-0300] {dagbag.py:545} INFO - Filling up the DagBag from /Library/Frameworks/Python.framework/Versions/3.11/lib/python3.11/site-packages/airflow/example_dags/example_time_delta_sensor_async.py
[2025-11-17T19:42:52.326-0300] {processor.py:840} INFO - DAG(s) 'example_time_delta_sensor_async' retrieved from /Library/Frameworks/Python.framework/Versions/3.11/lib/python3.11/site-packages/airflow/example_dags/example_time_delta_sensor_async.py
[2025-11-17T19:42:52.400-0300] {logging_mixin.py:188} INFO - [2025-11-17T19:42:52.400-0300] {dag.py:3089} INFO - Sync 1 DAGs
[2025-11-17T19:42:52.404-0300] {logging_mixin.py:188} INFO - [2025-11-17T19:42:52.404-0300] {dag.py:3947} INFO - Setting next_dagrun for example_time_delta_sensor_async to None, run_after=None
[2025-11-17T19:42:52.412-0300] {processor.py:183} INFO - Processing /Library/Frameworks/Python.framework/Versions/3.11/lib/python3.11/site-packages/airflow/example_dags/example_time_delta_sensor_async.py took 0.092 seconds
[2025-11-17T19:44:11.646-0300] {processor.py:161} INFO - Started process (PID=50321) to work on /Library/Frameworks/Python.framework/Versions/3.11/lib/python3.11/site-packages/airflow/example_dags/example_time_delta_sensor_async.py
[2025-11-17T19:44:11.646-0300] {processor.py:830} INFO - Processing file /Library/Frameworks/Python.framework/Versions/3.11/lib/python3.11/site-packages/airflow/example_dags/example_time_delta_sensor_async.py for tasks to queue
[2025-11-17T19:44:11.647-0300] {logging_mixin.py:188} INFO - [2025-11-17T19:44:11.647-0300] {dagbag.py:545} INFO - Filling up the DagBag from /Library/Frameworks/Python.framework/Versions/3.11/lib/python3.11/site-packages/airflow/example_dags/example_time_delta_sensor_async.py
[2025-11-17T19:44:11.650-0300] {processor.py:840} INFO - DAG(s) 'example_time_delta_sensor_async' retrieved from /Library/Frameworks/Python.framework/Versions/3.11/lib/python3.11/site-packages/airflow/example_dags/example_time_delta_sensor_async.py
[2025-11-17T19:44:11.741-0300] {logging_mixin.py:188} INFO - [2025-11-17T19:44:11.741-0300] {dag.py:3089} INFO - Sync 1 DAGs
[2025-11-17T19:44:11.745-0300] {logging_mixin.py:188} INFO - [2025-11-17T19:44:11.745-0300] {dag.py:3947} INFO - Setting next_dagrun for example_time_delta_sensor_async to None, run_after=None
[2025-11-17T19:44:11.753-0300] {processor.py:183} INFO - Processing /Library/Frameworks/Python.framework/Versions/3.11/lib/python3.11/site-packages/airflow/example_dags/example_time_delta_sensor_async.py took 0.108 seconds
[2025-11-17T19:50:10.741-0300] {processor.py:161} INFO - Started process (PID=52073) to work on /Library/Frameworks/Python.framework/Versions/3.11/lib/python3.11/site-packages/airflow/example_dags/example_time_delta_sensor_async.py
[2025-11-17T19:50:10.742-0300] {processor.py:830} INFO - Processing file /Library/Frameworks/Python.framework/Versions/3.11/lib/python3.11/site-packages/airflow/example_dags/example_time_delta_sensor_async.py for tasks to queue
[2025-11-17T19:50:10.742-0300] {logging_mixin.py:188} INFO - [2025-11-17T19:50:10.742-0300] {dagbag.py:545} INFO - Filling up the DagBag from /Library/Frameworks/Python.framework/Versions/3.11/lib/python3.11/site-packages/airflow/example_dags/example_time_delta_sensor_async.py
[2025-11-17T19:50:10.746-0300] {processor.py:840} INFO - DAG(s) 'example_time_delta_sensor_async' retrieved from /Library/Frameworks/Python.framework/Versions/3.11/lib/python3.11/site-packages/airflow/example_dags/example_time_delta_sensor_async.py
[2025-11-17T19:50:10.860-0300] {logging_mixin.py:188} INFO - [2025-11-17T19:50:10.860-0300] {dag.py:3089} INFO - Sync 1 DAGs
[2025-11-17T19:50:10.864-0300] {logging_mixin.py:188} INFO - [2025-11-17T19:50:10.864-0300] {dag.py:3947} INFO - Setting next_dagrun for example_time_delta_sensor_async to None, run_after=None
[2025-11-17T19:50:10.874-0300] {processor.py:183} INFO - Processing /Library/Frameworks/Python.framework/Versions/3.11/lib/python3.11/site-packages/airflow/example_dags/example_time_delta_sensor_async.py took 0.135 seconds
