[2025-11-17T19:37:38.520-0300] {processor.py:161} INFO - Started process (PID=48187) to work on /Library/Frameworks/Python.framework/Versions/3.11/lib/python3.11/site-packages/airflow/example_dags/example_python_operator.py
[2025-11-17T19:37:38.521-0300] {processor.py:830} INFO - Processing file /Library/Frameworks/Python.framework/Versions/3.11/lib/python3.11/site-packages/airflow/example_dags/example_python_operator.py for tasks to queue
[2025-11-17T19:37:38.521-0300] {logging_mixin.py:188} INFO - [2025-11-17T19:37:38.521-0300] {dagbag.py:545} INFO - Filling up the DagBag from /Library/Frameworks/Python.framework/Versions/3.11/lib/python3.11/site-packages/airflow/example_dags/example_python_operator.py
[2025-11-17T19:37:38.531-0300] {logging_mixin.py:188} INFO - [2025-11-17T19:37:38.531-0300] {example_python_operator.py:93} WARNING - The virtalenv_python example task requires virtualenv, please install it.
[2025-11-17T19:37:38.533-0300] {processor.py:840} INFO - DAG(s) 'example_python_operator' retrieved from /Library/Frameworks/Python.framework/Versions/3.11/lib/python3.11/site-packages/airflow/example_dags/example_python_operator.py
[2025-11-17T19:37:38.633-0300] {logging_mixin.py:188} INFO - [2025-11-17T19:37:38.633-0300] {override.py:1930} INFO - Created Permission View: can edit on DAG:example_python_operator
[2025-11-17T19:37:38.636-0300] {logging_mixin.py:188} INFO - [2025-11-17T19:37:38.636-0300] {override.py:1930} INFO - Created Permission View: can read on DAG:example_python_operator
[2025-11-17T19:37:38.638-0300] {logging_mixin.py:188} INFO - [2025-11-17T19:37:38.638-0300] {override.py:1930} INFO - Created Permission View: can delete on DAG:example_python_operator
[2025-11-17T19:37:38.638-0300] {logging_mixin.py:188} INFO - [2025-11-17T19:37:38.638-0300] {dag.py:3089} INFO - Sync 1 DAGs
[2025-11-17T19:37:38.642-0300] {logging_mixin.py:188} INFO - [2025-11-17T19:37:38.642-0300] {dag.py:3111} INFO - Creating ORM DAG for example_python_operator
[2025-11-17T19:37:38.642-0300] {logging_mixin.py:188} INFO - [2025-11-17T19:37:38.642-0300] {dag.py:3947} INFO - Setting next_dagrun for example_python_operator to None, run_after=None
[2025-11-17T19:37:38.648-0300] {processor.py:183} INFO - Processing /Library/Frameworks/Python.framework/Versions/3.11/lib/python3.11/site-packages/airflow/example_dags/example_python_operator.py took 0.129 seconds
[2025-11-17T19:39:25.519-0300] {processor.py:161} INFO - Started process (PID=48419) to work on /Library/Frameworks/Python.framework/Versions/3.11/lib/python3.11/site-packages/airflow/example_dags/example_python_operator.py
[2025-11-17T19:39:25.519-0300] {processor.py:830} INFO - Processing file /Library/Frameworks/Python.framework/Versions/3.11/lib/python3.11/site-packages/airflow/example_dags/example_python_operator.py for tasks to queue
[2025-11-17T19:39:25.520-0300] {logging_mixin.py:188} INFO - [2025-11-17T19:39:25.520-0300] {dagbag.py:545} INFO - Filling up the DagBag from /Library/Frameworks/Python.framework/Versions/3.11/lib/python3.11/site-packages/airflow/example_dags/example_python_operator.py
[2025-11-17T19:39:25.530-0300] {logging_mixin.py:188} INFO - [2025-11-17T19:39:25.530-0300] {example_python_operator.py:93} WARNING - The virtalenv_python example task requires virtualenv, please install it.
[2025-11-17T19:39:25.531-0300] {processor.py:840} INFO - DAG(s) 'example_python_operator' retrieved from /Library/Frameworks/Python.framework/Versions/3.11/lib/python3.11/site-packages/airflow/example_dags/example_python_operator.py
[2025-11-17T19:39:25.597-0300] {logging_mixin.py:188} INFO - [2025-11-17T19:39:25.597-0300] {dag.py:3089} INFO - Sync 1 DAGs
[2025-11-17T19:39:25.601-0300] {logging_mixin.py:188} INFO - [2025-11-17T19:39:25.601-0300] {dag.py:3947} INFO - Setting next_dagrun for example_python_operator to None, run_after=None
[2025-11-17T19:39:25.608-0300] {processor.py:183} INFO - Processing /Library/Frameworks/Python.framework/Versions/3.11/lib/python3.11/site-packages/airflow/example_dags/example_python_operator.py took 0.090 seconds
[2025-11-17T19:41:52.876-0300] {processor.py:161} INFO - Started process (PID=48789) to work on /Library/Frameworks/Python.framework/Versions/3.11/lib/python3.11/site-packages/airflow/example_dags/example_python_operator.py
[2025-11-17T19:41:52.877-0300] {processor.py:830} INFO - Processing file /Library/Frameworks/Python.framework/Versions/3.11/lib/python3.11/site-packages/airflow/example_dags/example_python_operator.py for tasks to queue
[2025-11-17T19:41:52.877-0300] {logging_mixin.py:188} INFO - [2025-11-17T19:41:52.877-0300] {dagbag.py:545} INFO - Filling up the DagBag from /Library/Frameworks/Python.framework/Versions/3.11/lib/python3.11/site-packages/airflow/example_dags/example_python_operator.py
[2025-11-17T19:41:52.888-0300] {logging_mixin.py:188} INFO - [2025-11-17T19:41:52.888-0300] {example_python_operator.py:93} WARNING - The virtalenv_python example task requires virtualenv, please install it.
[2025-11-17T19:41:52.890-0300] {processor.py:840} INFO - DAG(s) 'example_python_operator' retrieved from /Library/Frameworks/Python.framework/Versions/3.11/lib/python3.11/site-packages/airflow/example_dags/example_python_operator.py
[2025-11-17T19:41:52.958-0300] {logging_mixin.py:188} INFO - [2025-11-17T19:41:52.958-0300] {dag.py:3089} INFO - Sync 1 DAGs
[2025-11-17T19:41:52.962-0300] {logging_mixin.py:188} INFO - [2025-11-17T19:41:52.962-0300] {dag.py:3947} INFO - Setting next_dagrun for example_python_operator to None, run_after=None
[2025-11-17T19:41:52.968-0300] {processor.py:183} INFO - Processing /Library/Frameworks/Python.framework/Versions/3.11/lib/python3.11/site-packages/airflow/example_dags/example_python_operator.py took 0.093 seconds
[2025-11-17T19:43:14.112-0300] {processor.py:161} INFO - Started process (PID=49659) to work on /Library/Frameworks/Python.framework/Versions/3.11/lib/python3.11/site-packages/airflow/example_dags/example_python_operator.py
[2025-11-17T19:43:14.113-0300] {processor.py:830} INFO - Processing file /Library/Frameworks/Python.framework/Versions/3.11/lib/python3.11/site-packages/airflow/example_dags/example_python_operator.py for tasks to queue
[2025-11-17T19:43:14.114-0300] {logging_mixin.py:188} INFO - [2025-11-17T19:43:14.113-0300] {dagbag.py:545} INFO - Filling up the DagBag from /Library/Frameworks/Python.framework/Versions/3.11/lib/python3.11/site-packages/airflow/example_dags/example_python_operator.py
[2025-11-17T19:43:14.124-0300] {logging_mixin.py:188} INFO - [2025-11-17T19:43:14.124-0300] {example_python_operator.py:93} WARNING - The virtalenv_python example task requires virtualenv, please install it.
[2025-11-17T19:43:14.126-0300] {processor.py:840} INFO - DAG(s) 'example_python_operator' retrieved from /Library/Frameworks/Python.framework/Versions/3.11/lib/python3.11/site-packages/airflow/example_dags/example_python_operator.py
[2025-11-17T19:43:14.196-0300] {logging_mixin.py:188} INFO - [2025-11-17T19:43:14.196-0300] {dag.py:3089} INFO - Sync 1 DAGs
[2025-11-17T19:43:14.199-0300] {logging_mixin.py:188} INFO - [2025-11-17T19:43:14.199-0300] {dag.py:3947} INFO - Setting next_dagrun for example_python_operator to None, run_after=None
[2025-11-17T19:43:14.206-0300] {processor.py:183} INFO - Processing /Library/Frameworks/Python.framework/Versions/3.11/lib/python3.11/site-packages/airflow/example_dags/example_python_operator.py took 0.094 seconds
