[2025-11-17T19:38:19.543-0300] {processor.py:161} INFO - Started process (PID=48286) to work on /Library/Frameworks/Python.framework/Versions/3.11/lib/python3.11/site-packages/airflow/example_dags/example_branch_datetime_operator.py
[2025-11-17T19:38:19.543-0300] {processor.py:830} INFO - Processing file /Library/Frameworks/Python.framework/Versions/3.11/lib/python3.11/site-packages/airflow/example_dags/example_branch_datetime_operator.py for tasks to queue
[2025-11-17T19:38:19.543-0300] {logging_mixin.py:188} INFO - [2025-11-17T19:38:19.543-0300] {dagbag.py:545} INFO - Filling up the DagBag from /Library/Frameworks/Python.framework/Versions/3.11/lib/python3.11/site-packages/airflow/example_dags/example_branch_datetime_operator.py
[2025-11-17T19:38:19.549-0300] {processor.py:840} INFO - DAG(s) 'example_branch_datetime_operator', 'example_branch_datetime_operator_2', 'example_branch_datetime_operator_3' retrieved from /Library/Frameworks/Python.framework/Versions/3.11/lib/python3.11/site-packages/airflow/example_dags/example_branch_datetime_operator.py
[2025-11-17T19:38:19.648-0300] {logging_mixin.py:188} INFO - [2025-11-17T19:38:19.648-0300] {override.py:1930} INFO - Created Permission View: can delete on DAG:example_branch_datetime_operator
[2025-11-17T19:38:19.651-0300] {logging_mixin.py:188} INFO - [2025-11-17T19:38:19.651-0300] {override.py:1930} INFO - Created Permission View: can read on DAG:example_branch_datetime_operator
[2025-11-17T19:38:19.653-0300] {logging_mixin.py:188} INFO - [2025-11-17T19:38:19.653-0300] {override.py:1930} INFO - Created Permission View: can edit on DAG:example_branch_datetime_operator
[2025-11-17T19:38:19.657-0300] {logging_mixin.py:188} INFO - [2025-11-17T19:38:19.657-0300] {override.py:1930} INFO - Created Permission View: can delete on DAG:example_branch_datetime_operator_2
[2025-11-17T19:38:19.659-0300] {logging_mixin.py:188} INFO - [2025-11-17T19:38:19.659-0300] {override.py:1930} INFO - Created Permission View: can read on DAG:example_branch_datetime_operator_2
[2025-11-17T19:38:19.661-0300] {logging_mixin.py:188} INFO - [2025-11-17T19:38:19.661-0300] {override.py:1930} INFO - Created Permission View: can edit on DAG:example_branch_datetime_operator_2
[2025-11-17T19:38:19.665-0300] {logging_mixin.py:188} INFO - [2025-11-17T19:38:19.665-0300] {override.py:1930} INFO - Created Permission View: can delete on DAG:example_branch_datetime_operator_3
[2025-11-17T19:38:19.667-0300] {logging_mixin.py:188} INFO - [2025-11-17T19:38:19.667-0300] {override.py:1930} INFO - Created Permission View: can read on DAG:example_branch_datetime_operator_3
[2025-11-17T19:38:19.669-0300] {logging_mixin.py:188} INFO - [2025-11-17T19:38:19.669-0300] {override.py:1930} INFO - Created Permission View: can edit on DAG:example_branch_datetime_operator_3
[2025-11-17T19:38:19.669-0300] {logging_mixin.py:188} INFO - [2025-11-17T19:38:19.669-0300] {dag.py:3089} INFO - Sync 3 DAGs
[2025-11-17T19:38:19.672-0300] {logging_mixin.py:188} INFO - [2025-11-17T19:38:19.672-0300] {dag.py:3111} INFO - Creating ORM DAG for example_branch_datetime_operator
[2025-11-17T19:38:19.673-0300] {logging_mixin.py:188} INFO - [2025-11-17T19:38:19.673-0300] {dag.py:3111} INFO - Creating ORM DAG for example_branch_datetime_operator_3
[2025-11-17T19:38:19.673-0300] {logging_mixin.py:188} INFO - [2025-11-17T19:38:19.673-0300] {dag.py:3111} INFO - Creating ORM DAG for example_branch_datetime_operator_2
[2025-11-17T19:38:19.676-0300] {logging_mixin.py:188} INFO - [2025-11-17T19:38:19.676-0300] {dag.py:3947} INFO - Setting next_dagrun for example_branch_datetime_operator to 2025-11-16 00:00:00+00:00, run_after=2025-11-17 00:00:00+00:00
[2025-11-17T19:38:19.676-0300] {logging_mixin.py:188} INFO - [2025-11-17T19:38:19.676-0300] {dag.py:3947} INFO - Setting next_dagrun for example_branch_datetime_operator_2 to 2025-11-16 00:00:00+00:00, run_after=2025-11-17 00:00:00+00:00
[2025-11-17T19:38:19.677-0300] {logging_mixin.py:188} INFO - [2025-11-17T19:38:19.677-0300] {dag.py:3947} INFO - Setting next_dagrun for example_branch_datetime_operator_3 to 2025-11-16 00:00:00+00:00, run_after=2025-11-17 00:00:00+00:00
[2025-11-17T19:38:19.683-0300] {processor.py:183} INFO - Processing /Library/Frameworks/Python.framework/Versions/3.11/lib/python3.11/site-packages/airflow/example_dags/example_branch_datetime_operator.py took 0.142 seconds
[2025-11-17T19:40:48.077-0300] {processor.py:161} INFO - Started process (PID=48582) to work on /Library/Frameworks/Python.framework/Versions/3.11/lib/python3.11/site-packages/airflow/example_dags/example_branch_datetime_operator.py
[2025-11-17T19:40:48.077-0300] {processor.py:830} INFO - Processing file /Library/Frameworks/Python.framework/Versions/3.11/lib/python3.11/site-packages/airflow/example_dags/example_branch_datetime_operator.py for tasks to queue
[2025-11-17T19:40:48.078-0300] {logging_mixin.py:188} INFO - [2025-11-17T19:40:48.078-0300] {dagbag.py:545} INFO - Filling up the DagBag from /Library/Frameworks/Python.framework/Versions/3.11/lib/python3.11/site-packages/airflow/example_dags/example_branch_datetime_operator.py
[2025-11-17T19:40:48.083-0300] {processor.py:840} INFO - DAG(s) 'example_branch_datetime_operator_2', 'example_branch_datetime_operator_3', 'example_branch_datetime_operator' retrieved from /Library/Frameworks/Python.framework/Versions/3.11/lib/python3.11/site-packages/airflow/example_dags/example_branch_datetime_operator.py
[2025-11-17T19:40:48.152-0300] {logging_mixin.py:188} INFO - [2025-11-17T19:40:48.152-0300] {dag.py:3089} INFO - Sync 3 DAGs
[2025-11-17T19:40:48.158-0300] {logging_mixin.py:188} INFO - [2025-11-17T19:40:48.158-0300] {dag.py:3947} INFO - Setting next_dagrun for example_branch_datetime_operator to 2025-11-16 00:00:00+00:00, run_after=2025-11-17 00:00:00+00:00
[2025-11-17T19:40:48.159-0300] {logging_mixin.py:188} INFO - [2025-11-17T19:40:48.159-0300] {dag.py:3947} INFO - Setting next_dagrun for example_branch_datetime_operator_2 to 2025-11-16 00:00:00+00:00, run_after=2025-11-17 00:00:00+00:00
[2025-11-17T19:40:48.160-0300] {logging_mixin.py:188} INFO - [2025-11-17T19:40:48.160-0300] {dag.py:3947} INFO - Setting next_dagrun for example_branch_datetime_operator_3 to 2025-11-16 00:00:00+00:00, run_after=2025-11-17 00:00:00+00:00
[2025-11-17T19:40:48.167-0300] {processor.py:183} INFO - Processing /Library/Frameworks/Python.framework/Versions/3.11/lib/python3.11/site-packages/airflow/example_dags/example_branch_datetime_operator.py took 0.091 seconds
[2025-11-17T19:43:24.355-0300] {processor.py:161} INFO - Started process (PID=49906) to work on /Library/Frameworks/Python.framework/Versions/3.11/lib/python3.11/site-packages/airflow/example_dags/example_branch_datetime_operator.py
[2025-11-17T19:43:24.355-0300] {processor.py:830} INFO - Processing file /Library/Frameworks/Python.framework/Versions/3.11/lib/python3.11/site-packages/airflow/example_dags/example_branch_datetime_operator.py for tasks to queue
[2025-11-17T19:43:24.356-0300] {logging_mixin.py:188} INFO - [2025-11-17T19:43:24.356-0300] {dagbag.py:545} INFO - Filling up the DagBag from /Library/Frameworks/Python.framework/Versions/3.11/lib/python3.11/site-packages/airflow/example_dags/example_branch_datetime_operator.py
[2025-11-17T19:43:24.362-0300] {processor.py:840} INFO - DAG(s) 'example_branch_datetime_operator_2', 'example_branch_datetime_operator_3', 'example_branch_datetime_operator' retrieved from /Library/Frameworks/Python.framework/Versions/3.11/lib/python3.11/site-packages/airflow/example_dags/example_branch_datetime_operator.py
[2025-11-17T19:43:24.438-0300] {logging_mixin.py:188} INFO - [2025-11-17T19:43:24.437-0300] {dag.py:3089} INFO - Sync 3 DAGs
[2025-11-17T19:43:24.445-0300] {logging_mixin.py:188} INFO - [2025-11-17T19:43:24.444-0300] {dag.py:3947} INFO - Setting next_dagrun for example_branch_datetime_operator to 2025-11-16 00:00:00+00:00, run_after=2025-11-17 00:00:00+00:00
[2025-11-17T19:43:24.446-0300] {logging_mixin.py:188} INFO - [2025-11-17T19:43:24.446-0300] {dag.py:3947} INFO - Setting next_dagrun for example_branch_datetime_operator_2 to 2025-11-16 00:00:00+00:00, run_after=2025-11-17 00:00:00+00:00
[2025-11-17T19:43:24.447-0300] {logging_mixin.py:188} INFO - [2025-11-17T19:43:24.447-0300] {dag.py:3947} INFO - Setting next_dagrun for example_branch_datetime_operator_3 to 2025-11-16 00:00:00+00:00, run_after=2025-11-17 00:00:00+00:00
[2025-11-17T19:43:24.454-0300] {processor.py:183} INFO - Processing /Library/Frameworks/Python.framework/Versions/3.11/lib/python3.11/site-packages/airflow/example_dags/example_branch_datetime_operator.py took 0.101 seconds
