[2025-11-17T19:37:36.538-0300] {processor.py:161} INFO - Started process (PID=48185) to work on /Library/Frameworks/Python.framework/Versions/3.11/lib/python3.11/site-packages/airflow/example_dags/example_sensor_decorator.py
[2025-11-17T19:37:36.539-0300] {processor.py:830} INFO - Processing file /Library/Frameworks/Python.framework/Versions/3.11/lib/python3.11/site-packages/airflow/example_dags/example_sensor_decorator.py for tasks to queue
[2025-11-17T19:37:36.539-0300] {logging_mixin.py:188} INFO - [2025-11-17T19:37:36.539-0300] {dagbag.py:545} INFO - Filling up the DagBag from /Library/Frameworks/Python.framework/Versions/3.11/lib/python3.11/site-packages/airflow/example_dags/example_sensor_decorator.py
[2025-11-17T19:37:36.583-0300] {processor.py:840} INFO - DAG(s) 'example_sensor_decorator' retrieved from /Library/Frameworks/Python.framework/Versions/3.11/lib/python3.11/site-packages/airflow/example_dags/example_sensor_decorator.py
[2025-11-17T19:37:36.656-0300] {logging_mixin.py:188} INFO - [2025-11-17T19:37:36.656-0300] {override.py:1930} INFO - Created Permission View: can edit on DAG:example_sensor_decorator
[2025-11-17T19:37:36.659-0300] {logging_mixin.py:188} INFO - [2025-11-17T19:37:36.659-0300] {override.py:1930} INFO - Created Permission View: can read on DAG:example_sensor_decorator
[2025-11-17T19:37:36.661-0300] {logging_mixin.py:188} INFO - [2025-11-17T19:37:36.661-0300] {override.py:1930} INFO - Created Permission View: can delete on DAG:example_sensor_decorator
[2025-11-17T19:37:36.662-0300] {logging_mixin.py:188} INFO - [2025-11-17T19:37:36.662-0300] {dag.py:3089} INFO - Sync 1 DAGs
[2025-11-17T19:37:36.665-0300] {logging_mixin.py:188} INFO - [2025-11-17T19:37:36.665-0300] {dag.py:3111} INFO - Creating ORM DAG for example_sensor_decorator
[2025-11-17T19:37:36.666-0300] {logging_mixin.py:188} INFO - [2025-11-17T19:37:36.666-0300] {dag.py:3947} INFO - Setting next_dagrun for example_sensor_decorator to None, run_after=None
[2025-11-17T19:37:36.672-0300] {processor.py:183} INFO - Processing /Library/Frameworks/Python.framework/Versions/3.11/lib/python3.11/site-packages/airflow/example_dags/example_sensor_decorator.py took 0.135 seconds
[2025-11-17T19:39:23.589-0300] {processor.py:161} INFO - Started process (PID=48417) to work on /Library/Frameworks/Python.framework/Versions/3.11/lib/python3.11/site-packages/airflow/example_dags/example_sensor_decorator.py
[2025-11-17T19:39:23.590-0300] {processor.py:830} INFO - Processing file /Library/Frameworks/Python.framework/Versions/3.11/lib/python3.11/site-packages/airflow/example_dags/example_sensor_decorator.py for tasks to queue
[2025-11-17T19:39:23.591-0300] {logging_mixin.py:188} INFO - [2025-11-17T19:39:23.590-0300] {dagbag.py:545} INFO - Filling up the DagBag from /Library/Frameworks/Python.framework/Versions/3.11/lib/python3.11/site-packages/airflow/example_dags/example_sensor_decorator.py
[2025-11-17T19:39:23.634-0300] {processor.py:840} INFO - DAG(s) 'example_sensor_decorator' retrieved from /Library/Frameworks/Python.framework/Versions/3.11/lib/python3.11/site-packages/airflow/example_dags/example_sensor_decorator.py
[2025-11-17T19:39:23.680-0300] {logging_mixin.py:188} INFO - [2025-11-17T19:39:23.680-0300] {dag.py:3089} INFO - Sync 1 DAGs
[2025-11-17T19:39:23.683-0300] {logging_mixin.py:188} INFO - [2025-11-17T19:39:23.683-0300] {dag.py:3947} INFO - Setting next_dagrun for example_sensor_decorator to None, run_after=None
[2025-11-17T19:39:23.690-0300] {processor.py:183} INFO - Processing /Library/Frameworks/Python.framework/Versions/3.11/lib/python3.11/site-packages/airflow/example_dags/example_sensor_decorator.py took 0.102 seconds
[2025-11-17T19:41:51.862-0300] {processor.py:161} INFO - Started process (PID=48787) to work on /Library/Frameworks/Python.framework/Versions/3.11/lib/python3.11/site-packages/airflow/example_dags/example_sensor_decorator.py
[2025-11-17T19:41:51.863-0300] {processor.py:830} INFO - Processing file /Library/Frameworks/Python.framework/Versions/3.11/lib/python3.11/site-packages/airflow/example_dags/example_sensor_decorator.py for tasks to queue
[2025-11-17T19:41:51.864-0300] {logging_mixin.py:188} INFO - [2025-11-17T19:41:51.863-0300] {dagbag.py:545} INFO - Filling up the DagBag from /Library/Frameworks/Python.framework/Versions/3.11/lib/python3.11/site-packages/airflow/example_dags/example_sensor_decorator.py
[2025-11-17T19:41:51.908-0300] {processor.py:840} INFO - DAG(s) 'example_sensor_decorator' retrieved from /Library/Frameworks/Python.framework/Versions/3.11/lib/python3.11/site-packages/airflow/example_dags/example_sensor_decorator.py
[2025-11-17T19:41:51.951-0300] {logging_mixin.py:188} INFO - [2025-11-17T19:41:51.951-0300] {dag.py:3089} INFO - Sync 1 DAGs
[2025-11-17T19:41:51.954-0300] {logging_mixin.py:188} INFO - [2025-11-17T19:41:51.954-0300] {dag.py:3947} INFO - Setting next_dagrun for example_sensor_decorator to None, run_after=None
[2025-11-17T19:41:51.962-0300] {processor.py:183} INFO - Processing /Library/Frameworks/Python.framework/Versions/3.11/lib/python3.11/site-packages/airflow/example_dags/example_sensor_decorator.py took 0.101 seconds
[2025-11-17T19:43:12.170-0300] {processor.py:161} INFO - Started process (PID=49657) to work on /Library/Frameworks/Python.framework/Versions/3.11/lib/python3.11/site-packages/airflow/example_dags/example_sensor_decorator.py
[2025-11-17T19:43:12.170-0300] {processor.py:830} INFO - Processing file /Library/Frameworks/Python.framework/Versions/3.11/lib/python3.11/site-packages/airflow/example_dags/example_sensor_decorator.py for tasks to queue
[2025-11-17T19:43:12.171-0300] {logging_mixin.py:188} INFO - [2025-11-17T19:43:12.170-0300] {dagbag.py:545} INFO - Filling up the DagBag from /Library/Frameworks/Python.framework/Versions/3.11/lib/python3.11/site-packages/airflow/example_dags/example_sensor_decorator.py
[2025-11-17T19:43:12.214-0300] {processor.py:840} INFO - DAG(s) 'example_sensor_decorator' retrieved from /Library/Frameworks/Python.framework/Versions/3.11/lib/python3.11/site-packages/airflow/example_dags/example_sensor_decorator.py
[2025-11-17T19:43:12.259-0300] {logging_mixin.py:188} INFO - [2025-11-17T19:43:12.259-0300] {dag.py:3089} INFO - Sync 1 DAGs
[2025-11-17T19:43:12.262-0300] {logging_mixin.py:188} INFO - [2025-11-17T19:43:12.262-0300] {dag.py:3947} INFO - Setting next_dagrun for example_sensor_decorator to None, run_after=None
[2025-11-17T19:43:12.270-0300] {processor.py:183} INFO - Processing /Library/Frameworks/Python.framework/Versions/3.11/lib/python3.11/site-packages/airflow/example_dags/example_sensor_decorator.py took 0.101 seconds
