[2025-11-17T19:37:31.559-0300] {processor.py:161} INFO - Started process (PID=48176) to work on /Library/Frameworks/Python.framework/Versions/3.11/lib/python3.11/site-packages/airflow/example_dags/example_short_circuit_decorator.py
[2025-11-17T19:37:31.560-0300] {processor.py:830} INFO - Processing file /Library/Frameworks/Python.framework/Versions/3.11/lib/python3.11/site-packages/airflow/example_dags/example_short_circuit_decorator.py for tasks to queue
[2025-11-17T19:37:31.560-0300] {logging_mixin.py:188} INFO - [2025-11-17T19:37:31.560-0300] {dagbag.py:545} INFO - Filling up the DagBag from /Library/Frameworks/Python.framework/Versions/3.11/lib/python3.11/site-packages/airflow/example_dags/example_short_circuit_decorator.py
[2025-11-17T19:37:31.606-0300] {processor.py:840} INFO - DAG(s) 'example_short_circuit_decorator' retrieved from /Library/Frameworks/Python.framework/Versions/3.11/lib/python3.11/site-packages/airflow/example_dags/example_short_circuit_decorator.py
[2025-11-17T19:37:31.679-0300] {logging_mixin.py:188} INFO - [2025-11-17T19:37:31.678-0300] {override.py:1930} INFO - Created Permission View: can delete on DAG:example_short_circuit_decorator
[2025-11-17T19:37:31.682-0300] {logging_mixin.py:188} INFO - [2025-11-17T19:37:31.682-0300] {override.py:1930} INFO - Created Permission View: can edit on DAG:example_short_circuit_decorator
[2025-11-17T19:37:31.684-0300] {logging_mixin.py:188} INFO - [2025-11-17T19:37:31.684-0300] {override.py:1930} INFO - Created Permission View: can read on DAG:example_short_circuit_decorator
[2025-11-17T19:37:31.684-0300] {logging_mixin.py:188} INFO - [2025-11-17T19:37:31.684-0300] {dag.py:3089} INFO - Sync 1 DAGs
[2025-11-17T19:37:31.688-0300] {logging_mixin.py:188} INFO - [2025-11-17T19:37:31.688-0300] {dag.py:3111} INFO - Creating ORM DAG for example_short_circuit_decorator
[2025-11-17T19:37:31.691-0300] {logging_mixin.py:188} INFO - [2025-11-17T19:37:31.691-0300] {dag.py:3947} INFO - Setting next_dagrun for example_short_circuit_decorator to 2025-11-16 00:00:00+00:00, run_after=2025-11-17 00:00:00+00:00
[2025-11-17T19:37:31.697-0300] {processor.py:183} INFO - Processing /Library/Frameworks/Python.framework/Versions/3.11/lib/python3.11/site-packages/airflow/example_dags/example_short_circuit_decorator.py took 0.139 seconds
[2025-11-17T19:39:16.126-0300] {processor.py:161} INFO - Started process (PID=48401) to work on /Library/Frameworks/Python.framework/Versions/3.11/lib/python3.11/site-packages/airflow/example_dags/example_short_circuit_decorator.py
[2025-11-17T19:39:16.126-0300] {processor.py:830} INFO - Processing file /Library/Frameworks/Python.framework/Versions/3.11/lib/python3.11/site-packages/airflow/example_dags/example_short_circuit_decorator.py for tasks to queue
[2025-11-17T19:39:16.127-0300] {logging_mixin.py:188} INFO - [2025-11-17T19:39:16.127-0300] {dagbag.py:545} INFO - Filling up the DagBag from /Library/Frameworks/Python.framework/Versions/3.11/lib/python3.11/site-packages/airflow/example_dags/example_short_circuit_decorator.py
[2025-11-17T19:39:16.171-0300] {processor.py:840} INFO - DAG(s) 'example_short_circuit_decorator' retrieved from /Library/Frameworks/Python.framework/Versions/3.11/lib/python3.11/site-packages/airflow/example_dags/example_short_circuit_decorator.py
[2025-11-17T19:39:16.212-0300] {logging_mixin.py:188} INFO - [2025-11-17T19:39:16.211-0300] {dag.py:3089} INFO - Sync 1 DAGs
[2025-11-17T19:39:16.217-0300] {logging_mixin.py:188} INFO - [2025-11-17T19:39:16.217-0300] {dag.py:3947} INFO - Setting next_dagrun for example_short_circuit_decorator to 2025-11-16 00:00:00+00:00, run_after=2025-11-17 00:00:00+00:00
[2025-11-17T19:39:16.224-0300] {processor.py:183} INFO - Processing /Library/Frameworks/Python.framework/Versions/3.11/lib/python3.11/site-packages/airflow/example_dags/example_short_circuit_decorator.py took 0.099 seconds
[2025-11-17T19:40:31.370-0300] {processor.py:161} INFO - Started process (PID=48552) to work on /Library/Frameworks/Python.framework/Versions/3.11/lib/python3.11/site-packages/airflow/example_dags/example_short_circuit_decorator.py
[2025-11-17T19:40:31.371-0300] {processor.py:830} INFO - Processing file /Library/Frameworks/Python.framework/Versions/3.11/lib/python3.11/site-packages/airflow/example_dags/example_short_circuit_decorator.py for tasks to queue
[2025-11-17T19:40:31.372-0300] {logging_mixin.py:188} INFO - [2025-11-17T19:40:31.372-0300] {dagbag.py:545} INFO - Filling up the DagBag from /Library/Frameworks/Python.framework/Versions/3.11/lib/python3.11/site-packages/airflow/example_dags/example_short_circuit_decorator.py
[2025-11-17T19:40:31.416-0300] {processor.py:840} INFO - DAG(s) 'example_short_circuit_decorator' retrieved from /Library/Frameworks/Python.framework/Versions/3.11/lib/python3.11/site-packages/airflow/example_dags/example_short_circuit_decorator.py
[2025-11-17T19:40:31.455-0300] {logging_mixin.py:188} INFO - [2025-11-17T19:40:31.454-0300] {dag.py:3089} INFO - Sync 1 DAGs
[2025-11-17T19:40:31.460-0300] {logging_mixin.py:188} INFO - [2025-11-17T19:40:31.460-0300] {dag.py:3947} INFO - Setting next_dagrun for example_short_circuit_decorator to 2025-11-16 00:00:00+00:00, run_after=2025-11-17 00:00:00+00:00
[2025-11-17T19:40:31.467-0300] {processor.py:183} INFO - Processing /Library/Frameworks/Python.framework/Versions/3.11/lib/python3.11/site-packages/airflow/example_dags/example_short_circuit_decorator.py took 0.098 seconds
[2025-11-17T19:41:46.831-0300] {processor.py:161} INFO - Started process (PID=48773) to work on /Library/Frameworks/Python.framework/Versions/3.11/lib/python3.11/site-packages/airflow/example_dags/example_short_circuit_decorator.py
[2025-11-17T19:41:46.832-0300] {processor.py:830} INFO - Processing file /Library/Frameworks/Python.framework/Versions/3.11/lib/python3.11/site-packages/airflow/example_dags/example_short_circuit_decorator.py for tasks to queue
[2025-11-17T19:41:46.833-0300] {logging_mixin.py:188} INFO - [2025-11-17T19:41:46.832-0300] {dagbag.py:545} INFO - Filling up the DagBag from /Library/Frameworks/Python.framework/Versions/3.11/lib/python3.11/site-packages/airflow/example_dags/example_short_circuit_decorator.py
[2025-11-17T19:41:46.879-0300] {processor.py:840} INFO - DAG(s) 'example_short_circuit_decorator' retrieved from /Library/Frameworks/Python.framework/Versions/3.11/lib/python3.11/site-packages/airflow/example_dags/example_short_circuit_decorator.py
[2025-11-17T19:41:46.920-0300] {logging_mixin.py:188} INFO - [2025-11-17T19:41:46.920-0300] {dag.py:3089} INFO - Sync 1 DAGs
[2025-11-17T19:41:46.925-0300] {logging_mixin.py:188} INFO - [2025-11-17T19:41:46.925-0300] {dag.py:3947} INFO - Setting next_dagrun for example_short_circuit_decorator to 2025-11-16 00:00:00+00:00, run_after=2025-11-17 00:00:00+00:00
[2025-11-17T19:41:46.932-0300] {processor.py:183} INFO - Processing /Library/Frameworks/Python.framework/Versions/3.11/lib/python3.11/site-packages/airflow/example_dags/example_short_circuit_decorator.py took 0.102 seconds
[2025-11-17T19:43:05.134-0300] {processor.py:161} INFO - Started process (PID=49529) to work on /Library/Frameworks/Python.framework/Versions/3.11/lib/python3.11/site-packages/airflow/example_dags/example_short_circuit_decorator.py
[2025-11-17T19:43:05.135-0300] {processor.py:830} INFO - Processing file /Library/Frameworks/Python.framework/Versions/3.11/lib/python3.11/site-packages/airflow/example_dags/example_short_circuit_decorator.py for tasks to queue
[2025-11-17T19:43:05.136-0300] {logging_mixin.py:188} INFO - [2025-11-17T19:43:05.136-0300] {dagbag.py:545} INFO - Filling up the DagBag from /Library/Frameworks/Python.framework/Versions/3.11/lib/python3.11/site-packages/airflow/example_dags/example_short_circuit_decorator.py
[2025-11-17T19:43:05.183-0300] {processor.py:840} INFO - DAG(s) 'example_short_circuit_decorator' retrieved from /Library/Frameworks/Python.framework/Versions/3.11/lib/python3.11/site-packages/airflow/example_dags/example_short_circuit_decorator.py
[2025-11-17T19:43:05.227-0300] {logging_mixin.py:188} INFO - [2025-11-17T19:43:05.227-0300] {dag.py:3089} INFO - Sync 1 DAGs
[2025-11-17T19:43:05.233-0300] {logging_mixin.py:188} INFO - [2025-11-17T19:43:05.233-0300] {dag.py:3947} INFO - Setting next_dagrun for example_short_circuit_decorator to 2025-11-16 00:00:00+00:00, run_after=2025-11-17 00:00:00+00:00
[2025-11-17T19:43:05.240-0300] {processor.py:183} INFO - Processing /Library/Frameworks/Python.framework/Versions/3.11/lib/python3.11/site-packages/airflow/example_dags/example_short_circuit_decorator.py took 0.107 seconds
