[2025-11-17T19:37:25.679-0300] {processor.py:161} INFO - Started process (PID=48168) to work on /Library/Frameworks/Python.framework/Versions/3.11/lib/python3.11/site-packages/airflow/example_dags/example_sla_dag.py
[2025-11-17T19:37:25.680-0300] {processor.py:830} INFO - Processing file /Library/Frameworks/Python.framework/Versions/3.11/lib/python3.11/site-packages/airflow/example_dags/example_sla_dag.py for tasks to queue
[2025-11-17T19:37:25.680-0300] {logging_mixin.py:188} INFO - [2025-11-17T19:37:25.680-0300] {dagbag.py:545} INFO - Filling up the DagBag from /Library/Frameworks/Python.framework/Versions/3.11/lib/python3.11/site-packages/airflow/example_dags/example_sla_dag.py
[2025-11-17T19:37:25.728-0300] {processor.py:840} INFO - DAG(s) 'example_sla_dag' retrieved from /Library/Frameworks/Python.framework/Versions/3.11/lib/python3.11/site-packages/airflow/example_dags/example_sla_dag.py
[2025-11-17T19:37:25.799-0300] {logging_mixin.py:188} INFO - [2025-11-17T19:37:25.799-0300] {override.py:1930} INFO - Created Permission View: can read on DAG:example_sla_dag
[2025-11-17T19:37:25.803-0300] {logging_mixin.py:188} INFO - [2025-11-17T19:37:25.803-0300] {override.py:1930} INFO - Created Permission View: can delete on DAG:example_sla_dag
[2025-11-17T19:37:25.805-0300] {logging_mixin.py:188} INFO - [2025-11-17T19:37:25.805-0300] {override.py:1930} INFO - Created Permission View: can edit on DAG:example_sla_dag
[2025-11-17T19:37:25.805-0300] {logging_mixin.py:188} INFO - [2025-11-17T19:37:25.805-0300] {dag.py:3089} INFO - Sync 1 DAGs
[2025-11-17T19:37:25.810-0300] {logging_mixin.py:188} INFO - [2025-11-17T19:37:25.810-0300] {dag.py:3111} INFO - Creating ORM DAG for example_sla_dag
[2025-11-17T19:37:25.814-0300] {logging_mixin.py:188} INFO - [2025-11-17T19:37:25.814-0300] {dag.py:3947} INFO - Setting next_dagrun for example_sla_dag to 2025-11-17 22:34:00+00:00, run_after=2025-11-17 22:36:00+00:00
[2025-11-17T19:37:25.821-0300] {processor.py:183} INFO - Processing /Library/Frameworks/Python.framework/Versions/3.11/lib/python3.11/site-packages/airflow/example_dags/example_sla_dag.py took 0.143 seconds
[2025-11-17T19:39:10.392-0300] {processor.py:161} INFO - Started process (PID=48391) to work on /Library/Frameworks/Python.framework/Versions/3.11/lib/python3.11/site-packages/airflow/example_dags/example_sla_dag.py
[2025-11-17T19:39:10.393-0300] {processor.py:830} INFO - Processing file /Library/Frameworks/Python.framework/Versions/3.11/lib/python3.11/site-packages/airflow/example_dags/example_sla_dag.py for tasks to queue
[2025-11-17T19:39:10.394-0300] {logging_mixin.py:188} INFO - [2025-11-17T19:39:10.394-0300] {dagbag.py:545} INFO - Filling up the DagBag from /Library/Frameworks/Python.framework/Versions/3.11/lib/python3.11/site-packages/airflow/example_dags/example_sla_dag.py
[2025-11-17T19:39:10.438-0300] {processor.py:840} INFO - DAG(s) 'example_sla_dag' retrieved from /Library/Frameworks/Python.framework/Versions/3.11/lib/python3.11/site-packages/airflow/example_dags/example_sla_dag.py
[2025-11-17T19:39:10.476-0300] {logging_mixin.py:188} INFO - [2025-11-17T19:39:10.476-0300] {dag.py:3089} INFO - Sync 1 DAGs
[2025-11-17T19:39:10.483-0300] {logging_mixin.py:188} INFO - [2025-11-17T19:39:10.483-0300] {dag.py:3947} INFO - Setting next_dagrun for example_sla_dag to 2025-11-17 22:36:00+00:00, run_after=2025-11-17 22:38:00+00:00
[2025-11-17T19:39:10.490-0300] {processor.py:183} INFO - Processing /Library/Frameworks/Python.framework/Versions/3.11/lib/python3.11/site-packages/airflow/example_dags/example_sla_dag.py took 0.099 seconds
[2025-11-17T19:40:26.757-0300] {processor.py:161} INFO - Started process (PID=48542) to work on /Library/Frameworks/Python.framework/Versions/3.11/lib/python3.11/site-packages/airflow/example_dags/example_sla_dag.py
[2025-11-17T19:40:26.758-0300] {processor.py:830} INFO - Processing file /Library/Frameworks/Python.framework/Versions/3.11/lib/python3.11/site-packages/airflow/example_dags/example_sla_dag.py for tasks to queue
[2025-11-17T19:40:26.758-0300] {logging_mixin.py:188} INFO - [2025-11-17T19:40:26.758-0300] {dagbag.py:545} INFO - Filling up the DagBag from /Library/Frameworks/Python.framework/Versions/3.11/lib/python3.11/site-packages/airflow/example_dags/example_sla_dag.py
[2025-11-17T19:40:26.803-0300] {processor.py:840} INFO - DAG(s) 'example_sla_dag' retrieved from /Library/Frameworks/Python.framework/Versions/3.11/lib/python3.11/site-packages/airflow/example_dags/example_sla_dag.py
[2025-11-17T19:40:26.840-0300] {logging_mixin.py:188} INFO - [2025-11-17T19:40:26.840-0300] {dag.py:3089} INFO - Sync 1 DAGs
[2025-11-17T19:40:26.847-0300] {logging_mixin.py:188} INFO - [2025-11-17T19:40:26.847-0300] {dag.py:3947} INFO - Setting next_dagrun for example_sla_dag to 2025-11-17 22:38:00+00:00, run_after=2025-11-17 22:40:00+00:00
[2025-11-17T19:40:26.855-0300] {processor.py:183} INFO - Processing /Library/Frameworks/Python.framework/Versions/3.11/lib/python3.11/site-packages/airflow/example_dags/example_sla_dag.py took 0.099 seconds
[2025-11-17T19:41:40.891-0300] {processor.py:161} INFO - Started process (PID=48727) to work on /Library/Frameworks/Python.framework/Versions/3.11/lib/python3.11/site-packages/airflow/example_dags/example_sla_dag.py
[2025-11-17T19:41:40.892-0300] {processor.py:830} INFO - Processing file /Library/Frameworks/Python.framework/Versions/3.11/lib/python3.11/site-packages/airflow/example_dags/example_sla_dag.py for tasks to queue
[2025-11-17T19:41:40.892-0300] {logging_mixin.py:188} INFO - [2025-11-17T19:41:40.892-0300] {dagbag.py:545} INFO - Filling up the DagBag from /Library/Frameworks/Python.framework/Versions/3.11/lib/python3.11/site-packages/airflow/example_dags/example_sla_dag.py
[2025-11-17T19:41:40.940-0300] {processor.py:840} INFO - DAG(s) 'example_sla_dag' retrieved from /Library/Frameworks/Python.framework/Versions/3.11/lib/python3.11/site-packages/airflow/example_dags/example_sla_dag.py
[2025-11-17T19:41:40.983-0300] {logging_mixin.py:188} INFO - [2025-11-17T19:41:40.983-0300] {dag.py:3089} INFO - Sync 1 DAGs
[2025-11-17T19:41:40.990-0300] {logging_mixin.py:188} INFO - [2025-11-17T19:41:40.990-0300] {dag.py:3947} INFO - Setting next_dagrun for example_sla_dag to 2025-11-17 22:38:00+00:00, run_after=2025-11-17 22:40:00+00:00
[2025-11-17T19:41:40.997-0300] {processor.py:183} INFO - Processing /Library/Frameworks/Python.framework/Versions/3.11/lib/python3.11/site-packages/airflow/example_dags/example_sla_dag.py took 0.107 seconds
[2025-11-17T19:42:59.322-0300] {processor.py:161} INFO - Started process (PID=49432) to work on /Library/Frameworks/Python.framework/Versions/3.11/lib/python3.11/site-packages/airflow/example_dags/example_sla_dag.py
[2025-11-17T19:42:59.322-0300] {processor.py:830} INFO - Processing file /Library/Frameworks/Python.framework/Versions/3.11/lib/python3.11/site-packages/airflow/example_dags/example_sla_dag.py for tasks to queue
[2025-11-17T19:42:59.323-0300] {logging_mixin.py:188} INFO - [2025-11-17T19:42:59.323-0300] {dagbag.py:545} INFO - Filling up the DagBag from /Library/Frameworks/Python.framework/Versions/3.11/lib/python3.11/site-packages/airflow/example_dags/example_sla_dag.py
[2025-11-17T19:42:59.368-0300] {processor.py:840} INFO - DAG(s) 'example_sla_dag' retrieved from /Library/Frameworks/Python.framework/Versions/3.11/lib/python3.11/site-packages/airflow/example_dags/example_sla_dag.py
[2025-11-17T19:42:59.407-0300] {logging_mixin.py:188} INFO - [2025-11-17T19:42:59.407-0300] {dag.py:3089} INFO - Sync 1 DAGs
[2025-11-17T19:42:59.414-0300] {logging_mixin.py:188} INFO - [2025-11-17T19:42:59.414-0300] {dag.py:3947} INFO - Setting next_dagrun for example_sla_dag to 2025-11-17 22:40:00+00:00, run_after=2025-11-17 22:42:00+00:00
[2025-11-17T19:42:59.421-0300] {processor.py:183} INFO - Processing /Library/Frameworks/Python.framework/Versions/3.11/lib/python3.11/site-packages/airflow/example_dags/example_sla_dag.py took 0.101 seconds
[2025-11-17T19:44:18.916-0300] {processor.py:161} INFO - Started process (PID=50434) to work on /Library/Frameworks/Python.framework/Versions/3.11/lib/python3.11/site-packages/airflow/example_dags/example_sla_dag.py
[2025-11-17T19:44:18.916-0300] {processor.py:830} INFO - Processing file /Library/Frameworks/Python.framework/Versions/3.11/lib/python3.11/site-packages/airflow/example_dags/example_sla_dag.py for tasks to queue
[2025-11-17T19:44:18.917-0300] {logging_mixin.py:188} INFO - [2025-11-17T19:44:18.917-0300] {dagbag.py:545} INFO - Filling up the DagBag from /Library/Frameworks/Python.framework/Versions/3.11/lib/python3.11/site-packages/airflow/example_dags/example_sla_dag.py
[2025-11-17T19:44:18.960-0300] {processor.py:840} INFO - DAG(s) 'example_sla_dag' retrieved from /Library/Frameworks/Python.framework/Versions/3.11/lib/python3.11/site-packages/airflow/example_dags/example_sla_dag.py
[2025-11-17T19:44:18.998-0300] {logging_mixin.py:188} INFO - [2025-11-17T19:44:18.998-0300] {dag.py:3089} INFO - Sync 1 DAGs
[2025-11-17T19:44:19.006-0300] {logging_mixin.py:188} INFO - [2025-11-17T19:44:19.006-0300] {dag.py:3947} INFO - Setting next_dagrun for example_sla_dag to 2025-11-17 22:42:00+00:00, run_after=2025-11-17 22:44:00+00:00
[2025-11-17T19:44:19.013-0300] {processor.py:183} INFO - Processing /Library/Frameworks/Python.framework/Versions/3.11/lib/python3.11/site-packages/airflow/example_dags/example_sla_dag.py took 0.098 seconds
