[2025-11-17T19:38:04.415-0300] {processor.py:161} INFO - Started process (PID=48238) to work on /Library/Frameworks/Python.framework/Versions/3.11/lib/python3.11/site-packages/airflow/example_dags/example_datasets.py
[2025-11-17T19:38:04.415-0300] {processor.py:830} INFO - Processing file /Library/Frameworks/Python.framework/Versions/3.11/lib/python3.11/site-packages/airflow/example_dags/example_datasets.py for tasks to queue
[2025-11-17T19:38:04.416-0300] {logging_mixin.py:188} INFO - [2025-11-17T19:38:04.415-0300] {dagbag.py:545} INFO - Filling up the DagBag from /Library/Frameworks/Python.framework/Versions/3.11/lib/python3.11/site-packages/airflow/example_dags/example_datasets.py
[2025-11-17T19:38:04.443-0300] {processor.py:840} INFO - DAG(s) 'consume_1_and_2_with_dataset_expressions', 'dataset_produces_1', 'dataset_consumes_1_never_scheduled', 'conditional_dataset_and_time_based_timetable', 'dataset_consumes_unknown_never_scheduled', 'dataset_produces_2', 'consume_1_or_2_with_dataset_expressions', 'dataset_consumes_1_and_2', 'dataset_consumes_1', 'consume_1_or_both_2_and_3_with_dataset_expressions' retrieved from /Library/Frameworks/Python.framework/Versions/3.11/lib/python3.11/site-packages/airflow/example_dags/example_datasets.py
[2025-11-17T19:38:04.544-0300] {logging_mixin.py:188} INFO - [2025-11-17T19:38:04.544-0300] {override.py:1930} INFO - Created Permission View: can read on DAG:consume_1_and_2_with_dataset_expressions
[2025-11-17T19:38:04.547-0300] {logging_mixin.py:188} INFO - [2025-11-17T19:38:04.547-0300] {override.py:1930} INFO - Created Permission View: can edit on DAG:consume_1_and_2_with_dataset_expressions
[2025-11-17T19:38:04.549-0300] {logging_mixin.py:188} INFO - [2025-11-17T19:38:04.549-0300] {override.py:1930} INFO - Created Permission View: can delete on DAG:consume_1_and_2_with_dataset_expressions
[2025-11-17T19:38:04.553-0300] {logging_mixin.py:188} INFO - [2025-11-17T19:38:04.553-0300] {override.py:1930} INFO - Created Permission View: can read on DAG:dataset_produces_1
[2025-11-17T19:38:04.555-0300] {logging_mixin.py:188} INFO - [2025-11-17T19:38:04.555-0300] {override.py:1930} INFO - Created Permission View: can edit on DAG:dataset_produces_1
[2025-11-17T19:38:04.557-0300] {logging_mixin.py:188} INFO - [2025-11-17T19:38:04.557-0300] {override.py:1930} INFO - Created Permission View: can delete on DAG:dataset_produces_1
[2025-11-17T19:38:04.561-0300] {logging_mixin.py:188} INFO - [2025-11-17T19:38:04.561-0300] {override.py:1930} INFO - Created Permission View: can read on DAG:dataset_consumes_1_never_scheduled
[2025-11-17T19:38:04.562-0300] {logging_mixin.py:188} INFO - [2025-11-17T19:38:04.562-0300] {override.py:1930} INFO - Created Permission View: can edit on DAG:dataset_consumes_1_never_scheduled
[2025-11-17T19:38:04.564-0300] {logging_mixin.py:188} INFO - [2025-11-17T19:38:04.564-0300] {override.py:1930} INFO - Created Permission View: can delete on DAG:dataset_consumes_1_never_scheduled
[2025-11-17T19:38:04.568-0300] {logging_mixin.py:188} INFO - [2025-11-17T19:38:04.568-0300] {override.py:1930} INFO - Created Permission View: can read on DAG:conditional_dataset_and_time_based_timetable
[2025-11-17T19:38:04.570-0300] {logging_mixin.py:188} INFO - [2025-11-17T19:38:04.570-0300] {override.py:1930} INFO - Created Permission View: can edit on DAG:conditional_dataset_and_time_based_timetable
[2025-11-17T19:38:04.571-0300] {logging_mixin.py:188} INFO - [2025-11-17T19:38:04.571-0300] {override.py:1930} INFO - Created Permission View: can delete on DAG:conditional_dataset_and_time_based_timetable
[2025-11-17T19:38:04.575-0300] {logging_mixin.py:188} INFO - [2025-11-17T19:38:04.575-0300] {override.py:1930} INFO - Created Permission View: can read on DAG:dataset_consumes_unknown_never_scheduled
[2025-11-17T19:38:04.577-0300] {logging_mixin.py:188} INFO - [2025-11-17T19:38:04.577-0300] {override.py:1930} INFO - Created Permission View: can edit on DAG:dataset_consumes_unknown_never_scheduled
[2025-11-17T19:38:04.579-0300] {logging_mixin.py:188} INFO - [2025-11-17T19:38:04.579-0300] {override.py:1930} INFO - Created Permission View: can delete on DAG:dataset_consumes_unknown_never_scheduled
[2025-11-17T19:38:04.582-0300] {logging_mixin.py:188} INFO - [2025-11-17T19:38:04.582-0300] {override.py:1930} INFO - Created Permission View: can read on DAG:dataset_produces_2
[2025-11-17T19:38:04.584-0300] {logging_mixin.py:188} INFO - [2025-11-17T19:38:04.584-0300] {override.py:1930} INFO - Created Permission View: can edit on DAG:dataset_produces_2
[2025-11-17T19:38:04.586-0300] {logging_mixin.py:188} INFO - [2025-11-17T19:38:04.586-0300] {override.py:1930} INFO - Created Permission View: can delete on DAG:dataset_produces_2
[2025-11-17T19:38:04.590-0300] {logging_mixin.py:188} INFO - [2025-11-17T19:38:04.590-0300] {override.py:1930} INFO - Created Permission View: can read on DAG:consume_1_or_2_with_dataset_expressions
[2025-11-17T19:38:04.592-0300] {logging_mixin.py:188} INFO - [2025-11-17T19:38:04.592-0300] {override.py:1930} INFO - Created Permission View: can edit on DAG:consume_1_or_2_with_dataset_expressions
[2025-11-17T19:38:04.594-0300] {logging_mixin.py:188} INFO - [2025-11-17T19:38:04.593-0300] {override.py:1930} INFO - Created Permission View: can delete on DAG:consume_1_or_2_with_dataset_expressions
[2025-11-17T19:38:04.597-0300] {logging_mixin.py:188} INFO - [2025-11-17T19:38:04.597-0300] {override.py:1930} INFO - Created Permission View: can read on DAG:dataset_consumes_1_and_2
[2025-11-17T19:38:04.599-0300] {logging_mixin.py:188} INFO - [2025-11-17T19:38:04.599-0300] {override.py:1930} INFO - Created Permission View: can edit on DAG:dataset_consumes_1_and_2
[2025-11-17T19:38:04.601-0300] {logging_mixin.py:188} INFO - [2025-11-17T19:38:04.601-0300] {override.py:1930} INFO - Created Permission View: can delete on DAG:dataset_consumes_1_and_2
[2025-11-17T19:38:04.605-0300] {logging_mixin.py:188} INFO - [2025-11-17T19:38:04.604-0300] {override.py:1930} INFO - Created Permission View: can read on DAG:dataset_consumes_1
[2025-11-17T19:38:04.606-0300] {logging_mixin.py:188} INFO - [2025-11-17T19:38:04.606-0300] {override.py:1930} INFO - Created Permission View: can edit on DAG:dataset_consumes_1
[2025-11-17T19:38:04.608-0300] {logging_mixin.py:188} INFO - [2025-11-17T19:38:04.608-0300] {override.py:1930} INFO - Created Permission View: can delete on DAG:dataset_consumes_1
[2025-11-17T19:38:04.612-0300] {logging_mixin.py:188} INFO - [2025-11-17T19:38:04.612-0300] {override.py:1930} INFO - Created Permission View: can read on DAG:consume_1_or_both_2_and_3_with_dataset_expressions
[2025-11-17T19:38:04.614-0300] {logging_mixin.py:188} INFO - [2025-11-17T19:38:04.614-0300] {override.py:1930} INFO - Created Permission View: can edit on DAG:consume_1_or_both_2_and_3_with_dataset_expressions
[2025-11-17T19:38:04.616-0300] {logging_mixin.py:188} INFO - [2025-11-17T19:38:04.616-0300] {override.py:1930} INFO - Created Permission View: can delete on DAG:consume_1_or_both_2_and_3_with_dataset_expressions
[2025-11-17T19:38:04.616-0300] {logging_mixin.py:188} INFO - [2025-11-17T19:38:04.616-0300] {dag.py:3089} INFO - Sync 10 DAGs
[2025-11-17T19:38:04.619-0300] {logging_mixin.py:188} INFO - [2025-11-17T19:38:04.619-0300] {dag.py:3111} INFO - Creating ORM DAG for consume_1_and_2_with_dataset_expressions
[2025-11-17T19:38:04.619-0300] {logging_mixin.py:188} INFO - [2025-11-17T19:38:04.619-0300] {dag.py:3111} INFO - Creating ORM DAG for conditional_dataset_and_time_based_timetable
[2025-11-17T19:38:04.619-0300] {logging_mixin.py:188} INFO - [2025-11-17T19:38:04.619-0300] {dag.py:3111} INFO - Creating ORM DAG for dataset_consumes_1
[2025-11-17T19:38:04.620-0300] {logging_mixin.py:188} INFO - [2025-11-17T19:38:04.620-0300] {dag.py:3111} INFO - Creating ORM DAG for consume_1_or_both_2_and_3_with_dataset_expressions
[2025-11-17T19:38:04.620-0300] {logging_mixin.py:188} INFO - [2025-11-17T19:38:04.620-0300] {dag.py:3111} INFO - Creating ORM DAG for dataset_consumes_unknown_never_scheduled
[2025-11-17T19:38:04.620-0300] {logging_mixin.py:188} INFO - [2025-11-17T19:38:04.620-0300] {dag.py:3111} INFO - Creating ORM DAG for dataset_consumes_1_and_2
[2025-11-17T19:38:04.620-0300] {logging_mixin.py:188} INFO - [2025-11-17T19:38:04.620-0300] {dag.py:3111} INFO - Creating ORM DAG for dataset_produces_2
[2025-11-17T19:38:04.620-0300] {logging_mixin.py:188} INFO - [2025-11-17T19:38:04.620-0300] {dag.py:3111} INFO - Creating ORM DAG for dataset_produces_1
[2025-11-17T19:38:04.620-0300] {logging_mixin.py:188} INFO - [2025-11-17T19:38:04.620-0300] {dag.py:3111} INFO - Creating ORM DAG for dataset_consumes_1_never_scheduled
[2025-11-17T19:38:04.621-0300] {logging_mixin.py:188} INFO - [2025-11-17T19:38:04.620-0300] {dag.py:3111} INFO - Creating ORM DAG for consume_1_or_2_with_dataset_expressions
[2025-11-17T19:38:04.624-0300] {logging_mixin.py:188} INFO - [2025-11-17T19:38:04.624-0300] {dag.py:3947} INFO - Setting next_dagrun for conditional_dataset_and_time_based_timetable to 2025-11-12 01:00:00+00:00, run_after=2025-11-12 01:00:00+00:00
[2025-11-17T19:38:04.624-0300] {logging_mixin.py:188} INFO - [2025-11-17T19:38:04.624-0300] {dag.py:3947} INFO - Setting next_dagrun for consume_1_and_2_with_dataset_expressions to None, run_after=None
[2025-11-17T19:38:04.624-0300] {logging_mixin.py:188} INFO - [2025-11-17T19:38:04.624-0300] {dag.py:3947} INFO - Setting next_dagrun for consume_1_or_2_with_dataset_expressions to None, run_after=None
[2025-11-17T19:38:04.624-0300] {logging_mixin.py:188} INFO - [2025-11-17T19:38:04.624-0300] {dag.py:3947} INFO - Setting next_dagrun for consume_1_or_both_2_and_3_with_dataset_expressions to None, run_after=None
[2025-11-17T19:38:04.625-0300] {logging_mixin.py:188} INFO - [2025-11-17T19:38:04.624-0300] {dag.py:3947} INFO - Setting next_dagrun for dataset_consumes_1 to None, run_after=None
[2025-11-17T19:38:04.625-0300] {logging_mixin.py:188} INFO - [2025-11-17T19:38:04.625-0300] {dag.py:3947} INFO - Setting next_dagrun for dataset_consumes_1_and_2 to None, run_after=None
[2025-11-17T19:38:04.625-0300] {logging_mixin.py:188} INFO - [2025-11-17T19:38:04.625-0300] {dag.py:3947} INFO - Setting next_dagrun for dataset_consumes_1_never_scheduled to None, run_after=None
[2025-11-17T19:38:04.625-0300] {logging_mixin.py:188} INFO - [2025-11-17T19:38:04.625-0300] {dag.py:3947} INFO - Setting next_dagrun for dataset_consumes_unknown_never_scheduled to None, run_after=None
[2025-11-17T19:38:04.626-0300] {logging_mixin.py:188} INFO - [2025-11-17T19:38:04.625-0300] {dag.py:3947} INFO - Setting next_dagrun for dataset_produces_1 to 2025-11-16 00:00:00+00:00, run_after=2025-11-17 00:00:00+00:00
[2025-11-17T19:38:04.626-0300] {logging_mixin.py:188} INFO - [2025-11-17T19:38:04.626-0300] {dag.py:3947} INFO - Setting next_dagrun for dataset_produces_2 to None, run_after=None
[2025-11-17T19:38:04.638-0300] {processor.py:183} INFO - Processing /Library/Frameworks/Python.framework/Versions/3.11/lib/python3.11/site-packages/airflow/example_dags/example_datasets.py took 0.224 seconds
[2025-11-17T19:39:50.021-0300] {processor.py:161} INFO - Started process (PID=48470) to work on /Library/Frameworks/Python.framework/Versions/3.11/lib/python3.11/site-packages/airflow/example_dags/example_datasets.py
[2025-11-17T19:39:50.022-0300] {processor.py:830} INFO - Processing file /Library/Frameworks/Python.framework/Versions/3.11/lib/python3.11/site-packages/airflow/example_dags/example_datasets.py for tasks to queue
[2025-11-17T19:39:50.023-0300] {logging_mixin.py:188} INFO - [2025-11-17T19:39:50.023-0300] {dagbag.py:545} INFO - Filling up the DagBag from /Library/Frameworks/Python.framework/Versions/3.11/lib/python3.11/site-packages/airflow/example_dags/example_datasets.py
[2025-11-17T19:39:50.050-0300] {processor.py:840} INFO - DAG(s) 'consume_1_or_both_2_and_3_with_dataset_expressions', 'dataset_consumes_1_and_2', 'consume_1_or_2_with_dataset_expressions', 'dataset_produces_2', 'dataset_consumes_1_never_scheduled', 'dataset_consumes_unknown_never_scheduled', 'dataset_consumes_1', 'consume_1_and_2_with_dataset_expressions', 'dataset_produces_1', 'conditional_dataset_and_time_based_timetable' retrieved from /Library/Frameworks/Python.framework/Versions/3.11/lib/python3.11/site-packages/airflow/example_dags/example_datasets.py
[2025-11-17T19:39:50.123-0300] {logging_mixin.py:188} INFO - [2025-11-17T19:39:50.123-0300] {dag.py:3089} INFO - Sync 10 DAGs
[2025-11-17T19:39:50.130-0300] {logging_mixin.py:188} INFO - [2025-11-17T19:39:50.130-0300] {dag.py:3947} INFO - Setting next_dagrun for conditional_dataset_and_time_based_timetable to 2025-11-12 01:00:00+00:00, run_after=2025-11-12 01:00:00+00:00
[2025-11-17T19:39:50.131-0300] {logging_mixin.py:188} INFO - [2025-11-17T19:39:50.131-0300] {dag.py:3947} INFO - Setting next_dagrun for consume_1_and_2_with_dataset_expressions to None, run_after=None
[2025-11-17T19:39:50.132-0300] {logging_mixin.py:188} INFO - [2025-11-17T19:39:50.132-0300] {dag.py:3947} INFO - Setting next_dagrun for consume_1_or_2_with_dataset_expressions to None, run_after=None
[2025-11-17T19:39:50.132-0300] {logging_mixin.py:188} INFO - [2025-11-17T19:39:50.132-0300] {dag.py:3947} INFO - Setting next_dagrun for consume_1_or_both_2_and_3_with_dataset_expressions to None, run_after=None
[2025-11-17T19:39:50.132-0300] {logging_mixin.py:188} INFO - [2025-11-17T19:39:50.132-0300] {dag.py:3947} INFO - Setting next_dagrun for dataset_consumes_1 to None, run_after=None
[2025-11-17T19:39:50.132-0300] {logging_mixin.py:188} INFO - [2025-11-17T19:39:50.132-0300] {dag.py:3947} INFO - Setting next_dagrun for dataset_consumes_1_and_2 to None, run_after=None
[2025-11-17T19:39:50.133-0300] {logging_mixin.py:188} INFO - [2025-11-17T19:39:50.133-0300] {dag.py:3947} INFO - Setting next_dagrun for dataset_consumes_1_never_scheduled to None, run_after=None
[2025-11-17T19:39:50.133-0300] {logging_mixin.py:188} INFO - [2025-11-17T19:39:50.133-0300] {dag.py:3947} INFO - Setting next_dagrun for dataset_consumes_unknown_never_scheduled to None, run_after=None
[2025-11-17T19:39:50.134-0300] {logging_mixin.py:188} INFO - [2025-11-17T19:39:50.134-0300] {dag.py:3947} INFO - Setting next_dagrun for dataset_produces_1 to 2025-11-16 00:00:00+00:00, run_after=2025-11-17 00:00:00+00:00
[2025-11-17T19:39:50.134-0300] {logging_mixin.py:188} INFO - [2025-11-17T19:39:50.134-0300] {dag.py:3947} INFO - Setting next_dagrun for dataset_produces_2 to None, run_after=None
[2025-11-17T19:39:50.144-0300] {processor.py:183} INFO - Processing /Library/Frameworks/Python.framework/Versions/3.11/lib/python3.11/site-packages/airflow/example_dags/example_datasets.py took 0.124 seconds
[2025-11-17T19:42:18.770-0300] {processor.py:161} INFO - Started process (PID=48904) to work on /Library/Frameworks/Python.framework/Versions/3.11/lib/python3.11/site-packages/airflow/example_dags/example_datasets.py
[2025-11-17T19:42:18.770-0300] {processor.py:830} INFO - Processing file /Library/Frameworks/Python.framework/Versions/3.11/lib/python3.11/site-packages/airflow/example_dags/example_datasets.py for tasks to queue
[2025-11-17T19:42:18.771-0300] {logging_mixin.py:188} INFO - [2025-11-17T19:42:18.771-0300] {dagbag.py:545} INFO - Filling up the DagBag from /Library/Frameworks/Python.framework/Versions/3.11/lib/python3.11/site-packages/airflow/example_dags/example_datasets.py
[2025-11-17T19:42:18.801-0300] {processor.py:840} INFO - DAG(s) 'consume_1_or_both_2_and_3_with_dataset_expressions', 'dataset_consumes_1_and_2', 'dataset_produces_2', 'dataset_consumes_1', 'consume_1_or_2_with_dataset_expressions', 'conditional_dataset_and_time_based_timetable', 'dataset_produces_1', 'dataset_consumes_1_never_scheduled', 'consume_1_and_2_with_dataset_expressions', 'dataset_consumes_unknown_never_scheduled' retrieved from /Library/Frameworks/Python.framework/Versions/3.11/lib/python3.11/site-packages/airflow/example_dags/example_datasets.py
[2025-11-17T19:42:18.880-0300] {logging_mixin.py:188} INFO - [2025-11-17T19:42:18.880-0300] {dag.py:3089} INFO - Sync 10 DAGs
[2025-11-17T19:42:18.888-0300] {logging_mixin.py:188} INFO - [2025-11-17T19:42:18.888-0300] {dag.py:3947} INFO - Setting next_dagrun for conditional_dataset_and_time_based_timetable to 2025-11-12 01:00:00+00:00, run_after=2025-11-12 01:00:00+00:00
[2025-11-17T19:42:18.889-0300] {logging_mixin.py:188} INFO - [2025-11-17T19:42:18.889-0300] {dag.py:3947} INFO - Setting next_dagrun for consume_1_and_2_with_dataset_expressions to None, run_after=None
[2025-11-17T19:42:18.890-0300] {logging_mixin.py:188} INFO - [2025-11-17T19:42:18.890-0300] {dag.py:3947} INFO - Setting next_dagrun for consume_1_or_2_with_dataset_expressions to None, run_after=None
[2025-11-17T19:42:18.890-0300] {logging_mixin.py:188} INFO - [2025-11-17T19:42:18.890-0300] {dag.py:3947} INFO - Setting next_dagrun for consume_1_or_both_2_and_3_with_dataset_expressions to None, run_after=None
[2025-11-17T19:42:18.890-0300] {logging_mixin.py:188} INFO - [2025-11-17T19:42:18.890-0300] {dag.py:3947} INFO - Setting next_dagrun for dataset_consumes_1 to None, run_after=None
[2025-11-17T19:42:18.891-0300] {logging_mixin.py:188} INFO - [2025-11-17T19:42:18.890-0300] {dag.py:3947} INFO - Setting next_dagrun for dataset_consumes_1_and_2 to None, run_after=None
[2025-11-17T19:42:18.891-0300] {logging_mixin.py:188} INFO - [2025-11-17T19:42:18.891-0300] {dag.py:3947} INFO - Setting next_dagrun for dataset_consumes_1_never_scheduled to None, run_after=None
[2025-11-17T19:42:18.891-0300] {logging_mixin.py:188} INFO - [2025-11-17T19:42:18.891-0300] {dag.py:3947} INFO - Setting next_dagrun for dataset_consumes_unknown_never_scheduled to None, run_after=None
[2025-11-17T19:42:18.892-0300] {logging_mixin.py:188} INFO - [2025-11-17T19:42:18.892-0300] {dag.py:3947} INFO - Setting next_dagrun for dataset_produces_1 to 2025-11-16 00:00:00+00:00, run_after=2025-11-17 00:00:00+00:00
[2025-11-17T19:42:18.892-0300] {logging_mixin.py:188} INFO - [2025-11-17T19:42:18.892-0300] {dag.py:3947} INFO - Setting next_dagrun for dataset_produces_2 to None, run_after=None
[2025-11-17T19:42:18.902-0300] {processor.py:183} INFO - Processing /Library/Frameworks/Python.framework/Versions/3.11/lib/python3.11/site-packages/airflow/example_dags/example_datasets.py took 0.134 seconds
