[2025-11-17T19:37:47.605-0300] {processor.py:161} INFO - Started process (PID=48201) to work on /Library/Frameworks/Python.framework/Versions/3.11/lib/python3.11/site-packages/airflow/example_dags/example_nested_branch_dag.py
[2025-11-17T19:37:47.606-0300] {processor.py:830} INFO - Processing file /Library/Frameworks/Python.framework/Versions/3.11/lib/python3.11/site-packages/airflow/example_dags/example_nested_branch_dag.py for tasks to queue
[2025-11-17T19:37:47.606-0300] {logging_mixin.py:188} INFO - [2025-11-17T19:37:47.606-0300] {dagbag.py:545} INFO - Filling up the DagBag from /Library/Frameworks/Python.framework/Versions/3.11/lib/python3.11/site-packages/airflow/example_dags/example_nested_branch_dag.py
[2025-11-17T19:37:47.654-0300] {processor.py:840} INFO - DAG(s) 'example_nested_branch_dag' retrieved from /Library/Frameworks/Python.framework/Versions/3.11/lib/python3.11/site-packages/airflow/example_dags/example_nested_branch_dag.py
[2025-11-17T19:37:47.724-0300] {logging_mixin.py:188} INFO - [2025-11-17T19:37:47.724-0300] {override.py:1930} INFO - Created Permission View: can read on DAG:example_nested_branch_dag
[2025-11-17T19:37:47.728-0300] {logging_mixin.py:188} INFO - [2025-11-17T19:37:47.727-0300] {override.py:1930} INFO - Created Permission View: can delete on DAG:example_nested_branch_dag
[2025-11-17T19:37:47.730-0300] {logging_mixin.py:188} INFO - [2025-11-17T19:37:47.730-0300] {override.py:1930} INFO - Created Permission View: can edit on DAG:example_nested_branch_dag
[2025-11-17T19:37:47.730-0300] {logging_mixin.py:188} INFO - [2025-11-17T19:37:47.730-0300] {dag.py:3089} INFO - Sync 1 DAGs
[2025-11-17T19:37:47.734-0300] {logging_mixin.py:188} INFO - [2025-11-17T19:37:47.734-0300] {dag.py:3111} INFO - Creating ORM DAG for example_nested_branch_dag
[2025-11-17T19:37:47.737-0300] {logging_mixin.py:188} INFO - [2025-11-17T19:37:47.737-0300] {dag.py:3947} INFO - Setting next_dagrun for example_nested_branch_dag to 2025-11-16 00:00:00+00:00, run_after=2025-11-17 00:00:00+00:00
[2025-11-17T19:37:47.743-0300] {processor.py:183} INFO - Processing /Library/Frameworks/Python.framework/Versions/3.11/lib/python3.11/site-packages/airflow/example_dags/example_nested_branch_dag.py took 0.139 seconds
[2025-11-17T19:39:34.528-0300] {processor.py:161} INFO - Started process (PID=48439) to work on /Library/Frameworks/Python.framework/Versions/3.11/lib/python3.11/site-packages/airflow/example_dags/example_nested_branch_dag.py
[2025-11-17T19:39:34.529-0300] {processor.py:830} INFO - Processing file /Library/Frameworks/Python.framework/Versions/3.11/lib/python3.11/site-packages/airflow/example_dags/example_nested_branch_dag.py for tasks to queue
[2025-11-17T19:39:34.529-0300] {logging_mixin.py:188} INFO - [2025-11-17T19:39:34.529-0300] {dagbag.py:545} INFO - Filling up the DagBag from /Library/Frameworks/Python.framework/Versions/3.11/lib/python3.11/site-packages/airflow/example_dags/example_nested_branch_dag.py
[2025-11-17T19:39:34.573-0300] {processor.py:840} INFO - DAG(s) 'example_nested_branch_dag' retrieved from /Library/Frameworks/Python.framework/Versions/3.11/lib/python3.11/site-packages/airflow/example_dags/example_nested_branch_dag.py
[2025-11-17T19:39:34.612-0300] {logging_mixin.py:188} INFO - [2025-11-17T19:39:34.612-0300] {dag.py:3089} INFO - Sync 1 DAGs
[2025-11-17T19:39:34.618-0300] {logging_mixin.py:188} INFO - [2025-11-17T19:39:34.618-0300] {dag.py:3947} INFO - Setting next_dagrun for example_nested_branch_dag to 2025-11-16 00:00:00+00:00, run_after=2025-11-17 00:00:00+00:00
[2025-11-17T19:39:34.625-0300] {processor.py:183} INFO - Processing /Library/Frameworks/Python.framework/Versions/3.11/lib/python3.11/site-packages/airflow/example_dags/example_nested_branch_dag.py took 0.098 seconds
[2025-11-17T19:42:02.788-0300] {processor.py:161} INFO - Started process (PID=48836) to work on /Library/Frameworks/Python.framework/Versions/3.11/lib/python3.11/site-packages/airflow/example_dags/example_nested_branch_dag.py
[2025-11-17T19:42:02.789-0300] {processor.py:830} INFO - Processing file /Library/Frameworks/Python.framework/Versions/3.11/lib/python3.11/site-packages/airflow/example_dags/example_nested_branch_dag.py for tasks to queue
[2025-11-17T19:42:02.789-0300] {logging_mixin.py:188} INFO - [2025-11-17T19:42:02.789-0300] {dagbag.py:545} INFO - Filling up the DagBag from /Library/Frameworks/Python.framework/Versions/3.11/lib/python3.11/site-packages/airflow/example_dags/example_nested_branch_dag.py
[2025-11-17T19:42:02.840-0300] {processor.py:840} INFO - DAG(s) 'example_nested_branch_dag' retrieved from /Library/Frameworks/Python.framework/Versions/3.11/lib/python3.11/site-packages/airflow/example_dags/example_nested_branch_dag.py
[2025-11-17T19:42:02.880-0300] {logging_mixin.py:188} INFO - [2025-11-17T19:42:02.879-0300] {dag.py:3089} INFO - Sync 1 DAGs
[2025-11-17T19:42:02.886-0300] {logging_mixin.py:188} INFO - [2025-11-17T19:42:02.886-0300] {dag.py:3947} INFO - Setting next_dagrun for example_nested_branch_dag to 2025-11-16 00:00:00+00:00, run_after=2025-11-17 00:00:00+00:00
[2025-11-17T19:42:02.893-0300] {processor.py:183} INFO - Processing /Library/Frameworks/Python.framework/Versions/3.11/lib/python3.11/site-packages/airflow/example_dags/example_nested_branch_dag.py took 0.106 seconds
