[2025-11-17T19:37:04.456-0300] {processor.py:161} INFO - Started process (PID=48134) to work on /Library/Frameworks/Python.framework/Versions/3.11/lib/python3.11/site-packages/airflow/example_dags/tutorial_objectstorage.py
[2025-11-17T19:37:04.457-0300] {processor.py:830} INFO - Processing file /Library/Frameworks/Python.framework/Versions/3.11/lib/python3.11/site-packages/airflow/example_dags/tutorial_objectstorage.py for tasks to queue
[2025-11-17T19:37:04.458-0300] {logging_mixin.py:188} INFO - [2025-11-17T19:37:04.458-0300] {dagbag.py:545} INFO - Filling up the DagBag from /Library/Frameworks/Python.framework/Versions/3.11/lib/python3.11/site-packages/airflow/example_dags/tutorial_objectstorage.py
[2025-11-17T19:37:04.533-0300] {processor.py:840} INFO - DAG(s) 'tutorial_objectstorage' retrieved from /Library/Frameworks/Python.framework/Versions/3.11/lib/python3.11/site-packages/airflow/example_dags/tutorial_objectstorage.py
[2025-11-17T19:37:04.623-0300] {logging_mixin.py:188} INFO - [2025-11-17T19:37:04.623-0300] {override.py:1930} INFO - Created Permission View: can delete on DAG:tutorial_objectstorage
[2025-11-17T19:37:04.627-0300] {logging_mixin.py:188} INFO - [2025-11-17T19:37:04.627-0300] {override.py:1930} INFO - Created Permission View: can read on DAG:tutorial_objectstorage
[2025-11-17T19:37:04.629-0300] {logging_mixin.py:188} INFO - [2025-11-17T19:37:04.629-0300] {override.py:1930} INFO - Created Permission View: can edit on DAG:tutorial_objectstorage
[2025-11-17T19:37:04.629-0300] {logging_mixin.py:188} INFO - [2025-11-17T19:37:04.629-0300] {dag.py:3089} INFO - Sync 1 DAGs
[2025-11-17T19:37:04.633-0300] {logging_mixin.py:188} INFO - [2025-11-17T19:37:04.633-0300] {dag.py:3111} INFO - Creating ORM DAG for tutorial_objectstorage
[2025-11-17T19:37:04.633-0300] {logging_mixin.py:188} INFO - [2025-11-17T19:37:04.633-0300] {dag.py:3947} INFO - Setting next_dagrun for tutorial_objectstorage to None, run_after=None
[2025-11-17T19:37:04.641-0300] {processor.py:183} INFO - Processing /Library/Frameworks/Python.framework/Versions/3.11/lib/python3.11/site-packages/airflow/example_dags/tutorial_objectstorage.py took 0.186 seconds
[2025-11-17T19:38:52.178-0300] {processor.py:161} INFO - Started process (PID=48350) to work on /Library/Frameworks/Python.framework/Versions/3.11/lib/python3.11/site-packages/airflow/example_dags/tutorial_objectstorage.py
[2025-11-17T19:38:52.179-0300] {processor.py:830} INFO - Processing file /Library/Frameworks/Python.framework/Versions/3.11/lib/python3.11/site-packages/airflow/example_dags/tutorial_objectstorage.py for tasks to queue
[2025-11-17T19:38:52.180-0300] {logging_mixin.py:188} INFO - [2025-11-17T19:38:52.180-0300] {dagbag.py:545} INFO - Filling up the DagBag from /Library/Frameworks/Python.framework/Versions/3.11/lib/python3.11/site-packages/airflow/example_dags/tutorial_objectstorage.py
[2025-11-17T19:38:52.253-0300] {processor.py:840} INFO - DAG(s) 'tutorial_objectstorage' retrieved from /Library/Frameworks/Python.framework/Versions/3.11/lib/python3.11/site-packages/airflow/example_dags/tutorial_objectstorage.py
[2025-11-17T19:38:52.291-0300] {logging_mixin.py:188} INFO - [2025-11-17T19:38:52.290-0300] {dag.py:3089} INFO - Sync 1 DAGs
[2025-11-17T19:38:52.294-0300] {logging_mixin.py:188} INFO - [2025-11-17T19:38:52.294-0300] {dag.py:3947} INFO - Setting next_dagrun for tutorial_objectstorage to None, run_after=None
[2025-11-17T19:38:52.301-0300] {processor.py:183} INFO - Processing /Library/Frameworks/Python.framework/Versions/3.11/lib/python3.11/site-packages/airflow/example_dags/tutorial_objectstorage.py took 0.123 seconds
[2025-11-17T19:40:06.789-0300] {processor.py:161} INFO - Started process (PID=48504) to work on /Library/Frameworks/Python.framework/Versions/3.11/lib/python3.11/site-packages/airflow/example_dags/tutorial_objectstorage.py
[2025-11-17T19:40:06.790-0300] {processor.py:830} INFO - Processing file /Library/Frameworks/Python.framework/Versions/3.11/lib/python3.11/site-packages/airflow/example_dags/tutorial_objectstorage.py for tasks to queue
[2025-11-17T19:40:06.790-0300] {logging_mixin.py:188} INFO - [2025-11-17T19:40:06.790-0300] {dagbag.py:545} INFO - Filling up the DagBag from /Library/Frameworks/Python.framework/Versions/3.11/lib/python3.11/site-packages/airflow/example_dags/tutorial_objectstorage.py
[2025-11-17T19:40:06.861-0300] {processor.py:840} INFO - DAG(s) 'tutorial_objectstorage' retrieved from /Library/Frameworks/Python.framework/Versions/3.11/lib/python3.11/site-packages/airflow/example_dags/tutorial_objectstorage.py
[2025-11-17T19:40:06.900-0300] {logging_mixin.py:188} INFO - [2025-11-17T19:40:06.899-0300] {dag.py:3089} INFO - Sync 1 DAGs
[2025-11-17T19:40:06.903-0300] {logging_mixin.py:188} INFO - [2025-11-17T19:40:06.903-0300] {dag.py:3947} INFO - Setting next_dagrun for tutorial_objectstorage to None, run_after=None
[2025-11-17T19:40:06.910-0300] {processor.py:183} INFO - Processing /Library/Frameworks/Python.framework/Versions/3.11/lib/python3.11/site-packages/airflow/example_dags/tutorial_objectstorage.py took 0.122 seconds
[2025-11-17T19:41:20.978-0300] {processor.py:161} INFO - Started process (PID=48668) to work on /Library/Frameworks/Python.framework/Versions/3.11/lib/python3.11/site-packages/airflow/example_dags/tutorial_objectstorage.py
[2025-11-17T19:41:20.981-0300] {processor.py:830} INFO - Processing file /Library/Frameworks/Python.framework/Versions/3.11/lib/python3.11/site-packages/airflow/example_dags/tutorial_objectstorage.py for tasks to queue
[2025-11-17T19:41:20.981-0300] {logging_mixin.py:188} INFO - [2025-11-17T19:41:20.981-0300] {dagbag.py:545} INFO - Filling up the DagBag from /Library/Frameworks/Python.framework/Versions/3.11/lib/python3.11/site-packages/airflow/example_dags/tutorial_objectstorage.py
[2025-11-17T19:41:21.057-0300] {processor.py:840} INFO - DAG(s) 'tutorial_objectstorage' retrieved from /Library/Frameworks/Python.framework/Versions/3.11/lib/python3.11/site-packages/airflow/example_dags/tutorial_objectstorage.py
[2025-11-17T19:41:21.097-0300] {logging_mixin.py:188} INFO - [2025-11-17T19:41:21.097-0300] {dag.py:3089} INFO - Sync 1 DAGs
[2025-11-17T19:41:21.100-0300] {logging_mixin.py:188} INFO - [2025-11-17T19:41:21.100-0300] {dag.py:3947} INFO - Setting next_dagrun for tutorial_objectstorage to None, run_after=None
[2025-11-17T19:41:21.107-0300] {processor.py:183} INFO - Processing /Library/Frameworks/Python.framework/Versions/3.11/lib/python3.11/site-packages/airflow/example_dags/tutorial_objectstorage.py took 0.130 seconds
[2025-11-17T19:42:38.540-0300] {processor.py:161} INFO - Started process (PID=49213) to work on /Library/Frameworks/Python.framework/Versions/3.11/lib/python3.11/site-packages/airflow/example_dags/tutorial_objectstorage.py
[2025-11-17T19:42:38.541-0300] {processor.py:830} INFO - Processing file /Library/Frameworks/Python.framework/Versions/3.11/lib/python3.11/site-packages/airflow/example_dags/tutorial_objectstorage.py for tasks to queue
[2025-11-17T19:42:38.542-0300] {logging_mixin.py:188} INFO - [2025-11-17T19:42:38.542-0300] {dagbag.py:545} INFO - Filling up the DagBag from /Library/Frameworks/Python.framework/Versions/3.11/lib/python3.11/site-packages/airflow/example_dags/tutorial_objectstorage.py
[2025-11-17T19:42:38.622-0300] {processor.py:840} INFO - DAG(s) 'tutorial_objectstorage' retrieved from /Library/Frameworks/Python.framework/Versions/3.11/lib/python3.11/site-packages/airflow/example_dags/tutorial_objectstorage.py
[2025-11-17T19:42:38.663-0300] {logging_mixin.py:188} INFO - [2025-11-17T19:42:38.663-0300] {dag.py:3089} INFO - Sync 1 DAGs
[2025-11-17T19:42:38.667-0300] {logging_mixin.py:188} INFO - [2025-11-17T19:42:38.667-0300] {dag.py:3947} INFO - Setting next_dagrun for tutorial_objectstorage to None, run_after=None
[2025-11-17T19:42:38.675-0300] {processor.py:183} INFO - Processing /Library/Frameworks/Python.framework/Versions/3.11/lib/python3.11/site-packages/airflow/example_dags/tutorial_objectstorage.py took 0.137 seconds
[2025-11-17T19:43:57.978-0300] {processor.py:161} INFO - Started process (PID=50299) to work on /Library/Frameworks/Python.framework/Versions/3.11/lib/python3.11/site-packages/airflow/example_dags/tutorial_objectstorage.py
[2025-11-17T19:43:57.981-0300] {processor.py:830} INFO - Processing file /Library/Frameworks/Python.framework/Versions/3.11/lib/python3.11/site-packages/airflow/example_dags/tutorial_objectstorage.py for tasks to queue
[2025-11-17T19:43:57.981-0300] {logging_mixin.py:188} INFO - [2025-11-17T19:43:57.981-0300] {dagbag.py:545} INFO - Filling up the DagBag from /Library/Frameworks/Python.framework/Versions/3.11/lib/python3.11/site-packages/airflow/example_dags/tutorial_objectstorage.py
[2025-11-17T19:43:58.057-0300] {processor.py:840} INFO - DAG(s) 'tutorial_objectstorage' retrieved from /Library/Frameworks/Python.framework/Versions/3.11/lib/python3.11/site-packages/airflow/example_dags/tutorial_objectstorage.py
[2025-11-17T19:43:58.095-0300] {logging_mixin.py:188} INFO - [2025-11-17T19:43:58.095-0300] {dag.py:3089} INFO - Sync 1 DAGs
[2025-11-17T19:43:58.099-0300] {logging_mixin.py:188} INFO - [2025-11-17T19:43:58.099-0300] {dag.py:3947} INFO - Setting next_dagrun for tutorial_objectstorage to None, run_after=None
[2025-11-17T19:43:58.106-0300] {processor.py:183} INFO - Processing /Library/Frameworks/Python.framework/Versions/3.11/lib/python3.11/site-packages/airflow/example_dags/tutorial_objectstorage.py took 0.129 seconds
[2025-11-17T19:44:55.515-0300] {processor.py:161} INFO - Started process (PID=50831) to work on /Library/Frameworks/Python.framework/Versions/3.11/lib/python3.11/site-packages/airflow/example_dags/tutorial_objectstorage.py
[2025-11-17T19:44:55.515-0300] {processor.py:830} INFO - Processing file /Library/Frameworks/Python.framework/Versions/3.11/lib/python3.11/site-packages/airflow/example_dags/tutorial_objectstorage.py for tasks to queue
[2025-11-17T19:44:55.516-0300] {logging_mixin.py:188} INFO - [2025-11-17T19:44:55.516-0300] {dagbag.py:545} INFO - Filling up the DagBag from /Library/Frameworks/Python.framework/Versions/3.11/lib/python3.11/site-packages/airflow/example_dags/tutorial_objectstorage.py
[2025-11-17T19:44:55.582-0300] {processor.py:840} INFO - DAG(s) 'tutorial_objectstorage' retrieved from /Library/Frameworks/Python.framework/Versions/3.11/lib/python3.11/site-packages/airflow/example_dags/tutorial_objectstorage.py
[2025-11-17T19:44:55.619-0300] {logging_mixin.py:188} INFO - [2025-11-17T19:44:55.619-0300] {dag.py:3089} INFO - Sync 1 DAGs
[2025-11-17T19:44:55.623-0300] {logging_mixin.py:188} INFO - [2025-11-17T19:44:55.623-0300] {dag.py:3947} INFO - Setting next_dagrun for tutorial_objectstorage to None, run_after=None
[2025-11-17T19:44:55.630-0300] {processor.py:183} INFO - Processing /Library/Frameworks/Python.framework/Versions/3.11/lib/python3.11/site-packages/airflow/example_dags/tutorial_objectstorage.py took 0.117 seconds
[2025-11-17T19:49:58.541-0300] {processor.py:161} INFO - Started process (PID=52051) to work on /Library/Frameworks/Python.framework/Versions/3.11/lib/python3.11/site-packages/airflow/example_dags/tutorial_objectstorage.py
[2025-11-17T19:49:58.541-0300] {processor.py:830} INFO - Processing file /Library/Frameworks/Python.framework/Versions/3.11/lib/python3.11/site-packages/airflow/example_dags/tutorial_objectstorage.py for tasks to queue
[2025-11-17T19:49:58.542-0300] {logging_mixin.py:188} INFO - [2025-11-17T19:49:58.542-0300] {dagbag.py:545} INFO - Filling up the DagBag from /Library/Frameworks/Python.framework/Versions/3.11/lib/python3.11/site-packages/airflow/example_dags/tutorial_objectstorage.py
[2025-11-17T19:49:58.610-0300] {processor.py:840} INFO - DAG(s) 'tutorial_objectstorage' retrieved from /Library/Frameworks/Python.framework/Versions/3.11/lib/python3.11/site-packages/airflow/example_dags/tutorial_objectstorage.py
[2025-11-17T19:49:58.676-0300] {logging_mixin.py:188} INFO - [2025-11-17T19:49:58.676-0300] {dag.py:3089} INFO - Sync 1 DAGs
[2025-11-17T19:49:58.681-0300] {logging_mixin.py:188} INFO - [2025-11-17T19:49:58.680-0300] {dag.py:3947} INFO - Setting next_dagrun for tutorial_objectstorage to None, run_after=None
[2025-11-17T19:49:58.688-0300] {processor.py:183} INFO - Processing /Library/Frameworks/Python.framework/Versions/3.11/lib/python3.11/site-packages/airflow/example_dags/tutorial_objectstorage.py took 0.149 seconds
