[2025-11-17T19:37:02.005-0300] {processor.py:161} INFO - Started process (PID=48117) to work on /Library/Frameworks/Python.framework/Versions/3.11/lib/python3.11/site-packages/airflow/example_dags/tutorial_taskflow_api.py
[2025-11-17T19:37:02.006-0300] {processor.py:830} INFO - Processing file /Library/Frameworks/Python.framework/Versions/3.11/lib/python3.11/site-packages/airflow/example_dags/tutorial_taskflow_api.py for tasks to queue
[2025-11-17T19:37:02.006-0300] {logging_mixin.py:188} INFO - [2025-11-17T19:37:02.006-0300] {dagbag.py:545} INFO - Filling up the DagBag from /Library/Frameworks/Python.framework/Versions/3.11/lib/python3.11/site-packages/airflow/example_dags/tutorial_taskflow_api.py
[2025-11-17T19:37:02.060-0300] {processor.py:840} INFO - DAG(s) 'tutorial_taskflow_api' retrieved from /Library/Frameworks/Python.framework/Versions/3.11/lib/python3.11/site-packages/airflow/example_dags/tutorial_taskflow_api.py
[2025-11-17T19:37:02.158-0300] {logging_mixin.py:188} INFO - [2025-11-17T19:37:02.157-0300] {override.py:1930} INFO - Created Permission View: can read on DAG:tutorial_taskflow_api
[2025-11-17T19:37:02.161-0300] {logging_mixin.py:188} INFO - [2025-11-17T19:37:02.161-0300] {override.py:1930} INFO - Created Permission View: can edit on DAG:tutorial_taskflow_api
[2025-11-17T19:37:02.163-0300] {logging_mixin.py:188} INFO - [2025-11-17T19:37:02.163-0300] {override.py:1930} INFO - Created Permission View: can delete on DAG:tutorial_taskflow_api
[2025-11-17T19:37:02.163-0300] {logging_mixin.py:188} INFO - [2025-11-17T19:37:02.163-0300] {dag.py:3089} INFO - Sync 1 DAGs
[2025-11-17T19:37:02.168-0300] {logging_mixin.py:188} INFO - [2025-11-17T19:37:02.167-0300] {dag.py:3111} INFO - Creating ORM DAG for tutorial_taskflow_api
[2025-11-17T19:37:02.168-0300] {logging_mixin.py:188} INFO - [2025-11-17T19:37:02.168-0300] {dag.py:3947} INFO - Setting next_dagrun for tutorial_taskflow_api to None, run_after=None
[2025-11-17T19:37:02.176-0300] {processor.py:183} INFO - Processing /Library/Frameworks/Python.framework/Versions/3.11/lib/python3.11/site-packages/airflow/example_dags/tutorial_taskflow_api.py took 0.172 seconds
[2025-11-17T19:38:50.250-0300] {processor.py:161} INFO - Started process (PID=48347) to work on /Library/Frameworks/Python.framework/Versions/3.11/lib/python3.11/site-packages/airflow/example_dags/tutorial_taskflow_api.py
[2025-11-17T19:38:50.251-0300] {processor.py:830} INFO - Processing file /Library/Frameworks/Python.framework/Versions/3.11/lib/python3.11/site-packages/airflow/example_dags/tutorial_taskflow_api.py for tasks to queue
[2025-11-17T19:38:50.251-0300] {logging_mixin.py:188} INFO - [2025-11-17T19:38:50.251-0300] {dagbag.py:545} INFO - Filling up the DagBag from /Library/Frameworks/Python.framework/Versions/3.11/lib/python3.11/site-packages/airflow/example_dags/tutorial_taskflow_api.py
[2025-11-17T19:38:50.296-0300] {processor.py:840} INFO - DAG(s) 'tutorial_taskflow_api' retrieved from /Library/Frameworks/Python.framework/Versions/3.11/lib/python3.11/site-packages/airflow/example_dags/tutorial_taskflow_api.py
[2025-11-17T19:38:50.342-0300] {logging_mixin.py:188} INFO - [2025-11-17T19:38:50.341-0300] {dag.py:3089} INFO - Sync 1 DAGs
[2025-11-17T19:38:50.345-0300] {logging_mixin.py:188} INFO - [2025-11-17T19:38:50.345-0300] {dag.py:3947} INFO - Setting next_dagrun for tutorial_taskflow_api to None, run_after=None
[2025-11-17T19:38:50.352-0300] {processor.py:183} INFO - Processing /Library/Frameworks/Python.framework/Versions/3.11/lib/python3.11/site-packages/airflow/example_dags/tutorial_taskflow_api.py took 0.103 seconds
[2025-11-17T19:40:04.866-0300] {processor.py:161} INFO - Started process (PID=48502) to work on /Library/Frameworks/Python.framework/Versions/3.11/lib/python3.11/site-packages/airflow/example_dags/tutorial_taskflow_api.py
[2025-11-17T19:40:04.866-0300] {processor.py:830} INFO - Processing file /Library/Frameworks/Python.framework/Versions/3.11/lib/python3.11/site-packages/airflow/example_dags/tutorial_taskflow_api.py for tasks to queue
[2025-11-17T19:40:04.867-0300] {logging_mixin.py:188} INFO - [2025-11-17T19:40:04.867-0300] {dagbag.py:545} INFO - Filling up the DagBag from /Library/Frameworks/Python.framework/Versions/3.11/lib/python3.11/site-packages/airflow/example_dags/tutorial_taskflow_api.py
[2025-11-17T19:40:04.912-0300] {processor.py:840} INFO - DAG(s) 'tutorial_taskflow_api' retrieved from /Library/Frameworks/Python.framework/Versions/3.11/lib/python3.11/site-packages/airflow/example_dags/tutorial_taskflow_api.py
[2025-11-17T19:40:04.958-0300] {logging_mixin.py:188} INFO - [2025-11-17T19:40:04.958-0300] {dag.py:3089} INFO - Sync 1 DAGs
[2025-11-17T19:40:04.962-0300] {logging_mixin.py:188} INFO - [2025-11-17T19:40:04.961-0300] {dag.py:3947} INFO - Setting next_dagrun for tutorial_taskflow_api to None, run_after=None
[2025-11-17T19:40:04.968-0300] {processor.py:183} INFO - Processing /Library/Frameworks/Python.framework/Versions/3.11/lib/python3.11/site-packages/airflow/example_dags/tutorial_taskflow_api.py took 0.104 seconds
[2025-11-17T19:41:18.976-0300] {processor.py:161} INFO - Started process (PID=48663) to work on /Library/Frameworks/Python.framework/Versions/3.11/lib/python3.11/site-packages/airflow/example_dags/tutorial_taskflow_api.py
[2025-11-17T19:41:18.977-0300] {processor.py:830} INFO - Processing file /Library/Frameworks/Python.framework/Versions/3.11/lib/python3.11/site-packages/airflow/example_dags/tutorial_taskflow_api.py for tasks to queue
[2025-11-17T19:41:18.977-0300] {logging_mixin.py:188} INFO - [2025-11-17T19:41:18.977-0300] {dagbag.py:545} INFO - Filling up the DagBag from /Library/Frameworks/Python.framework/Versions/3.11/lib/python3.11/site-packages/airflow/example_dags/tutorial_taskflow_api.py
[2025-11-17T19:41:19.022-0300] {processor.py:840} INFO - DAG(s) 'tutorial_taskflow_api' retrieved from /Library/Frameworks/Python.framework/Versions/3.11/lib/python3.11/site-packages/airflow/example_dags/tutorial_taskflow_api.py
[2025-11-17T19:41:19.069-0300] {logging_mixin.py:188} INFO - [2025-11-17T19:41:19.069-0300] {dag.py:3089} INFO - Sync 1 DAGs
[2025-11-17T19:41:19.072-0300] {logging_mixin.py:188} INFO - [2025-11-17T19:41:19.072-0300] {dag.py:3947} INFO - Setting next_dagrun for tutorial_taskflow_api to None, run_after=None
[2025-11-17T19:41:19.080-0300] {processor.py:183} INFO - Processing /Library/Frameworks/Python.framework/Versions/3.11/lib/python3.11/site-packages/airflow/example_dags/tutorial_taskflow_api.py took 0.105 seconds
[2025-11-17T19:42:36.508-0300] {processor.py:161} INFO - Started process (PID=49138) to work on /Library/Frameworks/Python.framework/Versions/3.11/lib/python3.11/site-packages/airflow/example_dags/tutorial_taskflow_api.py
[2025-11-17T19:42:36.508-0300] {processor.py:830} INFO - Processing file /Library/Frameworks/Python.framework/Versions/3.11/lib/python3.11/site-packages/airflow/example_dags/tutorial_taskflow_api.py for tasks to queue
[2025-11-17T19:42:36.509-0300] {logging_mixin.py:188} INFO - [2025-11-17T19:42:36.509-0300] {dagbag.py:545} INFO - Filling up the DagBag from /Library/Frameworks/Python.framework/Versions/3.11/lib/python3.11/site-packages/airflow/example_dags/tutorial_taskflow_api.py
[2025-11-17T19:42:36.556-0300] {processor.py:840} INFO - DAG(s) 'tutorial_taskflow_api' retrieved from /Library/Frameworks/Python.framework/Versions/3.11/lib/python3.11/site-packages/airflow/example_dags/tutorial_taskflow_api.py
[2025-11-17T19:42:36.603-0300] {logging_mixin.py:188} INFO - [2025-11-17T19:42:36.603-0300] {dag.py:3089} INFO - Sync 1 DAGs
[2025-11-17T19:42:36.606-0300] {logging_mixin.py:188} INFO - [2025-11-17T19:42:36.606-0300] {dag.py:3947} INFO - Setting next_dagrun for tutorial_taskflow_api to None, run_after=None
[2025-11-17T19:42:36.615-0300] {processor.py:183} INFO - Processing /Library/Frameworks/Python.framework/Versions/3.11/lib/python3.11/site-packages/airflow/example_dags/tutorial_taskflow_api.py took 0.109 seconds
[2025-11-17T19:43:56.048-0300] {processor.py:161} INFO - Started process (PID=50292) to work on /Library/Frameworks/Python.framework/Versions/3.11/lib/python3.11/site-packages/airflow/example_dags/tutorial_taskflow_api.py
[2025-11-17T19:43:56.049-0300] {processor.py:830} INFO - Processing file /Library/Frameworks/Python.framework/Versions/3.11/lib/python3.11/site-packages/airflow/example_dags/tutorial_taskflow_api.py for tasks to queue
[2025-11-17T19:43:56.050-0300] {logging_mixin.py:188} INFO - [2025-11-17T19:43:56.050-0300] {dagbag.py:545} INFO - Filling up the DagBag from /Library/Frameworks/Python.framework/Versions/3.11/lib/python3.11/site-packages/airflow/example_dags/tutorial_taskflow_api.py
[2025-11-17T19:43:56.093-0300] {processor.py:840} INFO - DAG(s) 'tutorial_taskflow_api' retrieved from /Library/Frameworks/Python.framework/Versions/3.11/lib/python3.11/site-packages/airflow/example_dags/tutorial_taskflow_api.py
[2025-11-17T19:43:56.141-0300] {logging_mixin.py:188} INFO - [2025-11-17T19:43:56.141-0300] {dag.py:3089} INFO - Sync 1 DAGs
[2025-11-17T19:43:56.145-0300] {logging_mixin.py:188} INFO - [2025-11-17T19:43:56.145-0300] {dag.py:3947} INFO - Setting next_dagrun for tutorial_taskflow_api to None, run_after=None
[2025-11-17T19:43:56.153-0300] {processor.py:183} INFO - Processing /Library/Frameworks/Python.framework/Versions/3.11/lib/python3.11/site-packages/airflow/example_dags/tutorial_taskflow_api.py took 0.106 seconds
[2025-11-17T19:44:53.544-0300] {processor.py:161} INFO - Started process (PID=50829) to work on /Library/Frameworks/Python.framework/Versions/3.11/lib/python3.11/site-packages/airflow/example_dags/tutorial_taskflow_api.py
[2025-11-17T19:44:53.544-0300] {processor.py:830} INFO - Processing file /Library/Frameworks/Python.framework/Versions/3.11/lib/python3.11/site-packages/airflow/example_dags/tutorial_taskflow_api.py for tasks to queue
[2025-11-17T19:44:53.545-0300] {logging_mixin.py:188} INFO - [2025-11-17T19:44:53.545-0300] {dagbag.py:545} INFO - Filling up the DagBag from /Library/Frameworks/Python.framework/Versions/3.11/lib/python3.11/site-packages/airflow/example_dags/tutorial_taskflow_api.py
[2025-11-17T19:44:53.590-0300] {processor.py:840} INFO - DAG(s) 'tutorial_taskflow_api' retrieved from /Library/Frameworks/Python.framework/Versions/3.11/lib/python3.11/site-packages/airflow/example_dags/tutorial_taskflow_api.py
[2025-11-17T19:44:53.634-0300] {logging_mixin.py:188} INFO - [2025-11-17T19:44:53.634-0300] {dag.py:3089} INFO - Sync 1 DAGs
[2025-11-17T19:44:53.637-0300] {logging_mixin.py:188} INFO - [2025-11-17T19:44:53.637-0300] {dag.py:3947} INFO - Setting next_dagrun for tutorial_taskflow_api to None, run_after=None
[2025-11-17T19:44:53.643-0300] {processor.py:183} INFO - Processing /Library/Frameworks/Python.framework/Versions/3.11/lib/python3.11/site-packages/airflow/example_dags/tutorial_taskflow_api.py took 0.101 seconds
[2025-11-17T19:49:56.527-0300] {processor.py:161} INFO - Started process (PID=52049) to work on /Library/Frameworks/Python.framework/Versions/3.11/lib/python3.11/site-packages/airflow/example_dags/tutorial_taskflow_api.py
[2025-11-17T19:49:56.528-0300] {processor.py:830} INFO - Processing file /Library/Frameworks/Python.framework/Versions/3.11/lib/python3.11/site-packages/airflow/example_dags/tutorial_taskflow_api.py for tasks to queue
[2025-11-17T19:49:56.529-0300] {logging_mixin.py:188} INFO - [2025-11-17T19:49:56.528-0300] {dagbag.py:545} INFO - Filling up the DagBag from /Library/Frameworks/Python.framework/Versions/3.11/lib/python3.11/site-packages/airflow/example_dags/tutorial_taskflow_api.py
[2025-11-17T19:49:56.575-0300] {processor.py:840} INFO - DAG(s) 'tutorial_taskflow_api' retrieved from /Library/Frameworks/Python.framework/Versions/3.11/lib/python3.11/site-packages/airflow/example_dags/tutorial_taskflow_api.py
[2025-11-17T19:49:56.665-0300] {logging_mixin.py:188} INFO - [2025-11-17T19:49:56.664-0300] {dag.py:3089} INFO - Sync 1 DAGs
[2025-11-17T19:49:56.668-0300] {logging_mixin.py:188} INFO - [2025-11-17T19:49:56.668-0300] {dag.py:3947} INFO - Setting next_dagrun for tutorial_taskflow_api to None, run_after=None
[2025-11-17T19:49:56.676-0300] {processor.py:183} INFO - Processing /Library/Frameworks/Python.framework/Versions/3.11/lib/python3.11/site-packages/airflow/example_dags/tutorial_taskflow_api.py took 0.150 seconds
