[2025-11-17T19:36:56.396-0300] {processor.py:161} INFO - Started process (PID=48089) to work on /Library/Frameworks/Python.framework/Versions/3.11/lib/python3.11/site-packages/airflow/example_dags/plugins/event_listener.py
[2025-11-17T19:36:56.396-0300] {processor.py:830} INFO - Processing file /Library/Frameworks/Python.framework/Versions/3.11/lib/python3.11/site-packages/airflow/example_dags/plugins/event_listener.py for tasks to queue
[2025-11-17T19:36:56.397-0300] {logging_mixin.py:188} INFO - [2025-11-17T19:36:56.397-0300] {dagbag.py:545} INFO - Filling up the DagBag from /Library/Frameworks/Python.framework/Versions/3.11/lib/python3.11/site-packages/airflow/example_dags/plugins/event_listener.py
[2025-11-17T19:36:56.397-0300] {processor.py:842} WARNING - No viable dags retrieved from /Library/Frameworks/Python.framework/Versions/3.11/lib/python3.11/site-packages/airflow/example_dags/plugins/event_listener.py
[2025-11-17T19:36:56.482-0300] {processor.py:183} INFO - Processing /Library/Frameworks/Python.framework/Versions/3.11/lib/python3.11/site-packages/airflow/example_dags/plugins/event_listener.py took 0.087 seconds
[2025-11-17T19:38:46.155-0300] {processor.py:161} INFO - Started process (PID=48337) to work on /Library/Frameworks/Python.framework/Versions/3.11/lib/python3.11/site-packages/airflow/example_dags/plugins/event_listener.py
[2025-11-17T19:38:46.156-0300] {processor.py:830} INFO - Processing file /Library/Frameworks/Python.framework/Versions/3.11/lib/python3.11/site-packages/airflow/example_dags/plugins/event_listener.py for tasks to queue
[2025-11-17T19:38:46.157-0300] {logging_mixin.py:188} INFO - [2025-11-17T19:38:46.157-0300] {dagbag.py:545} INFO - Filling up the DagBag from /Library/Frameworks/Python.framework/Versions/3.11/lib/python3.11/site-packages/airflow/example_dags/plugins/event_listener.py
[2025-11-17T19:38:46.157-0300] {processor.py:842} WARNING - No viable dags retrieved from /Library/Frameworks/Python.framework/Versions/3.11/lib/python3.11/site-packages/airflow/example_dags/plugins/event_listener.py
[2025-11-17T19:38:46.214-0300] {processor.py:183} INFO - Processing /Library/Frameworks/Python.framework/Versions/3.11/lib/python3.11/site-packages/airflow/example_dags/plugins/event_listener.py took 0.060 seconds
[2025-11-17T19:39:59.226-0300] {processor.py:161} INFO - Started process (PID=48491) to work on /Library/Frameworks/Python.framework/Versions/3.11/lib/python3.11/site-packages/airflow/example_dags/plugins/event_listener.py
[2025-11-17T19:39:59.226-0300] {processor.py:830} INFO - Processing file /Library/Frameworks/Python.framework/Versions/3.11/lib/python3.11/site-packages/airflow/example_dags/plugins/event_listener.py for tasks to queue
[2025-11-17T19:39:59.227-0300] {logging_mixin.py:188} INFO - [2025-11-17T19:39:59.227-0300] {dagbag.py:545} INFO - Filling up the DagBag from /Library/Frameworks/Python.framework/Versions/3.11/lib/python3.11/site-packages/airflow/example_dags/plugins/event_listener.py
[2025-11-17T19:39:59.227-0300] {processor.py:842} WARNING - No viable dags retrieved from /Library/Frameworks/Python.framework/Versions/3.11/lib/python3.11/site-packages/airflow/example_dags/plugins/event_listener.py
[2025-11-17T19:39:59.295-0300] {processor.py:183} INFO - Processing /Library/Frameworks/Python.framework/Versions/3.11/lib/python3.11/site-packages/airflow/example_dags/plugins/event_listener.py took 0.071 seconds
[2025-11-17T19:41:13.863-0300] {processor.py:161} INFO - Started process (PID=48650) to work on /Library/Frameworks/Python.framework/Versions/3.11/lib/python3.11/site-packages/airflow/example_dags/plugins/event_listener.py
[2025-11-17T19:41:13.863-0300] {processor.py:830} INFO - Processing file /Library/Frameworks/Python.framework/Versions/3.11/lib/python3.11/site-packages/airflow/example_dags/plugins/event_listener.py for tasks to queue
[2025-11-17T19:41:13.864-0300] {logging_mixin.py:188} INFO - [2025-11-17T19:41:13.864-0300] {dagbag.py:545} INFO - Filling up the DagBag from /Library/Frameworks/Python.framework/Versions/3.11/lib/python3.11/site-packages/airflow/example_dags/plugins/event_listener.py
[2025-11-17T19:41:13.864-0300] {processor.py:842} WARNING - No viable dags retrieved from /Library/Frameworks/Python.framework/Versions/3.11/lib/python3.11/site-packages/airflow/example_dags/plugins/event_listener.py
[2025-11-17T19:41:13.921-0300] {processor.py:183} INFO - Processing /Library/Frameworks/Python.framework/Versions/3.11/lib/python3.11/site-packages/airflow/example_dags/plugins/event_listener.py took 0.060 seconds
[2025-11-17T19:42:32.530-0300] {processor.py:161} INFO - Started process (PID=49048) to work on /Library/Frameworks/Python.framework/Versions/3.11/lib/python3.11/site-packages/airflow/example_dags/plugins/event_listener.py
[2025-11-17T19:42:32.530-0300] {processor.py:830} INFO - Processing file /Library/Frameworks/Python.framework/Versions/3.11/lib/python3.11/site-packages/airflow/example_dags/plugins/event_listener.py for tasks to queue
[2025-11-17T19:42:32.531-0300] {logging_mixin.py:188} INFO - [2025-11-17T19:42:32.531-0300] {dagbag.py:545} INFO - Filling up the DagBag from /Library/Frameworks/Python.framework/Versions/3.11/lib/python3.11/site-packages/airflow/example_dags/plugins/event_listener.py
[2025-11-17T19:42:32.531-0300] {processor.py:842} WARNING - No viable dags retrieved from /Library/Frameworks/Python.framework/Versions/3.11/lib/python3.11/site-packages/airflow/example_dags/plugins/event_listener.py
[2025-11-17T19:42:32.588-0300] {processor.py:183} INFO - Processing /Library/Frameworks/Python.framework/Versions/3.11/lib/python3.11/site-packages/airflow/example_dags/plugins/event_listener.py took 0.059 seconds
[2025-11-17T19:43:51.389-0300] {processor.py:161} INFO - Started process (PID=50280) to work on /Library/Frameworks/Python.framework/Versions/3.11/lib/python3.11/site-packages/airflow/example_dags/plugins/event_listener.py
[2025-11-17T19:43:51.389-0300] {processor.py:830} INFO - Processing file /Library/Frameworks/Python.framework/Versions/3.11/lib/python3.11/site-packages/airflow/example_dags/plugins/event_listener.py for tasks to queue
[2025-11-17T19:43:51.390-0300] {logging_mixin.py:188} INFO - [2025-11-17T19:43:51.389-0300] {dagbag.py:545} INFO - Filling up the DagBag from /Library/Frameworks/Python.framework/Versions/3.11/lib/python3.11/site-packages/airflow/example_dags/plugins/event_listener.py
[2025-11-17T19:43:51.390-0300] {processor.py:842} WARNING - No viable dags retrieved from /Library/Frameworks/Python.framework/Versions/3.11/lib/python3.11/site-packages/airflow/example_dags/plugins/event_listener.py
[2025-11-17T19:43:51.447-0300] {processor.py:183} INFO - Processing /Library/Frameworks/Python.framework/Versions/3.11/lib/python3.11/site-packages/airflow/example_dags/plugins/event_listener.py took 0.060 seconds
[2025-11-17T19:44:47.829-0300] {processor.py:161} INFO - Started process (PID=50823) to work on /Library/Frameworks/Python.framework/Versions/3.11/lib/python3.11/site-packages/airflow/example_dags/plugins/event_listener.py
[2025-11-17T19:44:47.831-0300] {processor.py:830} INFO - Processing file /Library/Frameworks/Python.framework/Versions/3.11/lib/python3.11/site-packages/airflow/example_dags/plugins/event_listener.py for tasks to queue
[2025-11-17T19:44:47.831-0300] {logging_mixin.py:188} INFO - [2025-11-17T19:44:47.831-0300] {dagbag.py:545} INFO - Filling up the DagBag from /Library/Frameworks/Python.framework/Versions/3.11/lib/python3.11/site-packages/airflow/example_dags/plugins/event_listener.py
[2025-11-17T19:44:47.832-0300] {processor.py:842} WARNING - No viable dags retrieved from /Library/Frameworks/Python.framework/Versions/3.11/lib/python3.11/site-packages/airflow/example_dags/plugins/event_listener.py
[2025-11-17T19:44:47.887-0300] {processor.py:183} INFO - Processing /Library/Frameworks/Python.framework/Versions/3.11/lib/python3.11/site-packages/airflow/example_dags/plugins/event_listener.py took 0.059 seconds
[2025-11-17T19:49:50.786-0300] {processor.py:161} INFO - Started process (PID=52041) to work on /Library/Frameworks/Python.framework/Versions/3.11/lib/python3.11/site-packages/airflow/example_dags/plugins/event_listener.py
[2025-11-17T19:49:50.786-0300] {processor.py:830} INFO - Processing file /Library/Frameworks/Python.framework/Versions/3.11/lib/python3.11/site-packages/airflow/example_dags/plugins/event_listener.py for tasks to queue
[2025-11-17T19:49:50.787-0300] {logging_mixin.py:188} INFO - [2025-11-17T19:49:50.787-0300] {dagbag.py:545} INFO - Filling up the DagBag from /Library/Frameworks/Python.framework/Versions/3.11/lib/python3.11/site-packages/airflow/example_dags/plugins/event_listener.py
[2025-11-17T19:49:50.787-0300] {processor.py:842} WARNING - No viable dags retrieved from /Library/Frameworks/Python.framework/Versions/3.11/lib/python3.11/site-packages/airflow/example_dags/plugins/event_listener.py
[2025-11-17T19:49:50.844-0300] {processor.py:183} INFO - Processing /Library/Frameworks/Python.framework/Versions/3.11/lib/python3.11/site-packages/airflow/example_dags/plugins/event_listener.py took 0.060 seconds
