[2025-11-17T19:36:54.419-0300] {processor.py:161} INFO - Started process (PID=48081) to work on /Library/Frameworks/Python.framework/Versions/3.11/lib/python3.11/site-packages/airflow/example_dags/plugins/listener_plugin.py
[2025-11-17T19:36:54.420-0300] {processor.py:830} INFO - Processing file /Library/Frameworks/Python.framework/Versions/3.11/lib/python3.11/site-packages/airflow/example_dags/plugins/listener_plugin.py for tasks to queue
[2025-11-17T19:36:54.420-0300] {logging_mixin.py:188} INFO - [2025-11-17T19:36:54.420-0300] {dagbag.py:545} INFO - Filling up the DagBag from /Library/Frameworks/Python.framework/Versions/3.11/lib/python3.11/site-packages/airflow/example_dags/plugins/listener_plugin.py
[2025-11-17T19:36:54.421-0300] {processor.py:842} WARNING - No viable dags retrieved from /Library/Frameworks/Python.framework/Versions/3.11/lib/python3.11/site-packages/airflow/example_dags/plugins/listener_plugin.py
[2025-11-17T19:36:54.477-0300] {processor.py:183} INFO - Processing /Library/Frameworks/Python.framework/Versions/3.11/lib/python3.11/site-packages/airflow/example_dags/plugins/listener_plugin.py took 0.059 seconds
[2025-11-17T19:38:44.280-0300] {processor.py:161} INFO - Started process (PID=48335) to work on /Library/Frameworks/Python.framework/Versions/3.11/lib/python3.11/site-packages/airflow/example_dags/plugins/listener_plugin.py
[2025-11-17T19:38:44.281-0300] {processor.py:830} INFO - Processing file /Library/Frameworks/Python.framework/Versions/3.11/lib/python3.11/site-packages/airflow/example_dags/plugins/listener_plugin.py for tasks to queue
[2025-11-17T19:38:44.281-0300] {logging_mixin.py:188} INFO - [2025-11-17T19:38:44.281-0300] {dagbag.py:545} INFO - Filling up the DagBag from /Library/Frameworks/Python.framework/Versions/3.11/lib/python3.11/site-packages/airflow/example_dags/plugins/listener_plugin.py
[2025-11-17T19:38:44.283-0300] {processor.py:842} WARNING - No viable dags retrieved from /Library/Frameworks/Python.framework/Versions/3.11/lib/python3.11/site-packages/airflow/example_dags/plugins/listener_plugin.py
[2025-11-17T19:38:44.341-0300] {processor.py:183} INFO - Processing /Library/Frameworks/Python.framework/Versions/3.11/lib/python3.11/site-packages/airflow/example_dags/plugins/listener_plugin.py took 0.062 seconds
[2025-11-17T19:39:57.324-0300] {processor.py:161} INFO - Started process (PID=48484) to work on /Library/Frameworks/Python.framework/Versions/3.11/lib/python3.11/site-packages/airflow/example_dags/plugins/listener_plugin.py
[2025-11-17T19:39:57.325-0300] {processor.py:830} INFO - Processing file /Library/Frameworks/Python.framework/Versions/3.11/lib/python3.11/site-packages/airflow/example_dags/plugins/listener_plugin.py for tasks to queue
[2025-11-17T19:39:57.326-0300] {logging_mixin.py:188} INFO - [2025-11-17T19:39:57.326-0300] {dagbag.py:545} INFO - Filling up the DagBag from /Library/Frameworks/Python.framework/Versions/3.11/lib/python3.11/site-packages/airflow/example_dags/plugins/listener_plugin.py
[2025-11-17T19:39:57.327-0300] {processor.py:842} WARNING - No viable dags retrieved from /Library/Frameworks/Python.framework/Versions/3.11/lib/python3.11/site-packages/airflow/example_dags/plugins/listener_plugin.py
[2025-11-17T19:39:57.384-0300] {processor.py:183} INFO - Processing /Library/Frameworks/Python.framework/Versions/3.11/lib/python3.11/site-packages/airflow/example_dags/plugins/listener_plugin.py took 0.061 seconds
[2025-11-17T19:41:11.940-0300] {processor.py:161} INFO - Started process (PID=48648) to work on /Library/Frameworks/Python.framework/Versions/3.11/lib/python3.11/site-packages/airflow/example_dags/plugins/listener_plugin.py
[2025-11-17T19:41:11.941-0300] {processor.py:830} INFO - Processing file /Library/Frameworks/Python.framework/Versions/3.11/lib/python3.11/site-packages/airflow/example_dags/plugins/listener_plugin.py for tasks to queue
[2025-11-17T19:41:11.941-0300] {logging_mixin.py:188} INFO - [2025-11-17T19:41:11.941-0300] {dagbag.py:545} INFO - Filling up the DagBag from /Library/Frameworks/Python.framework/Versions/3.11/lib/python3.11/site-packages/airflow/example_dags/plugins/listener_plugin.py
[2025-11-17T19:41:11.944-0300] {processor.py:842} WARNING - No viable dags retrieved from /Library/Frameworks/Python.framework/Versions/3.11/lib/python3.11/site-packages/airflow/example_dags/plugins/listener_plugin.py
[2025-11-17T19:41:12.001-0300] {processor.py:183} INFO - Processing /Library/Frameworks/Python.framework/Versions/3.11/lib/python3.11/site-packages/airflow/example_dags/plugins/listener_plugin.py took 0.063 seconds
[2025-11-17T19:42:30.601-0300] {processor.py:161} INFO - Started process (PID=49045) to work on /Library/Frameworks/Python.framework/Versions/3.11/lib/python3.11/site-packages/airflow/example_dags/plugins/listener_plugin.py
[2025-11-17T19:42:30.601-0300] {processor.py:830} INFO - Processing file /Library/Frameworks/Python.framework/Versions/3.11/lib/python3.11/site-packages/airflow/example_dags/plugins/listener_plugin.py for tasks to queue
[2025-11-17T19:42:30.602-0300] {logging_mixin.py:188} INFO - [2025-11-17T19:42:30.602-0300] {dagbag.py:545} INFO - Filling up the DagBag from /Library/Frameworks/Python.framework/Versions/3.11/lib/python3.11/site-packages/airflow/example_dags/plugins/listener_plugin.py
[2025-11-17T19:42:30.603-0300] {processor.py:842} WARNING - No viable dags retrieved from /Library/Frameworks/Python.framework/Versions/3.11/lib/python3.11/site-packages/airflow/example_dags/plugins/listener_plugin.py
[2025-11-17T19:42:30.661-0300] {processor.py:183} INFO - Processing /Library/Frameworks/Python.framework/Versions/3.11/lib/python3.11/site-packages/airflow/example_dags/plugins/listener_plugin.py took 0.062 seconds
[2025-11-17T19:43:50.247-0300] {processor.py:161} INFO - Started process (PID=50277) to work on /Library/Frameworks/Python.framework/Versions/3.11/lib/python3.11/site-packages/airflow/example_dags/plugins/listener_plugin.py
[2025-11-17T19:43:50.247-0300] {processor.py:830} INFO - Processing file /Library/Frameworks/Python.framework/Versions/3.11/lib/python3.11/site-packages/airflow/example_dags/plugins/listener_plugin.py for tasks to queue
[2025-11-17T19:43:50.248-0300] {logging_mixin.py:188} INFO - [2025-11-17T19:43:50.248-0300] {dagbag.py:545} INFO - Filling up the DagBag from /Library/Frameworks/Python.framework/Versions/3.11/lib/python3.11/site-packages/airflow/example_dags/plugins/listener_plugin.py
[2025-11-17T19:43:50.249-0300] {processor.py:842} WARNING - No viable dags retrieved from /Library/Frameworks/Python.framework/Versions/3.11/lib/python3.11/site-packages/airflow/example_dags/plugins/listener_plugin.py
[2025-11-17T19:43:50.307-0300] {processor.py:183} INFO - Processing /Library/Frameworks/Python.framework/Versions/3.11/lib/python3.11/site-packages/airflow/example_dags/plugins/listener_plugin.py took 0.061 seconds
[2025-11-17T19:44:45.946-0300] {processor.py:161} INFO - Started process (PID=50821) to work on /Library/Frameworks/Python.framework/Versions/3.11/lib/python3.11/site-packages/airflow/example_dags/plugins/listener_plugin.py
[2025-11-17T19:44:45.947-0300] {processor.py:830} INFO - Processing file /Library/Frameworks/Python.framework/Versions/3.11/lib/python3.11/site-packages/airflow/example_dags/plugins/listener_plugin.py for tasks to queue
[2025-11-17T19:44:45.948-0300] {logging_mixin.py:188} INFO - [2025-11-17T19:44:45.948-0300] {dagbag.py:545} INFO - Filling up the DagBag from /Library/Frameworks/Python.framework/Versions/3.11/lib/python3.11/site-packages/airflow/example_dags/plugins/listener_plugin.py
[2025-11-17T19:44:45.949-0300] {processor.py:842} WARNING - No viable dags retrieved from /Library/Frameworks/Python.framework/Versions/3.11/lib/python3.11/site-packages/airflow/example_dags/plugins/listener_plugin.py
[2025-11-17T19:44:46.008-0300] {processor.py:183} INFO - Processing /Library/Frameworks/Python.framework/Versions/3.11/lib/python3.11/site-packages/airflow/example_dags/plugins/listener_plugin.py took 0.063 seconds
[2025-11-17T19:49:48.876-0300] {processor.py:161} INFO - Started process (PID=52037) to work on /Library/Frameworks/Python.framework/Versions/3.11/lib/python3.11/site-packages/airflow/example_dags/plugins/listener_plugin.py
[2025-11-17T19:49:48.877-0300] {processor.py:830} INFO - Processing file /Library/Frameworks/Python.framework/Versions/3.11/lib/python3.11/site-packages/airflow/example_dags/plugins/listener_plugin.py for tasks to queue
[2025-11-17T19:49:48.877-0300] {logging_mixin.py:188} INFO - [2025-11-17T19:49:48.877-0300] {dagbag.py:545} INFO - Filling up the DagBag from /Library/Frameworks/Python.framework/Versions/3.11/lib/python3.11/site-packages/airflow/example_dags/plugins/listener_plugin.py
[2025-11-17T19:49:48.879-0300] {processor.py:842} WARNING - No viable dags retrieved from /Library/Frameworks/Python.framework/Versions/3.11/lib/python3.11/site-packages/airflow/example_dags/plugins/listener_plugin.py
[2025-11-17T19:49:48.938-0300] {processor.py:183} INFO - Processing /Library/Frameworks/Python.framework/Versions/3.11/lib/python3.11/site-packages/airflow/example_dags/plugins/listener_plugin.py took 0.063 seconds
