[2025-11-17T19:36:52.366-0300] {processor.py:161} INFO - Started process (PID=48069) to work on /Library/Frameworks/Python.framework/Versions/3.11/lib/python3.11/site-packages/airflow/example_dags/plugins/workday.py
[2025-11-17T19:36:52.366-0300] {processor.py:830} INFO - Processing file /Library/Frameworks/Python.framework/Versions/3.11/lib/python3.11/site-packages/airflow/example_dags/plugins/workday.py for tasks to queue
[2025-11-17T19:36:52.367-0300] {logging_mixin.py:188} INFO - [2025-11-17T19:36:52.367-0300] {dagbag.py:545} INFO - Filling up the DagBag from /Library/Frameworks/Python.framework/Versions/3.11/lib/python3.11/site-packages/airflow/example_dags/plugins/workday.py
[2025-11-17T19:36:52.727-0300] {logging_mixin.py:188} INFO - [2025-11-17T19:36:52.725-0300] {dagbag.py:355} ERROR - Failed to import: /Library/Frameworks/Python.framework/Versions/3.11/lib/python3.11/site-packages/airflow/example_dags/plugins/workday.py
Traceback (most recent call last):
  File "/Library/Frameworks/Python.framework/Versions/3.11/lib/python3.11/site-packages/airflow/models/dagbag.py", line 351, in parse
    loader.exec_module(new_module)
  File "<frozen importlib._bootstrap_external>", line 940, in exec_module
  File "<frozen importlib._bootstrap>", line 241, in _call_with_frames_removed
  File "/Library/Frameworks/Python.framework/Versions/3.11/lib/python3.11/site-packages/airflow/example_dags/plugins/workday.py", line 37, in <module>
    from pandas.tseries.holiday import USFederalHolidayCalendar
  File "/Library/Frameworks/Python.framework/Versions/3.11/lib/python3.11/site-packages/pandas/__init__.py", line 22, in <module>
    from pandas.compat import is_numpy_dev as _is_numpy_dev  # pyright: ignore # noqa:F401
    ^^^^^^^^^^^^^^^^^^^^^^^^^^^^^^^^^^^^^^^^^^^^^^^^^^^^^^^
  File "/Library/Frameworks/Python.framework/Versions/3.11/lib/python3.11/site-packages/pandas/compat/__init__.py", line 25, in <module>
    from pandas.compat.numpy import (
  File "/Library/Frameworks/Python.framework/Versions/3.11/lib/python3.11/site-packages/pandas/compat/numpy/__init__.py", line 4, in <module>
    from pandas.util.version import Version
  File "/Library/Frameworks/Python.framework/Versions/3.11/lib/python3.11/site-packages/pandas/util/__init__.py", line 2, in <module>
    from pandas.util._decorators import (  # noqa:F401
  File "/Library/Frameworks/Python.framework/Versions/3.11/lib/python3.11/site-packages/pandas/util/_decorators.py", line 14, in <module>
    from pandas._libs.properties import cache_readonly
  File "/Library/Frameworks/Python.framework/Versions/3.11/lib/python3.11/site-packages/pandas/_libs/__init__.py", line 13, in <module>
    from pandas._libs.interval import Interval
  File "pandas/_libs/interval.pyx", line 1, in init pandas._libs.interval
ValueError: numpy.dtype size changed, may indicate binary incompatibility. Expected 96 from C header, got 88 from PyObject
[2025-11-17T19:36:52.731-0300] {processor.py:842} WARNING - No viable dags retrieved from /Library/Frameworks/Python.framework/Versions/3.11/lib/python3.11/site-packages/airflow/example_dags/plugins/workday.py
[2025-11-17T19:36:52.765-0300] {processor.py:183} INFO - Processing /Library/Frameworks/Python.framework/Versions/3.11/lib/python3.11/site-packages/airflow/example_dags/plugins/workday.py took 0.400 seconds
[2025-11-17T19:38:42.357-0300] {processor.py:161} INFO - Started process (PID=48329) to work on /Library/Frameworks/Python.framework/Versions/3.11/lib/python3.11/site-packages/airflow/example_dags/plugins/workday.py
[2025-11-17T19:38:42.358-0300] {processor.py:830} INFO - Processing file /Library/Frameworks/Python.framework/Versions/3.11/lib/python3.11/site-packages/airflow/example_dags/plugins/workday.py for tasks to queue
[2025-11-17T19:38:42.359-0300] {logging_mixin.py:188} INFO - [2025-11-17T19:38:42.359-0300] {dagbag.py:545} INFO - Filling up the DagBag from /Library/Frameworks/Python.framework/Versions/3.11/lib/python3.11/site-packages/airflow/example_dags/plugins/workday.py
[2025-11-17T19:38:42.433-0300] {logging_mixin.py:188} INFO - [2025-11-17T19:38:42.432-0300] {dagbag.py:355} ERROR - Failed to import: /Library/Frameworks/Python.framework/Versions/3.11/lib/python3.11/site-packages/airflow/example_dags/plugins/workday.py
Traceback (most recent call last):
  File "/Library/Frameworks/Python.framework/Versions/3.11/lib/python3.11/site-packages/airflow/models/dagbag.py", line 351, in parse
    loader.exec_module(new_module)
  File "<frozen importlib._bootstrap_external>", line 940, in exec_module
  File "<frozen importlib._bootstrap>", line 241, in _call_with_frames_removed
  File "/Library/Frameworks/Python.framework/Versions/3.11/lib/python3.11/site-packages/airflow/example_dags/plugins/workday.py", line 37, in <module>
    from pandas.tseries.holiday import USFederalHolidayCalendar
  File "/Library/Frameworks/Python.framework/Versions/3.11/lib/python3.11/site-packages/pandas/__init__.py", line 22, in <module>
    from pandas.compat import is_numpy_dev as _is_numpy_dev  # pyright: ignore # noqa:F401
    ^^^^^^^^^^^^^^^^^^^^^^^^^^^^^^^^^^^^^^^^^^^^^^^^^^^^^^^
  File "/Library/Frameworks/Python.framework/Versions/3.11/lib/python3.11/site-packages/pandas/compat/__init__.py", line 25, in <module>
    from pandas.compat.numpy import (
  File "/Library/Frameworks/Python.framework/Versions/3.11/lib/python3.11/site-packages/pandas/compat/numpy/__init__.py", line 4, in <module>
    from pandas.util.version import Version
  File "/Library/Frameworks/Python.framework/Versions/3.11/lib/python3.11/site-packages/pandas/util/__init__.py", line 2, in <module>
    from pandas.util._decorators import (  # noqa:F401
  File "/Library/Frameworks/Python.framework/Versions/3.11/lib/python3.11/site-packages/pandas/util/_decorators.py", line 14, in <module>
    from pandas._libs.properties import cache_readonly
  File "/Library/Frameworks/Python.framework/Versions/3.11/lib/python3.11/site-packages/pandas/_libs/__init__.py", line 13, in <module>
    from pandas._libs.interval import Interval
  File "pandas/_libs/interval.pyx", line 1, in init pandas._libs.interval
ValueError: numpy.dtype size changed, may indicate binary incompatibility. Expected 96 from C header, got 88 from PyObject
[2025-11-17T19:38:42.433-0300] {processor.py:842} WARNING - No viable dags retrieved from /Library/Frameworks/Python.framework/Versions/3.11/lib/python3.11/site-packages/airflow/example_dags/plugins/workday.py
[2025-11-17T19:38:42.462-0300] {processor.py:183} INFO - Processing /Library/Frameworks/Python.framework/Versions/3.11/lib/python3.11/site-packages/airflow/example_dags/plugins/workday.py took 0.105 seconds
[2025-11-17T19:39:55.972-0300] {processor.py:161} INFO - Started process (PID=48482) to work on /Library/Frameworks/Python.framework/Versions/3.11/lib/python3.11/site-packages/airflow/example_dags/plugins/workday.py
[2025-11-17T19:39:55.972-0300] {processor.py:830} INFO - Processing file /Library/Frameworks/Python.framework/Versions/3.11/lib/python3.11/site-packages/airflow/example_dags/plugins/workday.py for tasks to queue
[2025-11-17T19:39:55.973-0300] {logging_mixin.py:188} INFO - [2025-11-17T19:39:55.973-0300] {dagbag.py:545} INFO - Filling up the DagBag from /Library/Frameworks/Python.framework/Versions/3.11/lib/python3.11/site-packages/airflow/example_dags/plugins/workday.py
[2025-11-17T19:39:56.075-0300] {logging_mixin.py:188} INFO - [2025-11-17T19:39:56.073-0300] {dagbag.py:355} ERROR - Failed to import: /Library/Frameworks/Python.framework/Versions/3.11/lib/python3.11/site-packages/airflow/example_dags/plugins/workday.py
Traceback (most recent call last):
  File "/Library/Frameworks/Python.framework/Versions/3.11/lib/python3.11/site-packages/airflow/models/dagbag.py", line 351, in parse
    loader.exec_module(new_module)
  File "<frozen importlib._bootstrap_external>", line 940, in exec_module
  File "<frozen importlib._bootstrap>", line 241, in _call_with_frames_removed
  File "/Library/Frameworks/Python.framework/Versions/3.11/lib/python3.11/site-packages/airflow/example_dags/plugins/workday.py", line 37, in <module>
    from pandas.tseries.holiday import USFederalHolidayCalendar
  File "/Library/Frameworks/Python.framework/Versions/3.11/lib/python3.11/site-packages/pandas/__init__.py", line 22, in <module>
    from pandas.compat import is_numpy_dev as _is_numpy_dev  # pyright: ignore # noqa:F401
    ^^^^^^^^^^^^^^^^^^^^^^^^^^^^^^^^^^^^^^^^^^^^^^^^^^^^^^^
  File "/Library/Frameworks/Python.framework/Versions/3.11/lib/python3.11/site-packages/pandas/compat/__init__.py", line 25, in <module>
    from pandas.compat.numpy import (
  File "/Library/Frameworks/Python.framework/Versions/3.11/lib/python3.11/site-packages/pandas/compat/numpy/__init__.py", line 4, in <module>
    from pandas.util.version import Version
  File "/Library/Frameworks/Python.framework/Versions/3.11/lib/python3.11/site-packages/pandas/util/__init__.py", line 2, in <module>
    from pandas.util._decorators import (  # noqa:F401
  File "/Library/Frameworks/Python.framework/Versions/3.11/lib/python3.11/site-packages/pandas/util/_decorators.py", line 14, in <module>
    from pandas._libs.properties import cache_readonly
  File "/Library/Frameworks/Python.framework/Versions/3.11/lib/python3.11/site-packages/pandas/_libs/__init__.py", line 13, in <module>
    from pandas._libs.interval import Interval
  File "pandas/_libs/interval.pyx", line 1, in init pandas._libs.interval
ValueError: numpy.dtype size changed, may indicate binary incompatibility. Expected 96 from C header, got 88 from PyObject
[2025-11-17T19:39:56.075-0300] {processor.py:842} WARNING - No viable dags retrieved from /Library/Frameworks/Python.framework/Versions/3.11/lib/python3.11/site-packages/airflow/example_dags/plugins/workday.py
[2025-11-17T19:39:56.104-0300] {processor.py:183} INFO - Processing /Library/Frameworks/Python.framework/Versions/3.11/lib/python3.11/site-packages/airflow/example_dags/plugins/workday.py took 0.134 seconds
[2025-11-17T19:41:09.968-0300] {processor.py:161} INFO - Started process (PID=48646) to work on /Library/Frameworks/Python.framework/Versions/3.11/lib/python3.11/site-packages/airflow/example_dags/plugins/workday.py
[2025-11-17T19:41:09.969-0300] {processor.py:830} INFO - Processing file /Library/Frameworks/Python.framework/Versions/3.11/lib/python3.11/site-packages/airflow/example_dags/plugins/workday.py for tasks to queue
[2025-11-17T19:41:09.970-0300] {logging_mixin.py:188} INFO - [2025-11-17T19:41:09.970-0300] {dagbag.py:545} INFO - Filling up the DagBag from /Library/Frameworks/Python.framework/Versions/3.11/lib/python3.11/site-packages/airflow/example_dags/plugins/workday.py
[2025-11-17T19:41:10.042-0300] {logging_mixin.py:188} INFO - [2025-11-17T19:41:10.042-0300] {dagbag.py:355} ERROR - Failed to import: /Library/Frameworks/Python.framework/Versions/3.11/lib/python3.11/site-packages/airflow/example_dags/plugins/workday.py
Traceback (most recent call last):
  File "/Library/Frameworks/Python.framework/Versions/3.11/lib/python3.11/site-packages/airflow/models/dagbag.py", line 351, in parse
    loader.exec_module(new_module)
  File "<frozen importlib._bootstrap_external>", line 940, in exec_module
  File "<frozen importlib._bootstrap>", line 241, in _call_with_frames_removed
  File "/Library/Frameworks/Python.framework/Versions/3.11/lib/python3.11/site-packages/airflow/example_dags/plugins/workday.py", line 37, in <module>
    from pandas.tseries.holiday import USFederalHolidayCalendar
  File "/Library/Frameworks/Python.framework/Versions/3.11/lib/python3.11/site-packages/pandas/__init__.py", line 22, in <module>
    from pandas.compat import is_numpy_dev as _is_numpy_dev  # pyright: ignore # noqa:F401
    ^^^^^^^^^^^^^^^^^^^^^^^^^^^^^^^^^^^^^^^^^^^^^^^^^^^^^^^
  File "/Library/Frameworks/Python.framework/Versions/3.11/lib/python3.11/site-packages/pandas/compat/__init__.py", line 25, in <module>
    from pandas.compat.numpy import (
  File "/Library/Frameworks/Python.framework/Versions/3.11/lib/python3.11/site-packages/pandas/compat/numpy/__init__.py", line 4, in <module>
    from pandas.util.version import Version
  File "/Library/Frameworks/Python.framework/Versions/3.11/lib/python3.11/site-packages/pandas/util/__init__.py", line 2, in <module>
    from pandas.util._decorators import (  # noqa:F401
  File "/Library/Frameworks/Python.framework/Versions/3.11/lib/python3.11/site-packages/pandas/util/_decorators.py", line 14, in <module>
    from pandas._libs.properties import cache_readonly
  File "/Library/Frameworks/Python.framework/Versions/3.11/lib/python3.11/site-packages/pandas/_libs/__init__.py", line 13, in <module>
    from pandas._libs.interval import Interval
  File "pandas/_libs/interval.pyx", line 1, in init pandas._libs.interval
ValueError: numpy.dtype size changed, may indicate binary incompatibility. Expected 96 from C header, got 88 from PyObject
[2025-11-17T19:41:10.043-0300] {processor.py:842} WARNING - No viable dags retrieved from /Library/Frameworks/Python.framework/Versions/3.11/lib/python3.11/site-packages/airflow/example_dags/plugins/workday.py
[2025-11-17T19:41:10.074-0300] {processor.py:183} INFO - Processing /Library/Frameworks/Python.framework/Versions/3.11/lib/python3.11/site-packages/airflow/example_dags/plugins/workday.py took 0.106 seconds
[2025-11-17T19:42:28.625-0300] {processor.py:161} INFO - Started process (PID=48985) to work on /Library/Frameworks/Python.framework/Versions/3.11/lib/python3.11/site-packages/airflow/example_dags/plugins/workday.py
[2025-11-17T19:42:28.626-0300] {processor.py:830} INFO - Processing file /Library/Frameworks/Python.framework/Versions/3.11/lib/python3.11/site-packages/airflow/example_dags/plugins/workday.py for tasks to queue
[2025-11-17T19:42:28.626-0300] {logging_mixin.py:188} INFO - [2025-11-17T19:42:28.626-0300] {dagbag.py:545} INFO - Filling up the DagBag from /Library/Frameworks/Python.framework/Versions/3.11/lib/python3.11/site-packages/airflow/example_dags/plugins/workday.py
[2025-11-17T19:42:28.770-0300] {logging_mixin.py:188} INFO - [2025-11-17T19:42:28.768-0300] {dagbag.py:355} ERROR - Failed to import: /Library/Frameworks/Python.framework/Versions/3.11/lib/python3.11/site-packages/airflow/example_dags/plugins/workday.py
Traceback (most recent call last):
  File "/Library/Frameworks/Python.framework/Versions/3.11/lib/python3.11/site-packages/airflow/models/dagbag.py", line 351, in parse
    loader.exec_module(new_module)
  File "<frozen importlib._bootstrap_external>", line 940, in exec_module
  File "<frozen importlib._bootstrap>", line 241, in _call_with_frames_removed
  File "/Library/Frameworks/Python.framework/Versions/3.11/lib/python3.11/site-packages/airflow/example_dags/plugins/workday.py", line 37, in <module>
    from pandas.tseries.holiday import USFederalHolidayCalendar
  File "/Library/Frameworks/Python.framework/Versions/3.11/lib/python3.11/site-packages/pandas/__init__.py", line 22, in <module>
    from pandas.compat import is_numpy_dev as _is_numpy_dev  # pyright: ignore # noqa:F401
    ^^^^^^^^^^^^^^^^^^^^^^^^^^^^^^^^^^^^^^^^^^^^^^^^^^^^^^^
  File "/Library/Frameworks/Python.framework/Versions/3.11/lib/python3.11/site-packages/pandas/compat/__init__.py", line 25, in <module>
    from pandas.compat.numpy import (
  File "/Library/Frameworks/Python.framework/Versions/3.11/lib/python3.11/site-packages/pandas/compat/numpy/__init__.py", line 4, in <module>
    from pandas.util.version import Version
  File "/Library/Frameworks/Python.framework/Versions/3.11/lib/python3.11/site-packages/pandas/util/__init__.py", line 2, in <module>
    from pandas.util._decorators import (  # noqa:F401
  File "/Library/Frameworks/Python.framework/Versions/3.11/lib/python3.11/site-packages/pandas/util/_decorators.py", line 14, in <module>
    from pandas._libs.properties import cache_readonly
  File "/Library/Frameworks/Python.framework/Versions/3.11/lib/python3.11/site-packages/pandas/_libs/__init__.py", line 13, in <module>
    from pandas._libs.interval import Interval
  File "pandas/_libs/interval.pyx", line 1, in init pandas._libs.interval
ValueError: numpy.dtype size changed, may indicate binary incompatibility. Expected 96 from C header, got 88 from PyObject
[2025-11-17T19:42:28.770-0300] {processor.py:842} WARNING - No viable dags retrieved from /Library/Frameworks/Python.framework/Versions/3.11/lib/python3.11/site-packages/airflow/example_dags/plugins/workday.py
[2025-11-17T19:42:28.805-0300] {processor.py:183} INFO - Processing /Library/Frameworks/Python.framework/Versions/3.11/lib/python3.11/site-packages/airflow/example_dags/plugins/workday.py took 0.181 seconds
[2025-11-17T19:43:48.309-0300] {processor.py:161} INFO - Started process (PID=50275) to work on /Library/Frameworks/Python.framework/Versions/3.11/lib/python3.11/site-packages/airflow/example_dags/plugins/workday.py
[2025-11-17T19:43:48.310-0300] {processor.py:830} INFO - Processing file /Library/Frameworks/Python.framework/Versions/3.11/lib/python3.11/site-packages/airflow/example_dags/plugins/workday.py for tasks to queue
[2025-11-17T19:43:48.310-0300] {logging_mixin.py:188} INFO - [2025-11-17T19:43:48.310-0300] {dagbag.py:545} INFO - Filling up the DagBag from /Library/Frameworks/Python.framework/Versions/3.11/lib/python3.11/site-packages/airflow/example_dags/plugins/workday.py
[2025-11-17T19:43:48.382-0300] {logging_mixin.py:188} INFO - [2025-11-17T19:43:48.381-0300] {dagbag.py:355} ERROR - Failed to import: /Library/Frameworks/Python.framework/Versions/3.11/lib/python3.11/site-packages/airflow/example_dags/plugins/workday.py
Traceback (most recent call last):
  File "/Library/Frameworks/Python.framework/Versions/3.11/lib/python3.11/site-packages/airflow/models/dagbag.py", line 351, in parse
    loader.exec_module(new_module)
  File "<frozen importlib._bootstrap_external>", line 940, in exec_module
  File "<frozen importlib._bootstrap>", line 241, in _call_with_frames_removed
  File "/Library/Frameworks/Python.framework/Versions/3.11/lib/python3.11/site-packages/airflow/example_dags/plugins/workday.py", line 37, in <module>
    from pandas.tseries.holiday import USFederalHolidayCalendar
  File "/Library/Frameworks/Python.framework/Versions/3.11/lib/python3.11/site-packages/pandas/__init__.py", line 22, in <module>
    from pandas.compat import is_numpy_dev as _is_numpy_dev  # pyright: ignore # noqa:F401
    ^^^^^^^^^^^^^^^^^^^^^^^^^^^^^^^^^^^^^^^^^^^^^^^^^^^^^^^
  File "/Library/Frameworks/Python.framework/Versions/3.11/lib/python3.11/site-packages/pandas/compat/__init__.py", line 25, in <module>
    from pandas.compat.numpy import (
  File "/Library/Frameworks/Python.framework/Versions/3.11/lib/python3.11/site-packages/pandas/compat/numpy/__init__.py", line 4, in <module>
    from pandas.util.version import Version
  File "/Library/Frameworks/Python.framework/Versions/3.11/lib/python3.11/site-packages/pandas/util/__init__.py", line 2, in <module>
    from pandas.util._decorators import (  # noqa:F401
  File "/Library/Frameworks/Python.framework/Versions/3.11/lib/python3.11/site-packages/pandas/util/_decorators.py", line 14, in <module>
    from pandas._libs.properties import cache_readonly
  File "/Library/Frameworks/Python.framework/Versions/3.11/lib/python3.11/site-packages/pandas/_libs/__init__.py", line 13, in <module>
    from pandas._libs.interval import Interval
  File "pandas/_libs/interval.pyx", line 1, in init pandas._libs.interval
ValueError: numpy.dtype size changed, may indicate binary incompatibility. Expected 96 from C header, got 88 from PyObject
[2025-11-17T19:43:48.383-0300] {processor.py:842} WARNING - No viable dags retrieved from /Library/Frameworks/Python.framework/Versions/3.11/lib/python3.11/site-packages/airflow/example_dags/plugins/workday.py
[2025-11-17T19:43:48.412-0300] {processor.py:183} INFO - Processing /Library/Frameworks/Python.framework/Versions/3.11/lib/python3.11/site-packages/airflow/example_dags/plugins/workday.py took 0.103 seconds
[2025-11-17T19:44:44.730-0300] {processor.py:161} INFO - Started process (PID=50819) to work on /Library/Frameworks/Python.framework/Versions/3.11/lib/python3.11/site-packages/airflow/example_dags/plugins/workday.py
[2025-11-17T19:44:44.731-0300] {processor.py:830} INFO - Processing file /Library/Frameworks/Python.framework/Versions/3.11/lib/python3.11/site-packages/airflow/example_dags/plugins/workday.py for tasks to queue
[2025-11-17T19:44:44.731-0300] {logging_mixin.py:188} INFO - [2025-11-17T19:44:44.731-0300] {dagbag.py:545} INFO - Filling up the DagBag from /Library/Frameworks/Python.framework/Versions/3.11/lib/python3.11/site-packages/airflow/example_dags/plugins/workday.py
[2025-11-17T19:44:44.838-0300] {logging_mixin.py:188} INFO - [2025-11-17T19:44:44.836-0300] {dagbag.py:355} ERROR - Failed to import: /Library/Frameworks/Python.framework/Versions/3.11/lib/python3.11/site-packages/airflow/example_dags/plugins/workday.py
Traceback (most recent call last):
  File "/Library/Frameworks/Python.framework/Versions/3.11/lib/python3.11/site-packages/airflow/models/dagbag.py", line 351, in parse
    loader.exec_module(new_module)
  File "<frozen importlib._bootstrap_external>", line 940, in exec_module
  File "<frozen importlib._bootstrap>", line 241, in _call_with_frames_removed
  File "/Library/Frameworks/Python.framework/Versions/3.11/lib/python3.11/site-packages/airflow/example_dags/plugins/workday.py", line 37, in <module>
    from pandas.tseries.holiday import USFederalHolidayCalendar
  File "/Library/Frameworks/Python.framework/Versions/3.11/lib/python3.11/site-packages/pandas/__init__.py", line 22, in <module>
    from pandas.compat import is_numpy_dev as _is_numpy_dev  # pyright: ignore # noqa:F401
    ^^^^^^^^^^^^^^^^^^^^^^^^^^^^^^^^^^^^^^^^^^^^^^^^^^^^^^^
  File "/Library/Frameworks/Python.framework/Versions/3.11/lib/python3.11/site-packages/pandas/compat/__init__.py", line 25, in <module>
    from pandas.compat.numpy import (
  File "/Library/Frameworks/Python.framework/Versions/3.11/lib/python3.11/site-packages/pandas/compat/numpy/__init__.py", line 4, in <module>
    from pandas.util.version import Version
  File "/Library/Frameworks/Python.framework/Versions/3.11/lib/python3.11/site-packages/pandas/util/__init__.py", line 2, in <module>
    from pandas.util._decorators import (  # noqa:F401
  File "/Library/Frameworks/Python.framework/Versions/3.11/lib/python3.11/site-packages/pandas/util/_decorators.py", line 14, in <module>
    from pandas._libs.properties import cache_readonly
  File "/Library/Frameworks/Python.framework/Versions/3.11/lib/python3.11/site-packages/pandas/_libs/__init__.py", line 13, in <module>
    from pandas._libs.interval import Interval
  File "pandas/_libs/interval.pyx", line 1, in init pandas._libs.interval
ValueError: numpy.dtype size changed, may indicate binary incompatibility. Expected 96 from C header, got 88 from PyObject
[2025-11-17T19:44:44.838-0300] {processor.py:842} WARNING - No viable dags retrieved from /Library/Frameworks/Python.framework/Versions/3.11/lib/python3.11/site-packages/airflow/example_dags/plugins/workday.py
[2025-11-17T19:44:44.868-0300] {processor.py:183} INFO - Processing /Library/Frameworks/Python.framework/Versions/3.11/lib/python3.11/site-packages/airflow/example_dags/plugins/workday.py took 0.139 seconds
[2025-11-17T19:49:47.687-0300] {processor.py:161} INFO - Started process (PID=52032) to work on /Library/Frameworks/Python.framework/Versions/3.11/lib/python3.11/site-packages/airflow/example_dags/plugins/workday.py
[2025-11-17T19:49:47.687-0300] {processor.py:830} INFO - Processing file /Library/Frameworks/Python.framework/Versions/3.11/lib/python3.11/site-packages/airflow/example_dags/plugins/workday.py for tasks to queue
[2025-11-17T19:49:47.688-0300] {logging_mixin.py:188} INFO - [2025-11-17T19:49:47.688-0300] {dagbag.py:545} INFO - Filling up the DagBag from /Library/Frameworks/Python.framework/Versions/3.11/lib/python3.11/site-packages/airflow/example_dags/plugins/workday.py
[2025-11-17T19:49:47.798-0300] {logging_mixin.py:188} INFO - [2025-11-17T19:49:47.796-0300] {dagbag.py:355} ERROR - Failed to import: /Library/Frameworks/Python.framework/Versions/3.11/lib/python3.11/site-packages/airflow/example_dags/plugins/workday.py
Traceback (most recent call last):
  File "/Library/Frameworks/Python.framework/Versions/3.11/lib/python3.11/site-packages/airflow/models/dagbag.py", line 351, in parse
    loader.exec_module(new_module)
  File "<frozen importlib._bootstrap_external>", line 940, in exec_module
  File "<frozen importlib._bootstrap>", line 241, in _call_with_frames_removed
  File "/Library/Frameworks/Python.framework/Versions/3.11/lib/python3.11/site-packages/airflow/example_dags/plugins/workday.py", line 37, in <module>
    from pandas.tseries.holiday import USFederalHolidayCalendar
  File "/Library/Frameworks/Python.framework/Versions/3.11/lib/python3.11/site-packages/pandas/__init__.py", line 22, in <module>
    from pandas.compat import is_numpy_dev as _is_numpy_dev  # pyright: ignore # noqa:F401
    ^^^^^^^^^^^^^^^^^^^^^^^^^^^^^^^^^^^^^^^^^^^^^^^^^^^^^^^
  File "/Library/Frameworks/Python.framework/Versions/3.11/lib/python3.11/site-packages/pandas/compat/__init__.py", line 25, in <module>
    from pandas.compat.numpy import (
  File "/Library/Frameworks/Python.framework/Versions/3.11/lib/python3.11/site-packages/pandas/compat/numpy/__init__.py", line 4, in <module>
    from pandas.util.version import Version
  File "/Library/Frameworks/Python.framework/Versions/3.11/lib/python3.11/site-packages/pandas/util/__init__.py", line 2, in <module>
    from pandas.util._decorators import (  # noqa:F401
  File "/Library/Frameworks/Python.framework/Versions/3.11/lib/python3.11/site-packages/pandas/util/_decorators.py", line 14, in <module>
    from pandas._libs.properties import cache_readonly
  File "/Library/Frameworks/Python.framework/Versions/3.11/lib/python3.11/site-packages/pandas/_libs/__init__.py", line 13, in <module>
    from pandas._libs.interval import Interval
  File "pandas/_libs/interval.pyx", line 1, in init pandas._libs.interval
ValueError: numpy.dtype size changed, may indicate binary incompatibility. Expected 96 from C header, got 88 from PyObject
[2025-11-17T19:49:47.798-0300] {processor.py:842} WARNING - No viable dags retrieved from /Library/Frameworks/Python.framework/Versions/3.11/lib/python3.11/site-packages/airflow/example_dags/plugins/workday.py
[2025-11-17T19:49:47.827-0300] {processor.py:183} INFO - Processing /Library/Frameworks/Python.framework/Versions/3.11/lib/python3.11/site-packages/airflow/example_dags/plugins/workday.py took 0.142 seconds
