[2025-11-17T19:36:50.263-0300] {processor.py:161} INFO - Started process (PID=48057) to work on /Library/Frameworks/Python.framework/Versions/3.11/lib/python3.11/site-packages/airflow/example_dags/subdags/subdag.py
[2025-11-17T19:36:50.264-0300] {processor.py:830} INFO - Processing file /Library/Frameworks/Python.framework/Versions/3.11/lib/python3.11/site-packages/airflow/example_dags/subdags/subdag.py for tasks to queue
[2025-11-17T19:36:50.264-0300] {logging_mixin.py:188} INFO - [2025-11-17T19:36:50.264-0300] {dagbag.py:545} INFO - Filling up the DagBag from /Library/Frameworks/Python.framework/Versions/3.11/lib/python3.11/site-packages/airflow/example_dags/subdags/subdag.py
[2025-11-17T19:36:50.265-0300] {processor.py:842} WARNING - No viable dags retrieved from /Library/Frameworks/Python.framework/Versions/3.11/lib/python3.11/site-packages/airflow/example_dags/subdags/subdag.py
[2025-11-17T19:36:50.324-0300] {processor.py:183} INFO - Processing /Library/Frameworks/Python.framework/Versions/3.11/lib/python3.11/site-packages/airflow/example_dags/subdags/subdag.py took 0.062 seconds
[2025-11-17T19:38:40.490-0300] {processor.py:161} INFO - Started process (PID=48327) to work on /Library/Frameworks/Python.framework/Versions/3.11/lib/python3.11/site-packages/airflow/example_dags/subdags/subdag.py
[2025-11-17T19:38:40.491-0300] {processor.py:830} INFO - Processing file /Library/Frameworks/Python.framework/Versions/3.11/lib/python3.11/site-packages/airflow/example_dags/subdags/subdag.py for tasks to queue
[2025-11-17T19:38:40.491-0300] {logging_mixin.py:188} INFO - [2025-11-17T19:38:40.491-0300] {dagbag.py:545} INFO - Filling up the DagBag from /Library/Frameworks/Python.framework/Versions/3.11/lib/python3.11/site-packages/airflow/example_dags/subdags/subdag.py
[2025-11-17T19:38:40.493-0300] {processor.py:842} WARNING - No viable dags retrieved from /Library/Frameworks/Python.framework/Versions/3.11/lib/python3.11/site-packages/airflow/example_dags/subdags/subdag.py
[2025-11-17T19:38:40.548-0300] {processor.py:183} INFO - Processing /Library/Frameworks/Python.framework/Versions/3.11/lib/python3.11/site-packages/airflow/example_dags/subdags/subdag.py took 0.060 seconds
[2025-11-17T19:39:54.210-0300] {processor.py:161} INFO - Started process (PID=48480) to work on /Library/Frameworks/Python.framework/Versions/3.11/lib/python3.11/site-packages/airflow/example_dags/subdags/subdag.py
[2025-11-17T19:39:54.211-0300] {processor.py:830} INFO - Processing file /Library/Frameworks/Python.framework/Versions/3.11/lib/python3.11/site-packages/airflow/example_dags/subdags/subdag.py for tasks to queue
[2025-11-17T19:39:54.211-0300] {logging_mixin.py:188} INFO - [2025-11-17T19:39:54.211-0300] {dagbag.py:545} INFO - Filling up the DagBag from /Library/Frameworks/Python.framework/Versions/3.11/lib/python3.11/site-packages/airflow/example_dags/subdags/subdag.py
[2025-11-17T19:39:54.212-0300] {processor.py:842} WARNING - No viable dags retrieved from /Library/Frameworks/Python.framework/Versions/3.11/lib/python3.11/site-packages/airflow/example_dags/subdags/subdag.py
[2025-11-17T19:39:54.267-0300] {processor.py:183} INFO - Processing /Library/Frameworks/Python.framework/Versions/3.11/lib/python3.11/site-packages/airflow/example_dags/subdags/subdag.py took 0.058 seconds
[2025-11-17T19:41:08.032-0300] {processor.py:161} INFO - Started process (PID=48622) to work on /Library/Frameworks/Python.framework/Versions/3.11/lib/python3.11/site-packages/airflow/example_dags/subdags/subdag.py
[2025-11-17T19:41:08.033-0300] {processor.py:830} INFO - Processing file /Library/Frameworks/Python.framework/Versions/3.11/lib/python3.11/site-packages/airflow/example_dags/subdags/subdag.py for tasks to queue
[2025-11-17T19:41:08.033-0300] {logging_mixin.py:188} INFO - [2025-11-17T19:41:08.033-0300] {dagbag.py:545} INFO - Filling up the DagBag from /Library/Frameworks/Python.framework/Versions/3.11/lib/python3.11/site-packages/airflow/example_dags/subdags/subdag.py
[2025-11-17T19:41:08.035-0300] {processor.py:842} WARNING - No viable dags retrieved from /Library/Frameworks/Python.framework/Versions/3.11/lib/python3.11/site-packages/airflow/example_dags/subdags/subdag.py
[2025-11-17T19:41:08.089-0300] {processor.py:183} INFO - Processing /Library/Frameworks/Python.framework/Versions/3.11/lib/python3.11/site-packages/airflow/example_dags/subdags/subdag.py took 0.058 seconds
[2025-11-17T19:42:26.594-0300] {processor.py:161} INFO - Started process (PID=48982) to work on /Library/Frameworks/Python.framework/Versions/3.11/lib/python3.11/site-packages/airflow/example_dags/subdags/subdag.py
[2025-11-17T19:42:26.595-0300] {processor.py:830} INFO - Processing file /Library/Frameworks/Python.framework/Versions/3.11/lib/python3.11/site-packages/airflow/example_dags/subdags/subdag.py for tasks to queue
[2025-11-17T19:42:26.595-0300] {logging_mixin.py:188} INFO - [2025-11-17T19:42:26.595-0300] {dagbag.py:545} INFO - Filling up the DagBag from /Library/Frameworks/Python.framework/Versions/3.11/lib/python3.11/site-packages/airflow/example_dags/subdags/subdag.py
[2025-11-17T19:42:26.596-0300] {processor.py:842} WARNING - No viable dags retrieved from /Library/Frameworks/Python.framework/Versions/3.11/lib/python3.11/site-packages/airflow/example_dags/subdags/subdag.py
[2025-11-17T19:42:26.654-0300] {processor.py:183} INFO - Processing /Library/Frameworks/Python.framework/Versions/3.11/lib/python3.11/site-packages/airflow/example_dags/subdags/subdag.py took 0.060 seconds
[2025-11-17T19:43:46.396-0300] {processor.py:161} INFO - Started process (PID=50269) to work on /Library/Frameworks/Python.framework/Versions/3.11/lib/python3.11/site-packages/airflow/example_dags/subdags/subdag.py
[2025-11-17T19:43:46.396-0300] {processor.py:830} INFO - Processing file /Library/Frameworks/Python.framework/Versions/3.11/lib/python3.11/site-packages/airflow/example_dags/subdags/subdag.py for tasks to queue
[2025-11-17T19:43:46.397-0300] {logging_mixin.py:188} INFO - [2025-11-17T19:43:46.397-0300] {dagbag.py:545} INFO - Filling up the DagBag from /Library/Frameworks/Python.framework/Versions/3.11/lib/python3.11/site-packages/airflow/example_dags/subdags/subdag.py
[2025-11-17T19:43:46.398-0300] {processor.py:842} WARNING - No viable dags retrieved from /Library/Frameworks/Python.framework/Versions/3.11/lib/python3.11/site-packages/airflow/example_dags/subdags/subdag.py
[2025-11-17T19:43:46.455-0300] {processor.py:183} INFO - Processing /Library/Frameworks/Python.framework/Versions/3.11/lib/python3.11/site-packages/airflow/example_dags/subdags/subdag.py took 0.060 seconds
[2025-11-17T19:44:42.837-0300] {processor.py:161} INFO - Started process (PID=50817) to work on /Library/Frameworks/Python.framework/Versions/3.11/lib/python3.11/site-packages/airflow/example_dags/subdags/subdag.py
[2025-11-17T19:44:42.838-0300] {processor.py:830} INFO - Processing file /Library/Frameworks/Python.framework/Versions/3.11/lib/python3.11/site-packages/airflow/example_dags/subdags/subdag.py for tasks to queue
[2025-11-17T19:44:42.839-0300] {logging_mixin.py:188} INFO - [2025-11-17T19:44:42.839-0300] {dagbag.py:545} INFO - Filling up the DagBag from /Library/Frameworks/Python.framework/Versions/3.11/lib/python3.11/site-packages/airflow/example_dags/subdags/subdag.py
[2025-11-17T19:44:42.840-0300] {processor.py:842} WARNING - No viable dags retrieved from /Library/Frameworks/Python.framework/Versions/3.11/lib/python3.11/site-packages/airflow/example_dags/subdags/subdag.py
[2025-11-17T19:44:42.897-0300] {processor.py:183} INFO - Processing /Library/Frameworks/Python.framework/Versions/3.11/lib/python3.11/site-packages/airflow/example_dags/subdags/subdag.py took 0.061 seconds
[2025-11-17T19:49:45.759-0300] {processor.py:161} INFO - Started process (PID=52030) to work on /Library/Frameworks/Python.framework/Versions/3.11/lib/python3.11/site-packages/airflow/example_dags/subdags/subdag.py
[2025-11-17T19:49:45.760-0300] {processor.py:830} INFO - Processing file /Library/Frameworks/Python.framework/Versions/3.11/lib/python3.11/site-packages/airflow/example_dags/subdags/subdag.py for tasks to queue
[2025-11-17T19:49:45.760-0300] {logging_mixin.py:188} INFO - [2025-11-17T19:49:45.760-0300] {dagbag.py:545} INFO - Filling up the DagBag from /Library/Frameworks/Python.framework/Versions/3.11/lib/python3.11/site-packages/airflow/example_dags/subdags/subdag.py
[2025-11-17T19:49:45.761-0300] {processor.py:842} WARNING - No viable dags retrieved from /Library/Frameworks/Python.framework/Versions/3.11/lib/python3.11/site-packages/airflow/example_dags/subdags/subdag.py
[2025-11-17T19:49:45.818-0300] {processor.py:183} INFO - Processing /Library/Frameworks/Python.framework/Versions/3.11/lib/python3.11/site-packages/airflow/example_dags/subdags/subdag.py took 0.061 seconds
